<?xml version="1.0" encoding="UTF-8"?>
<TestRun id="3e4a8529-5536-4a6b-beb5-e43a0c51c204" name="Michael@MICHAEL-PC 2012-06-10 08:18:42" runUser="Michael-PC\Michael" xmlns="http://microsoft.com/schemas/VisualStudio/TeamTest/2010">
  <TestSettings name="Local" id="7d9e14f4-f525-48ee-bea8-a34d9f4cc18d">
    <Description>These are default test settings for a local test run.</Description>
    <Deployment enabled="false" runDeploymentRoot="Michael_MICHAEL-PC 2012-06-10 08_18_42">
      <DeploymentItem filename="C:\Users\Michael\_CODE\Ienablemuch.ToTheEfnhX\Ienablemuch.ToTheEfnhX.Memory\bin\Release\Ienablemuch.ToTheEfnhX.Memory.dll" />
      <DeploymentItem filename="C:\Users\Michael\_CODE\Ienablemuch.ToTheEfnhX\packages\FluentNHibernate.1.3.0.717\lib\FluentNHibernate.dll" />
      <DeploymentItem filename="C:\Users\Michael\_CODE\Ienablemuch.ToTheEfnhX\packages\Iesi.Collections.3.2.0.4000\lib\Net35\Iesi.Collections.dll" />
      <DeploymentItem filename="C:\Users\Michael\_CODE\Ienablemuch.ToTheEfnhX\Ienablemuch.ToTheEfnhx.CommonExtensions\bin\Release\Ienablemuch.ToTheEfnhx.CommonExtensions.dll" />
      <DeploymentItem filename="C:\Users\Michael\_CODE\Ienablemuch.ToTheEfnhX\packages\NHibernate.3.3.0.4000\lib\Net35\NHibernate.dll" />
      <DeploymentItem filename="C:\Users\Michael\_CODE\Ienablemuch.ToTheEfnhX\packages\EntityFramework.4.3.1\lib\net40\EntityFramework.dll" />
      <DeploymentItem filename="C:\Users\Michael\_CODE\Ienablemuch.ToTheEfnhX\Ienablemuch.ToTheEfnhX.NHibernate\bin\Release\Ienablemuch.ToTheEfnhX.NHibernate.dll" />
      <DeploymentItem filename="C:\Users\Michael\_CODE\Ienablemuch.ToTheEfnhX\Ienablemuch.ToTheEfnhX.EntityFramework\bin\Release\Ienablemuch.ToTheEfnhX.EntityFramework.dll" />
      <DeploymentItem filename="C:\Users\Michael\_CODE\Ienablemuch.ToTheEfnhX\ToTheEfnhX\bin\Release\Ienablemuch.ToTheEfnhX.dll" />
    </Deployment>
    <Execution>
      <TestTypeSpecific />
      <AgentRule name="Execution Agents">
      </AgentRule>
    </Execution>
  </TestSettings>
  <Times creation="2012-06-10T08:18:42.8250000+08:00" queuing="2012-06-10T08:18:42.8940000+08:00" start="2012-06-10T08:18:42.9450000+08:00" finish="2012-06-10T08:18:48.3880000+08:00" />
  <ResultSummary outcome="Failed">
    <Counters total="52" executed="52" passed="50" error="0" failed="2" timeout="0" aborted="0" inconclusive="0" passedButRunAborted="0" notRunnable="0" notExecuted="0" disconnected="0" warning="0" completed="0" inProgress="0" pending="0" />
  </ResultSummary>
  <TestDefinitions>
    <UnitTest name="Nh_CanHaveIncrementingKey" storage="c:\users\michael\_code\ienablemuch.totheefnhx\testproject\bin\release\testproject.dll" id="c8ff8ef9-a95a-0779-90f7-6e8188ebefd1">
      <Execution id="38ba83cb-b397-4366-97d5-27eb0d8837f3" />
      <TestMethod codeBase="C:/Users/Michael/_CODE/Ienablemuch.ToTheEfnhX/TestProject/bin/Release/TestProject.DLL" adapterTypeName="Microsoft.VisualStudio.TestTools.TestTypes.Unit.UnitTestAdapter, Microsoft.VisualStudio.QualityTools.Tips.UnitTest.Adapter, Version=10.0.0.0, Culture=neutral, PublicKeyToken=b03f5f7f11d50a3a" className="TestProject.TestTheIRepository, TestProject, Version=1.0.0.0, Culture=neutral, PublicKeyToken=null" name="Nh_CanHaveIncrementingKey" />
    </UnitTest>
    <UnitTest name="Nh_SessionTransaction_can_detect_its_own_transaction_commitness_only" storage="c:\users\michael\_code\ienablemuch.totheefnhx\testproject\bin\release\testproject.dll" id="83330a72-51da-0d0d-d2b2-826b2f6cfd00">
      <Execution id="8859966d-9061-4fb6-8913-2cd1086c1712" />
      <TestMethod codeBase="C:/Users/Michael/_CODE/Ienablemuch.ToTheEfnhX/TestProject/bin/Release/TestProject.DLL" adapterTypeName="Microsoft.VisualStudio.TestTools.TestTypes.Unit.UnitTestAdapter, Microsoft.VisualStudio.QualityTools.Tips.UnitTest.Adapter, Version=10.0.0.0, Culture=neutral, PublicKeyToken=b03f5f7f11d50a3a" className="TestProject.TestTheIRepository, TestProject, Version=1.0.0.0, Culture=neutral, PublicKeyToken=null" name="Nh_SessionTransaction_can_detect_its_own_transaction_commitness_only" />
    </UnitTest>
    <UnitTest name="Nh_CanDetectUpdateConflictingDelete" storage="c:\users\michael\_code\ienablemuch.totheefnhx\testproject\bin\release\testproject.dll" id="5d13769c-6ed9-df33-8e6d-b0cc79c073f2">
      <Execution id="fbe35771-ff93-4075-a11a-b949ba276f51" />
      <TestMethod codeBase="C:/Users/Michael/_CODE/Ienablemuch.ToTheEfnhX/TestProject/bin/Release/TestProject.DLL" adapterTypeName="Microsoft.VisualStudio.TestTools.TestTypes.Unit.UnitTestAdapter, Microsoft.VisualStudio.QualityTools.Tips.UnitTest.Adapter, Version=10.0.0.0, Culture=neutral, PublicKeyToken=b03f5f7f11d50a3a" className="TestProject.TestTheIRepository, TestProject, Version=1.0.0.0, Culture=neutral, PublicKeyToken=null" name="Nh_CanDetectUpdateConflictingDelete" />
    </UnitTest>
    <UnitTest name="Nh_Can_Orm_Merge_Can_Create" storage="c:\users\michael\_code\ienablemuch.totheefnhx\testproject\bin\release\testproject.dll" id="8af4731e-1204-41e4-f479-73db6099844b">
      <Execution id="d4bf56ad-1255-4105-a178-04a9d3dcbbee" />
      <TestMethod codeBase="C:/Users/Michael/_CODE/Ienablemuch.ToTheEfnhX/TestProject/bin/Release/TestProject.DLL" adapterTypeName="Microsoft.VisualStudio.TestTools.TestTypes.Unit.UnitTestAdapter, Microsoft.VisualStudio.QualityTools.Tips.UnitTest.Adapter, Version=10.0.0.0, Culture=neutral, PublicKeyToken=b03f5f7f11d50a3a" className="TestProject.TestTheIRepository, TestProject, Version=1.0.0.0, Culture=neutral, PublicKeyToken=null" name="Nh_Can_Orm_Merge_Can_Create" />
    </UnitTest>
    <UnitTest name="Nh_Can_Orm_do_cascaded_deletions" storage="c:\users\michael\_code\ienablemuch.totheefnhx\testproject\bin\release\testproject.dll" id="170c0ff1-28bc-09a2-839b-5ab24853aea8">
      <Execution id="5e577ba5-e9ff-48bd-923e-08814d8998f8" />
      <TestMethod codeBase="C:/Users/Michael/_CODE/Ienablemuch.ToTheEfnhX/TestProject/bin/Release/TestProject.DLL" adapterTypeName="Microsoft.VisualStudio.TestTools.TestTypes.Unit.UnitTestAdapter, Microsoft.VisualStudio.QualityTools.Tips.UnitTest.Adapter, Version=10.0.0.0, Culture=neutral, PublicKeyToken=b03f5f7f11d50a3a" className="TestProject.TestTheIRepository, TestProject, Version=1.0.0.0, Culture=neutral, PublicKeyToken=null" name="Nh_Can_Orm_do_cascaded_deletions" />
    </UnitTest>
    <UnitTest name="Saving_is_ok" storage="c:\users\michael\_code\ienablemuch.totheefnhx\testproject\bin\release\testproject.dll" id="5b9ac5c8-7814-fd36-cd57-f0de0de0fae7">
      <Execution id="e0ad03b6-c6bf-40d1-9c39-4f9ccc39df6c" />
      <TestMethod codeBase="C:/Users/Michael/_CODE/Ienablemuch.ToTheEfnhX/TestProject/bin/Release/TestProject.DLL" adapterTypeName="Microsoft.VisualStudio.TestTools.TestTypes.Unit.UnitTestAdapter, Microsoft.VisualStudio.QualityTools.Tips.UnitTest.Adapter, Version=10.0.0.0, Culture=neutral, PublicKeyToken=b03f5f7f11d50a3a" className="TestProject.TestTheIRepository, TestProject, Version=1.0.0.0, Culture=neutral, PublicKeyToken=null" name="Saving_is_ok" />
    </UnitTest>
    <UnitTest name="Fetching_strategies_of_NHibernate_helper_has_no_problem_on_mocked_IQueryable" storage="c:\users\michael\_code\ienablemuch.totheefnhx\testproject\bin\release\testproject.dll" id="24f780e7-822d-62ed-f13e-e2daddc611e1">
      <Execution id="7208ff2a-437f-4713-ab18-5a067b3b999f" />
      <TestMethod codeBase="C:/Users/Michael/_CODE/Ienablemuch.ToTheEfnhX/TestProject/bin/Release/TestProject.DLL" adapterTypeName="Microsoft.VisualStudio.TestTools.TestTypes.Unit.UnitTestAdapter, Microsoft.VisualStudio.QualityTools.Tips.UnitTest.Adapter, Version=10.0.0.0, Culture=neutral, PublicKeyToken=b03f5f7f11d50a3a" className="TestProject.TestTheIRepository, TestProject, Version=1.0.0.0, Culture=neutral, PublicKeyToken=null" name="Fetching_strategies_of_NHibernate_helper_has_no_problem_on_mocked_IQueryable" />
    </UnitTest>
    <UnitTest name="Ef_CanDetectUpdateConflictingUpdate" storage="c:\users\michael\_code\ienablemuch.totheefnhx\testproject\bin\release\testproject.dll" id="ca3ec696-2df9-55bd-c53c-f732b5c80a68">
      <Execution id="1e706be8-081c-4e2d-a4e8-942734675e5b" />
      <TestMethod codeBase="C:/Users/Michael/_CODE/Ienablemuch.ToTheEfnhX/TestProject/bin/Release/TestProject.DLL" adapterTypeName="Microsoft.VisualStudio.TestTools.TestTypes.Unit.UnitTestAdapter, Microsoft.VisualStudio.QualityTools.Tips.UnitTest.Adapter, Version=10.0.0.0, Culture=neutral, PublicKeyToken=b03f5f7f11d50a3a" className="TestProject.TestTheIRepository, TestProject, Version=1.0.0.0, Culture=neutral, PublicKeyToken=null" name="Ef_CanDetectUpdateConflictingUpdate" />
    </UnitTest>
    <UnitTest name="Nh_CanUpdate" storage="c:\users\michael\_code\ienablemuch.totheefnhx\testproject\bin\release\testproject.dll" id="63d9977f-78b2-ba78-f19b-1e84d68eabe8">
      <Execution id="75090d91-b023-454d-a059-1302b6aee9e6" />
      <TestMethod codeBase="C:/Users/Michael/_CODE/Ienablemuch.ToTheEfnhX/TestProject/bin/Release/TestProject.DLL" adapterTypeName="Microsoft.VisualStudio.TestTools.TestTypes.Unit.UnitTestAdapter, Microsoft.VisualStudio.QualityTools.Tips.UnitTest.Adapter, Version=10.0.0.0, Culture=neutral, PublicKeyToken=b03f5f7f11d50a3a" className="TestProject.TestTheIRepository, TestProject, Version=1.0.0.0, Culture=neutral, PublicKeyToken=null" name="Nh_CanUpdate" />
    </UnitTest>
    <UnitTest name="Memory_CanUpdate" storage="c:\users\michael\_code\ienablemuch.totheefnhx\testproject\bin\release\testproject.dll" id="f5049a26-85f5-2d61-7d0d-3fe36d498d57">
      <Execution id="82238299-1b7f-4fc8-8b50-4b07049e9048" />
      <TestMethod codeBase="C:/Users/Michael/_CODE/Ienablemuch.ToTheEfnhX/TestProject/bin/Release/TestProject.DLL" adapterTypeName="Microsoft.VisualStudio.TestTools.TestTypes.Unit.UnitTestAdapter, Microsoft.VisualStudio.QualityTools.Tips.UnitTest.Adapter, Version=10.0.0.0, Culture=neutral, PublicKeyToken=b03f5f7f11d50a3a" className="TestProject.TestTheIRepository, TestProject, Version=1.0.0.0, Culture=neutral, PublicKeyToken=null" name="Memory_CanUpdate" />
    </UnitTest>
    <UnitTest name="Ef_CanDetectDeleteConflictingDelete" storage="c:\users\michael\_code\ienablemuch.totheefnhx\testproject\bin\release\testproject.dll" id="4bb22a57-9102-06ea-257b-caae673d46d7">
      <Execution id="988fe92d-2748-4202-8ca6-d4cdb8be2fcc" />
      <TestMethod codeBase="C:/Users/Michael/_CODE/Ienablemuch.ToTheEfnhX/TestProject/bin/Release/TestProject.DLL" adapterTypeName="Microsoft.VisualStudio.TestTools.TestTypes.Unit.UnitTestAdapter, Microsoft.VisualStudio.QualityTools.Tips.UnitTest.Adapter, Version=10.0.0.0, Culture=neutral, PublicKeyToken=b03f5f7f11d50a3a" className="TestProject.TestTheIRepository, TestProject, Version=1.0.0.0, Culture=neutral, PublicKeyToken=null" name="Ef_CanDetectDeleteConflictingDelete" />
    </UnitTest>
    <UnitTest name="Ef_Can_save_transaction" storage="c:\users\michael\_code\ienablemuch.totheefnhx\testproject\bin\release\testproject.dll" id="f473cffe-6acb-bc8c-3c44-48f67f9567de">
      <Execution id="b07c9d44-85d9-42f7-a0df-8b5613c6efd7" />
      <TestMethod codeBase="C:/Users/Michael/_CODE/Ienablemuch.ToTheEfnhX/TestProject/bin/Release/TestProject.DLL" adapterTypeName="Microsoft.VisualStudio.TestTools.TestTypes.Unit.UnitTestAdapter, Microsoft.VisualStudio.QualityTools.Tips.UnitTest.Adapter, Version=10.0.0.0, Culture=neutral, PublicKeyToken=b03f5f7f11d50a3a" className="TestProject.TestTheIRepository, TestProject, Version=1.0.0.0, Culture=neutral, PublicKeyToken=null" name="Ef_Can_save_transaction" />
    </UnitTest>
    <UnitTest name="Memory_CanDetectDeleteConflictingDelete" storage="c:\users\michael\_code\ienablemuch.totheefnhx\testproject\bin\release\testproject.dll" id="d409929f-129a-9686-590d-6472fdfa28e4">
      <Execution id="197204c3-a4c9-4671-8ade-e6cbfc6c1617" />
      <TestMethod codeBase="C:/Users/Michael/_CODE/Ienablemuch.ToTheEfnhX/TestProject/bin/Release/TestProject.DLL" adapterTypeName="Microsoft.VisualStudio.TestTools.TestTypes.Unit.UnitTestAdapter, Microsoft.VisualStudio.QualityTools.Tips.UnitTest.Adapter, Version=10.0.0.0, Culture=neutral, PublicKeyToken=b03f5f7f11d50a3a" className="TestProject.TestTheIRepository, TestProject, Version=1.0.0.0, Culture=neutral, PublicKeyToken=null" name="Memory_CanDetectDeleteConflictingDelete" />
    </UnitTest>
    <UnitTest name="TestArray" storage="c:\users\michael\_code\ienablemuch.totheefnhx\testproject\bin\release\testproject.dll" id="e4d36185-e99e-9b3f-8afc-2b7c501afd9a">
      <Execution id="7f6372c3-e69a-4c6d-beea-a9cb1eac6535" />
      <TestMethod codeBase="C:/Users/Michael/_CODE/Ienablemuch.ToTheEfnhX/TestProject/bin/Release/TestProject.DLL" adapterTypeName="Microsoft.VisualStudio.TestTools.TestTypes.Unit.UnitTestAdapter, Microsoft.VisualStudio.QualityTools.Tips.UnitTest.Adapter, Version=10.0.0.0, Culture=neutral, PublicKeyToken=b03f5f7f11d50a3a" className="TestProject.TestTheIRepository, TestProject, Version=1.0.0.0, Culture=neutral, PublicKeyToken=null" name="TestArray" />
    </UnitTest>
    <UnitTest name="Ef_CanDetectUpdateConflictingDelete" storage="c:\users\michael\_code\ienablemuch.totheefnhx\testproject\bin\release\testproject.dll" id="cdd1ec05-a33a-edaf-1560-6637f27329d2">
      <Execution id="78d5fa97-32f0-4da5-917c-ec58165947cf" />
      <TestMethod codeBase="C:/Users/Michael/_CODE/Ienablemuch.ToTheEfnhX/TestProject/bin/Release/TestProject.DLL" adapterTypeName="Microsoft.VisualStudio.TestTools.TestTypes.Unit.UnitTestAdapter, Microsoft.VisualStudio.QualityTools.Tips.UnitTest.Adapter, Version=10.0.0.0, Culture=neutral, PublicKeyToken=b03f5f7f11d50a3a" className="TestProject.TestTheIRepository, TestProject, Version=1.0.0.0, Culture=neutral, PublicKeyToken=null" name="Ef_CanDetectUpdateConflictingDelete" />
    </UnitTest>
    <UnitTest name="Nh_SessionTransaction_cannot_detect_transaction_commitness" storage="c:\users\michael\_code\ienablemuch.totheefnhx\testproject\bin\release\testproject.dll" id="dad118fb-1088-58a3-350a-fc5e47173fa9">
      <Execution id="08340fa7-e852-4731-b9d8-21b6ef56ca6b" />
      <TestMethod codeBase="C:/Users/Michael/_CODE/Ienablemuch.ToTheEfnhX/TestProject/bin/Release/TestProject.DLL" adapterTypeName="Microsoft.VisualStudio.TestTools.TestTypes.Unit.UnitTestAdapter, Microsoft.VisualStudio.QualityTools.Tips.UnitTest.Adapter, Version=10.0.0.0, Culture=neutral, PublicKeyToken=b03f5f7f11d50a3a" className="TestProject.TestTheIRepository, TestProject, Version=1.0.0.0, Culture=neutral, PublicKeyToken=null" name="Nh_SessionTransaction_cannot_detect_transaction_commitness" />
    </UnitTest>
    <UnitTest name="Ef_Can_Orm_Merge_Can_Create" storage="c:\users\michael\_code\ienablemuch.totheefnhx\testproject\bin\release\testproject.dll" id="a9ed84c2-917f-5ccb-44a7-7e3cea9cd5e0">
      <Execution id="98e8128d-e9c2-4aad-b746-a7d377c749e5" />
      <TestMethod codeBase="C:/Users/Michael/_CODE/Ienablemuch.ToTheEfnhX/TestProject/bin/Release/TestProject.DLL" adapterTypeName="Microsoft.VisualStudio.TestTools.TestTypes.Unit.UnitTestAdapter, Microsoft.VisualStudio.QualityTools.Tips.UnitTest.Adapter, Version=10.0.0.0, Culture=neutral, PublicKeyToken=b03f5f7f11d50a3a" className="TestProject.TestTheIRepository, TestProject, Version=1.0.0.0, Culture=neutral, PublicKeyToken=null" name="Ef_Can_Orm_Merge_Can_Create" />
    </UnitTest>
    <UnitTest name="Nh_Can_Orm_Merge_Can_Update" storage="c:\users\michael\_code\ienablemuch.totheefnhx\testproject\bin\release\testproject.dll" id="b9cbda9a-23ca-3458-8bf7-8aa6598f8754">
      <Execution id="711ff250-d4da-4b92-b648-5b436d3a9d08" />
      <TestMethod codeBase="C:/Users/Michael/_CODE/Ienablemuch.ToTheEfnhX/TestProject/bin/Release/TestProject.DLL" adapterTypeName="Microsoft.VisualStudio.TestTools.TestTypes.Unit.UnitTestAdapter, Microsoft.VisualStudio.QualityTools.Tips.UnitTest.Adapter, Version=10.0.0.0, Culture=neutral, PublicKeyToken=b03f5f7f11d50a3a" className="TestProject.TestTheIRepository, TestProject, Version=1.0.0.0, Culture=neutral, PublicKeyToken=null" name="Nh_Can_Orm_Merge_Can_Update" />
    </UnitTest>
    <UnitTest name="Memory_CanSaveHeaderDetail" storage="c:\users\michael\_code\ienablemuch.totheefnhx\testproject\bin\release\testproject.dll" id="c2e9f01d-6387-7f00-c2a6-71385a796942">
      <Execution id="080c1395-e495-435e-b539-941616a15cfe" />
      <TestMethod codeBase="C:/Users/Michael/_CODE/Ienablemuch.ToTheEfnhX/TestProject/bin/Release/TestProject.DLL" adapterTypeName="Microsoft.VisualStudio.TestTools.TestTypes.Unit.UnitTestAdapter, Microsoft.VisualStudio.QualityTools.Tips.UnitTest.Adapter, Version=10.0.0.0, Culture=neutral, PublicKeyToken=b03f5f7f11d50a3a" className="TestProject.TestTheIRepository, TestProject, Version=1.0.0.0, Culture=neutral, PublicKeyToken=null" name="Memory_CanSaveHeaderDetail" />
    </UnitTest>
    <UnitTest name="Ef_CanSave" storage="c:\users\michael\_code\ienablemuch.totheefnhx\testproject\bin\release\testproject.dll" id="6a52032d-db59-8802-47db-20699e8ef053">
      <Execution id="2d806b70-172d-4b95-9e6b-eed573de49af" />
      <TestMethod codeBase="C:/Users/Michael/_CODE/Ienablemuch.ToTheEfnhX/TestProject/bin/Release/TestProject.DLL" adapterTypeName="Microsoft.VisualStudio.TestTools.TestTypes.Unit.UnitTestAdapter, Microsoft.VisualStudio.QualityTools.Tips.UnitTest.Adapter, Version=10.0.0.0, Culture=neutral, PublicKeyToken=b03f5f7f11d50a3a" className="TestProject.TestTheIRepository, TestProject, Version=1.0.0.0, Culture=neutral, PublicKeyToken=null" name="Ef_CanSave" />
    </UnitTest>
    <UnitTest name="Ef_HasRowVersion" storage="c:\users\michael\_code\ienablemuch.totheefnhx\testproject\bin\release\testproject.dll" id="86150143-fb0b-c807-6c85-448e509331e0">
      <Execution id="b3abbcf7-60b8-42ed-9df6-71fa174dc50d" />
      <TestMethod codeBase="C:/Users/Michael/_CODE/Ienablemuch.ToTheEfnhX/TestProject/bin/Release/TestProject.DLL" adapterTypeName="Microsoft.VisualStudio.TestTools.TestTypes.Unit.UnitTestAdapter, Microsoft.VisualStudio.QualityTools.Tips.UnitTest.Adapter, Version=10.0.0.0, Culture=neutral, PublicKeyToken=b03f5f7f11d50a3a" className="TestProject.TestTheIRepository, TestProject, Version=1.0.0.0, Culture=neutral, PublicKeyToken=null" name="Ef_HasRowVersion" />
    </UnitTest>
    <UnitTest name="Ef_CanUpdate" storage="c:\users\michael\_code\ienablemuch.totheefnhx\testproject\bin\release\testproject.dll" id="9ce2ff54-3bea-2c09-7986-c83994c1d685">
      <Execution id="a4de4a5f-7ce1-4c75-b09f-247167021745" />
      <TestMethod codeBase="C:/Users/Michael/_CODE/Ienablemuch.ToTheEfnhX/TestProject/bin/Release/TestProject.DLL" adapterTypeName="Microsoft.VisualStudio.TestTools.TestTypes.Unit.UnitTestAdapter, Microsoft.VisualStudio.QualityTools.Tips.UnitTest.Adapter, Version=10.0.0.0, Culture=neutral, PublicKeyToken=b03f5f7f11d50a3a" className="TestProject.TestTheIRepository, TestProject, Version=1.0.0.0, Culture=neutral, PublicKeyToken=null" name="Ef_CanUpdate" />
    </UnitTest>
    <UnitTest name="Nh_CanDetectDeleteConflictingUpdate" storage="c:\users\michael\_code\ienablemuch.totheefnhx\testproject\bin\release\testproject.dll" id="467d17f0-5ec4-24a5-9089-e15ef18964f7">
      <Execution id="3713564b-5947-4cd3-bf06-8e938a6638f5" />
      <TestMethod codeBase="C:/Users/Michael/_CODE/Ienablemuch.ToTheEfnhX/TestProject/bin/Release/TestProject.DLL" adapterTypeName="Microsoft.VisualStudio.TestTools.TestTypes.Unit.UnitTestAdapter, Microsoft.VisualStudio.QualityTools.Tips.UnitTest.Adapter, Version=10.0.0.0, Culture=neutral, PublicKeyToken=b03f5f7f11d50a3a" className="TestProject.TestTheIRepository, TestProject, Version=1.0.0.0, Culture=neutral, PublicKeyToken=null" name="Nh_CanDetectDeleteConflictingUpdate" />
    </UnitTest>
    <UnitTest name="Nh_HasRowVersion" storage="c:\users\michael\_code\ienablemuch.totheefnhx\testproject\bin\release\testproject.dll" id="919c9ab6-d8de-ff18-95fc-25bc030735bd">
      <Execution id="216924da-570a-44d5-8673-08674353ea54" />
      <TestMethod codeBase="C:/Users/Michael/_CODE/Ienablemuch.ToTheEfnhX/TestProject/bin/Release/TestProject.DLL" adapterTypeName="Microsoft.VisualStudio.TestTools.TestTypes.Unit.UnitTestAdapter, Microsoft.VisualStudio.QualityTools.Tips.UnitTest.Adapter, Version=10.0.0.0, Culture=neutral, PublicKeyToken=b03f5f7f11d50a3a" className="TestProject.TestTheIRepository, TestProject, Version=1.0.0.0, Culture=neutral, PublicKeyToken=null" name="Nh_HasRowVersion" />
    </UnitTest>
    <UnitTest name="Ef_Can_Orm_do_cascaded_deletions" storage="c:\users\michael\_code\ienablemuch.totheefnhx\testproject\bin\release\testproject.dll" id="a2256363-4989-1fab-e208-96edc389fe3c">
      <Execution id="c9991f2b-32c5-4cb7-8944-ca4314920371" />
      <TestMethod codeBase="C:/Users/Michael/_CODE/Ienablemuch.ToTheEfnhX/TestProject/bin/Release/TestProject.DLL" adapterTypeName="Microsoft.VisualStudio.TestTools.TestTypes.Unit.UnitTestAdapter, Microsoft.VisualStudio.QualityTools.Tips.UnitTest.Adapter, Version=10.0.0.0, Culture=neutral, PublicKeyToken=b03f5f7f11d50a3a" className="TestProject.TestTheIRepository, TestProject, Version=1.0.0.0, Culture=neutral, PublicKeyToken=null" name="Ef_Can_Orm_do_cascaded_deletions" />
    </UnitTest>
    <UnitTest name="Memory_CanSaveTransaction" storage="c:\users\michael\_code\ienablemuch.totheefnhx\testproject\bin\release\testproject.dll" id="6b805790-9c4f-2071-6e55-fbbb337c0021">
      <Execution id="a4db3c52-954f-4d74-9443-4b9aed0e1867" />
      <TestMethod codeBase="C:/Users/Michael/_CODE/Ienablemuch.ToTheEfnhX/TestProject/bin/Release/TestProject.DLL" adapterTypeName="Microsoft.VisualStudio.TestTools.TestTypes.Unit.UnitTestAdapter, Microsoft.VisualStudio.QualityTools.Tips.UnitTest.Adapter, Version=10.0.0.0, Culture=neutral, PublicKeyToken=b03f5f7f11d50a3a" className="TestProject.TestTheIRepository, TestProject, Version=1.0.0.0, Culture=neutral, PublicKeyToken=null" name="Memory_CanSaveTransaction" />
    </UnitTest>
    <UnitTest name="Ef_Can_Orm_Merge_Can_Update" storage="c:\users\michael\_code\ienablemuch.totheefnhx\testproject\bin\release\testproject.dll" id="3a1e9fe6-a4ce-9adb-c086-11052cee98b6">
      <Execution id="d2b2aeec-c523-4e8e-9899-7c60d4cd306e" />
      <TestMethod codeBase="C:/Users/Michael/_CODE/Ienablemuch.ToTheEfnhX/TestProject/bin/Release/TestProject.DLL" adapterTypeName="Microsoft.VisualStudio.TestTools.TestTypes.Unit.UnitTestAdapter, Microsoft.VisualStudio.QualityTools.Tips.UnitTest.Adapter, Version=10.0.0.0, Culture=neutral, PublicKeyToken=b03f5f7f11d50a3a" className="TestProject.TestTheIRepository, TestProject, Version=1.0.0.0, Culture=neutral, PublicKeyToken=null" name="Ef_Can_Orm_Merge_Can_Update" />
    </UnitTest>
    <UnitTest name="Ef_CanDelete" storage="c:\users\michael\_code\ienablemuch.totheefnhx\testproject\bin\release\testproject.dll" id="c3da4334-35ea-a9c1-5cbf-c1daa7323978">
      <Execution id="96a5a12c-f3f2-4a1e-878a-53c7caac135c" />
      <TestMethod codeBase="C:/Users/Michael/_CODE/Ienablemuch.ToTheEfnhX/TestProject/bin/Release/TestProject.DLL" adapterTypeName="Microsoft.VisualStudio.TestTools.TestTypes.Unit.UnitTestAdapter, Microsoft.VisualStudio.QualityTools.Tips.UnitTest.Adapter, Version=10.0.0.0, Culture=neutral, PublicKeyToken=b03f5f7f11d50a3a" className="TestProject.TestTheIRepository, TestProject, Version=1.0.0.0, Culture=neutral, PublicKeyToken=null" name="Ef_CanDelete" />
    </UnitTest>
    <UnitTest name="Ef_Can_queue_changes" storage="c:\users\michael\_code\ienablemuch.totheefnhx\testproject\bin\release\testproject.dll" id="ffcba511-cdf9-ce52-fd62-900fe7820ecc">
      <Execution id="0e37b862-5b18-45b3-995a-6763a89c7138" />
      <TestMethod codeBase="C:/Users/Michael/_CODE/Ienablemuch.ToTheEfnhX/TestProject/bin/Release/TestProject.DLL" adapterTypeName="Microsoft.VisualStudio.TestTools.TestTypes.Unit.UnitTestAdapter, Microsoft.VisualStudio.QualityTools.Tips.UnitTest.Adapter, Version=10.0.0.0, Culture=neutral, PublicKeyToken=b03f5f7f11d50a3a" className="TestProject.TestTheIRepository, TestProject, Version=1.0.0.0, Culture=neutral, PublicKeyToken=null" name="Ef_Can_queue_changes" />
    </UnitTest>
    <UnitTest name="Fetching_strategies_of_EntityFramework_helper_has_no_problem_on_mocked_IQueryable" storage="c:\users\michael\_code\ienablemuch.totheefnhx\testproject\bin\release\testproject.dll" id="c8cf96fa-83e0-e026-64af-f003abc95103">
      <Execution id="c53e256a-c794-4c65-afc8-20143c4c58e8" />
      <TestMethod codeBase="C:/Users/Michael/_CODE/Ienablemuch.ToTheEfnhX/TestProject/bin/Release/TestProject.DLL" adapterTypeName="Microsoft.VisualStudio.TestTools.TestTypes.Unit.UnitTestAdapter, Microsoft.VisualStudio.QualityTools.Tips.UnitTest.Adapter, Version=10.0.0.0, Culture=neutral, PublicKeyToken=b03f5f7f11d50a3a" className="TestProject.TestTheIRepository, TestProject, Version=1.0.0.0, Culture=neutral, PublicKeyToken=null" name="Fetching_strategies_of_EntityFramework_helper_has_no_problem_on_mocked_IQueryable" />
    </UnitTest>
    <UnitTest name="Memory_CanDetectUpdateConflictingDelete" storage="c:\users\michael\_code\ienablemuch.totheefnhx\testproject\bin\release\testproject.dll" id="314cd11d-882d-0d0a-f196-b0f474ca8700">
      <Execution id="811c4d15-bb03-4d32-9d99-1d201b25b0e0" />
      <TestMethod codeBase="C:/Users/Michael/_CODE/Ienablemuch.ToTheEfnhX/TestProject/bin/Release/TestProject.DLL" adapterTypeName="Microsoft.VisualStudio.TestTools.TestTypes.Unit.UnitTestAdapter, Microsoft.VisualStudio.QualityTools.Tips.UnitTest.Adapter, Version=10.0.0.0, Culture=neutral, PublicKeyToken=b03f5f7f11d50a3a" className="TestProject.TestTheIRepository, TestProject, Version=1.0.0.0, Culture=neutral, PublicKeyToken=null" name="Memory_CanDetectUpdateConflictingDelete" />
    </UnitTest>
    <UnitTest name="Nh_Can_queue_changes" storage="c:\users\michael\_code\ienablemuch.totheefnhx\testproject\bin\release\testproject.dll" id="8ae0b4b0-ccc4-fc93-736a-72af24764f70">
      <Execution id="61711c43-309c-47f4-829b-d2723d622643" />
      <TestMethod codeBase="C:/Users/Michael/_CODE/Ienablemuch.ToTheEfnhX/TestProject/bin/Release/TestProject.DLL" adapterTypeName="Microsoft.VisualStudio.TestTools.TestTypes.Unit.UnitTestAdapter, Microsoft.VisualStudio.QualityTools.Tips.UnitTest.Adapter, Version=10.0.0.0, Culture=neutral, PublicKeyToken=b03f5f7f11d50a3a" className="TestProject.TestTheIRepository, TestProject, Version=1.0.0.0, Culture=neutral, PublicKeyToken=null" name="Nh_Can_queue_changes" />
    </UnitTest>
    <UnitTest name="Nh_Can_Detect_Transaction_From_Session_Begin_Transaction" storage="c:\users\michael\_code\ienablemuch.totheefnhx\testproject\bin\release\testproject.dll" id="55b9acb6-c8fa-83e2-62ec-c3bb6a6ae6ad">
      <Execution id="cfd2a95e-dd1a-4e42-88c1-367f940c927c" />
      <TestMethod codeBase="C:/Users/Michael/_CODE/Ienablemuch.ToTheEfnhX/TestProject/bin/Release/TestProject.DLL" adapterTypeName="Microsoft.VisualStudio.TestTools.TestTypes.Unit.UnitTestAdapter, Microsoft.VisualStudio.QualityTools.Tips.UnitTest.Adapter, Version=10.0.0.0, Culture=neutral, PublicKeyToken=b03f5f7f11d50a3a" className="TestProject.TestTheIRepository, TestProject, Version=1.0.0.0, Culture=neutral, PublicKeyToken=null" name="Nh_Can_Detect_Transaction_From_Session_Begin_Transaction" />
    </UnitTest>
    <UnitTest name="Nh_CanDetectDeleteConflictingDelete" storage="c:\users\michael\_code\ienablemuch.totheefnhx\testproject\bin\release\testproject.dll" id="8557e6ab-47d2-b8b1-2926-0bb94a2d505d">
      <Execution id="3ccfe5b6-8a5f-4a8f-a554-97e78a0b9189" />
      <TestMethod codeBase="C:/Users/Michael/_CODE/Ienablemuch.ToTheEfnhX/TestProject/bin/Release/TestProject.DLL" adapterTypeName="Microsoft.VisualStudio.TestTools.TestTypes.Unit.UnitTestAdapter, Microsoft.VisualStudio.QualityTools.Tips.UnitTest.Adapter, Version=10.0.0.0, Culture=neutral, PublicKeyToken=b03f5f7f11d50a3a" className="TestProject.TestTheIRepository, TestProject, Version=1.0.0.0, Culture=neutral, PublicKeyToken=null" name="Nh_CanDetectDeleteConflictingDelete" />
    </UnitTest>
    <UnitTest name="Memory_CanSave" storage="c:\users\michael\_code\ienablemuch.totheefnhx\testproject\bin\release\testproject.dll" id="8c5d9d25-e5b8-63c8-9c42-cebb67787fde">
      <Execution id="13cbdc84-5f27-4db9-8287-cc7e7e22cfb0" />
      <TestMethod codeBase="C:/Users/Michael/_CODE/Ienablemuch.ToTheEfnhX/TestProject/bin/Release/TestProject.DLL" adapterTypeName="Microsoft.VisualStudio.TestTools.TestTypes.Unit.UnitTestAdapter, Microsoft.VisualStudio.QualityTools.Tips.UnitTest.Adapter, Version=10.0.0.0, Culture=neutral, PublicKeyToken=b03f5f7f11d50a3a" className="TestProject.TestTheIRepository, TestProject, Version=1.0.0.0, Culture=neutral, PublicKeyToken=null" name="Memory_CanSave" />
    </UnitTest>
    <UnitTest name="Can_do_deep_clone" storage="c:\users\michael\_code\ienablemuch.totheefnhx\testproject\bin\release\testproject.dll" id="f7d7cfdb-4468-5c56-7540-afe0d55e093a">
      <Execution id="41e78303-42e0-4a57-bf2f-7af5b7080a71" />
      <TestMethod codeBase="C:/Users/Michael/_CODE/Ienablemuch.ToTheEfnhX/TestProject/bin/Release/TestProject.DLL" adapterTypeName="Microsoft.VisualStudio.TestTools.TestTypes.Unit.UnitTestAdapter, Microsoft.VisualStudio.QualityTools.Tips.UnitTest.Adapter, Version=10.0.0.0, Culture=neutral, PublicKeyToken=b03f5f7f11d50a3a" className="TestProject.TestTheIRepository, TestProject, Version=1.0.0.0, Culture=neutral, PublicKeyToken=null" name="Can_do_deep_clone" />
    </UnitTest>
    <UnitTest name="Ef_CanDetectDeleteConflictingUpdate" storage="c:\users\michael\_code\ienablemuch.totheefnhx\testproject\bin\release\testproject.dll" id="8bf5c997-85a0-f72e-564a-9d66e659263c">
      <Execution id="50e409ae-1d33-4e68-a24b-288f45c05a3a" />
      <TestMethod codeBase="C:/Users/Michael/_CODE/Ienablemuch.ToTheEfnhX/TestProject/bin/Release/TestProject.DLL" adapterTypeName="Microsoft.VisualStudio.TestTools.TestTypes.Unit.UnitTestAdapter, Microsoft.VisualStudio.QualityTools.Tips.UnitTest.Adapter, Version=10.0.0.0, Culture=neutral, PublicKeyToken=b03f5f7f11d50a3a" className="TestProject.TestTheIRepository, TestProject, Version=1.0.0.0, Culture=neutral, PublicKeyToken=null" name="Ef_CanDetectDeleteConflictingUpdate" />
    </UnitTest>
    <UnitTest name="Memory_CanDelete" storage="c:\users\michael\_code\ienablemuch.totheefnhx\testproject\bin\release\testproject.dll" id="4eb22f5f-6a6e-dede-7dcd-8a02b2b7eecd">
      <Execution id="4644a44c-16a4-4884-9bc3-81bd0c62ade0" />
      <TestMethod codeBase="C:/Users/Michael/_CODE/Ienablemuch.ToTheEfnhX/TestProject/bin/Release/TestProject.DLL" adapterTypeName="Microsoft.VisualStudio.TestTools.TestTypes.Unit.UnitTestAdapter, Microsoft.VisualStudio.QualityTools.Tips.UnitTest.Adapter, Version=10.0.0.0, Culture=neutral, PublicKeyToken=b03f5f7f11d50a3a" className="TestProject.TestTheIRepository, TestProject, Version=1.0.0.0, Culture=neutral, PublicKeyToken=null" name="Memory_CanDelete" />
    </UnitTest>
    <UnitTest name="Memory_CanHaveIncrementingKey" storage="c:\users\michael\_code\ienablemuch.totheefnhx\testproject\bin\release\testproject.dll" id="c5220795-75d7-ce76-adb5-6a1d661e1fb0">
      <Execution id="314c4658-7508-4ec9-a007-fd1a62baa52a" />
      <TestMethod codeBase="C:/Users/Michael/_CODE/Ienablemuch.ToTheEfnhX/TestProject/bin/Release/TestProject.DLL" adapterTypeName="Microsoft.VisualStudio.TestTools.TestTypes.Unit.UnitTestAdapter, Microsoft.VisualStudio.QualityTools.Tips.UnitTest.Adapter, Version=10.0.0.0, Culture=neutral, PublicKeyToken=b03f5f7f11d50a3a" className="TestProject.TestTheIRepository, TestProject, Version=1.0.0.0, Culture=neutral, PublicKeyToken=null" name="Memory_CanHaveIncrementingKey" />
    </UnitTest>
    <UnitTest name="Memory_CanDetectUpdateConflictingUpdate" storage="c:\users\michael\_code\ienablemuch.totheefnhx\testproject\bin\release\testproject.dll" id="385b97ed-767a-46eb-ce77-8402dbdb924a">
      <Execution id="bbfd6506-accb-464f-9a20-5354fc2d4d7e" />
      <TestMethod codeBase="C:/Users/Michael/_CODE/Ienablemuch.ToTheEfnhX/TestProject/bin/Release/TestProject.DLL" adapterTypeName="Microsoft.VisualStudio.TestTools.TestTypes.Unit.UnitTestAdapter, Microsoft.VisualStudio.QualityTools.Tips.UnitTest.Adapter, Version=10.0.0.0, Culture=neutral, PublicKeyToken=b03f5f7f11d50a3a" className="TestProject.TestTheIRepository, TestProject, Version=1.0.0.0, Culture=neutral, PublicKeyToken=null" name="Memory_CanDetectUpdateConflictingUpdate" />
    </UnitTest>
    <UnitTest name="Ef_Can_rollback_transaction" storage="c:\users\michael\_code\ienablemuch.totheefnhx\testproject\bin\release\testproject.dll" id="ef9db0bb-63c6-f8c2-c180-d50d1ce2ca5b">
      <Execution id="f80798a7-0261-4447-9bda-0edff4fab339" />
      <TestMethod codeBase="C:/Users/Michael/_CODE/Ienablemuch.ToTheEfnhX/TestProject/bin/Release/TestProject.DLL" adapterTypeName="Microsoft.VisualStudio.TestTools.TestTypes.Unit.UnitTestAdapter, Microsoft.VisualStudio.QualityTools.Tips.UnitTest.Adapter, Version=10.0.0.0, Culture=neutral, PublicKeyToken=b03f5f7f11d50a3a" className="TestProject.TestTheIRepository, TestProject, Version=1.0.0.0, Culture=neutral, PublicKeyToken=null" name="Ef_Can_rollback_transaction" />
    </UnitTest>
    <UnitTest name="Nh_Can_save_transaction" storage="c:\users\michael\_code\ienablemuch.totheefnhx\testproject\bin\release\testproject.dll" id="d14d6d4a-1363-e36e-8cf9-c1c992b9e243">
      <Execution id="0888dc55-2665-4bda-b4ee-89d2b636bfc2" />
      <TestMethod codeBase="C:/Users/Michael/_CODE/Ienablemuch.ToTheEfnhX/TestProject/bin/Release/TestProject.DLL" adapterTypeName="Microsoft.VisualStudio.TestTools.TestTypes.Unit.UnitTestAdapter, Microsoft.VisualStudio.QualityTools.Tips.UnitTest.Adapter, Version=10.0.0.0, Culture=neutral, PublicKeyToken=b03f5f7f11d50a3a" className="TestProject.TestTheIRepository, TestProject, Version=1.0.0.0, Culture=neutral, PublicKeyToken=null" name="Nh_Can_save_transaction" />
    </UnitTest>
    <UnitTest name="Nh_CanSaveHeaderDetail" storage="c:\users\michael\_code\ienablemuch.totheefnhx\testproject\bin\release\testproject.dll" id="f68ad391-23ca-2766-d2b2-8731589ef39b">
      <Execution id="956c24dd-aa12-4e75-9aef-0c077ffe565a" />
      <TestMethod codeBase="C:/Users/Michael/_CODE/Ienablemuch.ToTheEfnhX/TestProject/bin/Release/TestProject.DLL" adapterTypeName="Microsoft.VisualStudio.TestTools.TestTypes.Unit.UnitTestAdapter, Microsoft.VisualStudio.QualityTools.Tips.UnitTest.Adapter, Version=10.0.0.0, Culture=neutral, PublicKeyToken=b03f5f7f11d50a3a" className="TestProject.TestTheIRepository, TestProject, Version=1.0.0.0, Culture=neutral, PublicKeyToken=null" name="Nh_CanSaveHeaderDetail" />
    </UnitTest>
    <UnitTest name="Nh_Can_rollback_transaction" storage="c:\users\michael\_code\ienablemuch.totheefnhx\testproject\bin\release\testproject.dll" id="498581d4-9097-59b7-1a75-c07c04a53675">
      <Execution id="238f0cf0-12ea-45cd-b2d8-08249c759ecf" />
      <TestMethod codeBase="C:/Users/Michael/_CODE/Ienablemuch.ToTheEfnhX/TestProject/bin/Release/TestProject.DLL" adapterTypeName="Microsoft.VisualStudio.TestTools.TestTypes.Unit.UnitTestAdapter, Microsoft.VisualStudio.QualityTools.Tips.UnitTest.Adapter, Version=10.0.0.0, Culture=neutral, PublicKeyToken=b03f5f7f11d50a3a" className="TestProject.TestTheIRepository, TestProject, Version=1.0.0.0, Culture=neutral, PublicKeyToken=null" name="Nh_Can_rollback_transaction" />
    </UnitTest>
    <UnitTest name="Memory_CanDetectDeleteConflictingUpdate" storage="c:\users\michael\_code\ienablemuch.totheefnhx\testproject\bin\release\testproject.dll" id="9608206a-383a-828f-299c-2c493d95d886">
      <Execution id="1aba7231-b5fa-475b-9f6c-6b13aae368e5" />
      <TestMethod codeBase="C:/Users/Michael/_CODE/Ienablemuch.ToTheEfnhX/TestProject/bin/Release/TestProject.DLL" adapterTypeName="Microsoft.VisualStudio.TestTools.TestTypes.Unit.UnitTestAdapter, Microsoft.VisualStudio.QualityTools.Tips.UnitTest.Adapter, Version=10.0.0.0, Culture=neutral, PublicKeyToken=b03f5f7f11d50a3a" className="TestProject.TestTheIRepository, TestProject, Version=1.0.0.0, Culture=neutral, PublicKeyToken=null" name="Memory_CanDetectDeleteConflictingUpdate" />
    </UnitTest>
    <UnitTest name="Nh_CanDetectUpdateConflictingUpdate" storage="c:\users\michael\_code\ienablemuch.totheefnhx\testproject\bin\release\testproject.dll" id="7b0e110e-2e6a-879c-359f-7b225fdba37f">
      <Execution id="57ab1c20-1b9e-4db9-9d4f-c16f3b42833d" />
      <TestMethod codeBase="C:/Users/Michael/_CODE/Ienablemuch.ToTheEfnhX/TestProject/bin/Release/TestProject.DLL" adapterTypeName="Microsoft.VisualStudio.TestTools.TestTypes.Unit.UnitTestAdapter, Microsoft.VisualStudio.QualityTools.Tips.UnitTest.Adapter, Version=10.0.0.0, Culture=neutral, PublicKeyToken=b03f5f7f11d50a3a" className="TestProject.TestTheIRepository, TestProject, Version=1.0.0.0, Culture=neutral, PublicKeyToken=null" name="Nh_CanDetectUpdateConflictingUpdate" />
    </UnitTest>
    <UnitTest name="Nh_Can_Detect_Transaction_From_Session_Transaction_Begin" storage="c:\users\michael\_code\ienablemuch.totheefnhx\testproject\bin\release\testproject.dll" id="35cdc240-50c9-1325-cb02-2e20cf8d0e6b">
      <Execution id="667c5c94-cb89-490b-b342-2664bcf12d5d" />
      <TestMethod codeBase="C:/Users/Michael/_CODE/Ienablemuch.ToTheEfnhX/TestProject/bin/Release/TestProject.DLL" adapterTypeName="Microsoft.VisualStudio.TestTools.TestTypes.Unit.UnitTestAdapter, Microsoft.VisualStudio.QualityTools.Tips.UnitTest.Adapter, Version=10.0.0.0, Culture=neutral, PublicKeyToken=b03f5f7f11d50a3a" className="TestProject.TestTheIRepository, TestProject, Version=1.0.0.0, Culture=neutral, PublicKeyToken=null" name="Nh_Can_Detect_Transaction_From_Session_Transaction_Begin" />
    </UnitTest>
    <UnitTest name="Ef_CanHaveIncrementingKey" storage="c:\users\michael\_code\ienablemuch.totheefnhx\testproject\bin\release\testproject.dll" id="e392eca5-e91b-ff0f-619e-8a24d0ecbe68">
      <Execution id="029d8bb1-499a-4dd7-9d12-64cdd63a03b7" />
      <TestMethod codeBase="C:/Users/Michael/_CODE/Ienablemuch.ToTheEfnhX/TestProject/bin/Release/TestProject.DLL" adapterTypeName="Microsoft.VisualStudio.TestTools.TestTypes.Unit.UnitTestAdapter, Microsoft.VisualStudio.QualityTools.Tips.UnitTest.Adapter, Version=10.0.0.0, Culture=neutral, PublicKeyToken=b03f5f7f11d50a3a" className="TestProject.TestTheIRepository, TestProject, Version=1.0.0.0, Culture=neutral, PublicKeyToken=null" name="Ef_CanHaveIncrementingKey" />
    </UnitTest>
    <UnitTest name="Nh_CanSave" storage="c:\users\michael\_code\ienablemuch.totheefnhx\testproject\bin\release\testproject.dll" id="c9750689-b2a7-1965-bbd3-0c2f5eda3fb2">
      <Execution id="78ecf3a0-489d-4945-8ef9-6463817d97af" />
      <TestMethod codeBase="C:/Users/Michael/_CODE/Ienablemuch.ToTheEfnhX/TestProject/bin/Release/TestProject.DLL" adapterTypeName="Microsoft.VisualStudio.TestTools.TestTypes.Unit.UnitTestAdapter, Microsoft.VisualStudio.QualityTools.Tips.UnitTest.Adapter, Version=10.0.0.0, Culture=neutral, PublicKeyToken=b03f5f7f11d50a3a" className="TestProject.TestTheIRepository, TestProject, Version=1.0.0.0, Culture=neutral, PublicKeyToken=null" name="Nh_CanSave" />
    </UnitTest>
    <UnitTest name="Nh_CanDelete" storage="c:\users\michael\_code\ienablemuch.totheefnhx\testproject\bin\release\testproject.dll" id="f3b46671-4362-7dc3-90a0-0fcbe80e34d8">
      <Execution id="094ea069-2bcb-42dc-85ea-3dd4224daeec" />
      <TestMethod codeBase="C:/Users/Michael/_CODE/Ienablemuch.ToTheEfnhX/TestProject/bin/Release/TestProject.DLL" adapterTypeName="Microsoft.VisualStudio.TestTools.TestTypes.Unit.UnitTestAdapter, Microsoft.VisualStudio.QualityTools.Tips.UnitTest.Adapter, Version=10.0.0.0, Culture=neutral, PublicKeyToken=b03f5f7f11d50a3a" className="TestProject.TestTheIRepository, TestProject, Version=1.0.0.0, Culture=neutral, PublicKeyToken=null" name="Nh_CanDelete" />
    </UnitTest>
    <UnitTest name="Ef_CanSaveHeaderDetail" storage="c:\users\michael\_code\ienablemuch.totheefnhx\testproject\bin\release\testproject.dll" id="ecf5b477-cdd8-3508-c195-40a64bc26f00">
      <Execution id="c3c7850b-836b-4634-b6e2-afcd38aefed2" />
      <TestMethod codeBase="C:/Users/Michael/_CODE/Ienablemuch.ToTheEfnhX/TestProject/bin/Release/TestProject.DLL" adapterTypeName="Microsoft.VisualStudio.TestTools.TestTypes.Unit.UnitTestAdapter, Microsoft.VisualStudio.QualityTools.Tips.UnitTest.Adapter, Version=10.0.0.0, Culture=neutral, PublicKeyToken=b03f5f7f11d50a3a" className="TestProject.TestTheIRepository, TestProject, Version=1.0.0.0, Culture=neutral, PublicKeyToken=null" name="Ef_CanSaveHeaderDetail" />
    </UnitTest>
    <UnitTest name="Memory_HasRowVersion" storage="c:\users\michael\_code\ienablemuch.totheefnhx\testproject\bin\release\testproject.dll" id="0947b967-fff8-9b8d-6688-507250130b49">
      <Execution id="436e771b-5e8d-4a84-88fb-1b7a42409037" />
      <TestMethod codeBase="C:/Users/Michael/_CODE/Ienablemuch.ToTheEfnhX/TestProject/bin/Release/TestProject.DLL" adapterTypeName="Microsoft.VisualStudio.TestTools.TestTypes.Unit.UnitTestAdapter, Microsoft.VisualStudio.QualityTools.Tips.UnitTest.Adapter, Version=10.0.0.0, Culture=neutral, PublicKeyToken=b03f5f7f11d50a3a" className="TestProject.TestTheIRepository, TestProject, Version=1.0.0.0, Culture=neutral, PublicKeyToken=null" name="Memory_HasRowVersion" />
    </UnitTest>
  </TestDefinitions>
  <TestLists>
    <TestList name="Results Not in a List" id="8c84fa94-04c1-424b-9868-57a2d4851a1d" />
    <TestList name="All Loaded Results" id="19431567-8539-422a-85d7-44ee4e166bda" />
  </TestLists>
  <TestEntries>
    <TestEntry testId="0947b967-fff8-9b8d-6688-507250130b49" executionId="436e771b-5e8d-4a84-88fb-1b7a42409037" testListId="8c84fa94-04c1-424b-9868-57a2d4851a1d" />
    <TestEntry testId="170c0ff1-28bc-09a2-839b-5ab24853aea8" executionId="5e577ba5-e9ff-48bd-923e-08814d8998f8" testListId="8c84fa94-04c1-424b-9868-57a2d4851a1d" />
    <TestEntry testId="24f780e7-822d-62ed-f13e-e2daddc611e1" executionId="7208ff2a-437f-4713-ab18-5a067b3b999f" testListId="8c84fa94-04c1-424b-9868-57a2d4851a1d" />
    <TestEntry testId="314cd11d-882d-0d0a-f196-b0f474ca8700" executionId="811c4d15-bb03-4d32-9d99-1d201b25b0e0" testListId="8c84fa94-04c1-424b-9868-57a2d4851a1d" />
    <TestEntry testId="35cdc240-50c9-1325-cb02-2e20cf8d0e6b" executionId="667c5c94-cb89-490b-b342-2664bcf12d5d" testListId="8c84fa94-04c1-424b-9868-57a2d4851a1d" />
    <TestEntry testId="385b97ed-767a-46eb-ce77-8402dbdb924a" executionId="bbfd6506-accb-464f-9a20-5354fc2d4d7e" testListId="8c84fa94-04c1-424b-9868-57a2d4851a1d" />
    <TestEntry testId="3a1e9fe6-a4ce-9adb-c086-11052cee98b6" executionId="d2b2aeec-c523-4e8e-9899-7c60d4cd306e" testListId="8c84fa94-04c1-424b-9868-57a2d4851a1d" />
    <TestEntry testId="467d17f0-5ec4-24a5-9089-e15ef18964f7" executionId="3713564b-5947-4cd3-bf06-8e938a6638f5" testListId="8c84fa94-04c1-424b-9868-57a2d4851a1d" />
    <TestEntry testId="498581d4-9097-59b7-1a75-c07c04a53675" executionId="238f0cf0-12ea-45cd-b2d8-08249c759ecf" testListId="8c84fa94-04c1-424b-9868-57a2d4851a1d" />
    <TestEntry testId="4bb22a57-9102-06ea-257b-caae673d46d7" executionId="988fe92d-2748-4202-8ca6-d4cdb8be2fcc" testListId="8c84fa94-04c1-424b-9868-57a2d4851a1d" />
    <TestEntry testId="4eb22f5f-6a6e-dede-7dcd-8a02b2b7eecd" executionId="4644a44c-16a4-4884-9bc3-81bd0c62ade0" testListId="8c84fa94-04c1-424b-9868-57a2d4851a1d" />
    <TestEntry testId="55b9acb6-c8fa-83e2-62ec-c3bb6a6ae6ad" executionId="cfd2a95e-dd1a-4e42-88c1-367f940c927c" testListId="8c84fa94-04c1-424b-9868-57a2d4851a1d" />
    <TestEntry testId="5b9ac5c8-7814-fd36-cd57-f0de0de0fae7" executionId="e0ad03b6-c6bf-40d1-9c39-4f9ccc39df6c" testListId="8c84fa94-04c1-424b-9868-57a2d4851a1d" />
    <TestEntry testId="5d13769c-6ed9-df33-8e6d-b0cc79c073f2" executionId="fbe35771-ff93-4075-a11a-b949ba276f51" testListId="8c84fa94-04c1-424b-9868-57a2d4851a1d" />
    <TestEntry testId="63d9977f-78b2-ba78-f19b-1e84d68eabe8" executionId="75090d91-b023-454d-a059-1302b6aee9e6" testListId="8c84fa94-04c1-424b-9868-57a2d4851a1d" />
    <TestEntry testId="6a52032d-db59-8802-47db-20699e8ef053" executionId="2d806b70-172d-4b95-9e6b-eed573de49af" testListId="8c84fa94-04c1-424b-9868-57a2d4851a1d" />
    <TestEntry testId="6b805790-9c4f-2071-6e55-fbbb337c0021" executionId="a4db3c52-954f-4d74-9443-4b9aed0e1867" testListId="8c84fa94-04c1-424b-9868-57a2d4851a1d" />
    <TestEntry testId="7b0e110e-2e6a-879c-359f-7b225fdba37f" executionId="57ab1c20-1b9e-4db9-9d4f-c16f3b42833d" testListId="8c84fa94-04c1-424b-9868-57a2d4851a1d" />
    <TestEntry testId="83330a72-51da-0d0d-d2b2-826b2f6cfd00" executionId="8859966d-9061-4fb6-8913-2cd1086c1712" testListId="8c84fa94-04c1-424b-9868-57a2d4851a1d" />
    <TestEntry testId="8557e6ab-47d2-b8b1-2926-0bb94a2d505d" executionId="3ccfe5b6-8a5f-4a8f-a554-97e78a0b9189" testListId="8c84fa94-04c1-424b-9868-57a2d4851a1d" />
    <TestEntry testId="86150143-fb0b-c807-6c85-448e509331e0" executionId="b3abbcf7-60b8-42ed-9df6-71fa174dc50d" testListId="8c84fa94-04c1-424b-9868-57a2d4851a1d" />
    <TestEntry testId="8ae0b4b0-ccc4-fc93-736a-72af24764f70" executionId="61711c43-309c-47f4-829b-d2723d622643" testListId="8c84fa94-04c1-424b-9868-57a2d4851a1d" />
    <TestEntry testId="8af4731e-1204-41e4-f479-73db6099844b" executionId="d4bf56ad-1255-4105-a178-04a9d3dcbbee" testListId="8c84fa94-04c1-424b-9868-57a2d4851a1d" />
    <TestEntry testId="8bf5c997-85a0-f72e-564a-9d66e659263c" executionId="50e409ae-1d33-4e68-a24b-288f45c05a3a" testListId="8c84fa94-04c1-424b-9868-57a2d4851a1d" />
    <TestEntry testId="8c5d9d25-e5b8-63c8-9c42-cebb67787fde" executionId="13cbdc84-5f27-4db9-8287-cc7e7e22cfb0" testListId="8c84fa94-04c1-424b-9868-57a2d4851a1d" />
    <TestEntry testId="919c9ab6-d8de-ff18-95fc-25bc030735bd" executionId="216924da-570a-44d5-8673-08674353ea54" testListId="8c84fa94-04c1-424b-9868-57a2d4851a1d" />
    <TestEntry testId="9608206a-383a-828f-299c-2c493d95d886" executionId="1aba7231-b5fa-475b-9f6c-6b13aae368e5" testListId="8c84fa94-04c1-424b-9868-57a2d4851a1d" />
    <TestEntry testId="9ce2ff54-3bea-2c09-7986-c83994c1d685" executionId="a4de4a5f-7ce1-4c75-b09f-247167021745" testListId="8c84fa94-04c1-424b-9868-57a2d4851a1d" />
    <TestEntry testId="a2256363-4989-1fab-e208-96edc389fe3c" executionId="c9991f2b-32c5-4cb7-8944-ca4314920371" testListId="8c84fa94-04c1-424b-9868-57a2d4851a1d" />
    <TestEntry testId="a9ed84c2-917f-5ccb-44a7-7e3cea9cd5e0" executionId="98e8128d-e9c2-4aad-b746-a7d377c749e5" testListId="8c84fa94-04c1-424b-9868-57a2d4851a1d" />
    <TestEntry testId="b9cbda9a-23ca-3458-8bf7-8aa6598f8754" executionId="711ff250-d4da-4b92-b648-5b436d3a9d08" testListId="8c84fa94-04c1-424b-9868-57a2d4851a1d" />
    <TestEntry testId="c2e9f01d-6387-7f00-c2a6-71385a796942" executionId="080c1395-e495-435e-b539-941616a15cfe" testListId="8c84fa94-04c1-424b-9868-57a2d4851a1d" />
    <TestEntry testId="c3da4334-35ea-a9c1-5cbf-c1daa7323978" executionId="96a5a12c-f3f2-4a1e-878a-53c7caac135c" testListId="8c84fa94-04c1-424b-9868-57a2d4851a1d" />
    <TestEntry testId="c5220795-75d7-ce76-adb5-6a1d661e1fb0" executionId="314c4658-7508-4ec9-a007-fd1a62baa52a" testListId="8c84fa94-04c1-424b-9868-57a2d4851a1d" />
    <TestEntry testId="c8cf96fa-83e0-e026-64af-f003abc95103" executionId="c53e256a-c794-4c65-afc8-20143c4c58e8" testListId="8c84fa94-04c1-424b-9868-57a2d4851a1d" />
    <TestEntry testId="c8ff8ef9-a95a-0779-90f7-6e8188ebefd1" executionId="38ba83cb-b397-4366-97d5-27eb0d8837f3" testListId="8c84fa94-04c1-424b-9868-57a2d4851a1d" />
    <TestEntry testId="c9750689-b2a7-1965-bbd3-0c2f5eda3fb2" executionId="78ecf3a0-489d-4945-8ef9-6463817d97af" testListId="8c84fa94-04c1-424b-9868-57a2d4851a1d" />
    <TestEntry testId="ca3ec696-2df9-55bd-c53c-f732b5c80a68" executionId="1e706be8-081c-4e2d-a4e8-942734675e5b" testListId="8c84fa94-04c1-424b-9868-57a2d4851a1d" />
    <TestEntry testId="cdd1ec05-a33a-edaf-1560-6637f27329d2" executionId="78d5fa97-32f0-4da5-917c-ec58165947cf" testListId="8c84fa94-04c1-424b-9868-57a2d4851a1d" />
    <TestEntry testId="d14d6d4a-1363-e36e-8cf9-c1c992b9e243" executionId="0888dc55-2665-4bda-b4ee-89d2b636bfc2" testListId="8c84fa94-04c1-424b-9868-57a2d4851a1d" />
    <TestEntry testId="d409929f-129a-9686-590d-6472fdfa28e4" executionId="197204c3-a4c9-4671-8ade-e6cbfc6c1617" testListId="8c84fa94-04c1-424b-9868-57a2d4851a1d" />
    <TestEntry testId="dad118fb-1088-58a3-350a-fc5e47173fa9" executionId="08340fa7-e852-4731-b9d8-21b6ef56ca6b" testListId="8c84fa94-04c1-424b-9868-57a2d4851a1d" />
    <TestEntry testId="e392eca5-e91b-ff0f-619e-8a24d0ecbe68" executionId="029d8bb1-499a-4dd7-9d12-64cdd63a03b7" testListId="8c84fa94-04c1-424b-9868-57a2d4851a1d" />
    <TestEntry testId="e4d36185-e99e-9b3f-8afc-2b7c501afd9a" executionId="7f6372c3-e69a-4c6d-beea-a9cb1eac6535" testListId="8c84fa94-04c1-424b-9868-57a2d4851a1d" />
    <TestEntry testId="ecf5b477-cdd8-3508-c195-40a64bc26f00" executionId="c3c7850b-836b-4634-b6e2-afcd38aefed2" testListId="8c84fa94-04c1-424b-9868-57a2d4851a1d" />
    <TestEntry testId="ef9db0bb-63c6-f8c2-c180-d50d1ce2ca5b" executionId="f80798a7-0261-4447-9bda-0edff4fab339" testListId="8c84fa94-04c1-424b-9868-57a2d4851a1d" />
    <TestEntry testId="f3b46671-4362-7dc3-90a0-0fcbe80e34d8" executionId="094ea069-2bcb-42dc-85ea-3dd4224daeec" testListId="8c84fa94-04c1-424b-9868-57a2d4851a1d" />
    <TestEntry testId="f473cffe-6acb-bc8c-3c44-48f67f9567de" executionId="b07c9d44-85d9-42f7-a0df-8b5613c6efd7" testListId="8c84fa94-04c1-424b-9868-57a2d4851a1d" />
    <TestEntry testId="f5049a26-85f5-2d61-7d0d-3fe36d498d57" executionId="82238299-1b7f-4fc8-8b50-4b07049e9048" testListId="8c84fa94-04c1-424b-9868-57a2d4851a1d" />
    <TestEntry testId="f68ad391-23ca-2766-d2b2-8731589ef39b" executionId="956c24dd-aa12-4e75-9aef-0c077ffe565a" testListId="8c84fa94-04c1-424b-9868-57a2d4851a1d" />
    <TestEntry testId="f7d7cfdb-4468-5c56-7540-afe0d55e093a" executionId="41e78303-42e0-4a57-bf2f-7af5b7080a71" testListId="8c84fa94-04c1-424b-9868-57a2d4851a1d" />
    <TestEntry testId="ffcba511-cdf9-ce52-fd62-900fe7820ecc" executionId="0e37b862-5b18-45b3-995a-6763a89c7138" testListId="8c84fa94-04c1-424b-9868-57a2d4851a1d" />
  </TestEntries>
  <Results>
    <UnitTestResult executionId="436e771b-5e8d-4a84-88fb-1b7a42409037" testId="0947b967-fff8-9b8d-6688-507250130b49" testName="Memory_HasRowVersion" computerName="MICHAEL-PC" duration="00:00:00.0257278" startTime="2012-06-10T08:18:42.9470000+08:00" endTime="2012-06-10T08:18:43.2300000+08:00" testType="13cdc9d9-ddb5-4fa4-a97d-d965ccfc6d4b" outcome="Passed" testListId="8c84fa94-04c1-424b-9868-57a2d4851a1d" relativeResultsDirectory="436e771b-5e8d-4a84-88fb-1b7a42409037">
    </UnitTestResult>
    <UnitTestResult executionId="5e577ba5-e9ff-48bd-923e-08814d8998f8" testId="170c0ff1-28bc-09a2-839b-5ab24853aea8" testName="Nh_Can_Orm_do_cascaded_deletions" computerName="MICHAEL-PC" duration="00:00:02.1068844" startTime="2012-06-10T08:18:43.2440000+08:00" endTime="2012-06-10T08:18:45.3580000+08:00" testType="13cdc9d9-ddb5-4fa4-a97d-d965ccfc6d4b" outcome="Passed" testListId="8c84fa94-04c1-424b-9868-57a2d4851a1d" relativeResultsDirectory="5e577ba5-e9ff-48bd-923e-08814d8998f8">
    </UnitTestResult>
    <UnitTestResult executionId="7208ff2a-437f-4713-ab18-5a067b3b999f" testId="24f780e7-822d-62ed-f13e-e2daddc611e1" testName="Fetching_strategies_of_NHibernate_helper_has_no_problem_on_mocked_IQueryable" computerName="MICHAEL-PC" duration="00:00:00.0077561" startTime="2012-06-10T08:18:45.3650000+08:00" endTime="2012-06-10T08:18:45.3780000+08:00" testType="13cdc9d9-ddb5-4fa4-a97d-d965ccfc6d4b" outcome="Passed" testListId="8c84fa94-04c1-424b-9868-57a2d4851a1d" relativeResultsDirectory="7208ff2a-437f-4713-ab18-5a067b3b999f">
    </UnitTestResult>
    <UnitTestResult executionId="811c4d15-bb03-4d32-9d99-1d201b25b0e0" testId="314cd11d-882d-0d0a-f196-b0f474ca8700" testName="Memory_CanDetectUpdateConflictingDelete" computerName="MICHAEL-PC" duration="00:00:00.0039427" startTime="2012-06-10T08:18:45.3820000+08:00" endTime="2012-06-10T08:18:45.3910000+08:00" testType="13cdc9d9-ddb5-4fa4-a97d-d965ccfc6d4b" outcome="Passed" testListId="8c84fa94-04c1-424b-9868-57a2d4851a1d" relativeResultsDirectory="811c4d15-bb03-4d32-9d99-1d201b25b0e0">
    </UnitTestResult>
    <UnitTestResult executionId="667c5c94-cb89-490b-b342-2664bcf12d5d" testId="35cdc240-50c9-1325-cb02-2e20cf8d0e6b" testName="Nh_Can_Detect_Transaction_From_Session_Transaction_Begin" computerName="MICHAEL-PC" duration="00:00:00.0016494" startTime="2012-06-10T08:18:45.3950000+08:00" endTime="2012-06-10T08:18:45.4010000+08:00" testType="13cdc9d9-ddb5-4fa4-a97d-d965ccfc6d4b" outcome="Passed" testListId="8c84fa94-04c1-424b-9868-57a2d4851a1d" relativeResultsDirectory="667c5c94-cb89-490b-b342-2664bcf12d5d">
    </UnitTestResult>
    <UnitTestResult executionId="bbfd6506-accb-464f-9a20-5354fc2d4d7e" testId="385b97ed-767a-46eb-ce77-8402dbdb924a" testName="Memory_CanDetectUpdateConflictingUpdate" computerName="MICHAEL-PC" duration="00:00:00.0012531" startTime="2012-06-10T08:18:45.4060000+08:00" endTime="2012-06-10T08:18:45.4120000+08:00" testType="13cdc9d9-ddb5-4fa4-a97d-d965ccfc6d4b" outcome="Passed" testListId="8c84fa94-04c1-424b-9868-57a2d4851a1d" relativeResultsDirectory="bbfd6506-accb-464f-9a20-5354fc2d4d7e">
    </UnitTestResult>
    <UnitTestResult executionId="d2b2aeec-c523-4e8e-9899-7c60d4cd306e" testId="3a1e9fe6-a4ce-9adb-c086-11052cee98b6" testName="Ef_Can_Orm_Merge_Can_Update" computerName="MICHAEL-PC" duration="00:00:01.1761614" startTime="2012-06-10T08:18:45.4270000+08:00" endTime="2012-06-10T08:18:46.6080000+08:00" testType="13cdc9d9-ddb5-4fa4-a97d-d965ccfc6d4b" outcome="Failed" testListId="8c84fa94-04c1-424b-9868-57a2d4851a1d" relativeResultsDirectory="d2b2aeec-c523-4e8e-9899-7c60d4cd306e">
      <Output>
        <DebugTrace>TestProject.SampleModel.Question:
</DebugTrace>
        <ErrorInfo>
          <Message>Test method TestProject.TestTheIRepository.Ef_Can_Orm_Merge_Can_Update threw exception: 
System.NullReferenceException: Object reference not set to an instance of an object.</Message>
          <StackTrace>    at Ienablemuch.ToTheEfnhX.EntityFramework.EfRepository`1.MergeCollection(Object liveParent, IList colLive, Object transientParent, IList colTransient) in C:\Users\Michael\_CODE\Ienablemuch.ToTheEfnhX\Ienablemuch.ToTheEfnhX.EntityFramework\EfRepository.cs:line 403
   at Ienablemuch.ToTheEfnhX.EntityFramework.EfRepository`1.MergeCollection(Object liveParent, IList colLive, Object transientParent, IList colTransient) in C:\Users\Michael\_CODE\Ienablemuch.ToTheEfnhX\Ienablemuch.ToTheEfnhX.EntityFramework\EfRepository.cs:line 530
   at Ienablemuch.ToTheEfnhX.EntityFramework.EfRepository`1.Merge(TEnt ent, Byte[] version) in C:\Users\Michael\_CODE\Ienablemuch.ToTheEfnhX\Ienablemuch.ToTheEfnhX.EntityFramework\EfRepository.cs:line 268
   at TestProject.TestTheIRepository.Common_Orm_Merge_Can_Update(IRepository`1 repo) in C:\Users\Michael\_CODE\Ienablemuch.ToTheEfnhX\TestProject\TestTheIRepository.cs:line 828
   at TestProject.TestTheIRepository.Ef_Can_Orm_Merge_Can_Update() in C:\Users\Michael\_CODE\Ienablemuch.ToTheEfnhX\TestProject\TestTheIRepository.cs:line 780
</StackTrace>
        </ErrorInfo>
      </Output>
    </UnitTestResult>
    <UnitTestResult executionId="3713564b-5947-4cd3-bf06-8e938a6638f5" testId="467d17f0-5ec4-24a5-9089-e15ef18964f7" testName="Nh_CanDetectDeleteConflictingUpdate" computerName="MICHAEL-PC" duration="00:00:00.0545666" startTime="2012-06-10T08:18:46.6220000+08:00" endTime="2012-06-10T08:18:46.6810000+08:00" testType="13cdc9d9-ddb5-4fa4-a97d-d965ccfc6d4b" outcome="Passed" testListId="8c84fa94-04c1-424b-9868-57a2d4851a1d" relativeResultsDirectory="3713564b-5947-4cd3-bf06-8e938a6638f5">
    </UnitTestResult>
    <UnitTestResult executionId="238f0cf0-12ea-45cd-b2d8-08249c759ecf" testId="498581d4-9097-59b7-1a75-c07c04a53675" testName="Nh_Can_rollback_transaction" computerName="MICHAEL-PC" duration="00:00:00.6263496" startTime="2012-06-10T08:18:46.6850000+08:00" endTime="2012-06-10T08:18:47.3160000+08:00" testType="13cdc9d9-ddb5-4fa4-a97d-d965ccfc6d4b" outcome="Passed" testListId="8c84fa94-04c1-424b-9868-57a2d4851a1d" relativeResultsDirectory="238f0cf0-12ea-45cd-b2d8-08249c759ecf">
    </UnitTestResult>
    <UnitTestResult executionId="988fe92d-2748-4202-8ca6-d4cdb8be2fcc" testId="4bb22a57-9102-06ea-257b-caae673d46d7" testName="Ef_CanDetectDeleteConflictingDelete" computerName="MICHAEL-PC" duration="00:00:00.0952727" startTime="2012-06-10T08:18:47.3230000+08:00" endTime="2012-06-10T08:18:47.4230000+08:00" testType="13cdc9d9-ddb5-4fa4-a97d-d965ccfc6d4b" outcome="Passed" testListId="8c84fa94-04c1-424b-9868-57a2d4851a1d" relativeResultsDirectory="988fe92d-2748-4202-8ca6-d4cdb8be2fcc">
    </UnitTestResult>
    <UnitTestResult executionId="4644a44c-16a4-4884-9bc3-81bd0c62ade0" testId="4eb22f5f-6a6e-dede-7dcd-8a02b2b7eecd" testName="Memory_CanDelete" computerName="MICHAEL-PC" duration="00:00:00.0052367" startTime="2012-06-10T08:18:47.4310000+08:00" endTime="2012-06-10T08:18:47.4410000+08:00" testType="13cdc9d9-ddb5-4fa4-a97d-d965ccfc6d4b" outcome="Passed" testListId="8c84fa94-04c1-424b-9868-57a2d4851a1d" relativeResultsDirectory="4644a44c-16a4-4884-9bc3-81bd0c62ade0">
    </UnitTestResult>
    <UnitTestResult executionId="cfd2a95e-dd1a-4e42-88c1-367f940c927c" testId="55b9acb6-c8fa-83e2-62ec-c3bb6a6ae6ad" testName="Nh_Can_Detect_Transaction_From_Session_Begin_Transaction" computerName="MICHAEL-PC" duration="00:00:00.0017956" startTime="2012-06-10T08:18:47.4450000+08:00" endTime="2012-06-10T08:18:47.4510000+08:00" testType="13cdc9d9-ddb5-4fa4-a97d-d965ccfc6d4b" outcome="Passed" testListId="8c84fa94-04c1-424b-9868-57a2d4851a1d" relativeResultsDirectory="cfd2a95e-dd1a-4e42-88c1-367f940c927c">
    </UnitTestResult>
    <UnitTestResult executionId="e0ad03b6-c6bf-40d1-9c39-4f9ccc39df6c" testId="5b9ac5c8-7814-fd36-cd57-f0de0de0fae7" testName="Saving_is_ok" computerName="MICHAEL-PC" duration="00:00:00.0024617" startTime="2012-06-10T08:18:47.4540000+08:00" endTime="2012-06-10T08:18:47.4610000+08:00" testType="13cdc9d9-ddb5-4fa4-a97d-d965ccfc6d4b" outcome="Passed" testListId="8c84fa94-04c1-424b-9868-57a2d4851a1d" relativeResultsDirectory="e0ad03b6-c6bf-40d1-9c39-4f9ccc39df6c">
    </UnitTestResult>
    <UnitTestResult executionId="fbe35771-ff93-4075-a11a-b949ba276f51" testId="5d13769c-6ed9-df33-8e6d-b0cc79c073f2" testName="Nh_CanDetectUpdateConflictingDelete" computerName="MICHAEL-PC" duration="00:00:00.0044085" startTime="2012-06-10T08:18:47.4650000+08:00" endTime="2012-06-10T08:18:47.4740000+08:00" testType="13cdc9d9-ddb5-4fa4-a97d-d965ccfc6d4b" outcome="Passed" testListId="8c84fa94-04c1-424b-9868-57a2d4851a1d" relativeResultsDirectory="fbe35771-ff93-4075-a11a-b949ba276f51">
    </UnitTestResult>
    <UnitTestResult executionId="75090d91-b023-454d-a059-1302b6aee9e6" testId="63d9977f-78b2-ba78-f19b-1e84d68eabe8" testName="Nh_CanUpdate" computerName="MICHAEL-PC" duration="00:00:00.0498097" startTime="2012-06-10T08:18:47.4770000+08:00" endTime="2012-06-10T08:18:47.5310000+08:00" testType="13cdc9d9-ddb5-4fa4-a97d-d965ccfc6d4b" outcome="Passed" testListId="8c84fa94-04c1-424b-9868-57a2d4851a1d" relativeResultsDirectory="75090d91-b023-454d-a059-1302b6aee9e6">
    </UnitTestResult>
    <UnitTestResult executionId="2d806b70-172d-4b95-9e6b-eed573de49af" testId="6a52032d-db59-8802-47db-20699e8ef053" testName="Ef_CanSave" computerName="MICHAEL-PC" duration="00:00:00.0136602" startTime="2012-06-10T08:18:47.5350000+08:00" endTime="2012-06-10T08:18:47.5530000+08:00" testType="13cdc9d9-ddb5-4fa4-a97d-d965ccfc6d4b" outcome="Passed" testListId="8c84fa94-04c1-424b-9868-57a2d4851a1d" relativeResultsDirectory="2d806b70-172d-4b95-9e6b-eed573de49af">
    </UnitTestResult>
    <UnitTestResult executionId="a4db3c52-954f-4d74-9443-4b9aed0e1867" testId="6b805790-9c4f-2071-6e55-fbbb337c0021" testName="Memory_CanSaveTransaction" computerName="MICHAEL-PC" duration="00:00:00.0033402" startTime="2012-06-10T08:18:47.5570000+08:00" endTime="2012-06-10T08:18:47.5640000+08:00" testType="13cdc9d9-ddb5-4fa4-a97d-d965ccfc6d4b" outcome="Passed" testListId="8c84fa94-04c1-424b-9868-57a2d4851a1d" relativeResultsDirectory="a4db3c52-954f-4d74-9443-4b9aed0e1867">
    </UnitTestResult>
    <UnitTestResult executionId="57ab1c20-1b9e-4db9-9d4f-c16f3b42833d" testId="7b0e110e-2e6a-879c-359f-7b225fdba37f" testName="Nh_CanDetectUpdateConflictingUpdate" computerName="MICHAEL-PC" duration="00:00:00.0052326" startTime="2012-06-10T08:18:47.5710000+08:00" endTime="2012-06-10T08:18:47.5820000+08:00" testType="13cdc9d9-ddb5-4fa4-a97d-d965ccfc6d4b" outcome="Passed" testListId="8c84fa94-04c1-424b-9868-57a2d4851a1d" relativeResultsDirectory="57ab1c20-1b9e-4db9-9d4f-c16f3b42833d">
    </UnitTestResult>
    <UnitTestResult executionId="8859966d-9061-4fb6-8913-2cd1086c1712" testId="83330a72-51da-0d0d-d2b2-826b2f6cfd00" testName="Nh_SessionTransaction_can_detect_its_own_transaction_commitness_only" computerName="MICHAEL-PC" duration="00:00:00.0049080" startTime="2012-06-10T08:18:47.5930000+08:00" endTime="2012-06-10T08:18:47.6040000+08:00" testType="13cdc9d9-ddb5-4fa4-a97d-d965ccfc6d4b" outcome="Passed" testListId="8c84fa94-04c1-424b-9868-57a2d4851a1d" relativeResultsDirectory="8859966d-9061-4fb6-8913-2cd1086c1712">
    </UnitTestResult>
    <UnitTestResult executionId="3ccfe5b6-8a5f-4a8f-a554-97e78a0b9189" testId="8557e6ab-47d2-b8b1-2926-0bb94a2d505d" testName="Nh_CanDetectDeleteConflictingDelete" computerName="MICHAEL-PC" duration="00:00:00.0049466" startTime="2012-06-10T08:18:47.6180000+08:00" endTime="2012-06-10T08:18:47.6280000+08:00" testType="13cdc9d9-ddb5-4fa4-a97d-d965ccfc6d4b" outcome="Passed" testListId="8c84fa94-04c1-424b-9868-57a2d4851a1d" relativeResultsDirectory="3ccfe5b6-8a5f-4a8f-a554-97e78a0b9189">
    </UnitTestResult>
    <UnitTestResult executionId="b3abbcf7-60b8-42ed-9df6-71fa174dc50d" testId="86150143-fb0b-c807-6c85-448e509331e0" testName="Ef_HasRowVersion" computerName="MICHAEL-PC" duration="00:00:00.0155081" startTime="2012-06-10T08:18:47.6320000+08:00" endTime="2012-06-10T08:18:47.6520000+08:00" testType="13cdc9d9-ddb5-4fa4-a97d-d965ccfc6d4b" outcome="Passed" testListId="8c84fa94-04c1-424b-9868-57a2d4851a1d" relativeResultsDirectory="b3abbcf7-60b8-42ed-9df6-71fa174dc50d">
    </UnitTestResult>
    <UnitTestResult executionId="61711c43-309c-47f4-829b-d2723d622643" testId="8ae0b4b0-ccc4-fc93-736a-72af24764f70" testName="Nh_Can_queue_changes" computerName="MICHAEL-PC" duration="00:00:00.0151240" startTime="2012-06-10T08:18:47.6560000+08:00" endTime="2012-06-10T08:18:47.6760000+08:00" testType="13cdc9d9-ddb5-4fa4-a97d-d965ccfc6d4b" outcome="Passed" testListId="8c84fa94-04c1-424b-9868-57a2d4851a1d" relativeResultsDirectory="61711c43-309c-47f4-829b-d2723d622643">
    </UnitTestResult>
    <UnitTestResult executionId="d4bf56ad-1255-4105-a178-04a9d3dcbbee" testId="8af4731e-1204-41e4-f479-73db6099844b" testName="Nh_Can_Orm_Merge_Can_Create" computerName="MICHAEL-PC" duration="00:00:00.0132902" startTime="2012-06-10T08:18:47.6800000+08:00" endTime="2012-06-10T08:18:47.6970000+08:00" testType="13cdc9d9-ddb5-4fa4-a97d-d965ccfc6d4b" outcome="Passed" testListId="8c84fa94-04c1-424b-9868-57a2d4851a1d" relativeResultsDirectory="d4bf56ad-1255-4105-a178-04a9d3dcbbee">
    </UnitTestResult>
    <UnitTestResult executionId="50e409ae-1d33-4e68-a24b-288f45c05a3a" testId="8bf5c997-85a0-f72e-564a-9d66e659263c" testName="Ef_CanDetectDeleteConflictingUpdate" computerName="MICHAEL-PC" duration="00:00:00.0087781" startTime="2012-06-10T08:18:47.7010000+08:00" endTime="2012-06-10T08:18:47.7150000+08:00" testType="13cdc9d9-ddb5-4fa4-a97d-d965ccfc6d4b" outcome="Passed" testListId="8c84fa94-04c1-424b-9868-57a2d4851a1d" relativeResultsDirectory="50e409ae-1d33-4e68-a24b-288f45c05a3a">
    </UnitTestResult>
    <UnitTestResult executionId="13cbdc84-5f27-4db9-8287-cc7e7e22cfb0" testId="8c5d9d25-e5b8-63c8-9c42-cebb67787fde" testName="Memory_CanSave" computerName="MICHAEL-PC" duration="00:00:00.0014946" startTime="2012-06-10T08:18:47.7190000+08:00" endTime="2012-06-10T08:18:47.7250000+08:00" testType="13cdc9d9-ddb5-4fa4-a97d-d965ccfc6d4b" outcome="Passed" testListId="8c84fa94-04c1-424b-9868-57a2d4851a1d" relativeResultsDirectory="13cbdc84-5f27-4db9-8287-cc7e7e22cfb0">
    </UnitTestResult>
    <UnitTestResult executionId="216924da-570a-44d5-8673-08674353ea54" testId="919c9ab6-d8de-ff18-95fc-25bc030735bd" testName="Nh_HasRowVersion" computerName="MICHAEL-PC" duration="00:00:00.0030792" startTime="2012-06-10T08:18:47.7280000+08:00" endTime="2012-06-10T08:18:47.7360000+08:00" testType="13cdc9d9-ddb5-4fa4-a97d-d965ccfc6d4b" outcome="Passed" testListId="8c84fa94-04c1-424b-9868-57a2d4851a1d" relativeResultsDirectory="216924da-570a-44d5-8673-08674353ea54">
    </UnitTestResult>
    <UnitTestResult executionId="1aba7231-b5fa-475b-9f6c-6b13aae368e5" testId="9608206a-383a-828f-299c-2c493d95d886" testName="Memory_CanDetectDeleteConflictingUpdate" computerName="MICHAEL-PC" duration="00:00:00.0006306" startTime="2012-06-10T08:18:47.7400000+08:00" endTime="2012-06-10T08:18:47.7450000+08:00" testType="13cdc9d9-ddb5-4fa4-a97d-d965ccfc6d4b" outcome="Passed" testListId="8c84fa94-04c1-424b-9868-57a2d4851a1d" relativeResultsDirectory="1aba7231-b5fa-475b-9f6c-6b13aae368e5">
    </UnitTestResult>
    <UnitTestResult executionId="a4de4a5f-7ce1-4c75-b09f-247167021745" testId="9ce2ff54-3bea-2c09-7986-c83994c1d685" testName="Ef_CanUpdate" computerName="MICHAEL-PC" duration="00:00:00.0903320" startTime="2012-06-10T08:18:47.7490000+08:00" endTime="2012-06-10T08:18:47.8450000+08:00" testType="13cdc9d9-ddb5-4fa4-a97d-d965ccfc6d4b" outcome="Passed" testListId="8c84fa94-04c1-424b-9868-57a2d4851a1d" relativeResultsDirectory="a4de4a5f-7ce1-4c75-b09f-247167021745">
      <Output>
        <DebugTrace>TestProject.SampleModel.Product:
</DebugTrace>
      </Output>
    </UnitTestResult>
    <UnitTestResult executionId="c9991f2b-32c5-4cb7-8944-ca4314920371" testId="a2256363-4989-1fab-e208-96edc389fe3c" testName="Ef_Can_Orm_do_cascaded_deletions" computerName="MICHAEL-PC" duration="00:00:00.0573534" startTime="2012-06-10T08:18:47.8490000+08:00" endTime="2012-06-10T08:18:47.9120000+08:00" testType="13cdc9d9-ddb5-4fa4-a97d-d965ccfc6d4b" outcome="Passed" testListId="8c84fa94-04c1-424b-9868-57a2d4851a1d" relativeResultsDirectory="c9991f2b-32c5-4cb7-8944-ca4314920371">
    </UnitTestResult>
    <UnitTestResult executionId="98e8128d-e9c2-4aad-b746-a7d377c749e5" testId="a9ed84c2-917f-5ccb-44a7-7e3cea9cd5e0" testName="Ef_Can_Orm_Merge_Can_Create" computerName="MICHAEL-PC" duration="00:00:00.0436922" startTime="2012-06-10T08:18:47.9190000+08:00" endTime="2012-06-10T08:18:47.9660000+08:00" testType="13cdc9d9-ddb5-4fa4-a97d-d965ccfc6d4b" outcome="Passed" testListId="8c84fa94-04c1-424b-9868-57a2d4851a1d" relativeResultsDirectory="98e8128d-e9c2-4aad-b746-a7d377c749e5">
    </UnitTestResult>
    <UnitTestResult executionId="711ff250-d4da-4b92-b648-5b436d3a9d08" testId="b9cbda9a-23ca-3458-8bf7-8aa6598f8754" testName="Nh_Can_Orm_Merge_Can_Update" computerName="MICHAEL-PC" duration="00:00:00.0087931" startTime="2012-06-10T08:18:47.9730000+08:00" endTime="2012-06-10T08:18:47.9860000+08:00" testType="13cdc9d9-ddb5-4fa4-a97d-d965ccfc6d4b" outcome="Passed" testListId="8c84fa94-04c1-424b-9868-57a2d4851a1d" relativeResultsDirectory="711ff250-d4da-4b92-b648-5b436d3a9d08">
    </UnitTestResult>
    <UnitTestResult executionId="080c1395-e495-435e-b539-941616a15cfe" testId="c2e9f01d-6387-7f00-c2a6-71385a796942" testName="Memory_CanSaveHeaderDetail" computerName="MICHAEL-PC" duration="00:00:00.0026047" startTime="2012-06-10T08:18:47.9900000+08:00" endTime="2012-06-10T08:18:47.9970000+08:00" testType="13cdc9d9-ddb5-4fa4-a97d-d965ccfc6d4b" outcome="Passed" testListId="8c84fa94-04c1-424b-9868-57a2d4851a1d" relativeResultsDirectory="080c1395-e495-435e-b539-941616a15cfe">
    </UnitTestResult>
    <UnitTestResult executionId="96a5a12c-f3f2-4a1e-878a-53c7caac135c" testId="c3da4334-35ea-a9c1-5cbf-c1daa7323978" testName="Ef_CanDelete" computerName="MICHAEL-PC" duration="00:00:00.0135703" startTime="2012-06-10T08:18:48.0010000+08:00" endTime="2012-06-10T08:18:48.0190000+08:00" testType="13cdc9d9-ddb5-4fa4-a97d-d965ccfc6d4b" outcome="Passed" testListId="8c84fa94-04c1-424b-9868-57a2d4851a1d" relativeResultsDirectory="96a5a12c-f3f2-4a1e-878a-53c7caac135c">
    </UnitTestResult>
    <UnitTestResult executionId="314c4658-7508-4ec9-a007-fd1a62baa52a" testId="c5220795-75d7-ce76-adb5-6a1d661e1fb0" testName="Memory_CanHaveIncrementingKey" computerName="MICHAEL-PC" duration="00:00:00.0011573" startTime="2012-06-10T08:18:48.0230000+08:00" endTime="2012-06-10T08:18:48.0280000+08:00" testType="13cdc9d9-ddb5-4fa4-a97d-d965ccfc6d4b" outcome="Passed" testListId="8c84fa94-04c1-424b-9868-57a2d4851a1d" relativeResultsDirectory="314c4658-7508-4ec9-a007-fd1a62baa52a">
    </UnitTestResult>
    <UnitTestResult executionId="c53e256a-c794-4c65-afc8-20143c4c58e8" testId="c8cf96fa-83e0-e026-64af-f003abc95103" testName="Fetching_strategies_of_EntityFramework_helper_has_no_problem_on_mocked_IQueryable" computerName="MICHAEL-PC" duration="00:00:00.0019645" startTime="2012-06-10T08:18:48.0320000+08:00" endTime="2012-06-10T08:18:48.0380000+08:00" testType="13cdc9d9-ddb5-4fa4-a97d-d965ccfc6d4b" outcome="Passed" testListId="8c84fa94-04c1-424b-9868-57a2d4851a1d" relativeResultsDirectory="c53e256a-c794-4c65-afc8-20143c4c58e8">
    </UnitTestResult>
    <UnitTestResult executionId="38ba83cb-b397-4366-97d5-27eb0d8837f3" testId="c8ff8ef9-a95a-0779-90f7-6e8188ebefd1" testName="Nh_CanHaveIncrementingKey" computerName="MICHAEL-PC" duration="00:00:00.0038347" startTime="2012-06-10T08:18:48.0420000+08:00" endTime="2012-06-10T08:18:48.0510000+08:00" testType="13cdc9d9-ddb5-4fa4-a97d-d965ccfc6d4b" outcome="Passed" testListId="8c84fa94-04c1-424b-9868-57a2d4851a1d" relativeResultsDirectory="38ba83cb-b397-4366-97d5-27eb0d8837f3">
    </UnitTestResult>
    <UnitTestResult executionId="78ecf3a0-489d-4945-8ef9-6463817d97af" testId="c9750689-b2a7-1965-bbd3-0c2f5eda3fb2" testName="Nh_CanSave" computerName="MICHAEL-PC" duration="00:00:00.0363669" startTime="2012-06-10T08:18:48.0550000+08:00" endTime="2012-06-10T08:18:48.0950000+08:00" testType="13cdc9d9-ddb5-4fa4-a97d-d965ccfc6d4b" outcome="Passed" testListId="8c84fa94-04c1-424b-9868-57a2d4851a1d" relativeResultsDirectory="78ecf3a0-489d-4945-8ef9-6463817d97af">
    </UnitTestResult>
    <UnitTestResult executionId="1e706be8-081c-4e2d-a4e8-942734675e5b" testId="ca3ec696-2df9-55bd-c53c-f732b5c80a68" testName="Ef_CanDetectUpdateConflictingUpdate" computerName="MICHAEL-PC" duration="00:00:00.0155608" startTime="2012-06-10T08:18:48.0990000+08:00" endTime="2012-06-10T08:18:48.1200000+08:00" testType="13cdc9d9-ddb5-4fa4-a97d-d965ccfc6d4b" outcome="Passed" testListId="8c84fa94-04c1-424b-9868-57a2d4851a1d" relativeResultsDirectory="1e706be8-081c-4e2d-a4e8-942734675e5b">
    </UnitTestResult>
    <UnitTestResult executionId="78d5fa97-32f0-4da5-917c-ec58165947cf" testId="cdd1ec05-a33a-edaf-1560-6637f27329d2" testName="Ef_CanDetectUpdateConflictingDelete" computerName="MICHAEL-PC" duration="00:00:00.0103318" startTime="2012-06-10T08:18:48.1240000+08:00" endTime="2012-06-10T08:18:48.1410000+08:00" testType="13cdc9d9-ddb5-4fa4-a97d-d965ccfc6d4b" outcome="Passed" testListId="8c84fa94-04c1-424b-9868-57a2d4851a1d" relativeResultsDirectory="78d5fa97-32f0-4da5-917c-ec58165947cf">
    </UnitTestResult>
    <UnitTestResult executionId="0888dc55-2665-4bda-b4ee-89d2b636bfc2" testId="d14d6d4a-1363-e36e-8cf9-c1c992b9e243" testName="Nh_Can_save_transaction" computerName="MICHAEL-PC" duration="00:00:00.0037806" startTime="2012-06-10T08:18:48.1450000+08:00" endTime="2012-06-10T08:18:48.1530000+08:00" testType="13cdc9d9-ddb5-4fa4-a97d-d965ccfc6d4b" outcome="Passed" testListId="8c84fa94-04c1-424b-9868-57a2d4851a1d" relativeResultsDirectory="0888dc55-2665-4bda-b4ee-89d2b636bfc2">
    </UnitTestResult>
    <UnitTestResult executionId="197204c3-a4c9-4671-8ade-e6cbfc6c1617" testId="d409929f-129a-9686-590d-6472fdfa28e4" testName="Memory_CanDetectDeleteConflictingDelete" computerName="MICHAEL-PC" duration="00:00:00.0006846" startTime="2012-06-10T08:18:48.1610000+08:00" endTime="2012-06-10T08:18:48.1660000+08:00" testType="13cdc9d9-ddb5-4fa4-a97d-d965ccfc6d4b" outcome="Passed" testListId="8c84fa94-04c1-424b-9868-57a2d4851a1d" relativeResultsDirectory="197204c3-a4c9-4671-8ade-e6cbfc6c1617">
    </UnitTestResult>
    <UnitTestResult executionId="08340fa7-e852-4731-b9d8-21b6ef56ca6b" testId="dad118fb-1088-58a3-350a-fc5e47173fa9" testName="Nh_SessionTransaction_cannot_detect_transaction_commitness" computerName="MICHAEL-PC" duration="00:00:00.0018447" startTime="2012-06-10T08:18:48.1720000+08:00" endTime="2012-06-10T08:18:48.1810000+08:00" testType="13cdc9d9-ddb5-4fa4-a97d-d965ccfc6d4b" outcome="Passed" testListId="8c84fa94-04c1-424b-9868-57a2d4851a1d" relativeResultsDirectory="08340fa7-e852-4731-b9d8-21b6ef56ca6b">
    </UnitTestResult>
    <UnitTestResult executionId="029d8bb1-499a-4dd7-9d12-64cdd63a03b7" testId="e392eca5-e91b-ff0f-619e-8a24d0ecbe68" testName="Ef_CanHaveIncrementingKey" computerName="MICHAEL-PC" duration="00:00:00.0064626" startTime="2012-06-10T08:18:48.1850000+08:00" endTime="2012-06-10T08:18:48.1960000+08:00" testType="13cdc9d9-ddb5-4fa4-a97d-d965ccfc6d4b" outcome="Passed" testListId="8c84fa94-04c1-424b-9868-57a2d4851a1d" relativeResultsDirectory="029d8bb1-499a-4dd7-9d12-64cdd63a03b7">
    </UnitTestResult>
    <UnitTestResult executionId="7f6372c3-e69a-4c6d-beea-a9cb1eac6535" testId="e4d36185-e99e-9b3f-8afc-2b7c501afd9a" testName="TestArray" computerName="MICHAEL-PC" duration="00:00:00.0002233" startTime="2012-06-10T08:18:48.2000000+08:00" endTime="2012-06-10T08:18:48.2050000+08:00" testType="13cdc9d9-ddb5-4fa4-a97d-d965ccfc6d4b" outcome="Passed" testListId="8c84fa94-04c1-424b-9868-57a2d4851a1d" relativeResultsDirectory="7f6372c3-e69a-4c6d-beea-a9cb1eac6535">
    </UnitTestResult>
    <UnitTestResult executionId="c3c7850b-836b-4634-b6e2-afcd38aefed2" testId="ecf5b477-cdd8-3508-c195-40a64bc26f00" testName="Ef_CanSaveHeaderDetail" computerName="MICHAEL-PC" duration="00:00:00.0239239" startTime="2012-06-10T08:18:48.2090000+08:00" endTime="2012-06-10T08:18:48.2380000+08:00" testType="13cdc9d9-ddb5-4fa4-a97d-d965ccfc6d4b" outcome="Failed" testListId="8c84fa94-04c1-424b-9868-57a2d4851a1d" relativeResultsDirectory="c3c7850b-836b-4634-b6e2-afcd38aefed2">
      <Output>
        <DebugTrace>TestProject.SampleModel.Product:
</DebugTrace>
        <ErrorInfo>
          <Message>Test method TestProject.TestTheIRepository.Ef_CanSaveHeaderDetail threw exception: 
System.InvalidOperationException: Collection was modified; enumeration operation may not execute.</Message>
          <StackTrace>    at System.ThrowHelper.ThrowInvalidOperationException(ExceptionResource resource)
   at System.Collections.Generic.List`1.Enumerator.MoveNextRare()
   at System.Collections.Generic.List`1.Enumerator.MoveNext()
   at Ienablemuch.ToTheEfnhX.EntityFramework.EfRepository`1.MergeCollection(Object liveParent, IList colLive, Object transientParent, IList colTransient) in C:\Users\Michael\_CODE\Ienablemuch.ToTheEfnhX\Ienablemuch.ToTheEfnhX.EntityFramework\EfRepository.cs:line 485
   at Ienablemuch.ToTheEfnhX.EntityFramework.EfRepository`1.Merge(TEnt ent, Byte[] version) in C:\Users\Michael\_CODE\Ienablemuch.ToTheEfnhX\Ienablemuch.ToTheEfnhX.EntityFramework\EfRepository.cs:line 268
   at TestProject.TestTheIRepository.Common_CanSaveHeaderDetail(IRepository`1 db) in C:\Users\Michael\_CODE\Ienablemuch.ToTheEfnhX\TestProject\TestTheIRepository.cs:line 188
   at TestProject.TestTheIRepository.Ef_CanSaveHeaderDetail() in C:\Users\Michael\_CODE\Ienablemuch.ToTheEfnhX\TestProject\TestTheIRepository.cs:line 133
</StackTrace>
        </ErrorInfo>
      </Output>
    </UnitTestResult>
    <UnitTestResult executionId="f80798a7-0261-4447-9bda-0edff4fab339" testId="ef9db0bb-63c6-f8c2-c180-d50d1ce2ca5b" testName="Ef_Can_rollback_transaction" computerName="MICHAEL-PC" duration="00:00:00.0094142" startTime="2012-06-10T08:18:48.2460000+08:00" endTime="2012-06-10T08:18:48.2600000+08:00" testType="13cdc9d9-ddb5-4fa4-a97d-d965ccfc6d4b" outcome="Passed" testListId="8c84fa94-04c1-424b-9868-57a2d4851a1d" relativeResultsDirectory="f80798a7-0261-4447-9bda-0edff4fab339">
    </UnitTestResult>
    <UnitTestResult executionId="094ea069-2bcb-42dc-85ea-3dd4224daeec" testId="f3b46671-4362-7dc3-90a0-0fcbe80e34d8" testName="Nh_CanDelete" computerName="MICHAEL-PC" duration="00:00:00.0065538" startTime="2012-06-10T08:18:48.2640000+08:00" endTime="2012-06-10T08:18:48.2760000+08:00" testType="13cdc9d9-ddb5-4fa4-a97d-d965ccfc6d4b" outcome="Passed" testListId="8c84fa94-04c1-424b-9868-57a2d4851a1d" relativeResultsDirectory="094ea069-2bcb-42dc-85ea-3dd4224daeec">
    </UnitTestResult>
    <UnitTestResult executionId="b07c9d44-85d9-42f7-a0df-8b5613c6efd7" testId="f473cffe-6acb-bc8c-3c44-48f67f9567de" testName="Ef_Can_save_transaction" computerName="MICHAEL-PC" duration="00:00:00.0069066" startTime="2012-06-10T08:18:48.2800000+08:00" endTime="2012-06-10T08:18:48.2910000+08:00" testType="13cdc9d9-ddb5-4fa4-a97d-d965ccfc6d4b" outcome="Passed" testListId="8c84fa94-04c1-424b-9868-57a2d4851a1d" relativeResultsDirectory="b07c9d44-85d9-42f7-a0df-8b5613c6efd7">
    </UnitTestResult>
    <UnitTestResult executionId="82238299-1b7f-4fc8-8b50-4b07049e9048" testId="f5049a26-85f5-2d61-7d0d-3fe36d498d57" testName="Memory_CanUpdate" computerName="MICHAEL-PC" duration="00:00:00.0004372" startTime="2012-06-10T08:18:48.2950000+08:00" endTime="2012-06-10T08:18:48.3000000+08:00" testType="13cdc9d9-ddb5-4fa4-a97d-d965ccfc6d4b" outcome="Passed" testListId="8c84fa94-04c1-424b-9868-57a2d4851a1d" relativeResultsDirectory="82238299-1b7f-4fc8-8b50-4b07049e9048">
    </UnitTestResult>
    <UnitTestResult executionId="956c24dd-aa12-4e75-9aef-0c077ffe565a" testId="f68ad391-23ca-2766-d2b2-8731589ef39b" testName="Nh_CanSaveHeaderDetail" computerName="MICHAEL-PC" duration="00:00:00.0088362" startTime="2012-06-10T08:18:48.3040000+08:00" endTime="2012-06-10T08:18:48.3180000+08:00" testType="13cdc9d9-ddb5-4fa4-a97d-d965ccfc6d4b" outcome="Passed" testListId="8c84fa94-04c1-424b-9868-57a2d4851a1d" relativeResultsDirectory="956c24dd-aa12-4e75-9aef-0c077ffe565a">
    </UnitTestResult>
    <UnitTestResult executionId="41e78303-42e0-4a57-bf2f-7af5b7080a71" testId="f7d7cfdb-4468-5c56-7540-afe0d55e093a" testName="Can_do_deep_clone" computerName="MICHAEL-PC" duration="00:00:00.0050251" startTime="2012-06-10T08:18:48.3220000+08:00" endTime="2012-06-10T08:18:48.3320000+08:00" testType="13cdc9d9-ddb5-4fa4-a97d-d965ccfc6d4b" outcome="Passed" testListId="8c84fa94-04c1-424b-9868-57a2d4851a1d" relativeResultsDirectory="41e78303-42e0-4a57-bf2f-7af5b7080a71">
    </UnitTestResult>
    <UnitTestResult executionId="0e37b862-5b18-45b3-995a-6763a89c7138" testId="ffcba511-cdf9-ce52-fd62-900fe7820ecc" testName="Ef_Can_queue_changes" computerName="MICHAEL-PC" duration="00:00:00.0144675" startTime="2012-06-10T08:18:48.3350000+08:00" endTime="2012-06-10T08:18:48.3540000+08:00" testType="13cdc9d9-ddb5-4fa4-a97d-d965ccfc6d4b" outcome="Passed" testListId="8c84fa94-04c1-424b-9868-57a2d4851a1d" relativeResultsDirectory="0e37b862-5b18-45b3-995a-6763a89c7138">
    </UnitTestResult>
  </Results>
</TestRun>