<?xml version="1.0" encoding="UTF-8"?>
<TestRun id="00c9ae8d-bced-4347-b71c-ec2089e30325" name="Michael@MICHAEL-PC 2012-06-03 10:13:50" runUser="Michael-PC\Michael" xmlns="http://microsoft.com/schemas/VisualStudio/TeamTest/2010">
  <TestSettings name="Local" id="7d9e14f4-f525-48ee-bea8-a34d9f4cc18d">
    <Description>These are default test settings for a local test run.</Description>
    <Deployment enabled="false" runDeploymentRoot="Michael_MICHAEL-PC 2012-06-03 10_13_50">
      <DeploymentItem filename="C:\Users\Michael\_CODE\Ienablemuch.ToTheEfnhX\Ienablemuch.ToTheEfnhX.Memory\bin\Release\Ienablemuch.ToTheEfnhX.Memory.dll" />
      <DeploymentItem filename="C:\Users\Michael\_CODE\Ienablemuch.ToTheEfnhX\packages\FluentNHibernate.1.3.0.717\lib\FluentNHibernate.dll" />
      <DeploymentItem filename="C:\Users\Michael\_CODE\Ienablemuch.ToTheEfnhX\packages\Iesi.Collections.3.2.0.4000\lib\Net35\Iesi.Collections.dll" />
      <DeploymentItem filename="C:\Users\Michael\_CODE\Ienablemuch.ToTheEfnhX\Ienablemuch.ToTheEfnhx.CommonExtensions\bin\Release\Ienablemuch.ToTheEfnhx.CommonExtensions.dll" />
      <DeploymentItem filename="C:\Users\Michael\_CODE\Ienablemuch.ToTheEfnhX\packages\NHibernate.3.3.0.4000\lib\Net35\NHibernate.dll" />
      <DeploymentItem filename="C:\Users\Michael\_CODE\Ienablemuch.ToTheEfnhX\packages\EntityFramework.4.3.1\lib\net40\EntityFramework.dll" />
      <DeploymentItem filename="C:\Users\Michael\_CODE\Ienablemuch.ToTheEfnhX\Ienablemuch.ToTheEfnhX.NHibernate\bin\Release\Ienablemuch.ToTheEfnhX.NHibernate.dll" />
      <DeploymentItem filename="C:\Users\Michael\_CODE\Ienablemuch.ToTheEfnhX\Ienablemuch.ToTheEfnhX.EntityFramework\bin\Release\Ienablemuch.ToTheEfnhX.EntityFramework.dll" />
      <DeploymentItem filename="C:\Users\Michael\_CODE\Ienablemuch.ToTheEfnhX\ToTheEfnhX\bin\Release\Ienablemuch.ToTheEfnhX.dll" />
    </Deployment>
    <Execution>
      <TestTypeSpecific />
      <AgentRule name="Execution Agents">
      </AgentRule>
    </Execution>
  </TestSettings>
  <Times creation="2012-06-03T10:13:50.2920000+08:00" queuing="2012-06-03T10:13:50.3610000+08:00" start="2012-06-03T10:13:50.4670000+08:00" finish="2012-06-03T10:13:54.5360000+08:00" />
  <ResultSummary outcome="Failed">
    <Counters total="52" executed="52" passed="28" error="0" failed="24" timeout="0" aborted="0" inconclusive="0" passedButRunAborted="0" notRunnable="0" notExecuted="0" disconnected="0" warning="0" completed="0" inProgress="0" pending="0" />
  </ResultSummary>
  <TestDefinitions>
    <UnitTest name="Nh_CanHaveIncrementingKey" storage="c:\users\michael\_code\ienablemuch.totheefnhx\testproject\bin\release\testproject.dll" id="c8ff8ef9-a95a-0779-90f7-6e8188ebefd1">
      <Execution id="fe448177-ca3e-45f5-834a-90466ed591b4" />
      <TestMethod codeBase="C:/Users/Michael/_CODE/Ienablemuch.ToTheEfnhX/TestProject/bin/Release/TestProject.DLL" adapterTypeName="Microsoft.VisualStudio.TestTools.TestTypes.Unit.UnitTestAdapter, Microsoft.VisualStudio.QualityTools.Tips.UnitTest.Adapter, Version=10.0.0.0, Culture=neutral, PublicKeyToken=b03f5f7f11d50a3a" className="TestProject.TestTheIRepository, TestProject, Version=1.0.0.0, Culture=neutral, PublicKeyToken=null" name="Nh_CanHaveIncrementingKey" />
    </UnitTest>
    <UnitTest name="Nh_SessionTransaction_can_detect_its_own_transaction_commitness_only" storage="c:\users\michael\_code\ienablemuch.totheefnhx\testproject\bin\release\testproject.dll" id="83330a72-51da-0d0d-d2b2-826b2f6cfd00">
      <Execution id="e781b7f1-a34e-4016-b46e-6b4237135c56" />
      <TestMethod codeBase="C:/Users/Michael/_CODE/Ienablemuch.ToTheEfnhX/TestProject/bin/Release/TestProject.DLL" adapterTypeName="Microsoft.VisualStudio.TestTools.TestTypes.Unit.UnitTestAdapter, Microsoft.VisualStudio.QualityTools.Tips.UnitTest.Adapter, Version=10.0.0.0, Culture=neutral, PublicKeyToken=b03f5f7f11d50a3a" className="TestProject.TestTheIRepository, TestProject, Version=1.0.0.0, Culture=neutral, PublicKeyToken=null" name="Nh_SessionTransaction_can_detect_its_own_transaction_commitness_only" />
    </UnitTest>
    <UnitTest name="Nh_CanDetectUpdateConflictingDelete" storage="c:\users\michael\_code\ienablemuch.totheefnhx\testproject\bin\release\testproject.dll" id="5d13769c-6ed9-df33-8e6d-b0cc79c073f2">
      <Execution id="e34db112-af4d-41fe-9df2-8762fa1476f1" />
      <TestMethod codeBase="C:/Users/Michael/_CODE/Ienablemuch.ToTheEfnhX/TestProject/bin/Release/TestProject.DLL" adapterTypeName="Microsoft.VisualStudio.TestTools.TestTypes.Unit.UnitTestAdapter, Microsoft.VisualStudio.QualityTools.Tips.UnitTest.Adapter, Version=10.0.0.0, Culture=neutral, PublicKeyToken=b03f5f7f11d50a3a" className="TestProject.TestTheIRepository, TestProject, Version=1.0.0.0, Culture=neutral, PublicKeyToken=null" name="Nh_CanDetectUpdateConflictingDelete" />
    </UnitTest>
    <UnitTest name="Nh_Can_Orm_Merge_Can_Create" storage="c:\users\michael\_code\ienablemuch.totheefnhx\testproject\bin\release\testproject.dll" id="8af4731e-1204-41e4-f479-73db6099844b">
      <Execution id="65ca79ef-a0ba-4f1e-855d-50796ba962a3" />
      <TestMethod codeBase="C:/Users/Michael/_CODE/Ienablemuch.ToTheEfnhX/TestProject/bin/Release/TestProject.DLL" adapterTypeName="Microsoft.VisualStudio.TestTools.TestTypes.Unit.UnitTestAdapter, Microsoft.VisualStudio.QualityTools.Tips.UnitTest.Adapter, Version=10.0.0.0, Culture=neutral, PublicKeyToken=b03f5f7f11d50a3a" className="TestProject.TestTheIRepository, TestProject, Version=1.0.0.0, Culture=neutral, PublicKeyToken=null" name="Nh_Can_Orm_Merge_Can_Create" />
    </UnitTest>
    <UnitTest name="Nh_Can_Orm_do_cascaded_deletions" storage="c:\users\michael\_code\ienablemuch.totheefnhx\testproject\bin\release\testproject.dll" id="170c0ff1-28bc-09a2-839b-5ab24853aea8">
      <Execution id="00f840c9-8ddd-4387-92fb-ca6ea9cee704" />
      <TestMethod codeBase="C:/Users/Michael/_CODE/Ienablemuch.ToTheEfnhX/TestProject/bin/Release/TestProject.DLL" adapterTypeName="Microsoft.VisualStudio.TestTools.TestTypes.Unit.UnitTestAdapter, Microsoft.VisualStudio.QualityTools.Tips.UnitTest.Adapter, Version=10.0.0.0, Culture=neutral, PublicKeyToken=b03f5f7f11d50a3a" className="TestProject.TestTheIRepository, TestProject, Version=1.0.0.0, Culture=neutral, PublicKeyToken=null" name="Nh_Can_Orm_do_cascaded_deletions" />
    </UnitTest>
    <UnitTest name="Saving_is_ok" storage="c:\users\michael\_code\ienablemuch.totheefnhx\testproject\bin\release\testproject.dll" id="5b9ac5c8-7814-fd36-cd57-f0de0de0fae7">
      <Execution id="5739ea39-229c-4e73-a054-b1dda841f2ba" />
      <TestMethod codeBase="C:/Users/Michael/_CODE/Ienablemuch.ToTheEfnhX/TestProject/bin/Release/TestProject.DLL" adapterTypeName="Microsoft.VisualStudio.TestTools.TestTypes.Unit.UnitTestAdapter, Microsoft.VisualStudio.QualityTools.Tips.UnitTest.Adapter, Version=10.0.0.0, Culture=neutral, PublicKeyToken=b03f5f7f11d50a3a" className="TestProject.TestTheIRepository, TestProject, Version=1.0.0.0, Culture=neutral, PublicKeyToken=null" name="Saving_is_ok" />
    </UnitTest>
    <UnitTest name="Fetching_strategies_of_NHibernate_helper_has_no_problem_on_mocked_IQueryable" storage="c:\users\michael\_code\ienablemuch.totheefnhx\testproject\bin\release\testproject.dll" id="24f780e7-822d-62ed-f13e-e2daddc611e1">
      <Execution id="6c9cfb13-3dbb-4cc9-9317-2590992c6071" />
      <TestMethod codeBase="C:/Users/Michael/_CODE/Ienablemuch.ToTheEfnhX/TestProject/bin/Release/TestProject.DLL" adapterTypeName="Microsoft.VisualStudio.TestTools.TestTypes.Unit.UnitTestAdapter, Microsoft.VisualStudio.QualityTools.Tips.UnitTest.Adapter, Version=10.0.0.0, Culture=neutral, PublicKeyToken=b03f5f7f11d50a3a" className="TestProject.TestTheIRepository, TestProject, Version=1.0.0.0, Culture=neutral, PublicKeyToken=null" name="Fetching_strategies_of_NHibernate_helper_has_no_problem_on_mocked_IQueryable" />
    </UnitTest>
    <UnitTest name="Ef_CanDetectUpdateConflictingUpdate" storage="c:\users\michael\_code\ienablemuch.totheefnhx\testproject\bin\release\testproject.dll" id="ca3ec696-2df9-55bd-c53c-f732b5c80a68">
      <Execution id="9dde2e8d-b861-42eb-88a5-e82f23672635" />
      <TestMethod codeBase="C:/Users/Michael/_CODE/Ienablemuch.ToTheEfnhX/TestProject/bin/Release/TestProject.DLL" adapterTypeName="Microsoft.VisualStudio.TestTools.TestTypes.Unit.UnitTestAdapter, Microsoft.VisualStudio.QualityTools.Tips.UnitTest.Adapter, Version=10.0.0.0, Culture=neutral, PublicKeyToken=b03f5f7f11d50a3a" className="TestProject.TestTheIRepository, TestProject, Version=1.0.0.0, Culture=neutral, PublicKeyToken=null" name="Ef_CanDetectUpdateConflictingUpdate" />
    </UnitTest>
    <UnitTest name="Nh_CanUpdate" storage="c:\users\michael\_code\ienablemuch.totheefnhx\testproject\bin\release\testproject.dll" id="63d9977f-78b2-ba78-f19b-1e84d68eabe8">
      <Execution id="daae13af-4f5e-443e-87ae-7c57a9f8ecdf" />
      <TestMethod codeBase="C:/Users/Michael/_CODE/Ienablemuch.ToTheEfnhX/TestProject/bin/Release/TestProject.DLL" adapterTypeName="Microsoft.VisualStudio.TestTools.TestTypes.Unit.UnitTestAdapter, Microsoft.VisualStudio.QualityTools.Tips.UnitTest.Adapter, Version=10.0.0.0, Culture=neutral, PublicKeyToken=b03f5f7f11d50a3a" className="TestProject.TestTheIRepository, TestProject, Version=1.0.0.0, Culture=neutral, PublicKeyToken=null" name="Nh_CanUpdate" />
    </UnitTest>
    <UnitTest name="Memory_CanUpdate" storage="c:\users\michael\_code\ienablemuch.totheefnhx\testproject\bin\release\testproject.dll" id="f5049a26-85f5-2d61-7d0d-3fe36d498d57">
      <Execution id="5f7dc888-448d-4b04-9ec8-37821784b483" />
      <TestMethod codeBase="C:/Users/Michael/_CODE/Ienablemuch.ToTheEfnhX/TestProject/bin/Release/TestProject.DLL" adapterTypeName="Microsoft.VisualStudio.TestTools.TestTypes.Unit.UnitTestAdapter, Microsoft.VisualStudio.QualityTools.Tips.UnitTest.Adapter, Version=10.0.0.0, Culture=neutral, PublicKeyToken=b03f5f7f11d50a3a" className="TestProject.TestTheIRepository, TestProject, Version=1.0.0.0, Culture=neutral, PublicKeyToken=null" name="Memory_CanUpdate" />
    </UnitTest>
    <UnitTest name="Ef_CanDetectDeleteConflictingDelete" storage="c:\users\michael\_code\ienablemuch.totheefnhx\testproject\bin\release\testproject.dll" id="4bb22a57-9102-06ea-257b-caae673d46d7">
      <Execution id="cecd2ef8-42e7-490e-9807-11673ebd3a5d" />
      <TestMethod codeBase="C:/Users/Michael/_CODE/Ienablemuch.ToTheEfnhX/TestProject/bin/Release/TestProject.DLL" adapterTypeName="Microsoft.VisualStudio.TestTools.TestTypes.Unit.UnitTestAdapter, Microsoft.VisualStudio.QualityTools.Tips.UnitTest.Adapter, Version=10.0.0.0, Culture=neutral, PublicKeyToken=b03f5f7f11d50a3a" className="TestProject.TestTheIRepository, TestProject, Version=1.0.0.0, Culture=neutral, PublicKeyToken=null" name="Ef_CanDetectDeleteConflictingDelete" />
    </UnitTest>
    <UnitTest name="Ef_Can_save_transaction" storage="c:\users\michael\_code\ienablemuch.totheefnhx\testproject\bin\release\testproject.dll" id="f473cffe-6acb-bc8c-3c44-48f67f9567de">
      <Execution id="8300c036-6369-47d3-8a2d-73af07b1249e" />
      <TestMethod codeBase="C:/Users/Michael/_CODE/Ienablemuch.ToTheEfnhX/TestProject/bin/Release/TestProject.DLL" adapterTypeName="Microsoft.VisualStudio.TestTools.TestTypes.Unit.UnitTestAdapter, Microsoft.VisualStudio.QualityTools.Tips.UnitTest.Adapter, Version=10.0.0.0, Culture=neutral, PublicKeyToken=b03f5f7f11d50a3a" className="TestProject.TestTheIRepository, TestProject, Version=1.0.0.0, Culture=neutral, PublicKeyToken=null" name="Ef_Can_save_transaction" />
    </UnitTest>
    <UnitTest name="Memory_CanDetectDeleteConflictingDelete" storage="c:\users\michael\_code\ienablemuch.totheefnhx\testproject\bin\release\testproject.dll" id="d409929f-129a-9686-590d-6472fdfa28e4">
      <Execution id="9fc65f10-0a25-4b79-a51b-daf176899c3e" />
      <TestMethod codeBase="C:/Users/Michael/_CODE/Ienablemuch.ToTheEfnhX/TestProject/bin/Release/TestProject.DLL" adapterTypeName="Microsoft.VisualStudio.TestTools.TestTypes.Unit.UnitTestAdapter, Microsoft.VisualStudio.QualityTools.Tips.UnitTest.Adapter, Version=10.0.0.0, Culture=neutral, PublicKeyToken=b03f5f7f11d50a3a" className="TestProject.TestTheIRepository, TestProject, Version=1.0.0.0, Culture=neutral, PublicKeyToken=null" name="Memory_CanDetectDeleteConflictingDelete" />
    </UnitTest>
    <UnitTest name="TestArray" storage="c:\users\michael\_code\ienablemuch.totheefnhx\testproject\bin\release\testproject.dll" id="e4d36185-e99e-9b3f-8afc-2b7c501afd9a">
      <Execution id="f1d7c318-2f7b-42b6-97fb-9f1bfd14b5c5" />
      <TestMethod codeBase="C:/Users/Michael/_CODE/Ienablemuch.ToTheEfnhX/TestProject/bin/Release/TestProject.DLL" adapterTypeName="Microsoft.VisualStudio.TestTools.TestTypes.Unit.UnitTestAdapter, Microsoft.VisualStudio.QualityTools.Tips.UnitTest.Adapter, Version=10.0.0.0, Culture=neutral, PublicKeyToken=b03f5f7f11d50a3a" className="TestProject.TestTheIRepository, TestProject, Version=1.0.0.0, Culture=neutral, PublicKeyToken=null" name="TestArray" />
    </UnitTest>
    <UnitTest name="Ef_CanDetectUpdateConflictingDelete" storage="c:\users\michael\_code\ienablemuch.totheefnhx\testproject\bin\release\testproject.dll" id="cdd1ec05-a33a-edaf-1560-6637f27329d2">
      <Execution id="bb1ded96-cb8e-447c-b8d4-4c377b8150b5" />
      <TestMethod codeBase="C:/Users/Michael/_CODE/Ienablemuch.ToTheEfnhX/TestProject/bin/Release/TestProject.DLL" adapterTypeName="Microsoft.VisualStudio.TestTools.TestTypes.Unit.UnitTestAdapter, Microsoft.VisualStudio.QualityTools.Tips.UnitTest.Adapter, Version=10.0.0.0, Culture=neutral, PublicKeyToken=b03f5f7f11d50a3a" className="TestProject.TestTheIRepository, TestProject, Version=1.0.0.0, Culture=neutral, PublicKeyToken=null" name="Ef_CanDetectUpdateConflictingDelete" />
    </UnitTest>
    <UnitTest name="Nh_SessionTransaction_cannot_detect_transaction_commitness" storage="c:\users\michael\_code\ienablemuch.totheefnhx\testproject\bin\release\testproject.dll" id="dad118fb-1088-58a3-350a-fc5e47173fa9">
      <Execution id="94aa94af-7c61-487f-8c13-72ba9e122735" />
      <TestMethod codeBase="C:/Users/Michael/_CODE/Ienablemuch.ToTheEfnhX/TestProject/bin/Release/TestProject.DLL" adapterTypeName="Microsoft.VisualStudio.TestTools.TestTypes.Unit.UnitTestAdapter, Microsoft.VisualStudio.QualityTools.Tips.UnitTest.Adapter, Version=10.0.0.0, Culture=neutral, PublicKeyToken=b03f5f7f11d50a3a" className="TestProject.TestTheIRepository, TestProject, Version=1.0.0.0, Culture=neutral, PublicKeyToken=null" name="Nh_SessionTransaction_cannot_detect_transaction_commitness" />
    </UnitTest>
    <UnitTest name="Ef_Can_Orm_Merge_Can_Create" storage="c:\users\michael\_code\ienablemuch.totheefnhx\testproject\bin\release\testproject.dll" id="a9ed84c2-917f-5ccb-44a7-7e3cea9cd5e0">
      <Execution id="31b70400-5681-41fa-b419-c8f915e813ba" />
      <TestMethod codeBase="C:/Users/Michael/_CODE/Ienablemuch.ToTheEfnhX/TestProject/bin/Release/TestProject.DLL" adapterTypeName="Microsoft.VisualStudio.TestTools.TestTypes.Unit.UnitTestAdapter, Microsoft.VisualStudio.QualityTools.Tips.UnitTest.Adapter, Version=10.0.0.0, Culture=neutral, PublicKeyToken=b03f5f7f11d50a3a" className="TestProject.TestTheIRepository, TestProject, Version=1.0.0.0, Culture=neutral, PublicKeyToken=null" name="Ef_Can_Orm_Merge_Can_Create" />
    </UnitTest>
    <UnitTest name="Nh_Can_Orm_Merge_Can_Update" storage="c:\users\michael\_code\ienablemuch.totheefnhx\testproject\bin\release\testproject.dll" id="b9cbda9a-23ca-3458-8bf7-8aa6598f8754">
      <Execution id="8a58ad4e-38fa-4438-b60b-986a9a1872fa" />
      <TestMethod codeBase="C:/Users/Michael/_CODE/Ienablemuch.ToTheEfnhX/TestProject/bin/Release/TestProject.DLL" adapterTypeName="Microsoft.VisualStudio.TestTools.TestTypes.Unit.UnitTestAdapter, Microsoft.VisualStudio.QualityTools.Tips.UnitTest.Adapter, Version=10.0.0.0, Culture=neutral, PublicKeyToken=b03f5f7f11d50a3a" className="TestProject.TestTheIRepository, TestProject, Version=1.0.0.0, Culture=neutral, PublicKeyToken=null" name="Nh_Can_Orm_Merge_Can_Update" />
    </UnitTest>
    <UnitTest name="Memory_CanSaveHeaderDetail" storage="c:\users\michael\_code\ienablemuch.totheefnhx\testproject\bin\release\testproject.dll" id="c2e9f01d-6387-7f00-c2a6-71385a796942">
      <Execution id="7eba3519-3da5-4c5a-b3e6-ee1f4e69f3a2" />
      <TestMethod codeBase="C:/Users/Michael/_CODE/Ienablemuch.ToTheEfnhX/TestProject/bin/Release/TestProject.DLL" adapterTypeName="Microsoft.VisualStudio.TestTools.TestTypes.Unit.UnitTestAdapter, Microsoft.VisualStudio.QualityTools.Tips.UnitTest.Adapter, Version=10.0.0.0, Culture=neutral, PublicKeyToken=b03f5f7f11d50a3a" className="TestProject.TestTheIRepository, TestProject, Version=1.0.0.0, Culture=neutral, PublicKeyToken=null" name="Memory_CanSaveHeaderDetail" />
    </UnitTest>
    <UnitTest name="Ef_CanSave" storage="c:\users\michael\_code\ienablemuch.totheefnhx\testproject\bin\release\testproject.dll" id="6a52032d-db59-8802-47db-20699e8ef053">
      <Execution id="032d37df-9b2e-4d03-bcd2-1ad861cb24fb" />
      <TestMethod codeBase="C:/Users/Michael/_CODE/Ienablemuch.ToTheEfnhX/TestProject/bin/Release/TestProject.DLL" adapterTypeName="Microsoft.VisualStudio.TestTools.TestTypes.Unit.UnitTestAdapter, Microsoft.VisualStudio.QualityTools.Tips.UnitTest.Adapter, Version=10.0.0.0, Culture=neutral, PublicKeyToken=b03f5f7f11d50a3a" className="TestProject.TestTheIRepository, TestProject, Version=1.0.0.0, Culture=neutral, PublicKeyToken=null" name="Ef_CanSave" />
    </UnitTest>
    <UnitTest name="Ef_HasRowVersion" storage="c:\users\michael\_code\ienablemuch.totheefnhx\testproject\bin\release\testproject.dll" id="86150143-fb0b-c807-6c85-448e509331e0">
      <Execution id="bdd1e6c5-55dc-4869-b5b2-45d835b3115b" />
      <TestMethod codeBase="C:/Users/Michael/_CODE/Ienablemuch.ToTheEfnhX/TestProject/bin/Release/TestProject.DLL" adapterTypeName="Microsoft.VisualStudio.TestTools.TestTypes.Unit.UnitTestAdapter, Microsoft.VisualStudio.QualityTools.Tips.UnitTest.Adapter, Version=10.0.0.0, Culture=neutral, PublicKeyToken=b03f5f7f11d50a3a" className="TestProject.TestTheIRepository, TestProject, Version=1.0.0.0, Culture=neutral, PublicKeyToken=null" name="Ef_HasRowVersion" />
    </UnitTest>
    <UnitTest name="Ef_CanUpdate" storage="c:\users\michael\_code\ienablemuch.totheefnhx\testproject\bin\release\testproject.dll" id="9ce2ff54-3bea-2c09-7986-c83994c1d685">
      <Execution id="ef2eb646-b380-4eac-98ad-d67af56b763f" />
      <TestMethod codeBase="C:/Users/Michael/_CODE/Ienablemuch.ToTheEfnhX/TestProject/bin/Release/TestProject.DLL" adapterTypeName="Microsoft.VisualStudio.TestTools.TestTypes.Unit.UnitTestAdapter, Microsoft.VisualStudio.QualityTools.Tips.UnitTest.Adapter, Version=10.0.0.0, Culture=neutral, PublicKeyToken=b03f5f7f11d50a3a" className="TestProject.TestTheIRepository, TestProject, Version=1.0.0.0, Culture=neutral, PublicKeyToken=null" name="Ef_CanUpdate" />
    </UnitTest>
    <UnitTest name="Nh_CanDetectDeleteConflictingUpdate" storage="c:\users\michael\_code\ienablemuch.totheefnhx\testproject\bin\release\testproject.dll" id="467d17f0-5ec4-24a5-9089-e15ef18964f7">
      <Execution id="5a7227ab-cb10-4bf1-80f3-8dc077768783" />
      <TestMethod codeBase="C:/Users/Michael/_CODE/Ienablemuch.ToTheEfnhX/TestProject/bin/Release/TestProject.DLL" adapterTypeName="Microsoft.VisualStudio.TestTools.TestTypes.Unit.UnitTestAdapter, Microsoft.VisualStudio.QualityTools.Tips.UnitTest.Adapter, Version=10.0.0.0, Culture=neutral, PublicKeyToken=b03f5f7f11d50a3a" className="TestProject.TestTheIRepository, TestProject, Version=1.0.0.0, Culture=neutral, PublicKeyToken=null" name="Nh_CanDetectDeleteConflictingUpdate" />
    </UnitTest>
    <UnitTest name="Nh_HasRowVersion" storage="c:\users\michael\_code\ienablemuch.totheefnhx\testproject\bin\release\testproject.dll" id="919c9ab6-d8de-ff18-95fc-25bc030735bd">
      <Execution id="cce719c7-1462-4420-a3db-7672d911025c" />
      <TestMethod codeBase="C:/Users/Michael/_CODE/Ienablemuch.ToTheEfnhX/TestProject/bin/Release/TestProject.DLL" adapterTypeName="Microsoft.VisualStudio.TestTools.TestTypes.Unit.UnitTestAdapter, Microsoft.VisualStudio.QualityTools.Tips.UnitTest.Adapter, Version=10.0.0.0, Culture=neutral, PublicKeyToken=b03f5f7f11d50a3a" className="TestProject.TestTheIRepository, TestProject, Version=1.0.0.0, Culture=neutral, PublicKeyToken=null" name="Nh_HasRowVersion" />
    </UnitTest>
    <UnitTest name="Ef_Can_Orm_do_cascaded_deletions" storage="c:\users\michael\_code\ienablemuch.totheefnhx\testproject\bin\release\testproject.dll" id="a2256363-4989-1fab-e208-96edc389fe3c">
      <Execution id="0ac3f69e-d88a-4123-a02a-96fca4da3cbc" />
      <TestMethod codeBase="C:/Users/Michael/_CODE/Ienablemuch.ToTheEfnhX/TestProject/bin/Release/TestProject.DLL" adapterTypeName="Microsoft.VisualStudio.TestTools.TestTypes.Unit.UnitTestAdapter, Microsoft.VisualStudio.QualityTools.Tips.UnitTest.Adapter, Version=10.0.0.0, Culture=neutral, PublicKeyToken=b03f5f7f11d50a3a" className="TestProject.TestTheIRepository, TestProject, Version=1.0.0.0, Culture=neutral, PublicKeyToken=null" name="Ef_Can_Orm_do_cascaded_deletions" />
    </UnitTest>
    <UnitTest name="Memory_CanSaveTransaction" storage="c:\users\michael\_code\ienablemuch.totheefnhx\testproject\bin\release\testproject.dll" id="6b805790-9c4f-2071-6e55-fbbb337c0021">
      <Execution id="d977d9b6-bad2-48a0-b0ec-c0220f3f85c5" />
      <TestMethod codeBase="C:/Users/Michael/_CODE/Ienablemuch.ToTheEfnhX/TestProject/bin/Release/TestProject.DLL" adapterTypeName="Microsoft.VisualStudio.TestTools.TestTypes.Unit.UnitTestAdapter, Microsoft.VisualStudio.QualityTools.Tips.UnitTest.Adapter, Version=10.0.0.0, Culture=neutral, PublicKeyToken=b03f5f7f11d50a3a" className="TestProject.TestTheIRepository, TestProject, Version=1.0.0.0, Culture=neutral, PublicKeyToken=null" name="Memory_CanSaveTransaction" />
    </UnitTest>
    <UnitTest name="Ef_Can_Orm_Merge_Can_Update" storage="c:\users\michael\_code\ienablemuch.totheefnhx\testproject\bin\release\testproject.dll" id="3a1e9fe6-a4ce-9adb-c086-11052cee98b6">
      <Execution id="9b83bc88-cb8b-4e42-a231-4b79cf691773" />
      <TestMethod codeBase="C:/Users/Michael/_CODE/Ienablemuch.ToTheEfnhX/TestProject/bin/Release/TestProject.DLL" adapterTypeName="Microsoft.VisualStudio.TestTools.TestTypes.Unit.UnitTestAdapter, Microsoft.VisualStudio.QualityTools.Tips.UnitTest.Adapter, Version=10.0.0.0, Culture=neutral, PublicKeyToken=b03f5f7f11d50a3a" className="TestProject.TestTheIRepository, TestProject, Version=1.0.0.0, Culture=neutral, PublicKeyToken=null" name="Ef_Can_Orm_Merge_Can_Update" />
    </UnitTest>
    <UnitTest name="Ef_CanDelete" storage="c:\users\michael\_code\ienablemuch.totheefnhx\testproject\bin\release\testproject.dll" id="c3da4334-35ea-a9c1-5cbf-c1daa7323978">
      <Execution id="8b472764-67d2-470e-8144-a0ee2b947488" />
      <TestMethod codeBase="C:/Users/Michael/_CODE/Ienablemuch.ToTheEfnhX/TestProject/bin/Release/TestProject.DLL" adapterTypeName="Microsoft.VisualStudio.TestTools.TestTypes.Unit.UnitTestAdapter, Microsoft.VisualStudio.QualityTools.Tips.UnitTest.Adapter, Version=10.0.0.0, Culture=neutral, PublicKeyToken=b03f5f7f11d50a3a" className="TestProject.TestTheIRepository, TestProject, Version=1.0.0.0, Culture=neutral, PublicKeyToken=null" name="Ef_CanDelete" />
    </UnitTest>
    <UnitTest name="Ef_Can_queue_changes" storage="c:\users\michael\_code\ienablemuch.totheefnhx\testproject\bin\release\testproject.dll" id="ffcba511-cdf9-ce52-fd62-900fe7820ecc">
      <Execution id="ca4cd3ba-8104-4eaf-a7eb-37a9ae9f4673" />
      <TestMethod codeBase="C:/Users/Michael/_CODE/Ienablemuch.ToTheEfnhX/TestProject/bin/Release/TestProject.DLL" adapterTypeName="Microsoft.VisualStudio.TestTools.TestTypes.Unit.UnitTestAdapter, Microsoft.VisualStudio.QualityTools.Tips.UnitTest.Adapter, Version=10.0.0.0, Culture=neutral, PublicKeyToken=b03f5f7f11d50a3a" className="TestProject.TestTheIRepository, TestProject, Version=1.0.0.0, Culture=neutral, PublicKeyToken=null" name="Ef_Can_queue_changes" />
    </UnitTest>
    <UnitTest name="Fetching_strategies_of_EntityFramework_helper_has_no_problem_on_mocked_IQueryable" storage="c:\users\michael\_code\ienablemuch.totheefnhx\testproject\bin\release\testproject.dll" id="c8cf96fa-83e0-e026-64af-f003abc95103">
      <Execution id="fb7f542a-3b95-4813-969b-085c72424559" />
      <TestMethod codeBase="C:/Users/Michael/_CODE/Ienablemuch.ToTheEfnhX/TestProject/bin/Release/TestProject.DLL" adapterTypeName="Microsoft.VisualStudio.TestTools.TestTypes.Unit.UnitTestAdapter, Microsoft.VisualStudio.QualityTools.Tips.UnitTest.Adapter, Version=10.0.0.0, Culture=neutral, PublicKeyToken=b03f5f7f11d50a3a" className="TestProject.TestTheIRepository, TestProject, Version=1.0.0.0, Culture=neutral, PublicKeyToken=null" name="Fetching_strategies_of_EntityFramework_helper_has_no_problem_on_mocked_IQueryable" />
    </UnitTest>
    <UnitTest name="Memory_CanDetectUpdateConflictingDelete" storage="c:\users\michael\_code\ienablemuch.totheefnhx\testproject\bin\release\testproject.dll" id="314cd11d-882d-0d0a-f196-b0f474ca8700">
      <Execution id="cfed3db8-7936-4fb3-89e7-b6e233e97fe7" />
      <TestMethod codeBase="C:/Users/Michael/_CODE/Ienablemuch.ToTheEfnhX/TestProject/bin/Release/TestProject.DLL" adapterTypeName="Microsoft.VisualStudio.TestTools.TestTypes.Unit.UnitTestAdapter, Microsoft.VisualStudio.QualityTools.Tips.UnitTest.Adapter, Version=10.0.0.0, Culture=neutral, PublicKeyToken=b03f5f7f11d50a3a" className="TestProject.TestTheIRepository, TestProject, Version=1.0.0.0, Culture=neutral, PublicKeyToken=null" name="Memory_CanDetectUpdateConflictingDelete" />
    </UnitTest>
    <UnitTest name="Nh_Can_queue_changes" storage="c:\users\michael\_code\ienablemuch.totheefnhx\testproject\bin\release\testproject.dll" id="8ae0b4b0-ccc4-fc93-736a-72af24764f70">
      <Execution id="8dc0de0c-85a2-4d69-9681-92f1441cb440" />
      <TestMethod codeBase="C:/Users/Michael/_CODE/Ienablemuch.ToTheEfnhX/TestProject/bin/Release/TestProject.DLL" adapterTypeName="Microsoft.VisualStudio.TestTools.TestTypes.Unit.UnitTestAdapter, Microsoft.VisualStudio.QualityTools.Tips.UnitTest.Adapter, Version=10.0.0.0, Culture=neutral, PublicKeyToken=b03f5f7f11d50a3a" className="TestProject.TestTheIRepository, TestProject, Version=1.0.0.0, Culture=neutral, PublicKeyToken=null" name="Nh_Can_queue_changes" />
    </UnitTest>
    <UnitTest name="Nh_Can_Detect_Transaction_From_Session_Begin_Transaction" storage="c:\users\michael\_code\ienablemuch.totheefnhx\testproject\bin\release\testproject.dll" id="55b9acb6-c8fa-83e2-62ec-c3bb6a6ae6ad">
      <Execution id="29a5174b-64b9-4bb4-b8db-bf61d4ac092c" />
      <TestMethod codeBase="C:/Users/Michael/_CODE/Ienablemuch.ToTheEfnhX/TestProject/bin/Release/TestProject.DLL" adapterTypeName="Microsoft.VisualStudio.TestTools.TestTypes.Unit.UnitTestAdapter, Microsoft.VisualStudio.QualityTools.Tips.UnitTest.Adapter, Version=10.0.0.0, Culture=neutral, PublicKeyToken=b03f5f7f11d50a3a" className="TestProject.TestTheIRepository, TestProject, Version=1.0.0.0, Culture=neutral, PublicKeyToken=null" name="Nh_Can_Detect_Transaction_From_Session_Begin_Transaction" />
    </UnitTest>
    <UnitTest name="Nh_CanDetectDeleteConflictingDelete" storage="c:\users\michael\_code\ienablemuch.totheefnhx\testproject\bin\release\testproject.dll" id="8557e6ab-47d2-b8b1-2926-0bb94a2d505d">
      <Execution id="92fb6e58-e46d-4aac-ac8f-5da9b5e5fdf3" />
      <TestMethod codeBase="C:/Users/Michael/_CODE/Ienablemuch.ToTheEfnhX/TestProject/bin/Release/TestProject.DLL" adapterTypeName="Microsoft.VisualStudio.TestTools.TestTypes.Unit.UnitTestAdapter, Microsoft.VisualStudio.QualityTools.Tips.UnitTest.Adapter, Version=10.0.0.0, Culture=neutral, PublicKeyToken=b03f5f7f11d50a3a" className="TestProject.TestTheIRepository, TestProject, Version=1.0.0.0, Culture=neutral, PublicKeyToken=null" name="Nh_CanDetectDeleteConflictingDelete" />
    </UnitTest>
    <UnitTest name="Memory_CanSave" storage="c:\users\michael\_code\ienablemuch.totheefnhx\testproject\bin\release\testproject.dll" id="8c5d9d25-e5b8-63c8-9c42-cebb67787fde">
      <Execution id="1c3f7ad8-c199-4244-a821-a873d2696748" />
      <TestMethod codeBase="C:/Users/Michael/_CODE/Ienablemuch.ToTheEfnhX/TestProject/bin/Release/TestProject.DLL" adapterTypeName="Microsoft.VisualStudio.TestTools.TestTypes.Unit.UnitTestAdapter, Microsoft.VisualStudio.QualityTools.Tips.UnitTest.Adapter, Version=10.0.0.0, Culture=neutral, PublicKeyToken=b03f5f7f11d50a3a" className="TestProject.TestTheIRepository, TestProject, Version=1.0.0.0, Culture=neutral, PublicKeyToken=null" name="Memory_CanSave" />
    </UnitTest>
    <UnitTest name="Can_do_deep_clone" storage="c:\users\michael\_code\ienablemuch.totheefnhx\testproject\bin\release\testproject.dll" id="f7d7cfdb-4468-5c56-7540-afe0d55e093a">
      <Execution id="6b086d6c-fa0d-4aef-a94e-8765142bc8b4" />
      <TestMethod codeBase="C:/Users/Michael/_CODE/Ienablemuch.ToTheEfnhX/TestProject/bin/Release/TestProject.DLL" adapterTypeName="Microsoft.VisualStudio.TestTools.TestTypes.Unit.UnitTestAdapter, Microsoft.VisualStudio.QualityTools.Tips.UnitTest.Adapter, Version=10.0.0.0, Culture=neutral, PublicKeyToken=b03f5f7f11d50a3a" className="TestProject.TestTheIRepository, TestProject, Version=1.0.0.0, Culture=neutral, PublicKeyToken=null" name="Can_do_deep_clone" />
    </UnitTest>
    <UnitTest name="Ef_CanDetectDeleteConflictingUpdate" storage="c:\users\michael\_code\ienablemuch.totheefnhx\testproject\bin\release\testproject.dll" id="8bf5c997-85a0-f72e-564a-9d66e659263c">
      <Execution id="3a07bd3d-0cf4-4d81-92d7-4cf816efe083" />
      <TestMethod codeBase="C:/Users/Michael/_CODE/Ienablemuch.ToTheEfnhX/TestProject/bin/Release/TestProject.DLL" adapterTypeName="Microsoft.VisualStudio.TestTools.TestTypes.Unit.UnitTestAdapter, Microsoft.VisualStudio.QualityTools.Tips.UnitTest.Adapter, Version=10.0.0.0, Culture=neutral, PublicKeyToken=b03f5f7f11d50a3a" className="TestProject.TestTheIRepository, TestProject, Version=1.0.0.0, Culture=neutral, PublicKeyToken=null" name="Ef_CanDetectDeleteConflictingUpdate" />
    </UnitTest>
    <UnitTest name="Memory_CanDelete" storage="c:\users\michael\_code\ienablemuch.totheefnhx\testproject\bin\release\testproject.dll" id="4eb22f5f-6a6e-dede-7dcd-8a02b2b7eecd">
      <Execution id="b5fe9cba-20db-46c2-9789-0150a0371051" />
      <TestMethod codeBase="C:/Users/Michael/_CODE/Ienablemuch.ToTheEfnhX/TestProject/bin/Release/TestProject.DLL" adapterTypeName="Microsoft.VisualStudio.TestTools.TestTypes.Unit.UnitTestAdapter, Microsoft.VisualStudio.QualityTools.Tips.UnitTest.Adapter, Version=10.0.0.0, Culture=neutral, PublicKeyToken=b03f5f7f11d50a3a" className="TestProject.TestTheIRepository, TestProject, Version=1.0.0.0, Culture=neutral, PublicKeyToken=null" name="Memory_CanDelete" />
    </UnitTest>
    <UnitTest name="Memory_CanHaveIncrementingKey" storage="c:\users\michael\_code\ienablemuch.totheefnhx\testproject\bin\release\testproject.dll" id="c5220795-75d7-ce76-adb5-6a1d661e1fb0">
      <Execution id="cc8ac82d-2537-4b51-860d-b8bb83f11bf8" />
      <TestMethod codeBase="C:/Users/Michael/_CODE/Ienablemuch.ToTheEfnhX/TestProject/bin/Release/TestProject.DLL" adapterTypeName="Microsoft.VisualStudio.TestTools.TestTypes.Unit.UnitTestAdapter, Microsoft.VisualStudio.QualityTools.Tips.UnitTest.Adapter, Version=10.0.0.0, Culture=neutral, PublicKeyToken=b03f5f7f11d50a3a" className="TestProject.TestTheIRepository, TestProject, Version=1.0.0.0, Culture=neutral, PublicKeyToken=null" name="Memory_CanHaveIncrementingKey" />
    </UnitTest>
    <UnitTest name="Memory_CanDetectUpdateConflictingUpdate" storage="c:\users\michael\_code\ienablemuch.totheefnhx\testproject\bin\release\testproject.dll" id="385b97ed-767a-46eb-ce77-8402dbdb924a">
      <Execution id="ac0f282f-ba6a-42c9-8383-d1992ccbc1b6" />
      <TestMethod codeBase="C:/Users/Michael/_CODE/Ienablemuch.ToTheEfnhX/TestProject/bin/Release/TestProject.DLL" adapterTypeName="Microsoft.VisualStudio.TestTools.TestTypes.Unit.UnitTestAdapter, Microsoft.VisualStudio.QualityTools.Tips.UnitTest.Adapter, Version=10.0.0.0, Culture=neutral, PublicKeyToken=b03f5f7f11d50a3a" className="TestProject.TestTheIRepository, TestProject, Version=1.0.0.0, Culture=neutral, PublicKeyToken=null" name="Memory_CanDetectUpdateConflictingUpdate" />
    </UnitTest>
    <UnitTest name="Ef_Can_rollback_transaction" storage="c:\users\michael\_code\ienablemuch.totheefnhx\testproject\bin\release\testproject.dll" id="ef9db0bb-63c6-f8c2-c180-d50d1ce2ca5b">
      <Execution id="2f65e8d5-252b-4e33-913d-750b5296678e" />
      <TestMethod codeBase="C:/Users/Michael/_CODE/Ienablemuch.ToTheEfnhX/TestProject/bin/Release/TestProject.DLL" adapterTypeName="Microsoft.VisualStudio.TestTools.TestTypes.Unit.UnitTestAdapter, Microsoft.VisualStudio.QualityTools.Tips.UnitTest.Adapter, Version=10.0.0.0, Culture=neutral, PublicKeyToken=b03f5f7f11d50a3a" className="TestProject.TestTheIRepository, TestProject, Version=1.0.0.0, Culture=neutral, PublicKeyToken=null" name="Ef_Can_rollback_transaction" />
    </UnitTest>
    <UnitTest name="Nh_Can_save_transaction" storage="c:\users\michael\_code\ienablemuch.totheefnhx\testproject\bin\release\testproject.dll" id="d14d6d4a-1363-e36e-8cf9-c1c992b9e243">
      <Execution id="09f80ffd-8ab0-4f5a-ba73-17cf95afe3c7" />
      <TestMethod codeBase="C:/Users/Michael/_CODE/Ienablemuch.ToTheEfnhX/TestProject/bin/Release/TestProject.DLL" adapterTypeName="Microsoft.VisualStudio.TestTools.TestTypes.Unit.UnitTestAdapter, Microsoft.VisualStudio.QualityTools.Tips.UnitTest.Adapter, Version=10.0.0.0, Culture=neutral, PublicKeyToken=b03f5f7f11d50a3a" className="TestProject.TestTheIRepository, TestProject, Version=1.0.0.0, Culture=neutral, PublicKeyToken=null" name="Nh_Can_save_transaction" />
    </UnitTest>
    <UnitTest name="Nh_CanSaveHeaderDetail" storage="c:\users\michael\_code\ienablemuch.totheefnhx\testproject\bin\release\testproject.dll" id="f68ad391-23ca-2766-d2b2-8731589ef39b">
      <Execution id="b9ff211c-a819-45a6-9bd5-2ac20bac2461" />
      <TestMethod codeBase="C:/Users/Michael/_CODE/Ienablemuch.ToTheEfnhX/TestProject/bin/Release/TestProject.DLL" adapterTypeName="Microsoft.VisualStudio.TestTools.TestTypes.Unit.UnitTestAdapter, Microsoft.VisualStudio.QualityTools.Tips.UnitTest.Adapter, Version=10.0.0.0, Culture=neutral, PublicKeyToken=b03f5f7f11d50a3a" className="TestProject.TestTheIRepository, TestProject, Version=1.0.0.0, Culture=neutral, PublicKeyToken=null" name="Nh_CanSaveHeaderDetail" />
    </UnitTest>
    <UnitTest name="Nh_Can_rollback_transaction" storage="c:\users\michael\_code\ienablemuch.totheefnhx\testproject\bin\release\testproject.dll" id="498581d4-9097-59b7-1a75-c07c04a53675">
      <Execution id="c80670d3-d946-412e-98ca-be3f5c34c930" />
      <TestMethod codeBase="C:/Users/Michael/_CODE/Ienablemuch.ToTheEfnhX/TestProject/bin/Release/TestProject.DLL" adapterTypeName="Microsoft.VisualStudio.TestTools.TestTypes.Unit.UnitTestAdapter, Microsoft.VisualStudio.QualityTools.Tips.UnitTest.Adapter, Version=10.0.0.0, Culture=neutral, PublicKeyToken=b03f5f7f11d50a3a" className="TestProject.TestTheIRepository, TestProject, Version=1.0.0.0, Culture=neutral, PublicKeyToken=null" name="Nh_Can_rollback_transaction" />
    </UnitTest>
    <UnitTest name="Memory_CanDetectDeleteConflictingUpdate" storage="c:\users\michael\_code\ienablemuch.totheefnhx\testproject\bin\release\testproject.dll" id="9608206a-383a-828f-299c-2c493d95d886">
      <Execution id="75ffc879-e874-42f2-8422-84d4dcfcfc37" />
      <TestMethod codeBase="C:/Users/Michael/_CODE/Ienablemuch.ToTheEfnhX/TestProject/bin/Release/TestProject.DLL" adapterTypeName="Microsoft.VisualStudio.TestTools.TestTypes.Unit.UnitTestAdapter, Microsoft.VisualStudio.QualityTools.Tips.UnitTest.Adapter, Version=10.0.0.0, Culture=neutral, PublicKeyToken=b03f5f7f11d50a3a" className="TestProject.TestTheIRepository, TestProject, Version=1.0.0.0, Culture=neutral, PublicKeyToken=null" name="Memory_CanDetectDeleteConflictingUpdate" />
    </UnitTest>
    <UnitTest name="Nh_CanDetectUpdateConflictingUpdate" storage="c:\users\michael\_code\ienablemuch.totheefnhx\testproject\bin\release\testproject.dll" id="7b0e110e-2e6a-879c-359f-7b225fdba37f">
      <Execution id="7ed20c10-ecb6-42f4-9b32-afe519b4bbb4" />
      <TestMethod codeBase="C:/Users/Michael/_CODE/Ienablemuch.ToTheEfnhX/TestProject/bin/Release/TestProject.DLL" adapterTypeName="Microsoft.VisualStudio.TestTools.TestTypes.Unit.UnitTestAdapter, Microsoft.VisualStudio.QualityTools.Tips.UnitTest.Adapter, Version=10.0.0.0, Culture=neutral, PublicKeyToken=b03f5f7f11d50a3a" className="TestProject.TestTheIRepository, TestProject, Version=1.0.0.0, Culture=neutral, PublicKeyToken=null" name="Nh_CanDetectUpdateConflictingUpdate" />
    </UnitTest>
    <UnitTest name="Nh_Can_Detect_Transaction_From_Session_Transaction_Begin" storage="c:\users\michael\_code\ienablemuch.totheefnhx\testproject\bin\release\testproject.dll" id="35cdc240-50c9-1325-cb02-2e20cf8d0e6b">
      <Execution id="5392e35b-c5ff-434e-8738-eec4d04ab65f" />
      <TestMethod codeBase="C:/Users/Michael/_CODE/Ienablemuch.ToTheEfnhX/TestProject/bin/Release/TestProject.DLL" adapterTypeName="Microsoft.VisualStudio.TestTools.TestTypes.Unit.UnitTestAdapter, Microsoft.VisualStudio.QualityTools.Tips.UnitTest.Adapter, Version=10.0.0.0, Culture=neutral, PublicKeyToken=b03f5f7f11d50a3a" className="TestProject.TestTheIRepository, TestProject, Version=1.0.0.0, Culture=neutral, PublicKeyToken=null" name="Nh_Can_Detect_Transaction_From_Session_Transaction_Begin" />
    </UnitTest>
    <UnitTest name="Ef_CanHaveIncrementingKey" storage="c:\users\michael\_code\ienablemuch.totheefnhx\testproject\bin\release\testproject.dll" id="e392eca5-e91b-ff0f-619e-8a24d0ecbe68">
      <Execution id="fe54840c-1239-400a-92b9-2d97603455f8" />
      <TestMethod codeBase="C:/Users/Michael/_CODE/Ienablemuch.ToTheEfnhX/TestProject/bin/Release/TestProject.DLL" adapterTypeName="Microsoft.VisualStudio.TestTools.TestTypes.Unit.UnitTestAdapter, Microsoft.VisualStudio.QualityTools.Tips.UnitTest.Adapter, Version=10.0.0.0, Culture=neutral, PublicKeyToken=b03f5f7f11d50a3a" className="TestProject.TestTheIRepository, TestProject, Version=1.0.0.0, Culture=neutral, PublicKeyToken=null" name="Ef_CanHaveIncrementingKey" />
    </UnitTest>
    <UnitTest name="Nh_CanSave" storage="c:\users\michael\_code\ienablemuch.totheefnhx\testproject\bin\release\testproject.dll" id="c9750689-b2a7-1965-bbd3-0c2f5eda3fb2">
      <Execution id="1e943ef5-8acf-479e-91da-2056362236b0" />
      <TestMethod codeBase="C:/Users/Michael/_CODE/Ienablemuch.ToTheEfnhX/TestProject/bin/Release/TestProject.DLL" adapterTypeName="Microsoft.VisualStudio.TestTools.TestTypes.Unit.UnitTestAdapter, Microsoft.VisualStudio.QualityTools.Tips.UnitTest.Adapter, Version=10.0.0.0, Culture=neutral, PublicKeyToken=b03f5f7f11d50a3a" className="TestProject.TestTheIRepository, TestProject, Version=1.0.0.0, Culture=neutral, PublicKeyToken=null" name="Nh_CanSave" />
    </UnitTest>
    <UnitTest name="Nh_CanDelete" storage="c:\users\michael\_code\ienablemuch.totheefnhx\testproject\bin\release\testproject.dll" id="f3b46671-4362-7dc3-90a0-0fcbe80e34d8">
      <Execution id="11935ee3-54dd-49ed-a47e-50e53930eb16" />
      <TestMethod codeBase="C:/Users/Michael/_CODE/Ienablemuch.ToTheEfnhX/TestProject/bin/Release/TestProject.DLL" adapterTypeName="Microsoft.VisualStudio.TestTools.TestTypes.Unit.UnitTestAdapter, Microsoft.VisualStudio.QualityTools.Tips.UnitTest.Adapter, Version=10.0.0.0, Culture=neutral, PublicKeyToken=b03f5f7f11d50a3a" className="TestProject.TestTheIRepository, TestProject, Version=1.0.0.0, Culture=neutral, PublicKeyToken=null" name="Nh_CanDelete" />
    </UnitTest>
    <UnitTest name="Ef_CanSaveHeaderDetail" storage="c:\users\michael\_code\ienablemuch.totheefnhx\testproject\bin\release\testproject.dll" id="ecf5b477-cdd8-3508-c195-40a64bc26f00">
      <Execution id="e54615c7-2aee-41b9-afc7-e534ceeace3f" />
      <TestMethod codeBase="C:/Users/Michael/_CODE/Ienablemuch.ToTheEfnhX/TestProject/bin/Release/TestProject.DLL" adapterTypeName="Microsoft.VisualStudio.TestTools.TestTypes.Unit.UnitTestAdapter, Microsoft.VisualStudio.QualityTools.Tips.UnitTest.Adapter, Version=10.0.0.0, Culture=neutral, PublicKeyToken=b03f5f7f11d50a3a" className="TestProject.TestTheIRepository, TestProject, Version=1.0.0.0, Culture=neutral, PublicKeyToken=null" name="Ef_CanSaveHeaderDetail" />
    </UnitTest>
    <UnitTest name="Memory_HasRowVersion" storage="c:\users\michael\_code\ienablemuch.totheefnhx\testproject\bin\release\testproject.dll" id="0947b967-fff8-9b8d-6688-507250130b49">
      <Execution id="314da039-74d6-4e7f-b710-53cf7a3e134f" />
      <TestMethod codeBase="C:/Users/Michael/_CODE/Ienablemuch.ToTheEfnhX/TestProject/bin/Release/TestProject.DLL" adapterTypeName="Microsoft.VisualStudio.TestTools.TestTypes.Unit.UnitTestAdapter, Microsoft.VisualStudio.QualityTools.Tips.UnitTest.Adapter, Version=10.0.0.0, Culture=neutral, PublicKeyToken=b03f5f7f11d50a3a" className="TestProject.TestTheIRepository, TestProject, Version=1.0.0.0, Culture=neutral, PublicKeyToken=null" name="Memory_HasRowVersion" />
    </UnitTest>
  </TestDefinitions>
  <TestLists>
    <TestList name="Results Not in a List" id="8c84fa94-04c1-424b-9868-57a2d4851a1d" />
    <TestList name="All Loaded Results" id="19431567-8539-422a-85d7-44ee4e166bda" />
  </TestLists>
  <TestEntries>
    <TestEntry testId="0947b967-fff8-9b8d-6688-507250130b49" executionId="314da039-74d6-4e7f-b710-53cf7a3e134f" testListId="8c84fa94-04c1-424b-9868-57a2d4851a1d" />
    <TestEntry testId="170c0ff1-28bc-09a2-839b-5ab24853aea8" executionId="00f840c9-8ddd-4387-92fb-ca6ea9cee704" testListId="8c84fa94-04c1-424b-9868-57a2d4851a1d" />
    <TestEntry testId="24f780e7-822d-62ed-f13e-e2daddc611e1" executionId="6c9cfb13-3dbb-4cc9-9317-2590992c6071" testListId="8c84fa94-04c1-424b-9868-57a2d4851a1d" />
    <TestEntry testId="314cd11d-882d-0d0a-f196-b0f474ca8700" executionId="cfed3db8-7936-4fb3-89e7-b6e233e97fe7" testListId="8c84fa94-04c1-424b-9868-57a2d4851a1d" />
    <TestEntry testId="35cdc240-50c9-1325-cb02-2e20cf8d0e6b" executionId="5392e35b-c5ff-434e-8738-eec4d04ab65f" testListId="8c84fa94-04c1-424b-9868-57a2d4851a1d" />
    <TestEntry testId="385b97ed-767a-46eb-ce77-8402dbdb924a" executionId="ac0f282f-ba6a-42c9-8383-d1992ccbc1b6" testListId="8c84fa94-04c1-424b-9868-57a2d4851a1d" />
    <TestEntry testId="3a1e9fe6-a4ce-9adb-c086-11052cee98b6" executionId="9b83bc88-cb8b-4e42-a231-4b79cf691773" testListId="8c84fa94-04c1-424b-9868-57a2d4851a1d" />
    <TestEntry testId="467d17f0-5ec4-24a5-9089-e15ef18964f7" executionId="5a7227ab-cb10-4bf1-80f3-8dc077768783" testListId="8c84fa94-04c1-424b-9868-57a2d4851a1d" />
    <TestEntry testId="498581d4-9097-59b7-1a75-c07c04a53675" executionId="c80670d3-d946-412e-98ca-be3f5c34c930" testListId="8c84fa94-04c1-424b-9868-57a2d4851a1d" />
    <TestEntry testId="4bb22a57-9102-06ea-257b-caae673d46d7" executionId="cecd2ef8-42e7-490e-9807-11673ebd3a5d" testListId="8c84fa94-04c1-424b-9868-57a2d4851a1d" />
    <TestEntry testId="4eb22f5f-6a6e-dede-7dcd-8a02b2b7eecd" executionId="b5fe9cba-20db-46c2-9789-0150a0371051" testListId="8c84fa94-04c1-424b-9868-57a2d4851a1d" />
    <TestEntry testId="55b9acb6-c8fa-83e2-62ec-c3bb6a6ae6ad" executionId="29a5174b-64b9-4bb4-b8db-bf61d4ac092c" testListId="8c84fa94-04c1-424b-9868-57a2d4851a1d" />
    <TestEntry testId="5b9ac5c8-7814-fd36-cd57-f0de0de0fae7" executionId="5739ea39-229c-4e73-a054-b1dda841f2ba" testListId="8c84fa94-04c1-424b-9868-57a2d4851a1d" />
    <TestEntry testId="5d13769c-6ed9-df33-8e6d-b0cc79c073f2" executionId="e34db112-af4d-41fe-9df2-8762fa1476f1" testListId="8c84fa94-04c1-424b-9868-57a2d4851a1d" />
    <TestEntry testId="63d9977f-78b2-ba78-f19b-1e84d68eabe8" executionId="daae13af-4f5e-443e-87ae-7c57a9f8ecdf" testListId="8c84fa94-04c1-424b-9868-57a2d4851a1d" />
    <TestEntry testId="6a52032d-db59-8802-47db-20699e8ef053" executionId="032d37df-9b2e-4d03-bcd2-1ad861cb24fb" testListId="8c84fa94-04c1-424b-9868-57a2d4851a1d" />
    <TestEntry testId="6b805790-9c4f-2071-6e55-fbbb337c0021" executionId="d977d9b6-bad2-48a0-b0ec-c0220f3f85c5" testListId="8c84fa94-04c1-424b-9868-57a2d4851a1d" />
    <TestEntry testId="7b0e110e-2e6a-879c-359f-7b225fdba37f" executionId="7ed20c10-ecb6-42f4-9b32-afe519b4bbb4" testListId="8c84fa94-04c1-424b-9868-57a2d4851a1d" />
    <TestEntry testId="83330a72-51da-0d0d-d2b2-826b2f6cfd00" executionId="e781b7f1-a34e-4016-b46e-6b4237135c56" testListId="8c84fa94-04c1-424b-9868-57a2d4851a1d" />
    <TestEntry testId="8557e6ab-47d2-b8b1-2926-0bb94a2d505d" executionId="92fb6e58-e46d-4aac-ac8f-5da9b5e5fdf3" testListId="8c84fa94-04c1-424b-9868-57a2d4851a1d" />
    <TestEntry testId="86150143-fb0b-c807-6c85-448e509331e0" executionId="bdd1e6c5-55dc-4869-b5b2-45d835b3115b" testListId="8c84fa94-04c1-424b-9868-57a2d4851a1d" />
    <TestEntry testId="8ae0b4b0-ccc4-fc93-736a-72af24764f70" executionId="8dc0de0c-85a2-4d69-9681-92f1441cb440" testListId="8c84fa94-04c1-424b-9868-57a2d4851a1d" />
    <TestEntry testId="8af4731e-1204-41e4-f479-73db6099844b" executionId="65ca79ef-a0ba-4f1e-855d-50796ba962a3" testListId="8c84fa94-04c1-424b-9868-57a2d4851a1d" />
    <TestEntry testId="8bf5c997-85a0-f72e-564a-9d66e659263c" executionId="3a07bd3d-0cf4-4d81-92d7-4cf816efe083" testListId="8c84fa94-04c1-424b-9868-57a2d4851a1d" />
    <TestEntry testId="8c5d9d25-e5b8-63c8-9c42-cebb67787fde" executionId="1c3f7ad8-c199-4244-a821-a873d2696748" testListId="8c84fa94-04c1-424b-9868-57a2d4851a1d" />
    <TestEntry testId="919c9ab6-d8de-ff18-95fc-25bc030735bd" executionId="cce719c7-1462-4420-a3db-7672d911025c" testListId="8c84fa94-04c1-424b-9868-57a2d4851a1d" />
    <TestEntry testId="9608206a-383a-828f-299c-2c493d95d886" executionId="75ffc879-e874-42f2-8422-84d4dcfcfc37" testListId="8c84fa94-04c1-424b-9868-57a2d4851a1d" />
    <TestEntry testId="9ce2ff54-3bea-2c09-7986-c83994c1d685" executionId="ef2eb646-b380-4eac-98ad-d67af56b763f" testListId="8c84fa94-04c1-424b-9868-57a2d4851a1d" />
    <TestEntry testId="a2256363-4989-1fab-e208-96edc389fe3c" executionId="0ac3f69e-d88a-4123-a02a-96fca4da3cbc" testListId="8c84fa94-04c1-424b-9868-57a2d4851a1d" />
    <TestEntry testId="a9ed84c2-917f-5ccb-44a7-7e3cea9cd5e0" executionId="31b70400-5681-41fa-b419-c8f915e813ba" testListId="8c84fa94-04c1-424b-9868-57a2d4851a1d" />
    <TestEntry testId="b9cbda9a-23ca-3458-8bf7-8aa6598f8754" executionId="8a58ad4e-38fa-4438-b60b-986a9a1872fa" testListId="8c84fa94-04c1-424b-9868-57a2d4851a1d" />
    <TestEntry testId="c2e9f01d-6387-7f00-c2a6-71385a796942" executionId="7eba3519-3da5-4c5a-b3e6-ee1f4e69f3a2" testListId="8c84fa94-04c1-424b-9868-57a2d4851a1d" />
    <TestEntry testId="c3da4334-35ea-a9c1-5cbf-c1daa7323978" executionId="8b472764-67d2-470e-8144-a0ee2b947488" testListId="8c84fa94-04c1-424b-9868-57a2d4851a1d" />
    <TestEntry testId="c5220795-75d7-ce76-adb5-6a1d661e1fb0" executionId="cc8ac82d-2537-4b51-860d-b8bb83f11bf8" testListId="8c84fa94-04c1-424b-9868-57a2d4851a1d" />
    <TestEntry testId="c8cf96fa-83e0-e026-64af-f003abc95103" executionId="fb7f542a-3b95-4813-969b-085c72424559" testListId="8c84fa94-04c1-424b-9868-57a2d4851a1d" />
    <TestEntry testId="c8ff8ef9-a95a-0779-90f7-6e8188ebefd1" executionId="fe448177-ca3e-45f5-834a-90466ed591b4" testListId="8c84fa94-04c1-424b-9868-57a2d4851a1d" />
    <TestEntry testId="c9750689-b2a7-1965-bbd3-0c2f5eda3fb2" executionId="1e943ef5-8acf-479e-91da-2056362236b0" testListId="8c84fa94-04c1-424b-9868-57a2d4851a1d" />
    <TestEntry testId="ca3ec696-2df9-55bd-c53c-f732b5c80a68" executionId="9dde2e8d-b861-42eb-88a5-e82f23672635" testListId="8c84fa94-04c1-424b-9868-57a2d4851a1d" />
    <TestEntry testId="cdd1ec05-a33a-edaf-1560-6637f27329d2" executionId="bb1ded96-cb8e-447c-b8d4-4c377b8150b5" testListId="8c84fa94-04c1-424b-9868-57a2d4851a1d" />
    <TestEntry testId="d14d6d4a-1363-e36e-8cf9-c1c992b9e243" executionId="09f80ffd-8ab0-4f5a-ba73-17cf95afe3c7" testListId="8c84fa94-04c1-424b-9868-57a2d4851a1d" />
    <TestEntry testId="d409929f-129a-9686-590d-6472fdfa28e4" executionId="9fc65f10-0a25-4b79-a51b-daf176899c3e" testListId="8c84fa94-04c1-424b-9868-57a2d4851a1d" />
    <TestEntry testId="dad118fb-1088-58a3-350a-fc5e47173fa9" executionId="94aa94af-7c61-487f-8c13-72ba9e122735" testListId="8c84fa94-04c1-424b-9868-57a2d4851a1d" />
    <TestEntry testId="e392eca5-e91b-ff0f-619e-8a24d0ecbe68" executionId="fe54840c-1239-400a-92b9-2d97603455f8" testListId="8c84fa94-04c1-424b-9868-57a2d4851a1d" />
    <TestEntry testId="e4d36185-e99e-9b3f-8afc-2b7c501afd9a" executionId="f1d7c318-2f7b-42b6-97fb-9f1bfd14b5c5" testListId="8c84fa94-04c1-424b-9868-57a2d4851a1d" />
    <TestEntry testId="ecf5b477-cdd8-3508-c195-40a64bc26f00" executionId="e54615c7-2aee-41b9-afc7-e534ceeace3f" testListId="8c84fa94-04c1-424b-9868-57a2d4851a1d" />
    <TestEntry testId="ef9db0bb-63c6-f8c2-c180-d50d1ce2ca5b" executionId="2f65e8d5-252b-4e33-913d-750b5296678e" testListId="8c84fa94-04c1-424b-9868-57a2d4851a1d" />
    <TestEntry testId="f3b46671-4362-7dc3-90a0-0fcbe80e34d8" executionId="11935ee3-54dd-49ed-a47e-50e53930eb16" testListId="8c84fa94-04c1-424b-9868-57a2d4851a1d" />
    <TestEntry testId="f473cffe-6acb-bc8c-3c44-48f67f9567de" executionId="8300c036-6369-47d3-8a2d-73af07b1249e" testListId="8c84fa94-04c1-424b-9868-57a2d4851a1d" />
    <TestEntry testId="f5049a26-85f5-2d61-7d0d-3fe36d498d57" executionId="5f7dc888-448d-4b04-9ec8-37821784b483" testListId="8c84fa94-04c1-424b-9868-57a2d4851a1d" />
    <TestEntry testId="f68ad391-23ca-2766-d2b2-8731589ef39b" executionId="b9ff211c-a819-45a6-9bd5-2ac20bac2461" testListId="8c84fa94-04c1-424b-9868-57a2d4851a1d" />
    <TestEntry testId="f7d7cfdb-4468-5c56-7540-afe0d55e093a" executionId="6b086d6c-fa0d-4aef-a94e-8765142bc8b4" testListId="8c84fa94-04c1-424b-9868-57a2d4851a1d" />
    <TestEntry testId="ffcba511-cdf9-ce52-fd62-900fe7820ecc" executionId="ca4cd3ba-8104-4eaf-a7eb-37a9ae9f4673" testListId="8c84fa94-04c1-424b-9868-57a2d4851a1d" />
  </TestEntries>
  <Results>
    <UnitTestResult executionId="314da039-74d6-4e7f-b710-53cf7a3e134f" testId="0947b967-fff8-9b8d-6688-507250130b49" testName="Memory_HasRowVersion" computerName="MICHAEL-PC" duration="00:00:00.0274172" startTime="2012-06-03T10:13:50.4870000+08:00" endTime="2012-06-03T10:13:50.7740000+08:00" testType="13cdc9d9-ddb5-4fa4-a97d-d965ccfc6d4b" outcome="Passed" testListId="8c84fa94-04c1-424b-9868-57a2d4851a1d" relativeResultsDirectory="314da039-74d6-4e7f-b710-53cf7a3e134f">
    </UnitTestResult>
    <UnitTestResult executionId="00f840c9-8ddd-4387-92fb-ca6ea9cee704" testId="170c0ff1-28bc-09a2-839b-5ab24853aea8" testName="Nh_Can_Orm_do_cascaded_deletions" computerName="MICHAEL-PC" duration="00:00:01.1304243" startTime="2012-06-03T10:13:50.7780000+08:00" endTime="2012-06-03T10:13:51.9190000+08:00" testType="13cdc9d9-ddb5-4fa4-a97d-d965ccfc6d4b" outcome="Failed" testListId="8c84fa94-04c1-424b-9868-57a2d4851a1d" relativeResultsDirectory="00f840c9-8ddd-4387-92fb-ca6ea9cee704">
      <Output>
        <ErrorInfo>
          <Message>Test method TestProject.TestTheIRepository.Nh_Can_Orm_do_cascaded_deletions threw exception: 
FluentNHibernate.Cfg.FluentConfigurationException: An invalid or incomplete configuration was used while creating a SessionFactory. Check PotentialReasons collection, and InnerException for more detail.

 ---&gt; FluentNHibernate.Cfg.FluentConfigurationException: An invalid or incomplete configuration was used while creating a SessionFactory. Check PotentialReasons collection, and InnerException for more detail.

 ---&gt; FluentNHibernate.Visitors.ValidationException: The entity 'Question' doesn't have an Id mapped. Use the Id method to map your identity property. For example: Id(x =&gt; x.Id).</Message>
          <StackTrace>    at FluentNHibernate.Visitors.ValidationVisitor.ProcessClass(ClassMapping classMapping) in d:\Builds\FluentNH\src\FluentNHibernate\Visitors\ValidationVisitor.cs:line 20
   at FluentNHibernate.MappingModel.ClassBased.ClassMapping.AcceptVisitor(IMappingModelVisitor visitor) in d:\Builds\FluentNH\src\FluentNHibernate\MappingModel\ClassBased\ClassMapping.cs:line 78
   at FluentNHibernate.Visitors.DefaultMappingModelVisitor.Visit(ClassMapping classMapping) in d:\Builds\FluentNH\src\FluentNHibernate\Visitors\DefaultMappingModelVisitor.cs:line 89
   at FluentNHibernate.MappingModel.HibernateMapping.AcceptVisitor(IMappingModelVisitor visitor) in d:\Builds\FluentNH\src\FluentNHibernate\MappingModel\HibernateMapping.cs:line 37
   at FluentNHibernate.Visitors.DefaultMappingModelVisitor.&lt;Visit&gt;b__0(HibernateMapping x) in d:\Builds\FluentNH\src\FluentNHibernate\Visitors\DefaultMappingModelVisitor.cs:line 79
   at FluentNHibernate.Utils.CollectionExtensions.Each[T](IEnumerable`1 enumerable, Action`1 each) in d:\Builds\FluentNH\src\FluentNHibernate\Utils\CollectionExtensions.cs:line 15
   at FluentNHibernate.Visitors.DefaultMappingModelVisitor.Visit(IEnumerable`1 mappings) in d:\Builds\FluentNH\src\FluentNHibernate\Visitors\DefaultMappingModelVisitor.cs:line 79
   at FluentNHibernate.PersistenceModel.ApplyVisitors(IEnumerable`1 mappings) in d:\Builds\FluentNH\src\FluentNHibernate\PersistenceModel.cs:line 214
   at FluentNHibernate.PersistenceModel.BuildMappings() in d:\Builds\FluentNH\src\FluentNHibernate\PersistenceModel.cs:line 169
   at FluentNHibernate.Automapping.AutoPersistenceModel.BuildMappings() in d:\Builds\FluentNH\src\FluentNHibernate\Automapping\AutoPersistenceModel.cs:line 134
   at FluentNHibernate.PersistenceModel.EnsureMappingsBuilt() in d:\Builds\FluentNH\src\FluentNHibernate\PersistenceModel.cs:line 221
   at FluentNHibernate.PersistenceModel.Configure(Configuration cfg) in d:\Builds\FluentNH\src\FluentNHibernate\PersistenceModel.cs:line 277
   at FluentNHibernate.Automapping.AutoPersistenceModel.Configure(Configuration configuration) in d:\Builds\FluentNH\src\FluentNHibernate\Automapping\AutoPersistenceModel.cs:line 201
   at FluentNHibernate.Cfg.AutoMappingsContainer.Apply(Configuration cfg, PersistenceModel model) in d:\Builds\FluentNH\src\FluentNHibernate\Cfg\AutoMappingsContainer.cs:line 86
   at FluentNHibernate.Cfg.MappingConfiguration.Apply(Configuration cfg) in d:\Builds\FluentNH\src\FluentNHibernate\Cfg\MappingConfiguration.cs:line 80
   at FluentNHibernate.Cfg.FluentConfiguration.BuildConfiguration() in d:\Builds\FluentNH\src\FluentNHibernate\Cfg\FluentConfiguration.cs:line 249
 --- End of inner exception stack trace ---
    at FluentNHibernate.Cfg.FluentConfiguration.BuildConfiguration() in d:\Builds\FluentNH\src\FluentNHibernate\Cfg\FluentConfiguration.cs:line 264
   at FluentNHibernate.Cfg.FluentConfiguration.BuildSessionFactory() in d:\Builds\FluentNH\src\FluentNHibernate\Cfg\FluentConfiguration.cs:line 230
 --- End of inner exception stack trace ---
    at FluentNHibernate.Cfg.FluentConfiguration.BuildSessionFactory() in d:\Builds\FluentNH\src\FluentNHibernate\Cfg\FluentConfiguration.cs:line 235
   at TestProject.NhModelsMapper.GetSessionFactory(String connectionString) in C:\Users\Michael\_CODE\Ienablemuch.ToTheEfnhX\TestProject\NhDbMapper.cs:line 63
   at TestProject.TestTheIRepository.Nh_Can_Orm_do_cascaded_deletions() in C:\Users\Michael\_CODE\Ienablemuch.ToTheEfnhX\TestProject\TestTheIRepository.cs:line 998
</StackTrace>
        </ErrorInfo>
      </Output>
    </UnitTestResult>
    <UnitTestResult executionId="6c9cfb13-3dbb-4cc9-9317-2590992c6071" testId="24f780e7-822d-62ed-f13e-e2daddc611e1" testName="Fetching_strategies_of_NHibernate_helper_has_no_problem_on_mocked_IQueryable" computerName="MICHAEL-PC" duration="00:00:00.0096612" startTime="2012-06-03T10:13:51.9250000+08:00" endTime="2012-06-03T10:13:51.9480000+08:00" testType="13cdc9d9-ddb5-4fa4-a97d-d965ccfc6d4b" outcome="Passed" testListId="8c84fa94-04c1-424b-9868-57a2d4851a1d" relativeResultsDirectory="6c9cfb13-3dbb-4cc9-9317-2590992c6071">
    </UnitTestResult>
    <UnitTestResult executionId="cfed3db8-7936-4fb3-89e7-b6e233e97fe7" testId="314cd11d-882d-0d0a-f196-b0f474ca8700" testName="Memory_CanDetectUpdateConflictingDelete" computerName="MICHAEL-PC" duration="00:00:00.0014665" startTime="2012-06-03T10:13:51.9520000+08:00" endTime="2012-06-03T10:13:51.9570000+08:00" testType="13cdc9d9-ddb5-4fa4-a97d-d965ccfc6d4b" outcome="Passed" testListId="8c84fa94-04c1-424b-9868-57a2d4851a1d" relativeResultsDirectory="cfed3db8-7936-4fb3-89e7-b6e233e97fe7">
    </UnitTestResult>
    <UnitTestResult executionId="5392e35b-c5ff-434e-8738-eec4d04ab65f" testId="35cdc240-50c9-1325-cb02-2e20cf8d0e6b" testName="Nh_Can_Detect_Transaction_From_Session_Transaction_Begin" computerName="MICHAEL-PC" duration="00:00:00.0203753" startTime="2012-06-03T10:13:51.9610000+08:00" endTime="2012-06-03T10:13:51.9850000+08:00" testType="13cdc9d9-ddb5-4fa4-a97d-d965ccfc6d4b" outcome="Failed" testListId="8c84fa94-04c1-424b-9868-57a2d4851a1d" relativeResultsDirectory="5392e35b-c5ff-434e-8738-eec4d04ab65f">
      <Output>
        <ErrorInfo>
          <Message>Test method TestProject.TestTheIRepository.Nh_Can_Detect_Transaction_From_Session_Transaction_Begin threw exception: 
FluentNHibernate.Cfg.FluentConfigurationException: An invalid or incomplete configuration was used while creating a SessionFactory. Check PotentialReasons collection, and InnerException for more detail.

 ---&gt; FluentNHibernate.Cfg.FluentConfigurationException: An invalid or incomplete configuration was used while creating a SessionFactory. Check PotentialReasons collection, and InnerException for more detail.

 ---&gt; FluentNHibernate.Visitors.ValidationException: The entity 'Question' doesn't have an Id mapped. Use the Id method to map your identity property. For example: Id(x =&gt; x.Id).</Message>
          <StackTrace>    at FluentNHibernate.Visitors.ValidationVisitor.ProcessClass(ClassMapping classMapping) in d:\Builds\FluentNH\src\FluentNHibernate\Visitors\ValidationVisitor.cs:line 20
   at FluentNHibernate.MappingModel.ClassBased.ClassMapping.AcceptVisitor(IMappingModelVisitor visitor) in d:\Builds\FluentNH\src\FluentNHibernate\MappingModel\ClassBased\ClassMapping.cs:line 78
   at FluentNHibernate.Visitors.DefaultMappingModelVisitor.Visit(ClassMapping classMapping) in d:\Builds\FluentNH\src\FluentNHibernate\Visitors\DefaultMappingModelVisitor.cs:line 89
   at FluentNHibernate.MappingModel.HibernateMapping.AcceptVisitor(IMappingModelVisitor visitor) in d:\Builds\FluentNH\src\FluentNHibernate\MappingModel\HibernateMapping.cs:line 37
   at FluentNHibernate.Visitors.DefaultMappingModelVisitor.&lt;Visit&gt;b__0(HibernateMapping x) in d:\Builds\FluentNH\src\FluentNHibernate\Visitors\DefaultMappingModelVisitor.cs:line 79
   at FluentNHibernate.Utils.CollectionExtensions.Each[T](IEnumerable`1 enumerable, Action`1 each) in d:\Builds\FluentNH\src\FluentNHibernate\Utils\CollectionExtensions.cs:line 15
   at FluentNHibernate.Visitors.DefaultMappingModelVisitor.Visit(IEnumerable`1 mappings) in d:\Builds\FluentNH\src\FluentNHibernate\Visitors\DefaultMappingModelVisitor.cs:line 79
   at FluentNHibernate.PersistenceModel.ApplyVisitors(IEnumerable`1 mappings) in d:\Builds\FluentNH\src\FluentNHibernate\PersistenceModel.cs:line 214
   at FluentNHibernate.PersistenceModel.BuildMappings() in d:\Builds\FluentNH\src\FluentNHibernate\PersistenceModel.cs:line 169
   at FluentNHibernate.Automapping.AutoPersistenceModel.BuildMappings() in d:\Builds\FluentNH\src\FluentNHibernate\Automapping\AutoPersistenceModel.cs:line 134
   at FluentNHibernate.PersistenceModel.EnsureMappingsBuilt() in d:\Builds\FluentNH\src\FluentNHibernate\PersistenceModel.cs:line 221
   at FluentNHibernate.PersistenceModel.Configure(Configuration cfg) in d:\Builds\FluentNH\src\FluentNHibernate\PersistenceModel.cs:line 277
   at FluentNHibernate.Automapping.AutoPersistenceModel.Configure(Configuration configuration) in d:\Builds\FluentNH\src\FluentNHibernate\Automapping\AutoPersistenceModel.cs:line 201
   at FluentNHibernate.Cfg.AutoMappingsContainer.Apply(Configuration cfg, PersistenceModel model) in d:\Builds\FluentNH\src\FluentNHibernate\Cfg\AutoMappingsContainer.cs:line 86
   at FluentNHibernate.Cfg.MappingConfiguration.Apply(Configuration cfg) in d:\Builds\FluentNH\src\FluentNHibernate\Cfg\MappingConfiguration.cs:line 80
   at FluentNHibernate.Cfg.FluentConfiguration.BuildConfiguration() in d:\Builds\FluentNH\src\FluentNHibernate\Cfg\FluentConfiguration.cs:line 249
 --- End of inner exception stack trace ---
    at FluentNHibernate.Cfg.FluentConfiguration.BuildConfiguration() in d:\Builds\FluentNH\src\FluentNHibernate\Cfg\FluentConfiguration.cs:line 264
   at FluentNHibernate.Cfg.FluentConfiguration.BuildSessionFactory() in d:\Builds\FluentNH\src\FluentNHibernate\Cfg\FluentConfiguration.cs:line 230
 --- End of inner exception stack trace ---
    at FluentNHibernate.Cfg.FluentConfiguration.BuildSessionFactory() in d:\Builds\FluentNH\src\FluentNHibernate\Cfg\FluentConfiguration.cs:line 235
   at TestProject.NhModelsMapper.GetSessionFactory(String connectionString) in C:\Users\Michael\_CODE\Ienablemuch.ToTheEfnhX\TestProject\NhDbMapper.cs:line 63
   at TestProject.TestTheIRepository.Nh_Can_Detect_Transaction_From_Session_Transaction_Begin() in C:\Users\Michael\_CODE\Ienablemuch.ToTheEfnhX\TestProject\TestTheIRepository.cs:line 1307
</StackTrace>
        </ErrorInfo>
      </Output>
    </UnitTestResult>
    <UnitTestResult executionId="ac0f282f-ba6a-42c9-8383-d1992ccbc1b6" testId="385b97ed-767a-46eb-ce77-8402dbdb924a" testName="Memory_CanDetectUpdateConflictingUpdate" computerName="MICHAEL-PC" duration="00:00:00.0012036" startTime="2012-06-03T10:13:51.9930000+08:00" endTime="2012-06-03T10:13:51.9980000+08:00" testType="13cdc9d9-ddb5-4fa4-a97d-d965ccfc6d4b" outcome="Passed" testListId="8c84fa94-04c1-424b-9868-57a2d4851a1d" relativeResultsDirectory="ac0f282f-ba6a-42c9-8383-d1992ccbc1b6">
    </UnitTestResult>
    <UnitTestResult executionId="9b83bc88-cb8b-4e42-a231-4b79cf691773" testId="3a1e9fe6-a4ce-9adb-c086-11052cee98b6" testName="Ef_Can_Orm_Merge_Can_Update" computerName="MICHAEL-PC" duration="00:00:00.0933417" startTime="2012-06-03T10:13:52.0010000+08:00" endTime="2012-06-03T10:13:52.1110000+08:00" testType="13cdc9d9-ddb5-4fa4-a97d-d965ccfc6d4b" outcome="Failed" testListId="8c84fa94-04c1-424b-9868-57a2d4851a1d" relativeResultsDirectory="9b83bc88-cb8b-4e42-a231-4b79cf691773">
      <Output>
        <ErrorInfo>
          <Message>Test method TestProject.TestTheIRepository.Ef_Can_Orm_Merge_Can_Update threw exception: 
System.MissingMethodException: Method 'TestProject.SampleModel.Question.QuestionId' not found.</Message>
          <StackTrace>    at System.RuntimeType.InvokeMember(String name, BindingFlags bindingFlags, Binder binder, Object target, Object[] providedArgs, ParameterModifier[] modifiers, CultureInfo culture, String[] namedParams)
   at Ienablemuch.ToTheEfnhX.EntityFramework.EfRepository`1.Merge(TEnt ent, Byte[] version) in C:\Users\Michael\_CODE\Ienablemuch.ToTheEfnhX\Ienablemuch.ToTheEfnhX.EntityFramework\EfRepository.cs:line 155
   at TestProject.TestTheIRepository.Refactored_Common_Merge_Arrange_Create(IRepository`1 repo) in C:\Users\Michael\_CODE\Ienablemuch.ToTheEfnhX\TestProject\TestTheIRepository.cs:line 847
   at TestProject.TestTheIRepository.Common_Orm_Merge_Can_Update(IRepository`1 repo) in C:\Users\Michael\_CODE\Ienablemuch.ToTheEfnhX\TestProject\TestTheIRepository.cs:line 799
   at TestProject.TestTheIRepository.Ef_Can_Orm_Merge_Can_Update() in C:\Users\Michael\_CODE\Ienablemuch.ToTheEfnhX\TestProject\TestTheIRepository.cs:line 780
</StackTrace>
        </ErrorInfo>
      </Output>
    </UnitTestResult>
    <UnitTestResult executionId="5a7227ab-cb10-4bf1-80f3-8dc077768783" testId="467d17f0-5ec4-24a5-9089-e15ef18964f7" testName="Nh_CanDetectDeleteConflictingUpdate" computerName="MICHAEL-PC" duration="00:00:00.0428740" startTime="2012-06-03T10:13:52.1180000+08:00" endTime="2012-06-03T10:13:52.1820000+08:00" testType="13cdc9d9-ddb5-4fa4-a97d-d965ccfc6d4b" outcome="Failed" testListId="8c84fa94-04c1-424b-9868-57a2d4851a1d" relativeResultsDirectory="5a7227ab-cb10-4bf1-80f3-8dc077768783">
      <Output>
        <ErrorInfo>
          <Message>Test method TestProject.TestTheIRepository.Nh_CanDetectDeleteConflictingUpdate threw exception FluentNHibernate.Cfg.FluentConfigurationException, but exception Ienablemuch.ToTheEfnhX.DbChangesConcurrencyException was expected. Exception message: FluentNHibernate.Cfg.FluentConfigurationException: An invalid or incomplete configuration was used while creating a SessionFactory. Check PotentialReasons collection, and InnerException for more detail.

 ---&gt; FluentNHibernate.Cfg.FluentConfigurationException: An invalid or incomplete configuration was used while creating a SessionFactory. Check PotentialReasons collection, and InnerException for more detail.

 ---&gt; FluentNHibernate.Visitors.ValidationException: The entity 'Question' doesn't have an Id mapped. Use the Id method to map your identity property. For example: Id(x =&gt; x.Id).</Message>
          <StackTrace>    at FluentNHibernate.Visitors.ValidationVisitor.ProcessClass(ClassMapping classMapping) in d:\Builds\FluentNH\src\FluentNHibernate\Visitors\ValidationVisitor.cs:line 20
   at FluentNHibernate.MappingModel.ClassBased.ClassMapping.AcceptVisitor(IMappingModelVisitor visitor) in d:\Builds\FluentNH\src\FluentNHibernate\MappingModel\ClassBased\ClassMapping.cs:line 78
   at FluentNHibernate.Visitors.DefaultMappingModelVisitor.Visit(ClassMapping classMapping) in d:\Builds\FluentNH\src\FluentNHibernate\Visitors\DefaultMappingModelVisitor.cs:line 89
   at FluentNHibernate.MappingModel.HibernateMapping.AcceptVisitor(IMappingModelVisitor visitor) in d:\Builds\FluentNH\src\FluentNHibernate\MappingModel\HibernateMapping.cs:line 37
   at FluentNHibernate.Visitors.DefaultMappingModelVisitor.&lt;Visit&gt;b__0(HibernateMapping x) in d:\Builds\FluentNH\src\FluentNHibernate\Visitors\DefaultMappingModelVisitor.cs:line 79
   at FluentNHibernate.Utils.CollectionExtensions.Each[T](IEnumerable`1 enumerable, Action`1 each) in d:\Builds\FluentNH\src\FluentNHibernate\Utils\CollectionExtensions.cs:line 15
   at FluentNHibernate.Visitors.DefaultMappingModelVisitor.Visit(IEnumerable`1 mappings) in d:\Builds\FluentNH\src\FluentNHibernate\Visitors\DefaultMappingModelVisitor.cs:line 79
   at FluentNHibernate.PersistenceModel.ApplyVisitors(IEnumerable`1 mappings) in d:\Builds\FluentNH\src\FluentNHibernate\PersistenceModel.cs:line 214
   at FluentNHibernate.PersistenceModel.BuildMappings() in d:\Builds\FluentNH\src\FluentNHibernate\PersistenceModel.cs:line 169
   at FluentNHibernate.Automapping.AutoPersistenceModel.BuildMappings() in d:\Builds\FluentNH\src\FluentNHibernate\Automapping\AutoPersistenceModel.cs:line 134
   at FluentNHibernate.PersistenceModel.EnsureMappingsBuilt() in d:\Builds\FluentNH\src\FluentNHibernate\PersistenceModel.cs:line 221
   at FluentNHibernate.PersistenceModel.Configure(Configuration cfg) in d:\Builds\FluentNH\src\FluentNHibernate\PersistenceModel.cs:line 277
   at FluentNHibernate.Automapping.AutoPersistenceModel.Configure(Configuration configuration) in d:\Builds\FluentNH\src\FluentNHibernate\Automapping\AutoPersistenceModel.cs:line 201
   at FluentNHibernate.Cfg.AutoMappingsContainer.Apply(Configuration cfg, PersistenceModel model) in d:\Builds\FluentNH\src\FluentNHibernate\Cfg\AutoMappingsContainer.cs:line 86
   at FluentNHibernate.Cfg.MappingConfiguration.Apply(Configuration cfg) in d:\Builds\FluentNH\src\FluentNHibernate\Cfg\MappingConfiguration.cs:line 80
   at FluentNHibernate.Cfg.FluentConfiguration.BuildConfiguration() in d:\Builds\FluentNH\src\FluentNHibernate\Cfg\FluentConfiguration.cs:line 249
 --- End of inner exception stack trace ---
    at FluentNHibernate.Cfg.FluentConfiguration.BuildConfiguration() in d:\Builds\FluentNH\src\FluentNHibernate\Cfg\FluentConfiguration.cs:line 264
   at FluentNHibernate.Cfg.FluentConfiguration.BuildSessionFactory() in d:\Builds\FluentNH\src\FluentNHibernate\Cfg\FluentConfiguration.cs:line 230
 --- End of inner exception stack trace ---
    at FluentNHibernate.Cfg.FluentConfiguration.BuildSessionFactory() in d:\Builds\FluentNH\src\FluentNHibernate\Cfg\FluentConfiguration.cs:line 235
   at TestProject.NhModelsMapper.GetSessionFactory(String connectionString) in C:\Users\Michael\_CODE\Ienablemuch.ToTheEfnhX\TestProject\NhDbMapper.cs:line 63
   at TestProject.TestTheIRepository.Nh_CanDetectDeleteConflictingUpdate() in C:\Users\Michael\_CODE\Ienablemuch.ToTheEfnhX\TestProject\TestTheIRepository.cs:line 561
</StackTrace>
        </ErrorInfo>
      </Output>
    </UnitTestResult>
    <UnitTestResult executionId="c80670d3-d946-412e-98ca-be3f5c34c930" testId="498581d4-9097-59b7-1a75-c07c04a53675" testName="Nh_Can_rollback_transaction" computerName="MICHAEL-PC" duration="00:00:00.0341118" startTime="2012-06-03T10:13:52.1960000+08:00" endTime="2012-06-03T10:13:52.2380000+08:00" testType="13cdc9d9-ddb5-4fa4-a97d-d965ccfc6d4b" outcome="Failed" testListId="8c84fa94-04c1-424b-9868-57a2d4851a1d" relativeResultsDirectory="c80670d3-d946-412e-98ca-be3f5c34c930">
      <Output>
        <ErrorInfo>
          <Message>Test method TestProject.TestTheIRepository.Nh_Can_rollback_transaction threw exception: 
FluentNHibernate.Cfg.FluentConfigurationException: An invalid or incomplete configuration was used while creating a SessionFactory. Check PotentialReasons collection, and InnerException for more detail.

 ---&gt; FluentNHibernate.Cfg.FluentConfigurationException: An invalid or incomplete configuration was used while creating a SessionFactory. Check PotentialReasons collection, and InnerException for more detail.

 ---&gt; FluentNHibernate.Visitors.ValidationException: The entity 'Question' doesn't have an Id mapped. Use the Id method to map your identity property. For example: Id(x =&gt; x.Id).</Message>
          <StackTrace>    at FluentNHibernate.Visitors.ValidationVisitor.ProcessClass(ClassMapping classMapping) in d:\Builds\FluentNH\src\FluentNHibernate\Visitors\ValidationVisitor.cs:line 20
   at FluentNHibernate.MappingModel.ClassBased.ClassMapping.AcceptVisitor(IMappingModelVisitor visitor) in d:\Builds\FluentNH\src\FluentNHibernate\MappingModel\ClassBased\ClassMapping.cs:line 78
   at FluentNHibernate.Visitors.DefaultMappingModelVisitor.Visit(ClassMapping classMapping) in d:\Builds\FluentNH\src\FluentNHibernate\Visitors\DefaultMappingModelVisitor.cs:line 89
   at FluentNHibernate.MappingModel.HibernateMapping.AcceptVisitor(IMappingModelVisitor visitor) in d:\Builds\FluentNH\src\FluentNHibernate\MappingModel\HibernateMapping.cs:line 37
   at FluentNHibernate.Visitors.DefaultMappingModelVisitor.&lt;Visit&gt;b__0(HibernateMapping x) in d:\Builds\FluentNH\src\FluentNHibernate\Visitors\DefaultMappingModelVisitor.cs:line 79
   at FluentNHibernate.Utils.CollectionExtensions.Each[T](IEnumerable`1 enumerable, Action`1 each) in d:\Builds\FluentNH\src\FluentNHibernate\Utils\CollectionExtensions.cs:line 15
   at FluentNHibernate.Visitors.DefaultMappingModelVisitor.Visit(IEnumerable`1 mappings) in d:\Builds\FluentNH\src\FluentNHibernate\Visitors\DefaultMappingModelVisitor.cs:line 79
   at FluentNHibernate.PersistenceModel.ApplyVisitors(IEnumerable`1 mappings) in d:\Builds\FluentNH\src\FluentNHibernate\PersistenceModel.cs:line 214
   at FluentNHibernate.PersistenceModel.BuildMappings() in d:\Builds\FluentNH\src\FluentNHibernate\PersistenceModel.cs:line 169
   at FluentNHibernate.Automapping.AutoPersistenceModel.BuildMappings() in d:\Builds\FluentNH\src\FluentNHibernate\Automapping\AutoPersistenceModel.cs:line 134
   at FluentNHibernate.PersistenceModel.EnsureMappingsBuilt() in d:\Builds\FluentNH\src\FluentNHibernate\PersistenceModel.cs:line 221
   at FluentNHibernate.PersistenceModel.Configure(Configuration cfg) in d:\Builds\FluentNH\src\FluentNHibernate\PersistenceModel.cs:line 277
   at FluentNHibernate.Automapping.AutoPersistenceModel.Configure(Configuration configuration) in d:\Builds\FluentNH\src\FluentNHibernate\Automapping\AutoPersistenceModel.cs:line 201
   at FluentNHibernate.Cfg.AutoMappingsContainer.Apply(Configuration cfg, PersistenceModel model) in d:\Builds\FluentNH\src\FluentNHibernate\Cfg\AutoMappingsContainer.cs:line 86
   at FluentNHibernate.Cfg.MappingConfiguration.Apply(Configuration cfg) in d:\Builds\FluentNH\src\FluentNHibernate\Cfg\MappingConfiguration.cs:line 80
   at FluentNHibernate.Cfg.FluentConfiguration.BuildConfiguration() in d:\Builds\FluentNH\src\FluentNHibernate\Cfg\FluentConfiguration.cs:line 249
 --- End of inner exception stack trace ---
    at FluentNHibernate.Cfg.FluentConfiguration.BuildConfiguration() in d:\Builds\FluentNH\src\FluentNHibernate\Cfg\FluentConfiguration.cs:line 264
   at FluentNHibernate.Cfg.FluentConfiguration.BuildSessionFactory() in d:\Builds\FluentNH\src\FluentNHibernate\Cfg\FluentConfiguration.cs:line 230
 --- End of inner exception stack trace ---
    at FluentNHibernate.Cfg.FluentConfiguration.BuildSessionFactory() in d:\Builds\FluentNH\src\FluentNHibernate\Cfg\FluentConfiguration.cs:line 235
   at TestProject.NhModelsMapper.GetSessionFactory(String connectionString) in C:\Users\Michael\_CODE\Ienablemuch.ToTheEfnhX\TestProject\NhDbMapper.cs:line 63
   at TestProject.TestTheIRepository.Nh_Can_rollback_transaction() in C:\Users\Michael\_CODE\Ienablemuch.ToTheEfnhX\TestProject\TestTheIRepository.cs:line 1131
</StackTrace>
        </ErrorInfo>
      </Output>
    </UnitTestResult>
    <UnitTestResult executionId="cecd2ef8-42e7-490e-9807-11673ebd3a5d" testId="4bb22a57-9102-06ea-257b-caae673d46d7" testName="Ef_CanDetectDeleteConflictingDelete" computerName="MICHAEL-PC" duration="00:00:01.0516690" startTime="2012-06-03T10:13:52.2460000+08:00" endTime="2012-06-03T10:13:53.3030000+08:00" testType="13cdc9d9-ddb5-4fa4-a97d-d965ccfc6d4b" outcome="Passed" testListId="8c84fa94-04c1-424b-9868-57a2d4851a1d" relativeResultsDirectory="cecd2ef8-42e7-490e-9807-11673ebd3a5d">
    </UnitTestResult>
    <UnitTestResult executionId="b5fe9cba-20db-46c2-9789-0150a0371051" testId="4eb22f5f-6a6e-dede-7dcd-8a02b2b7eecd" testName="Memory_CanDelete" computerName="MICHAEL-PC" duration="00:00:00.0052930" startTime="2012-06-03T10:13:53.3070000+08:00" endTime="2012-06-03T10:13:53.3190000+08:00" testType="13cdc9d9-ddb5-4fa4-a97d-d965ccfc6d4b" outcome="Passed" testListId="8c84fa94-04c1-424b-9868-57a2d4851a1d" relativeResultsDirectory="b5fe9cba-20db-46c2-9789-0150a0371051">
    </UnitTestResult>
    <UnitTestResult executionId="29a5174b-64b9-4bb4-b8db-bf61d4ac092c" testId="55b9acb6-c8fa-83e2-62ec-c3bb6a6ae6ad" testName="Nh_Can_Detect_Transaction_From_Session_Begin_Transaction" computerName="MICHAEL-PC" duration="00:00:00.0244474" startTime="2012-06-03T10:13:53.3230000+08:00" endTime="2012-06-03T10:13:53.3520000+08:00" testType="13cdc9d9-ddb5-4fa4-a97d-d965ccfc6d4b" outcome="Failed" testListId="8c84fa94-04c1-424b-9868-57a2d4851a1d" relativeResultsDirectory="29a5174b-64b9-4bb4-b8db-bf61d4ac092c">
      <Output>
        <ErrorInfo>
          <Message>Test method TestProject.TestTheIRepository.Nh_Can_Detect_Transaction_From_Session_Begin_Transaction threw exception: 
FluentNHibernate.Cfg.FluentConfigurationException: An invalid or incomplete configuration was used while creating a SessionFactory. Check PotentialReasons collection, and InnerException for more detail.

 ---&gt; FluentNHibernate.Cfg.FluentConfigurationException: An invalid or incomplete configuration was used while creating a SessionFactory. Check PotentialReasons collection, and InnerException for more detail.

 ---&gt; FluentNHibernate.Visitors.ValidationException: The entity 'Question' doesn't have an Id mapped. Use the Id method to map your identity property. For example: Id(x =&gt; x.Id).</Message>
          <StackTrace>    at FluentNHibernate.Visitors.ValidationVisitor.ProcessClass(ClassMapping classMapping) in d:\Builds\FluentNH\src\FluentNHibernate\Visitors\ValidationVisitor.cs:line 20
   at FluentNHibernate.MappingModel.ClassBased.ClassMapping.AcceptVisitor(IMappingModelVisitor visitor) in d:\Builds\FluentNH\src\FluentNHibernate\MappingModel\ClassBased\ClassMapping.cs:line 78
   at FluentNHibernate.Visitors.DefaultMappingModelVisitor.Visit(ClassMapping classMapping) in d:\Builds\FluentNH\src\FluentNHibernate\Visitors\DefaultMappingModelVisitor.cs:line 89
   at FluentNHibernate.MappingModel.HibernateMapping.AcceptVisitor(IMappingModelVisitor visitor) in d:\Builds\FluentNH\src\FluentNHibernate\MappingModel\HibernateMapping.cs:line 37
   at FluentNHibernate.Visitors.DefaultMappingModelVisitor.&lt;Visit&gt;b__0(HibernateMapping x) in d:\Builds\FluentNH\src\FluentNHibernate\Visitors\DefaultMappingModelVisitor.cs:line 79
   at FluentNHibernate.Utils.CollectionExtensions.Each[T](IEnumerable`1 enumerable, Action`1 each) in d:\Builds\FluentNH\src\FluentNHibernate\Utils\CollectionExtensions.cs:line 15
   at FluentNHibernate.Visitors.DefaultMappingModelVisitor.Visit(IEnumerable`1 mappings) in d:\Builds\FluentNH\src\FluentNHibernate\Visitors\DefaultMappingModelVisitor.cs:line 79
   at FluentNHibernate.PersistenceModel.ApplyVisitors(IEnumerable`1 mappings) in d:\Builds\FluentNH\src\FluentNHibernate\PersistenceModel.cs:line 214
   at FluentNHibernate.PersistenceModel.BuildMappings() in d:\Builds\FluentNH\src\FluentNHibernate\PersistenceModel.cs:line 169
   at FluentNHibernate.Automapping.AutoPersistenceModel.BuildMappings() in d:\Builds\FluentNH\src\FluentNHibernate\Automapping\AutoPersistenceModel.cs:line 134
   at FluentNHibernate.PersistenceModel.EnsureMappingsBuilt() in d:\Builds\FluentNH\src\FluentNHibernate\PersistenceModel.cs:line 221
   at FluentNHibernate.PersistenceModel.Configure(Configuration cfg) in d:\Builds\FluentNH\src\FluentNHibernate\PersistenceModel.cs:line 277
   at FluentNHibernate.Automapping.AutoPersistenceModel.Configure(Configuration configuration) in d:\Builds\FluentNH\src\FluentNHibernate\Automapping\AutoPersistenceModel.cs:line 201
   at FluentNHibernate.Cfg.AutoMappingsContainer.Apply(Configuration cfg, PersistenceModel model) in d:\Builds\FluentNH\src\FluentNHibernate\Cfg\AutoMappingsContainer.cs:line 86
   at FluentNHibernate.Cfg.MappingConfiguration.Apply(Configuration cfg) in d:\Builds\FluentNH\src\FluentNHibernate\Cfg\MappingConfiguration.cs:line 80
   at FluentNHibernate.Cfg.FluentConfiguration.BuildConfiguration() in d:\Builds\FluentNH\src\FluentNHibernate\Cfg\FluentConfiguration.cs:line 249
 --- End of inner exception stack trace ---
    at FluentNHibernate.Cfg.FluentConfiguration.BuildConfiguration() in d:\Builds\FluentNH\src\FluentNHibernate\Cfg\FluentConfiguration.cs:line 264
   at FluentNHibernate.Cfg.FluentConfiguration.BuildSessionFactory() in d:\Builds\FluentNH\src\FluentNHibernate\Cfg\FluentConfiguration.cs:line 230
 --- End of inner exception stack trace ---
    at FluentNHibernate.Cfg.FluentConfiguration.BuildSessionFactory() in d:\Builds\FluentNH\src\FluentNHibernate\Cfg\FluentConfiguration.cs:line 235
   at TestProject.NhModelsMapper.GetSessionFactory(String connectionString) in C:\Users\Michael\_CODE\Ienablemuch.ToTheEfnhX\TestProject\NhDbMapper.cs:line 63
   at TestProject.TestTheIRepository.Nh_Can_Detect_Transaction_From_Session_Begin_Transaction() in C:\Users\Michael\_CODE\Ienablemuch.ToTheEfnhX\TestProject\TestTheIRepository.cs:line 1239
</StackTrace>
        </ErrorInfo>
      </Output>
    </UnitTestResult>
    <UnitTestResult executionId="5739ea39-229c-4e73-a054-b1dda841f2ba" testId="5b9ac5c8-7814-fd36-cd57-f0de0de0fae7" testName="Saving_is_ok" computerName="MICHAEL-PC" duration="00:00:00.0025298" startTime="2012-06-03T10:13:53.3570000+08:00" endTime="2012-06-03T10:13:53.3660000+08:00" testType="13cdc9d9-ddb5-4fa4-a97d-d965ccfc6d4b" outcome="Passed" testListId="8c84fa94-04c1-424b-9868-57a2d4851a1d" relativeResultsDirectory="5739ea39-229c-4e73-a054-b1dda841f2ba">
    </UnitTestResult>
    <UnitTestResult executionId="e34db112-af4d-41fe-9df2-8762fa1476f1" testId="5d13769c-6ed9-df33-8e6d-b0cc79c073f2" testName="Nh_CanDetectUpdateConflictingDelete" computerName="MICHAEL-PC" duration="00:00:00.0221187" startTime="2012-06-03T10:13:53.3700000+08:00" endTime="2012-06-03T10:13:53.3960000+08:00" testType="13cdc9d9-ddb5-4fa4-a97d-d965ccfc6d4b" outcome="Failed" testListId="8c84fa94-04c1-424b-9868-57a2d4851a1d" relativeResultsDirectory="e34db112-af4d-41fe-9df2-8762fa1476f1">
      <Output>
        <ErrorInfo>
          <Message>Test method TestProject.TestTheIRepository.Nh_CanDetectUpdateConflictingDelete threw exception FluentNHibernate.Cfg.FluentConfigurationException, but exception Ienablemuch.ToTheEfnhX.DbChangesConcurrencyException was expected. Exception message: FluentNHibernate.Cfg.FluentConfigurationException: An invalid or incomplete configuration was used while creating a SessionFactory. Check PotentialReasons collection, and InnerException for more detail.

 ---&gt; FluentNHibernate.Cfg.FluentConfigurationException: An invalid or incomplete configuration was used while creating a SessionFactory. Check PotentialReasons collection, and InnerException for more detail.

 ---&gt; FluentNHibernate.Visitors.ValidationException: The entity 'Question' doesn't have an Id mapped. Use the Id method to map your identity property. For example: Id(x =&gt; x.Id).</Message>
          <StackTrace>    at FluentNHibernate.Visitors.ValidationVisitor.ProcessClass(ClassMapping classMapping) in d:\Builds\FluentNH\src\FluentNHibernate\Visitors\ValidationVisitor.cs:line 20
   at FluentNHibernate.MappingModel.ClassBased.ClassMapping.AcceptVisitor(IMappingModelVisitor visitor) in d:\Builds\FluentNH\src\FluentNHibernate\MappingModel\ClassBased\ClassMapping.cs:line 78
   at FluentNHibernate.Visitors.DefaultMappingModelVisitor.Visit(ClassMapping classMapping) in d:\Builds\FluentNH\src\FluentNHibernate\Visitors\DefaultMappingModelVisitor.cs:line 89
   at FluentNHibernate.MappingModel.HibernateMapping.AcceptVisitor(IMappingModelVisitor visitor) in d:\Builds\FluentNH\src\FluentNHibernate\MappingModel\HibernateMapping.cs:line 37
   at FluentNHibernate.Visitors.DefaultMappingModelVisitor.&lt;Visit&gt;b__0(HibernateMapping x) in d:\Builds\FluentNH\src\FluentNHibernate\Visitors\DefaultMappingModelVisitor.cs:line 79
   at FluentNHibernate.Utils.CollectionExtensions.Each[T](IEnumerable`1 enumerable, Action`1 each) in d:\Builds\FluentNH\src\FluentNHibernate\Utils\CollectionExtensions.cs:line 15
   at FluentNHibernate.Visitors.DefaultMappingModelVisitor.Visit(IEnumerable`1 mappings) in d:\Builds\FluentNH\src\FluentNHibernate\Visitors\DefaultMappingModelVisitor.cs:line 79
   at FluentNHibernate.PersistenceModel.ApplyVisitors(IEnumerable`1 mappings) in d:\Builds\FluentNH\src\FluentNHibernate\PersistenceModel.cs:line 214
   at FluentNHibernate.PersistenceModel.BuildMappings() in d:\Builds\FluentNH\src\FluentNHibernate\PersistenceModel.cs:line 169
   at FluentNHibernate.Automapping.AutoPersistenceModel.BuildMappings() in d:\Builds\FluentNH\src\FluentNHibernate\Automapping\AutoPersistenceModel.cs:line 134
   at FluentNHibernate.PersistenceModel.EnsureMappingsBuilt() in d:\Builds\FluentNH\src\FluentNHibernate\PersistenceModel.cs:line 221
   at FluentNHibernate.PersistenceModel.Configure(Configuration cfg) in d:\Builds\FluentNH\src\FluentNHibernate\PersistenceModel.cs:line 277
   at FluentNHibernate.Automapping.AutoPersistenceModel.Configure(Configuration configuration) in d:\Builds\FluentNH\src\FluentNHibernate\Automapping\AutoPersistenceModel.cs:line 201
   at FluentNHibernate.Cfg.AutoMappingsContainer.Apply(Configuration cfg, PersistenceModel model) in d:\Builds\FluentNH\src\FluentNHibernate\Cfg\AutoMappingsContainer.cs:line 86
   at FluentNHibernate.Cfg.MappingConfiguration.Apply(Configuration cfg) in d:\Builds\FluentNH\src\FluentNHibernate\Cfg\MappingConfiguration.cs:line 80
   at FluentNHibernate.Cfg.FluentConfiguration.BuildConfiguration() in d:\Builds\FluentNH\src\FluentNHibernate\Cfg\FluentConfiguration.cs:line 249
 --- End of inner exception stack trace ---
    at FluentNHibernate.Cfg.FluentConfiguration.BuildConfiguration() in d:\Builds\FluentNH\src\FluentNHibernate\Cfg\FluentConfiguration.cs:line 264
   at FluentNHibernate.Cfg.FluentConfiguration.BuildSessionFactory() in d:\Builds\FluentNH\src\FluentNHibernate\Cfg\FluentConfiguration.cs:line 230
 --- End of inner exception stack trace ---
    at FluentNHibernate.Cfg.FluentConfiguration.BuildSessionFactory() in d:\Builds\FluentNH\src\FluentNHibernate\Cfg\FluentConfiguration.cs:line 235
   at TestProject.NhModelsMapper.GetSessionFactory(String connectionString) in C:\Users\Michael\_CODE\Ienablemuch.ToTheEfnhX\TestProject\NhDbMapper.cs:line 63
   at TestProject.TestTheIRepository.Nh_CanDetectUpdateConflictingDelete() in C:\Users\Michael\_CODE\Ienablemuch.ToTheEfnhX\TestProject\TestTheIRepository.cs:line 510
</StackTrace>
        </ErrorInfo>
      </Output>
    </UnitTestResult>
    <UnitTestResult executionId="daae13af-4f5e-443e-87ae-7c57a9f8ecdf" testId="63d9977f-78b2-ba78-f19b-1e84d68eabe8" testName="Nh_CanUpdate" computerName="MICHAEL-PC" duration="00:00:00.0219780" startTime="2012-06-03T10:13:53.4010000+08:00" endTime="2012-06-03T10:13:53.4310000+08:00" testType="13cdc9d9-ddb5-4fa4-a97d-d965ccfc6d4b" outcome="Failed" testListId="8c84fa94-04c1-424b-9868-57a2d4851a1d" relativeResultsDirectory="daae13af-4f5e-443e-87ae-7c57a9f8ecdf">
      <Output>
        <ErrorInfo>
          <Message>Test method TestProject.TestTheIRepository.Nh_CanUpdate threw exception: 
FluentNHibernate.Cfg.FluentConfigurationException: An invalid or incomplete configuration was used while creating a SessionFactory. Check PotentialReasons collection, and InnerException for more detail.

 ---&gt; FluentNHibernate.Cfg.FluentConfigurationException: An invalid or incomplete configuration was used while creating a SessionFactory. Check PotentialReasons collection, and InnerException for more detail.

 ---&gt; FluentNHibernate.Visitors.ValidationException: The entity 'Question' doesn't have an Id mapped. Use the Id method to map your identity property. For example: Id(x =&gt; x.Id).</Message>
          <StackTrace>    at FluentNHibernate.Visitors.ValidationVisitor.ProcessClass(ClassMapping classMapping) in d:\Builds\FluentNH\src\FluentNHibernate\Visitors\ValidationVisitor.cs:line 20
   at FluentNHibernate.MappingModel.ClassBased.ClassMapping.AcceptVisitor(IMappingModelVisitor visitor) in d:\Builds\FluentNH\src\FluentNHibernate\MappingModel\ClassBased\ClassMapping.cs:line 78
   at FluentNHibernate.Visitors.DefaultMappingModelVisitor.Visit(ClassMapping classMapping) in d:\Builds\FluentNH\src\FluentNHibernate\Visitors\DefaultMappingModelVisitor.cs:line 89
   at FluentNHibernate.MappingModel.HibernateMapping.AcceptVisitor(IMappingModelVisitor visitor) in d:\Builds\FluentNH\src\FluentNHibernate\MappingModel\HibernateMapping.cs:line 37
   at FluentNHibernate.Visitors.DefaultMappingModelVisitor.&lt;Visit&gt;b__0(HibernateMapping x) in d:\Builds\FluentNH\src\FluentNHibernate\Visitors\DefaultMappingModelVisitor.cs:line 79
   at FluentNHibernate.Utils.CollectionExtensions.Each[T](IEnumerable`1 enumerable, Action`1 each) in d:\Builds\FluentNH\src\FluentNHibernate\Utils\CollectionExtensions.cs:line 15
   at FluentNHibernate.Visitors.DefaultMappingModelVisitor.Visit(IEnumerable`1 mappings) in d:\Builds\FluentNH\src\FluentNHibernate\Visitors\DefaultMappingModelVisitor.cs:line 79
   at FluentNHibernate.PersistenceModel.ApplyVisitors(IEnumerable`1 mappings) in d:\Builds\FluentNH\src\FluentNHibernate\PersistenceModel.cs:line 214
   at FluentNHibernate.PersistenceModel.BuildMappings() in d:\Builds\FluentNH\src\FluentNHibernate\PersistenceModel.cs:line 169
   at FluentNHibernate.Automapping.AutoPersistenceModel.BuildMappings() in d:\Builds\FluentNH\src\FluentNHibernate\Automapping\AutoPersistenceModel.cs:line 134
   at FluentNHibernate.PersistenceModel.EnsureMappingsBuilt() in d:\Builds\FluentNH\src\FluentNHibernate\PersistenceModel.cs:line 221
   at FluentNHibernate.PersistenceModel.Configure(Configuration cfg) in d:\Builds\FluentNH\src\FluentNHibernate\PersistenceModel.cs:line 277
   at FluentNHibernate.Automapping.AutoPersistenceModel.Configure(Configuration configuration) in d:\Builds\FluentNH\src\FluentNHibernate\Automapping\AutoPersistenceModel.cs:line 201
   at FluentNHibernate.Cfg.AutoMappingsContainer.Apply(Configuration cfg, PersistenceModel model) in d:\Builds\FluentNH\src\FluentNHibernate\Cfg\AutoMappingsContainer.cs:line 86
   at FluentNHibernate.Cfg.MappingConfiguration.Apply(Configuration cfg) in d:\Builds\FluentNH\src\FluentNHibernate\Cfg\MappingConfiguration.cs:line 80
   at FluentNHibernate.Cfg.FluentConfiguration.BuildConfiguration() in d:\Builds\FluentNH\src\FluentNHibernate\Cfg\FluentConfiguration.cs:line 249
 --- End of inner exception stack trace ---
    at FluentNHibernate.Cfg.FluentConfiguration.BuildConfiguration() in d:\Builds\FluentNH\src\FluentNHibernate\Cfg\FluentConfiguration.cs:line 264
   at FluentNHibernate.Cfg.FluentConfiguration.BuildSessionFactory() in d:\Builds\FluentNH\src\FluentNHibernate\Cfg\FluentConfiguration.cs:line 230
 --- End of inner exception stack trace ---
    at FluentNHibernate.Cfg.FluentConfiguration.BuildSessionFactory() in d:\Builds\FluentNH\src\FluentNHibernate\Cfg\FluentConfiguration.cs:line 235
   at TestProject.NhModelsMapper.GetSessionFactory(String connectionString) in C:\Users\Michael\_CODE\Ienablemuch.ToTheEfnhX\TestProject\NhDbMapper.cs:line 63
   at TestProject.TestTheIRepository.Nh_CanUpdate() in C:\Users\Michael\_CODE\Ienablemuch.ToTheEfnhX\TestProject\TestTheIRepository.cs:line 312
</StackTrace>
        </ErrorInfo>
      </Output>
    </UnitTestResult>
    <UnitTestResult executionId="032d37df-9b2e-4d03-bcd2-1ad861cb24fb" testId="6a52032d-db59-8802-47db-20699e8ef053" testName="Ef_CanSave" computerName="MICHAEL-PC" duration="00:00:00.0158967" startTime="2012-06-03T10:13:53.4430000+08:00" endTime="2012-06-03T10:13:53.4690000+08:00" testType="13cdc9d9-ddb5-4fa4-a97d-d965ccfc6d4b" outcome="Passed" testListId="8c84fa94-04c1-424b-9868-57a2d4851a1d" relativeResultsDirectory="032d37df-9b2e-4d03-bcd2-1ad861cb24fb">
    </UnitTestResult>
    <UnitTestResult executionId="d977d9b6-bad2-48a0-b0ec-c0220f3f85c5" testId="6b805790-9c4f-2071-6e55-fbbb337c0021" testName="Memory_CanSaveTransaction" computerName="MICHAEL-PC" duration="00:00:00.0039245" startTime="2012-06-03T10:13:53.4720000+08:00" endTime="2012-06-03T10:13:53.4810000+08:00" testType="13cdc9d9-ddb5-4fa4-a97d-d965ccfc6d4b" outcome="Passed" testListId="8c84fa94-04c1-424b-9868-57a2d4851a1d" relativeResultsDirectory="d977d9b6-bad2-48a0-b0ec-c0220f3f85c5">
    </UnitTestResult>
    <UnitTestResult executionId="7ed20c10-ecb6-42f4-9b32-afe519b4bbb4" testId="7b0e110e-2e6a-879c-359f-7b225fdba37f" testName="Nh_CanDetectUpdateConflictingUpdate" computerName="MICHAEL-PC" duration="00:00:00.0212066" startTime="2012-06-03T10:13:53.4830000+08:00" endTime="2012-06-03T10:13:53.5090000+08:00" testType="13cdc9d9-ddb5-4fa4-a97d-d965ccfc6d4b" outcome="Failed" testListId="8c84fa94-04c1-424b-9868-57a2d4851a1d" relativeResultsDirectory="7ed20c10-ecb6-42f4-9b32-afe519b4bbb4">
      <Output>
        <ErrorInfo>
          <Message>Test method TestProject.TestTheIRepository.Nh_CanDetectUpdateConflictingUpdate threw exception FluentNHibernate.Cfg.FluentConfigurationException, but exception Ienablemuch.ToTheEfnhX.DbChangesConcurrencyException was expected. Exception message: FluentNHibernate.Cfg.FluentConfigurationException: An invalid or incomplete configuration was used while creating a SessionFactory. Check PotentialReasons collection, and InnerException for more detail.

 ---&gt; FluentNHibernate.Cfg.FluentConfigurationException: An invalid or incomplete configuration was used while creating a SessionFactory. Check PotentialReasons collection, and InnerException for more detail.

 ---&gt; FluentNHibernate.Visitors.ValidationException: The entity 'Question' doesn't have an Id mapped. Use the Id method to map your identity property. For example: Id(x =&gt; x.Id).</Message>
          <StackTrace>    at FluentNHibernate.Visitors.ValidationVisitor.ProcessClass(ClassMapping classMapping) in d:\Builds\FluentNH\src\FluentNHibernate\Visitors\ValidationVisitor.cs:line 20
   at FluentNHibernate.MappingModel.ClassBased.ClassMapping.AcceptVisitor(IMappingModelVisitor visitor) in d:\Builds\FluentNH\src\FluentNHibernate\MappingModel\ClassBased\ClassMapping.cs:line 78
   at FluentNHibernate.Visitors.DefaultMappingModelVisitor.Visit(ClassMapping classMapping) in d:\Builds\FluentNH\src\FluentNHibernate\Visitors\DefaultMappingModelVisitor.cs:line 89
   at FluentNHibernate.MappingModel.HibernateMapping.AcceptVisitor(IMappingModelVisitor visitor) in d:\Builds\FluentNH\src\FluentNHibernate\MappingModel\HibernateMapping.cs:line 37
   at FluentNHibernate.Visitors.DefaultMappingModelVisitor.&lt;Visit&gt;b__0(HibernateMapping x) in d:\Builds\FluentNH\src\FluentNHibernate\Visitors\DefaultMappingModelVisitor.cs:line 79
   at FluentNHibernate.Utils.CollectionExtensions.Each[T](IEnumerable`1 enumerable, Action`1 each) in d:\Builds\FluentNH\src\FluentNHibernate\Utils\CollectionExtensions.cs:line 15
   at FluentNHibernate.Visitors.DefaultMappingModelVisitor.Visit(IEnumerable`1 mappings) in d:\Builds\FluentNH\src\FluentNHibernate\Visitors\DefaultMappingModelVisitor.cs:line 79
   at FluentNHibernate.PersistenceModel.ApplyVisitors(IEnumerable`1 mappings) in d:\Builds\FluentNH\src\FluentNHibernate\PersistenceModel.cs:line 214
   at FluentNHibernate.PersistenceModel.BuildMappings() in d:\Builds\FluentNH\src\FluentNHibernate\PersistenceModel.cs:line 169
   at FluentNHibernate.Automapping.AutoPersistenceModel.BuildMappings() in d:\Builds\FluentNH\src\FluentNHibernate\Automapping\AutoPersistenceModel.cs:line 134
   at FluentNHibernate.PersistenceModel.EnsureMappingsBuilt() in d:\Builds\FluentNH\src\FluentNHibernate\PersistenceModel.cs:line 221
   at FluentNHibernate.PersistenceModel.Configure(Configuration cfg) in d:\Builds\FluentNH\src\FluentNHibernate\PersistenceModel.cs:line 277
   at FluentNHibernate.Automapping.AutoPersistenceModel.Configure(Configuration configuration) in d:\Builds\FluentNH\src\FluentNHibernate\Automapping\AutoPersistenceModel.cs:line 201
   at FluentNHibernate.Cfg.AutoMappingsContainer.Apply(Configuration cfg, PersistenceModel model) in d:\Builds\FluentNH\src\FluentNHibernate\Cfg\AutoMappingsContainer.cs:line 86
   at FluentNHibernate.Cfg.MappingConfiguration.Apply(Configuration cfg) in d:\Builds\FluentNH\src\FluentNHibernate\Cfg\MappingConfiguration.cs:line 80
   at FluentNHibernate.Cfg.FluentConfiguration.BuildConfiguration() in d:\Builds\FluentNH\src\FluentNHibernate\Cfg\FluentConfiguration.cs:line 249
 --- End of inner exception stack trace ---
    at FluentNHibernate.Cfg.FluentConfiguration.BuildConfiguration() in d:\Builds\FluentNH\src\FluentNHibernate\Cfg\FluentConfiguration.cs:line 264
   at FluentNHibernate.Cfg.FluentConfiguration.BuildSessionFactory() in d:\Builds\FluentNH\src\FluentNHibernate\Cfg\FluentConfiguration.cs:line 230
 --- End of inner exception stack trace ---
    at FluentNHibernate.Cfg.FluentConfiguration.BuildSessionFactory() in d:\Builds\FluentNH\src\FluentNHibernate\Cfg\FluentConfiguration.cs:line 235
   at TestProject.NhModelsMapper.GetSessionFactory(String connectionString) in C:\Users\Michael\_CODE\Ienablemuch.ToTheEfnhX\TestProject\NhDbMapper.cs:line 63
   at TestProject.TestTheIRepository.Nh_CanDetectUpdateConflictingUpdate() in C:\Users\Michael\_CODE\Ienablemuch.ToTheEfnhX\TestProject\TestTheIRepository.cs:line 464
</StackTrace>
        </ErrorInfo>
      </Output>
    </UnitTestResult>
    <UnitTestResult executionId="e781b7f1-a34e-4016-b46e-6b4237135c56" testId="83330a72-51da-0d0d-d2b2-826b2f6cfd00" testName="Nh_SessionTransaction_can_detect_its_own_transaction_commitness_only" computerName="MICHAEL-PC" duration="00:00:00.0200338" startTime="2012-06-03T10:13:53.5130000+08:00" endTime="2012-06-03T10:13:53.5410000+08:00" testType="13cdc9d9-ddb5-4fa4-a97d-d965ccfc6d4b" outcome="Failed" testListId="8c84fa94-04c1-424b-9868-57a2d4851a1d" relativeResultsDirectory="e781b7f1-a34e-4016-b46e-6b4237135c56">
      <Output>
        <ErrorInfo>
          <Message>Test method TestProject.TestTheIRepository.Nh_SessionTransaction_can_detect_its_own_transaction_commitness_only threw exception: 
FluentNHibernate.Cfg.FluentConfigurationException: An invalid or incomplete configuration was used while creating a SessionFactory. Check PotentialReasons collection, and InnerException for more detail.

 ---&gt; FluentNHibernate.Cfg.FluentConfigurationException: An invalid or incomplete configuration was used while creating a SessionFactory. Check PotentialReasons collection, and InnerException for more detail.

 ---&gt; FluentNHibernate.Visitors.ValidationException: The entity 'Question' doesn't have an Id mapped. Use the Id method to map your identity property. For example: Id(x =&gt; x.Id).</Message>
          <StackTrace>    at FluentNHibernate.Visitors.ValidationVisitor.ProcessClass(ClassMapping classMapping) in d:\Builds\FluentNH\src\FluentNHibernate\Visitors\ValidationVisitor.cs:line 20
   at FluentNHibernate.MappingModel.ClassBased.ClassMapping.AcceptVisitor(IMappingModelVisitor visitor) in d:\Builds\FluentNH\src\FluentNHibernate\MappingModel\ClassBased\ClassMapping.cs:line 78
   at FluentNHibernate.Visitors.DefaultMappingModelVisitor.Visit(ClassMapping classMapping) in d:\Builds\FluentNH\src\FluentNHibernate\Visitors\DefaultMappingModelVisitor.cs:line 89
   at FluentNHibernate.MappingModel.HibernateMapping.AcceptVisitor(IMappingModelVisitor visitor) in d:\Builds\FluentNH\src\FluentNHibernate\MappingModel\HibernateMapping.cs:line 37
   at FluentNHibernate.Visitors.DefaultMappingModelVisitor.&lt;Visit&gt;b__0(HibernateMapping x) in d:\Builds\FluentNH\src\FluentNHibernate\Visitors\DefaultMappingModelVisitor.cs:line 79
   at FluentNHibernate.Utils.CollectionExtensions.Each[T](IEnumerable`1 enumerable, Action`1 each) in d:\Builds\FluentNH\src\FluentNHibernate\Utils\CollectionExtensions.cs:line 15
   at FluentNHibernate.Visitors.DefaultMappingModelVisitor.Visit(IEnumerable`1 mappings) in d:\Builds\FluentNH\src\FluentNHibernate\Visitors\DefaultMappingModelVisitor.cs:line 79
   at FluentNHibernate.PersistenceModel.ApplyVisitors(IEnumerable`1 mappings) in d:\Builds\FluentNH\src\FluentNHibernate\PersistenceModel.cs:line 214
   at FluentNHibernate.PersistenceModel.BuildMappings() in d:\Builds\FluentNH\src\FluentNHibernate\PersistenceModel.cs:line 169
   at FluentNHibernate.Automapping.AutoPersistenceModel.BuildMappings() in d:\Builds\FluentNH\src\FluentNHibernate\Automapping\AutoPersistenceModel.cs:line 134
   at FluentNHibernate.PersistenceModel.EnsureMappingsBuilt() in d:\Builds\FluentNH\src\FluentNHibernate\PersistenceModel.cs:line 221
   at FluentNHibernate.PersistenceModel.Configure(Configuration cfg) in d:\Builds\FluentNH\src\FluentNHibernate\PersistenceModel.cs:line 277
   at FluentNHibernate.Automapping.AutoPersistenceModel.Configure(Configuration configuration) in d:\Builds\FluentNH\src\FluentNHibernate\Automapping\AutoPersistenceModel.cs:line 201
   at FluentNHibernate.Cfg.AutoMappingsContainer.Apply(Configuration cfg, PersistenceModel model) in d:\Builds\FluentNH\src\FluentNHibernate\Cfg\AutoMappingsContainer.cs:line 86
   at FluentNHibernate.Cfg.MappingConfiguration.Apply(Configuration cfg) in d:\Builds\FluentNH\src\FluentNHibernate\Cfg\MappingConfiguration.cs:line 80
   at FluentNHibernate.Cfg.FluentConfiguration.BuildConfiguration() in d:\Builds\FluentNH\src\FluentNHibernate\Cfg\FluentConfiguration.cs:line 249
 --- End of inner exception stack trace ---
    at FluentNHibernate.Cfg.FluentConfiguration.BuildConfiguration() in d:\Builds\FluentNH\src\FluentNHibernate\Cfg\FluentConfiguration.cs:line 264
   at FluentNHibernate.Cfg.FluentConfiguration.BuildSessionFactory() in d:\Builds\FluentNH\src\FluentNHibernate\Cfg\FluentConfiguration.cs:line 230
 --- End of inner exception stack trace ---
    at FluentNHibernate.Cfg.FluentConfiguration.BuildSessionFactory() in d:\Builds\FluentNH\src\FluentNHibernate\Cfg\FluentConfiguration.cs:line 235
   at TestProject.NhModelsMapper.GetSessionFactory(String connectionString) in C:\Users\Michael\_CODE\Ienablemuch.ToTheEfnhX\TestProject\NhDbMapper.cs:line 63
   at TestProject.TestTheIRepository.Nh_SessionTransaction_can_detect_its_own_transaction_commitness_only() in C:\Users\Michael\_CODE\Ienablemuch.ToTheEfnhX\TestProject\TestTheIRepository.cs:line 1292
</StackTrace>
        </ErrorInfo>
      </Output>
    </UnitTestResult>
    <UnitTestResult executionId="92fb6e58-e46d-4aac-ac8f-5da9b5e5fdf3" testId="8557e6ab-47d2-b8b1-2926-0bb94a2d505d" testName="Nh_CanDetectDeleteConflictingDelete" computerName="MICHAEL-PC" duration="00:00:00.0240206" startTime="2012-06-03T10:13:53.5460000+08:00" endTime="2012-06-03T10:13:53.5780000+08:00" testType="13cdc9d9-ddb5-4fa4-a97d-d965ccfc6d4b" outcome="Failed" testListId="8c84fa94-04c1-424b-9868-57a2d4851a1d" relativeResultsDirectory="92fb6e58-e46d-4aac-ac8f-5da9b5e5fdf3">
      <Output>
        <ErrorInfo>
          <Message>Test method TestProject.TestTheIRepository.Nh_CanDetectDeleteConflictingDelete threw exception FluentNHibernate.Cfg.FluentConfigurationException, but exception Ienablemuch.ToTheEfnhX.DbChangesConcurrencyException was expected. Exception message: FluentNHibernate.Cfg.FluentConfigurationException: An invalid or incomplete configuration was used while creating a SessionFactory. Check PotentialReasons collection, and InnerException for more detail.

 ---&gt; FluentNHibernate.Cfg.FluentConfigurationException: An invalid or incomplete configuration was used while creating a SessionFactory. Check PotentialReasons collection, and InnerException for more detail.

 ---&gt; FluentNHibernate.Visitors.ValidationException: The entity 'Question' doesn't have an Id mapped. Use the Id method to map your identity property. For example: Id(x =&gt; x.Id).</Message>
          <StackTrace>    at FluentNHibernate.Visitors.ValidationVisitor.ProcessClass(ClassMapping classMapping) in d:\Builds\FluentNH\src\FluentNHibernate\Visitors\ValidationVisitor.cs:line 20
   at FluentNHibernate.MappingModel.ClassBased.ClassMapping.AcceptVisitor(IMappingModelVisitor visitor) in d:\Builds\FluentNH\src\FluentNHibernate\MappingModel\ClassBased\ClassMapping.cs:line 78
   at FluentNHibernate.Visitors.DefaultMappingModelVisitor.Visit(ClassMapping classMapping) in d:\Builds\FluentNH\src\FluentNHibernate\Visitors\DefaultMappingModelVisitor.cs:line 89
   at FluentNHibernate.MappingModel.HibernateMapping.AcceptVisitor(IMappingModelVisitor visitor) in d:\Builds\FluentNH\src\FluentNHibernate\MappingModel\HibernateMapping.cs:line 37
   at FluentNHibernate.Visitors.DefaultMappingModelVisitor.&lt;Visit&gt;b__0(HibernateMapping x) in d:\Builds\FluentNH\src\FluentNHibernate\Visitors\DefaultMappingModelVisitor.cs:line 79
   at FluentNHibernate.Utils.CollectionExtensions.Each[T](IEnumerable`1 enumerable, Action`1 each) in d:\Builds\FluentNH\src\FluentNHibernate\Utils\CollectionExtensions.cs:line 15
   at FluentNHibernate.Visitors.DefaultMappingModelVisitor.Visit(IEnumerable`1 mappings) in d:\Builds\FluentNH\src\FluentNHibernate\Visitors\DefaultMappingModelVisitor.cs:line 79
   at FluentNHibernate.PersistenceModel.ApplyVisitors(IEnumerable`1 mappings) in d:\Builds\FluentNH\src\FluentNHibernate\PersistenceModel.cs:line 214
   at FluentNHibernate.PersistenceModel.BuildMappings() in d:\Builds\FluentNH\src\FluentNHibernate\PersistenceModel.cs:line 169
   at FluentNHibernate.Automapping.AutoPersistenceModel.BuildMappings() in d:\Builds\FluentNH\src\FluentNHibernate\Automapping\AutoPersistenceModel.cs:line 134
   at FluentNHibernate.PersistenceModel.EnsureMappingsBuilt() in d:\Builds\FluentNH\src\FluentNHibernate\PersistenceModel.cs:line 221
   at FluentNHibernate.PersistenceModel.Configure(Configuration cfg) in d:\Builds\FluentNH\src\FluentNHibernate\PersistenceModel.cs:line 277
   at FluentNHibernate.Automapping.AutoPersistenceModel.Configure(Configuration configuration) in d:\Builds\FluentNH\src\FluentNHibernate\Automapping\AutoPersistenceModel.cs:line 201
   at FluentNHibernate.Cfg.AutoMappingsContainer.Apply(Configuration cfg, PersistenceModel model) in d:\Builds\FluentNH\src\FluentNHibernate\Cfg\AutoMappingsContainer.cs:line 86
   at FluentNHibernate.Cfg.MappingConfiguration.Apply(Configuration cfg) in d:\Builds\FluentNH\src\FluentNHibernate\Cfg\MappingConfiguration.cs:line 80
   at FluentNHibernate.Cfg.FluentConfiguration.BuildConfiguration() in d:\Builds\FluentNH\src\FluentNHibernate\Cfg\FluentConfiguration.cs:line 249
 --- End of inner exception stack trace ---
    at FluentNHibernate.Cfg.FluentConfiguration.BuildConfiguration() in d:\Builds\FluentNH\src\FluentNHibernate\Cfg\FluentConfiguration.cs:line 264
   at FluentNHibernate.Cfg.FluentConfiguration.BuildSessionFactory() in d:\Builds\FluentNH\src\FluentNHibernate\Cfg\FluentConfiguration.cs:line 230
 --- End of inner exception stack trace ---
    at FluentNHibernate.Cfg.FluentConfiguration.BuildSessionFactory() in d:\Builds\FluentNH\src\FluentNHibernate\Cfg\FluentConfiguration.cs:line 235
   at TestProject.NhModelsMapper.GetSessionFactory(String connectionString) in C:\Users\Michael\_CODE\Ienablemuch.ToTheEfnhX\TestProject\NhDbMapper.cs:line 63
   at TestProject.TestTheIRepository.Nh_CanDetectDeleteConflictingDelete() in C:\Users\Michael\_CODE\Ienablemuch.ToTheEfnhX\TestProject\TestTheIRepository.cs:line 609
</StackTrace>
        </ErrorInfo>
      </Output>
    </UnitTestResult>
    <UnitTestResult executionId="bdd1e6c5-55dc-4869-b5b2-45d835b3115b" testId="86150143-fb0b-c807-6c85-448e509331e0" testName="Ef_HasRowVersion" computerName="MICHAEL-PC" duration="00:00:00.0161524" startTime="2012-06-03T10:13:53.5850000+08:00" endTime="2012-06-03T10:13:53.6120000+08:00" testType="13cdc9d9-ddb5-4fa4-a97d-d965ccfc6d4b" outcome="Passed" testListId="8c84fa94-04c1-424b-9868-57a2d4851a1d" relativeResultsDirectory="bdd1e6c5-55dc-4869-b5b2-45d835b3115b">
    </UnitTestResult>
    <UnitTestResult executionId="8dc0de0c-85a2-4d69-9681-92f1441cb440" testId="8ae0b4b0-ccc4-fc93-736a-72af24764f70" testName="Nh_Can_queue_changes" computerName="MICHAEL-PC" duration="00:00:00.0214558" startTime="2012-06-03T10:13:53.6160000+08:00" endTime="2012-06-03T10:13:53.6420000+08:00" testType="13cdc9d9-ddb5-4fa4-a97d-d965ccfc6d4b" outcome="Failed" testListId="8c84fa94-04c1-424b-9868-57a2d4851a1d" relativeResultsDirectory="8dc0de0c-85a2-4d69-9681-92f1441cb440">
      <Output>
        <ErrorInfo>
          <Message>Test method TestProject.TestTheIRepository.Nh_Can_queue_changes threw exception: 
FluentNHibernate.Cfg.FluentConfigurationException: An invalid or incomplete configuration was used while creating a SessionFactory. Check PotentialReasons collection, and InnerException for more detail.

 ---&gt; FluentNHibernate.Cfg.FluentConfigurationException: An invalid or incomplete configuration was used while creating a SessionFactory. Check PotentialReasons collection, and InnerException for more detail.

 ---&gt; FluentNHibernate.Visitors.ValidationException: The entity 'Question' doesn't have an Id mapped. Use the Id method to map your identity property. For example: Id(x =&gt; x.Id).</Message>
          <StackTrace>    at FluentNHibernate.Visitors.ValidationVisitor.ProcessClass(ClassMapping classMapping) in d:\Builds\FluentNH\src\FluentNHibernate\Visitors\ValidationVisitor.cs:line 20
   at FluentNHibernate.MappingModel.ClassBased.ClassMapping.AcceptVisitor(IMappingModelVisitor visitor) in d:\Builds\FluentNH\src\FluentNHibernate\MappingModel\ClassBased\ClassMapping.cs:line 78
   at FluentNHibernate.Visitors.DefaultMappingModelVisitor.Visit(ClassMapping classMapping) in d:\Builds\FluentNH\src\FluentNHibernate\Visitors\DefaultMappingModelVisitor.cs:line 89
   at FluentNHibernate.MappingModel.HibernateMapping.AcceptVisitor(IMappingModelVisitor visitor) in d:\Builds\FluentNH\src\FluentNHibernate\MappingModel\HibernateMapping.cs:line 37
   at FluentNHibernate.Visitors.DefaultMappingModelVisitor.&lt;Visit&gt;b__0(HibernateMapping x) in d:\Builds\FluentNH\src\FluentNHibernate\Visitors\DefaultMappingModelVisitor.cs:line 79
   at FluentNHibernate.Utils.CollectionExtensions.Each[T](IEnumerable`1 enumerable, Action`1 each) in d:\Builds\FluentNH\src\FluentNHibernate\Utils\CollectionExtensions.cs:line 15
   at FluentNHibernate.Visitors.DefaultMappingModelVisitor.Visit(IEnumerable`1 mappings) in d:\Builds\FluentNH\src\FluentNHibernate\Visitors\DefaultMappingModelVisitor.cs:line 79
   at FluentNHibernate.PersistenceModel.ApplyVisitors(IEnumerable`1 mappings) in d:\Builds\FluentNH\src\FluentNHibernate\PersistenceModel.cs:line 214
   at FluentNHibernate.PersistenceModel.BuildMappings() in d:\Builds\FluentNH\src\FluentNHibernate\PersistenceModel.cs:line 169
   at FluentNHibernate.Automapping.AutoPersistenceModel.BuildMappings() in d:\Builds\FluentNH\src\FluentNHibernate\Automapping\AutoPersistenceModel.cs:line 134
   at FluentNHibernate.PersistenceModel.EnsureMappingsBuilt() in d:\Builds\FluentNH\src\FluentNHibernate\PersistenceModel.cs:line 221
   at FluentNHibernate.PersistenceModel.Configure(Configuration cfg) in d:\Builds\FluentNH\src\FluentNHibernate\PersistenceModel.cs:line 277
   at FluentNHibernate.Automapping.AutoPersistenceModel.Configure(Configuration configuration) in d:\Builds\FluentNH\src\FluentNHibernate\Automapping\AutoPersistenceModel.cs:line 201
   at FluentNHibernate.Cfg.AutoMappingsContainer.Apply(Configuration cfg, PersistenceModel model) in d:\Builds\FluentNH\src\FluentNHibernate\Cfg\AutoMappingsContainer.cs:line 86
   at FluentNHibernate.Cfg.MappingConfiguration.Apply(Configuration cfg) in d:\Builds\FluentNH\src\FluentNHibernate\Cfg\MappingConfiguration.cs:line 80
   at FluentNHibernate.Cfg.FluentConfiguration.BuildConfiguration() in d:\Builds\FluentNH\src\FluentNHibernate\Cfg\FluentConfiguration.cs:line 249
 --- End of inner exception stack trace ---
    at FluentNHibernate.Cfg.FluentConfiguration.BuildConfiguration() in d:\Builds\FluentNH\src\FluentNHibernate\Cfg\FluentConfiguration.cs:line 264
   at FluentNHibernate.Cfg.FluentConfiguration.BuildSessionFactory() in d:\Builds\FluentNH\src\FluentNHibernate\Cfg\FluentConfiguration.cs:line 230
 --- End of inner exception stack trace ---
    at FluentNHibernate.Cfg.FluentConfiguration.BuildSessionFactory() in d:\Builds\FluentNH\src\FluentNHibernate\Cfg\FluentConfiguration.cs:line 235
   at TestProject.NhModelsMapper.GetSessionFactory(String connectionString) in C:\Users\Michael\_CODE\Ienablemuch.ToTheEfnhX\TestProject\NhDbMapper.cs:line 63
   at TestProject.TestTheIRepository.Nh_Can_queue_changes() in C:\Users\Michael\_CODE\Ienablemuch.ToTheEfnhX\TestProject\TestTheIRepository.cs:line 881
</StackTrace>
        </ErrorInfo>
      </Output>
    </UnitTestResult>
    <UnitTestResult executionId="65ca79ef-a0ba-4f1e-855d-50796ba962a3" testId="8af4731e-1204-41e4-f479-73db6099844b" testName="Nh_Can_Orm_Merge_Can_Create" computerName="MICHAEL-PC" duration="00:00:00.0212919" startTime="2012-06-03T10:13:53.6470000+08:00" endTime="2012-06-03T10:13:53.6760000+08:00" testType="13cdc9d9-ddb5-4fa4-a97d-d965ccfc6d4b" outcome="Failed" testListId="8c84fa94-04c1-424b-9868-57a2d4851a1d" relativeResultsDirectory="65ca79ef-a0ba-4f1e-855d-50796ba962a3">
      <Output>
        <ErrorInfo>
          <Message>Test method TestProject.TestTheIRepository.Nh_Can_Orm_Merge_Can_Create threw exception: 
FluentNHibernate.Cfg.FluentConfigurationException: An invalid or incomplete configuration was used while creating a SessionFactory. Check PotentialReasons collection, and InnerException for more detail.

 ---&gt; FluentNHibernate.Cfg.FluentConfigurationException: An invalid or incomplete configuration was used while creating a SessionFactory. Check PotentialReasons collection, and InnerException for more detail.

 ---&gt; FluentNHibernate.Visitors.ValidationException: The entity 'Question' doesn't have an Id mapped. Use the Id method to map your identity property. For example: Id(x =&gt; x.Id).</Message>
          <StackTrace>    at FluentNHibernate.Visitors.ValidationVisitor.ProcessClass(ClassMapping classMapping) in d:\Builds\FluentNH\src\FluentNHibernate\Visitors\ValidationVisitor.cs:line 20
   at FluentNHibernate.MappingModel.ClassBased.ClassMapping.AcceptVisitor(IMappingModelVisitor visitor) in d:\Builds\FluentNH\src\FluentNHibernate\MappingModel\ClassBased\ClassMapping.cs:line 78
   at FluentNHibernate.Visitors.DefaultMappingModelVisitor.Visit(ClassMapping classMapping) in d:\Builds\FluentNH\src\FluentNHibernate\Visitors\DefaultMappingModelVisitor.cs:line 89
   at FluentNHibernate.MappingModel.HibernateMapping.AcceptVisitor(IMappingModelVisitor visitor) in d:\Builds\FluentNH\src\FluentNHibernate\MappingModel\HibernateMapping.cs:line 37
   at FluentNHibernate.Visitors.DefaultMappingModelVisitor.&lt;Visit&gt;b__0(HibernateMapping x) in d:\Builds\FluentNH\src\FluentNHibernate\Visitors\DefaultMappingModelVisitor.cs:line 79
   at FluentNHibernate.Utils.CollectionExtensions.Each[T](IEnumerable`1 enumerable, Action`1 each) in d:\Builds\FluentNH\src\FluentNHibernate\Utils\CollectionExtensions.cs:line 15
   at FluentNHibernate.Visitors.DefaultMappingModelVisitor.Visit(IEnumerable`1 mappings) in d:\Builds\FluentNH\src\FluentNHibernate\Visitors\DefaultMappingModelVisitor.cs:line 79
   at FluentNHibernate.PersistenceModel.ApplyVisitors(IEnumerable`1 mappings) in d:\Builds\FluentNH\src\FluentNHibernate\PersistenceModel.cs:line 214
   at FluentNHibernate.PersistenceModel.BuildMappings() in d:\Builds\FluentNH\src\FluentNHibernate\PersistenceModel.cs:line 169
   at FluentNHibernate.Automapping.AutoPersistenceModel.BuildMappings() in d:\Builds\FluentNH\src\FluentNHibernate\Automapping\AutoPersistenceModel.cs:line 134
   at FluentNHibernate.PersistenceModel.EnsureMappingsBuilt() in d:\Builds\FluentNH\src\FluentNHibernate\PersistenceModel.cs:line 221
   at FluentNHibernate.PersistenceModel.Configure(Configuration cfg) in d:\Builds\FluentNH\src\FluentNHibernate\PersistenceModel.cs:line 277
   at FluentNHibernate.Automapping.AutoPersistenceModel.Configure(Configuration configuration) in d:\Builds\FluentNH\src\FluentNHibernate\Automapping\AutoPersistenceModel.cs:line 201
   at FluentNHibernate.Cfg.AutoMappingsContainer.Apply(Configuration cfg, PersistenceModel model) in d:\Builds\FluentNH\src\FluentNHibernate\Cfg\AutoMappingsContainer.cs:line 86
   at FluentNHibernate.Cfg.MappingConfiguration.Apply(Configuration cfg) in d:\Builds\FluentNH\src\FluentNHibernate\Cfg\MappingConfiguration.cs:line 80
   at FluentNHibernate.Cfg.FluentConfiguration.BuildConfiguration() in d:\Builds\FluentNH\src\FluentNHibernate\Cfg\FluentConfiguration.cs:line 249
 --- End of inner exception stack trace ---
    at FluentNHibernate.Cfg.FluentConfiguration.BuildConfiguration() in d:\Builds\FluentNH\src\FluentNHibernate\Cfg\FluentConfiguration.cs:line 264
   at FluentNHibernate.Cfg.FluentConfiguration.BuildSessionFactory() in d:\Builds\FluentNH\src\FluentNHibernate\Cfg\FluentConfiguration.cs:line 230
 --- End of inner exception stack trace ---
    at FluentNHibernate.Cfg.FluentConfiguration.BuildSessionFactory() in d:\Builds\FluentNH\src\FluentNHibernate\Cfg\FluentConfiguration.cs:line 235
   at TestProject.NhModelsMapper.GetSessionFactory(String connectionString) in C:\Users\Michael\_CODE\Ienablemuch.ToTheEfnhX\TestProject\NhDbMapper.cs:line 63
   at TestProject.TestTheIRepository.Nh_Can_Orm_Merge_Can_Create() in C:\Users\Michael\_CODE\Ienablemuch.ToTheEfnhX\TestProject\TestTheIRepository.cs:line 719
</StackTrace>
        </ErrorInfo>
      </Output>
    </UnitTestResult>
    <UnitTestResult executionId="3a07bd3d-0cf4-4d81-92d7-4cf816efe083" testId="8bf5c997-85a0-f72e-564a-9d66e659263c" testName="Ef_CanDetectDeleteConflictingUpdate" computerName="MICHAEL-PC" duration="00:00:00.0110369" startTime="2012-06-03T10:13:53.6800000+08:00" endTime="2012-06-03T10:13:53.7110000+08:00" testType="13cdc9d9-ddb5-4fa4-a97d-d965ccfc6d4b" outcome="Passed" testListId="8c84fa94-04c1-424b-9868-57a2d4851a1d" relativeResultsDirectory="3a07bd3d-0cf4-4d81-92d7-4cf816efe083">
    </UnitTestResult>
    <UnitTestResult executionId="1c3f7ad8-c199-4244-a821-a873d2696748" testId="8c5d9d25-e5b8-63c8-9c42-cebb67787fde" testName="Memory_CanSave" computerName="MICHAEL-PC" duration="00:00:00.0016018" startTime="2012-06-03T10:13:53.7140000+08:00" endTime="2012-06-03T10:13:53.7200000+08:00" testType="13cdc9d9-ddb5-4fa4-a97d-d965ccfc6d4b" outcome="Passed" testListId="8c84fa94-04c1-424b-9868-57a2d4851a1d" relativeResultsDirectory="1c3f7ad8-c199-4244-a821-a873d2696748">
    </UnitTestResult>
    <UnitTestResult executionId="cce719c7-1462-4420-a3db-7672d911025c" testId="919c9ab6-d8de-ff18-95fc-25bc030735bd" testName="Nh_HasRowVersion" computerName="MICHAEL-PC" duration="00:00:00.0248919" startTime="2012-06-03T10:13:53.7240000+08:00" endTime="2012-06-03T10:13:53.7530000+08:00" testType="13cdc9d9-ddb5-4fa4-a97d-d965ccfc6d4b" outcome="Failed" testListId="8c84fa94-04c1-424b-9868-57a2d4851a1d" relativeResultsDirectory="cce719c7-1462-4420-a3db-7672d911025c">
      <Output>
        <ErrorInfo>
          <Message>Test method TestProject.TestTheIRepository.Nh_HasRowVersion threw exception: 
FluentNHibernate.Cfg.FluentConfigurationException: An invalid or incomplete configuration was used while creating a SessionFactory. Check PotentialReasons collection, and InnerException for more detail.

 ---&gt; FluentNHibernate.Cfg.FluentConfigurationException: An invalid or incomplete configuration was used while creating a SessionFactory. Check PotentialReasons collection, and InnerException for more detail.

 ---&gt; FluentNHibernate.Visitors.ValidationException: The entity 'Question' doesn't have an Id mapped. Use the Id method to map your identity property. For example: Id(x =&gt; x.Id).</Message>
          <StackTrace>    at FluentNHibernate.Visitors.ValidationVisitor.ProcessClass(ClassMapping classMapping) in d:\Builds\FluentNH\src\FluentNHibernate\Visitors\ValidationVisitor.cs:line 20
   at FluentNHibernate.MappingModel.ClassBased.ClassMapping.AcceptVisitor(IMappingModelVisitor visitor) in d:\Builds\FluentNH\src\FluentNHibernate\MappingModel\ClassBased\ClassMapping.cs:line 78
   at FluentNHibernate.Visitors.DefaultMappingModelVisitor.Visit(ClassMapping classMapping) in d:\Builds\FluentNH\src\FluentNHibernate\Visitors\DefaultMappingModelVisitor.cs:line 89
   at FluentNHibernate.MappingModel.HibernateMapping.AcceptVisitor(IMappingModelVisitor visitor) in d:\Builds\FluentNH\src\FluentNHibernate\MappingModel\HibernateMapping.cs:line 37
   at FluentNHibernate.Visitors.DefaultMappingModelVisitor.&lt;Visit&gt;b__0(HibernateMapping x) in d:\Builds\FluentNH\src\FluentNHibernate\Visitors\DefaultMappingModelVisitor.cs:line 79
   at FluentNHibernate.Utils.CollectionExtensions.Each[T](IEnumerable`1 enumerable, Action`1 each) in d:\Builds\FluentNH\src\FluentNHibernate\Utils\CollectionExtensions.cs:line 15
   at FluentNHibernate.Visitors.DefaultMappingModelVisitor.Visit(IEnumerable`1 mappings) in d:\Builds\FluentNH\src\FluentNHibernate\Visitors\DefaultMappingModelVisitor.cs:line 79
   at FluentNHibernate.PersistenceModel.ApplyVisitors(IEnumerable`1 mappings) in d:\Builds\FluentNH\src\FluentNHibernate\PersistenceModel.cs:line 214
   at FluentNHibernate.PersistenceModel.BuildMappings() in d:\Builds\FluentNH\src\FluentNHibernate\PersistenceModel.cs:line 169
   at FluentNHibernate.Automapping.AutoPersistenceModel.BuildMappings() in d:\Builds\FluentNH\src\FluentNHibernate\Automapping\AutoPersistenceModel.cs:line 134
   at FluentNHibernate.PersistenceModel.EnsureMappingsBuilt() in d:\Builds\FluentNH\src\FluentNHibernate\PersistenceModel.cs:line 221
   at FluentNHibernate.PersistenceModel.Configure(Configuration cfg) in d:\Builds\FluentNH\src\FluentNHibernate\PersistenceModel.cs:line 277
   at FluentNHibernate.Automapping.AutoPersistenceModel.Configure(Configuration configuration) in d:\Builds\FluentNH\src\FluentNHibernate\Automapping\AutoPersistenceModel.cs:line 201
   at FluentNHibernate.Cfg.AutoMappingsContainer.Apply(Configuration cfg, PersistenceModel model) in d:\Builds\FluentNH\src\FluentNHibernate\Cfg\AutoMappingsContainer.cs:line 86
   at FluentNHibernate.Cfg.MappingConfiguration.Apply(Configuration cfg) in d:\Builds\FluentNH\src\FluentNHibernate\Cfg\MappingConfiguration.cs:line 80
   at FluentNHibernate.Cfg.FluentConfiguration.BuildConfiguration() in d:\Builds\FluentNH\src\FluentNHibernate\Cfg\FluentConfiguration.cs:line 249
 --- End of inner exception stack trace ---
    at FluentNHibernate.Cfg.FluentConfiguration.BuildConfiguration() in d:\Builds\FluentNH\src\FluentNHibernate\Cfg\FluentConfiguration.cs:line 264
   at FluentNHibernate.Cfg.FluentConfiguration.BuildSessionFactory() in d:\Builds\FluentNH\src\FluentNHibernate\Cfg\FluentConfiguration.cs:line 230
 --- End of inner exception stack trace ---
    at FluentNHibernate.Cfg.FluentConfiguration.BuildSessionFactory() in d:\Builds\FluentNH\src\FluentNHibernate\Cfg\FluentConfiguration.cs:line 235
   at TestProject.NhModelsMapper.GetSessionFactory(String connectionString) in C:\Users\Michael\_CODE\Ienablemuch.ToTheEfnhX\TestProject\NhDbMapper.cs:line 63
   at TestProject.TestTheIRepository.Nh_HasRowVersion() in C:\Users\Michael\_CODE\Ienablemuch.ToTheEfnhX\TestProject\TestTheIRepository.cs:line 419
</StackTrace>
        </ErrorInfo>
      </Output>
    </UnitTestResult>
    <UnitTestResult executionId="75ffc879-e874-42f2-8422-84d4dcfcfc37" testId="9608206a-383a-828f-299c-2c493d95d886" testName="Memory_CanDetectDeleteConflictingUpdate" computerName="MICHAEL-PC" duration="00:00:00.0017330" startTime="2012-06-03T10:13:53.7570000+08:00" endTime="2012-06-03T10:13:53.7700000+08:00" testType="13cdc9d9-ddb5-4fa4-a97d-d965ccfc6d4b" outcome="Passed" testListId="8c84fa94-04c1-424b-9868-57a2d4851a1d" relativeResultsDirectory="75ffc879-e874-42f2-8422-84d4dcfcfc37">
    </UnitTestResult>
    <UnitTestResult executionId="ef2eb646-b380-4eac-98ad-d67af56b763f" testId="9ce2ff54-3bea-2c09-7986-c83994c1d685" testName="Ef_CanUpdate" computerName="MICHAEL-PC" duration="00:00:00.1087872" startTime="2012-06-03T10:13:53.7720000+08:00" endTime="2012-06-03T10:13:53.8990000+08:00" testType="13cdc9d9-ddb5-4fa4-a97d-d965ccfc6d4b" outcome="Passed" testListId="8c84fa94-04c1-424b-9868-57a2d4851a1d" relativeResultsDirectory="ef2eb646-b380-4eac-98ad-d67af56b763f">
    </UnitTestResult>
    <UnitTestResult executionId="0ac3f69e-d88a-4123-a02a-96fca4da3cbc" testId="a2256363-4989-1fab-e208-96edc389fe3c" testName="Ef_Can_Orm_do_cascaded_deletions" computerName="MICHAEL-PC" duration="00:00:00.0049970" startTime="2012-06-03T10:13:53.9040000+08:00" endTime="2012-06-03T10:13:53.9210000+08:00" testType="13cdc9d9-ddb5-4fa4-a97d-d965ccfc6d4b" outcome="Failed" testListId="8c84fa94-04c1-424b-9868-57a2d4851a1d" relativeResultsDirectory="0ac3f69e-d88a-4123-a02a-96fca4da3cbc">
      <Output>
        <ErrorInfo>
          <Message>Test method TestProject.TestTheIRepository.Ef_Can_Orm_do_cascaded_deletions threw exception: 
System.MissingMethodException: Method 'TestProject.SampleModel.Question.QuestionId' not found.</Message>
          <StackTrace>    at System.RuntimeType.InvokeMember(String name, BindingFlags bindingFlags, Binder binder, Object target, Object[] providedArgs, ParameterModifier[] modifiers, CultureInfo culture, String[] namedParams)
   at Ienablemuch.ToTheEfnhX.EntityFramework.EfRepository`1.Merge(TEnt ent, Byte[] version) in C:\Users\Michael\_CODE\Ienablemuch.ToTheEfnhX\Ienablemuch.ToTheEfnhX.EntityFramework\EfRepository.cs:line 155
   at TestProject.TestTheIRepository.Refactored_Common_Merge_Arrange_Create(IRepository`1 repo) in C:\Users\Michael\_CODE\Ienablemuch.ToTheEfnhX\TestProject\TestTheIRepository.cs:line 847
   at TestProject.TestTheIRepository.Common_Can_Orm_do_cascaded_deletions(IRepository`1 db) in C:\Users\Michael\_CODE\Ienablemuch.ToTheEfnhX\TestProject\TestTheIRepository.cs:line 1012
   at TestProject.TestTheIRepository.Ef_Can_Orm_do_cascaded_deletions() in C:\Users\Michael\_CODE\Ienablemuch.ToTheEfnhX\TestProject\TestTheIRepository.cs:line 1007
</StackTrace>
        </ErrorInfo>
      </Output>
    </UnitTestResult>
    <UnitTestResult executionId="31b70400-5681-41fa-b419-c8f915e813ba" testId="a9ed84c2-917f-5ccb-44a7-7e3cea9cd5e0" testName="Ef_Can_Orm_Merge_Can_Create" computerName="MICHAEL-PC" duration="00:00:00.0089415" startTime="2012-06-03T10:13:53.9230000+08:00" endTime="2012-06-03T10:13:53.9420000+08:00" testType="13cdc9d9-ddb5-4fa4-a97d-d965ccfc6d4b" outcome="Failed" testListId="8c84fa94-04c1-424b-9868-57a2d4851a1d" relativeResultsDirectory="31b70400-5681-41fa-b419-c8f915e813ba">
      <Output>
        <ErrorInfo>
          <Message>Test method TestProject.TestTheIRepository.Ef_Can_Orm_Merge_Can_Create threw exception: 
System.MissingMethodException: Method 'TestProject.SampleModel.Question.QuestionId' not found.</Message>
          <StackTrace>    at System.RuntimeType.InvokeMember(String name, BindingFlags bindingFlags, Binder binder, Object target, Object[] providedArgs, ParameterModifier[] modifiers, CultureInfo culture, String[] namedParams)
   at Ienablemuch.ToTheEfnhX.EntityFramework.EfRepository`1.Merge(TEnt ent, Byte[] version) in C:\Users\Michael\_CODE\Ienablemuch.ToTheEfnhX\Ienablemuch.ToTheEfnhX.EntityFramework\EfRepository.cs:line 155
   at TestProject.TestTheIRepository.Refactored_Common_Merge_Arrange_Create(IRepository`1 repo) in C:\Users\Michael\_CODE\Ienablemuch.ToTheEfnhX\TestProject\TestTheIRepository.cs:line 847
   at TestProject.TestTheIRepository.Common_Can_Orm_Merge_Can_Create(IRepository`1 repo) in C:\Users\Michael\_CODE\Ienablemuch.ToTheEfnhX\TestProject\TestTheIRepository.cs:line 728
   at TestProject.TestTheIRepository.Ef_Can_Orm_Merge_Can_Create() in C:\Users\Michael\_CODE\Ienablemuch.ToTheEfnhX\TestProject\TestTheIRepository.cs:line 708
</StackTrace>
        </ErrorInfo>
      </Output>
    </UnitTestResult>
    <UnitTestResult executionId="8a58ad4e-38fa-4438-b60b-986a9a1872fa" testId="b9cbda9a-23ca-3458-8bf7-8aa6598f8754" testName="Nh_Can_Orm_Merge_Can_Update" computerName="MICHAEL-PC" duration="00:00:00.0215998" startTime="2012-06-03T10:13:53.9460000+08:00" endTime="2012-06-03T10:13:53.9740000+08:00" testType="13cdc9d9-ddb5-4fa4-a97d-d965ccfc6d4b" outcome="Failed" testListId="8c84fa94-04c1-424b-9868-57a2d4851a1d" relativeResultsDirectory="8a58ad4e-38fa-4438-b60b-986a9a1872fa">
      <Output>
        <ErrorInfo>
          <Message>Test method TestProject.TestTheIRepository.Nh_Can_Orm_Merge_Can_Update threw exception: 
FluentNHibernate.Cfg.FluentConfigurationException: An invalid or incomplete configuration was used while creating a SessionFactory. Check PotentialReasons collection, and InnerException for more detail.

 ---&gt; FluentNHibernate.Cfg.FluentConfigurationException: An invalid or incomplete configuration was used while creating a SessionFactory. Check PotentialReasons collection, and InnerException for more detail.

 ---&gt; FluentNHibernate.Visitors.ValidationException: The entity 'Question' doesn't have an Id mapped. Use the Id method to map your identity property. For example: Id(x =&gt; x.Id).</Message>
          <StackTrace>    at FluentNHibernate.Visitors.ValidationVisitor.ProcessClass(ClassMapping classMapping) in d:\Builds\FluentNH\src\FluentNHibernate\Visitors\ValidationVisitor.cs:line 20
   at FluentNHibernate.MappingModel.ClassBased.ClassMapping.AcceptVisitor(IMappingModelVisitor visitor) in d:\Builds\FluentNH\src\FluentNHibernate\MappingModel\ClassBased\ClassMapping.cs:line 78
   at FluentNHibernate.Visitors.DefaultMappingModelVisitor.Visit(ClassMapping classMapping) in d:\Builds\FluentNH\src\FluentNHibernate\Visitors\DefaultMappingModelVisitor.cs:line 89
   at FluentNHibernate.MappingModel.HibernateMapping.AcceptVisitor(IMappingModelVisitor visitor) in d:\Builds\FluentNH\src\FluentNHibernate\MappingModel\HibernateMapping.cs:line 37
   at FluentNHibernate.Visitors.DefaultMappingModelVisitor.&lt;Visit&gt;b__0(HibernateMapping x) in d:\Builds\FluentNH\src\FluentNHibernate\Visitors\DefaultMappingModelVisitor.cs:line 79
   at FluentNHibernate.Utils.CollectionExtensions.Each[T](IEnumerable`1 enumerable, Action`1 each) in d:\Builds\FluentNH\src\FluentNHibernate\Utils\CollectionExtensions.cs:line 15
   at FluentNHibernate.Visitors.DefaultMappingModelVisitor.Visit(IEnumerable`1 mappings) in d:\Builds\FluentNH\src\FluentNHibernate\Visitors\DefaultMappingModelVisitor.cs:line 79
   at FluentNHibernate.PersistenceModel.ApplyVisitors(IEnumerable`1 mappings) in d:\Builds\FluentNH\src\FluentNHibernate\PersistenceModel.cs:line 214
   at FluentNHibernate.PersistenceModel.BuildMappings() in d:\Builds\FluentNH\src\FluentNHibernate\PersistenceModel.cs:line 169
   at FluentNHibernate.Automapping.AutoPersistenceModel.BuildMappings() in d:\Builds\FluentNH\src\FluentNHibernate\Automapping\AutoPersistenceModel.cs:line 134
   at FluentNHibernate.PersistenceModel.EnsureMappingsBuilt() in d:\Builds\FluentNH\src\FluentNHibernate\PersistenceModel.cs:line 221
   at FluentNHibernate.PersistenceModel.Configure(Configuration cfg) in d:\Builds\FluentNH\src\FluentNHibernate\PersistenceModel.cs:line 277
   at FluentNHibernate.Automapping.AutoPersistenceModel.Configure(Configuration configuration) in d:\Builds\FluentNH\src\FluentNHibernate\Automapping\AutoPersistenceModel.cs:line 201
   at FluentNHibernate.Cfg.AutoMappingsContainer.Apply(Configuration cfg, PersistenceModel model) in d:\Builds\FluentNH\src\FluentNHibernate\Cfg\AutoMappingsContainer.cs:line 86
   at FluentNHibernate.Cfg.MappingConfiguration.Apply(Configuration cfg) in d:\Builds\FluentNH\src\FluentNHibernate\Cfg\MappingConfiguration.cs:line 80
   at FluentNHibernate.Cfg.FluentConfiguration.BuildConfiguration() in d:\Builds\FluentNH\src\FluentNHibernate\Cfg\FluentConfiguration.cs:line 249
 --- End of inner exception stack trace ---
    at FluentNHibernate.Cfg.FluentConfiguration.BuildConfiguration() in d:\Builds\FluentNH\src\FluentNHibernate\Cfg\FluentConfiguration.cs:line 264
   at FluentNHibernate.Cfg.FluentConfiguration.BuildSessionFactory() in d:\Builds\FluentNH\src\FluentNHibernate\Cfg\FluentConfiguration.cs:line 230
 --- End of inner exception stack trace ---
    at FluentNHibernate.Cfg.FluentConfiguration.BuildSessionFactory() in d:\Builds\FluentNH\src\FluentNHibernate\Cfg\FluentConfiguration.cs:line 235
   at TestProject.NhModelsMapper.GetSessionFactory(String connectionString) in C:\Users\Michael\_CODE\Ienablemuch.ToTheEfnhX\TestProject\NhDbMapper.cs:line 63
   at TestProject.TestTheIRepository.Nh_Can_Orm_Merge_Can_Update() in C:\Users\Michael\_CODE\Ienablemuch.ToTheEfnhX\TestProject\TestTheIRepository.cs:line 788
</StackTrace>
        </ErrorInfo>
      </Output>
    </UnitTestResult>
    <UnitTestResult executionId="7eba3519-3da5-4c5a-b3e6-ee1f4e69f3a2" testId="c2e9f01d-6387-7f00-c2a6-71385a796942" testName="Memory_CanSaveHeaderDetail" computerName="MICHAEL-PC" duration="00:00:00.0025988" startTime="2012-06-03T10:13:53.9790000+08:00" endTime="2012-06-03T10:13:53.9870000+08:00" testType="13cdc9d9-ddb5-4fa4-a97d-d965ccfc6d4b" outcome="Passed" testListId="8c84fa94-04c1-424b-9868-57a2d4851a1d" relativeResultsDirectory="7eba3519-3da5-4c5a-b3e6-ee1f4e69f3a2">
    </UnitTestResult>
    <UnitTestResult executionId="8b472764-67d2-470e-8144-a0ee2b947488" testId="c3da4334-35ea-a9c1-5cbf-c1daa7323978" testName="Ef_CanDelete" computerName="MICHAEL-PC" duration="00:00:00.0161900" startTime="2012-06-03T10:13:53.9910000+08:00" endTime="2012-06-03T10:13:54.0130000+08:00" testType="13cdc9d9-ddb5-4fa4-a97d-d965ccfc6d4b" outcome="Passed" testListId="8c84fa94-04c1-424b-9868-57a2d4851a1d" relativeResultsDirectory="8b472764-67d2-470e-8144-a0ee2b947488">
    </UnitTestResult>
    <UnitTestResult executionId="cc8ac82d-2537-4b51-860d-b8bb83f11bf8" testId="c5220795-75d7-ce76-adb5-6a1d661e1fb0" testName="Memory_CanHaveIncrementingKey" computerName="MICHAEL-PC" duration="00:00:00.0012880" startTime="2012-06-03T10:13:54.0160000+08:00" endTime="2012-06-03T10:13:54.0210000+08:00" testType="13cdc9d9-ddb5-4fa4-a97d-d965ccfc6d4b" outcome="Passed" testListId="8c84fa94-04c1-424b-9868-57a2d4851a1d" relativeResultsDirectory="cc8ac82d-2537-4b51-860d-b8bb83f11bf8">
    </UnitTestResult>
    <UnitTestResult executionId="fb7f542a-3b95-4813-969b-085c72424559" testId="c8cf96fa-83e0-e026-64af-f003abc95103" testName="Fetching_strategies_of_EntityFramework_helper_has_no_problem_on_mocked_IQueryable" computerName="MICHAEL-PC" duration="00:00:00.0019622" startTime="2012-06-03T10:13:54.0250000+08:00" endTime="2012-06-03T10:13:54.0310000+08:00" testType="13cdc9d9-ddb5-4fa4-a97d-d965ccfc6d4b" outcome="Passed" testListId="8c84fa94-04c1-424b-9868-57a2d4851a1d" relativeResultsDirectory="fb7f542a-3b95-4813-969b-085c72424559">
    </UnitTestResult>
    <UnitTestResult executionId="fe448177-ca3e-45f5-834a-90466ed591b4" testId="c8ff8ef9-a95a-0779-90f7-6e8188ebefd1" testName="Nh_CanHaveIncrementingKey" computerName="MICHAEL-PC" duration="00:00:00.0216434" startTime="2012-06-03T10:13:54.0340000+08:00" endTime="2012-06-03T10:13:54.0600000+08:00" testType="13cdc9d9-ddb5-4fa4-a97d-d965ccfc6d4b" outcome="Failed" testListId="8c84fa94-04c1-424b-9868-57a2d4851a1d" relativeResultsDirectory="fe448177-ca3e-45f5-834a-90466ed591b4">
      <Output>
        <ErrorInfo>
          <Message>Test method TestProject.TestTheIRepository.Nh_CanHaveIncrementingKey threw exception: 
FluentNHibernate.Cfg.FluentConfigurationException: An invalid or incomplete configuration was used while creating a SessionFactory. Check PotentialReasons collection, and InnerException for more detail.

 ---&gt; FluentNHibernate.Cfg.FluentConfigurationException: An invalid or incomplete configuration was used while creating a SessionFactory. Check PotentialReasons collection, and InnerException for more detail.

 ---&gt; FluentNHibernate.Visitors.ValidationException: The entity 'Question' doesn't have an Id mapped. Use the Id method to map your identity property. For example: Id(x =&gt; x.Id).</Message>
          <StackTrace>    at FluentNHibernate.Visitors.ValidationVisitor.ProcessClass(ClassMapping classMapping) in d:\Builds\FluentNH\src\FluentNHibernate\Visitors\ValidationVisitor.cs:line 20
   at FluentNHibernate.MappingModel.ClassBased.ClassMapping.AcceptVisitor(IMappingModelVisitor visitor) in d:\Builds\FluentNH\src\FluentNHibernate\MappingModel\ClassBased\ClassMapping.cs:line 78
   at FluentNHibernate.Visitors.DefaultMappingModelVisitor.Visit(ClassMapping classMapping) in d:\Builds\FluentNH\src\FluentNHibernate\Visitors\DefaultMappingModelVisitor.cs:line 89
   at FluentNHibernate.MappingModel.HibernateMapping.AcceptVisitor(IMappingModelVisitor visitor) in d:\Builds\FluentNH\src\FluentNHibernate\MappingModel\HibernateMapping.cs:line 37
   at FluentNHibernate.Visitors.DefaultMappingModelVisitor.&lt;Visit&gt;b__0(HibernateMapping x) in d:\Builds\FluentNH\src\FluentNHibernate\Visitors\DefaultMappingModelVisitor.cs:line 79
   at FluentNHibernate.Utils.CollectionExtensions.Each[T](IEnumerable`1 enumerable, Action`1 each) in d:\Builds\FluentNH\src\FluentNHibernate\Utils\CollectionExtensions.cs:line 15
   at FluentNHibernate.Visitors.DefaultMappingModelVisitor.Visit(IEnumerable`1 mappings) in d:\Builds\FluentNH\src\FluentNHibernate\Visitors\DefaultMappingModelVisitor.cs:line 79
   at FluentNHibernate.PersistenceModel.ApplyVisitors(IEnumerable`1 mappings) in d:\Builds\FluentNH\src\FluentNHibernate\PersistenceModel.cs:line 214
   at FluentNHibernate.PersistenceModel.BuildMappings() in d:\Builds\FluentNH\src\FluentNHibernate\PersistenceModel.cs:line 169
   at FluentNHibernate.Automapping.AutoPersistenceModel.BuildMappings() in d:\Builds\FluentNH\src\FluentNHibernate\Automapping\AutoPersistenceModel.cs:line 134
   at FluentNHibernate.PersistenceModel.EnsureMappingsBuilt() in d:\Builds\FluentNH\src\FluentNHibernate\PersistenceModel.cs:line 221
   at FluentNHibernate.PersistenceModel.Configure(Configuration cfg) in d:\Builds\FluentNH\src\FluentNHibernate\PersistenceModel.cs:line 277
   at FluentNHibernate.Automapping.AutoPersistenceModel.Configure(Configuration configuration) in d:\Builds\FluentNH\src\FluentNHibernate\Automapping\AutoPersistenceModel.cs:line 201
   at FluentNHibernate.Cfg.AutoMappingsContainer.Apply(Configuration cfg, PersistenceModel model) in d:\Builds\FluentNH\src\FluentNHibernate\Cfg\AutoMappingsContainer.cs:line 86
   at FluentNHibernate.Cfg.MappingConfiguration.Apply(Configuration cfg) in d:\Builds\FluentNH\src\FluentNHibernate\Cfg\MappingConfiguration.cs:line 80
   at FluentNHibernate.Cfg.FluentConfiguration.BuildConfiguration() in d:\Builds\FluentNH\src\FluentNHibernate\Cfg\FluentConfiguration.cs:line 249
 --- End of inner exception stack trace ---
    at FluentNHibernate.Cfg.FluentConfiguration.BuildConfiguration() in d:\Builds\FluentNH\src\FluentNHibernate\Cfg\FluentConfiguration.cs:line 264
   at FluentNHibernate.Cfg.FluentConfiguration.BuildSessionFactory() in d:\Builds\FluentNH\src\FluentNHibernate\Cfg\FluentConfiguration.cs:line 230
 --- End of inner exception stack trace ---
    at FluentNHibernate.Cfg.FluentConfiguration.BuildSessionFactory() in d:\Builds\FluentNH\src\FluentNHibernate\Cfg\FluentConfiguration.cs:line 235
   at TestProject.NhModelsMapper.GetSessionFactory(String connectionString) in C:\Users\Michael\_CODE\Ienablemuch.ToTheEfnhX\TestProject\NhDbMapper.cs:line 63
   at TestProject.TestTheIRepository.Nh_CanHaveIncrementingKey() in C:\Users\Michael\_CODE\Ienablemuch.ToTheEfnhX\TestProject\TestTheIRepository.cs:line 652
</StackTrace>
        </ErrorInfo>
      </Output>
    </UnitTestResult>
    <UnitTestResult executionId="1e943ef5-8acf-479e-91da-2056362236b0" testId="c9750689-b2a7-1965-bbd3-0c2f5eda3fb2" testName="Nh_CanSave" computerName="MICHAEL-PC" duration="00:00:00.0223512" startTime="2012-06-03T10:13:54.0640000+08:00" endTime="2012-06-03T10:13:54.0930000+08:00" testType="13cdc9d9-ddb5-4fa4-a97d-d965ccfc6d4b" outcome="Failed" testListId="8c84fa94-04c1-424b-9868-57a2d4851a1d" relativeResultsDirectory="1e943ef5-8acf-479e-91da-2056362236b0">
      <Output>
        <ErrorInfo>
          <Message>Test method TestProject.TestTheIRepository.Nh_CanSave threw exception: 
FluentNHibernate.Cfg.FluentConfigurationException: An invalid or incomplete configuration was used while creating a SessionFactory. Check PotentialReasons collection, and InnerException for more detail.

 ---&gt; FluentNHibernate.Cfg.FluentConfigurationException: An invalid or incomplete configuration was used while creating a SessionFactory. Check PotentialReasons collection, and InnerException for more detail.

 ---&gt; FluentNHibernate.Visitors.ValidationException: The entity 'Question' doesn't have an Id mapped. Use the Id method to map your identity property. For example: Id(x =&gt; x.Id).</Message>
          <StackTrace>    at FluentNHibernate.Visitors.ValidationVisitor.ProcessClass(ClassMapping classMapping) in d:\Builds\FluentNH\src\FluentNHibernate\Visitors\ValidationVisitor.cs:line 20
   at FluentNHibernate.MappingModel.ClassBased.ClassMapping.AcceptVisitor(IMappingModelVisitor visitor) in d:\Builds\FluentNH\src\FluentNHibernate\MappingModel\ClassBased\ClassMapping.cs:line 78
   at FluentNHibernate.Visitors.DefaultMappingModelVisitor.Visit(ClassMapping classMapping) in d:\Builds\FluentNH\src\FluentNHibernate\Visitors\DefaultMappingModelVisitor.cs:line 89
   at FluentNHibernate.MappingModel.HibernateMapping.AcceptVisitor(IMappingModelVisitor visitor) in d:\Builds\FluentNH\src\FluentNHibernate\MappingModel\HibernateMapping.cs:line 37
   at FluentNHibernate.Visitors.DefaultMappingModelVisitor.&lt;Visit&gt;b__0(HibernateMapping x) in d:\Builds\FluentNH\src\FluentNHibernate\Visitors\DefaultMappingModelVisitor.cs:line 79
   at FluentNHibernate.Utils.CollectionExtensions.Each[T](IEnumerable`1 enumerable, Action`1 each) in d:\Builds\FluentNH\src\FluentNHibernate\Utils\CollectionExtensions.cs:line 15
   at FluentNHibernate.Visitors.DefaultMappingModelVisitor.Visit(IEnumerable`1 mappings) in d:\Builds\FluentNH\src\FluentNHibernate\Visitors\DefaultMappingModelVisitor.cs:line 79
   at FluentNHibernate.PersistenceModel.ApplyVisitors(IEnumerable`1 mappings) in d:\Builds\FluentNH\src\FluentNHibernate\PersistenceModel.cs:line 214
   at FluentNHibernate.PersistenceModel.BuildMappings() in d:\Builds\FluentNH\src\FluentNHibernate\PersistenceModel.cs:line 169
   at FluentNHibernate.Automapping.AutoPersistenceModel.BuildMappings() in d:\Builds\FluentNH\src\FluentNHibernate\Automapping\AutoPersistenceModel.cs:line 134
   at FluentNHibernate.PersistenceModel.EnsureMappingsBuilt() in d:\Builds\FluentNH\src\FluentNHibernate\PersistenceModel.cs:line 221
   at FluentNHibernate.PersistenceModel.Configure(Configuration cfg) in d:\Builds\FluentNH\src\FluentNHibernate\PersistenceModel.cs:line 277
   at FluentNHibernate.Automapping.AutoPersistenceModel.Configure(Configuration configuration) in d:\Builds\FluentNH\src\FluentNHibernate\Automapping\AutoPersistenceModel.cs:line 201
   at FluentNHibernate.Cfg.AutoMappingsContainer.Apply(Configuration cfg, PersistenceModel model) in d:\Builds\FluentNH\src\FluentNHibernate\Cfg\AutoMappingsContainer.cs:line 86
   at FluentNHibernate.Cfg.MappingConfiguration.Apply(Configuration cfg) in d:\Builds\FluentNH\src\FluentNHibernate\Cfg\MappingConfiguration.cs:line 80
   at FluentNHibernate.Cfg.FluentConfiguration.BuildConfiguration() in d:\Builds\FluentNH\src\FluentNHibernate\Cfg\FluentConfiguration.cs:line 249
 --- End of inner exception stack trace ---
    at FluentNHibernate.Cfg.FluentConfiguration.BuildConfiguration() in d:\Builds\FluentNH\src\FluentNHibernate\Cfg\FluentConfiguration.cs:line 264
   at FluentNHibernate.Cfg.FluentConfiguration.BuildSessionFactory() in d:\Builds\FluentNH\src\FluentNHibernate\Cfg\FluentConfiguration.cs:line 230
 --- End of inner exception stack trace ---
    at FluentNHibernate.Cfg.FluentConfiguration.BuildSessionFactory() in d:\Builds\FluentNH\src\FluentNHibernate\Cfg\FluentConfiguration.cs:line 235
   at TestProject.NhModelsMapper.GetSessionFactory(String connectionString) in C:\Users\Michael\_CODE\Ienablemuch.ToTheEfnhX\TestProject\NhDbMapper.cs:line 63
   at TestProject.TestTheIRepository.Nh_CanSave() in C:\Users\Michael\_CODE\Ienablemuch.ToTheEfnhX\TestProject\TestTheIRepository.cs:line 95
</StackTrace>
        </ErrorInfo>
      </Output>
    </UnitTestResult>
    <UnitTestResult executionId="9dde2e8d-b861-42eb-88a5-e82f23672635" testId="ca3ec696-2df9-55bd-c53c-f732b5c80a68" testName="Ef_CanDetectUpdateConflictingUpdate" computerName="MICHAEL-PC" duration="00:00:00.0352169" startTime="2012-06-03T10:13:54.0960000+08:00" endTime="2012-06-03T10:13:54.1390000+08:00" testType="13cdc9d9-ddb5-4fa4-a97d-d965ccfc6d4b" outcome="Passed" testListId="8c84fa94-04c1-424b-9868-57a2d4851a1d" relativeResultsDirectory="9dde2e8d-b861-42eb-88a5-e82f23672635">
    </UnitTestResult>
    <UnitTestResult executionId="bb1ded96-cb8e-447c-b8d4-4c377b8150b5" testId="cdd1ec05-a33a-edaf-1560-6637f27329d2" testName="Ef_CanDetectUpdateConflictingDelete" computerName="MICHAEL-PC" duration="00:00:00.0146636" startTime="2012-06-03T10:13:54.1420000+08:00" endTime="2012-06-03T10:13:54.1640000+08:00" testType="13cdc9d9-ddb5-4fa4-a97d-d965ccfc6d4b" outcome="Passed" testListId="8c84fa94-04c1-424b-9868-57a2d4851a1d" relativeResultsDirectory="bb1ded96-cb8e-447c-b8d4-4c377b8150b5">
    </UnitTestResult>
    <UnitTestResult executionId="09f80ffd-8ab0-4f5a-ba73-17cf95afe3c7" testId="d14d6d4a-1363-e36e-8cf9-c1c992b9e243" testName="Nh_Can_save_transaction" computerName="MICHAEL-PC" duration="00:00:00.0244733" startTime="2012-06-03T10:13:54.1680000+08:00" endTime="2012-06-03T10:13:54.1970000+08:00" testType="13cdc9d9-ddb5-4fa4-a97d-d965ccfc6d4b" outcome="Failed" testListId="8c84fa94-04c1-424b-9868-57a2d4851a1d" relativeResultsDirectory="09f80ffd-8ab0-4f5a-ba73-17cf95afe3c7">
      <Output>
        <ErrorInfo>
          <Message>Test method TestProject.TestTheIRepository.Nh_Can_save_transaction threw exception: 
FluentNHibernate.Cfg.FluentConfigurationException: An invalid or incomplete configuration was used while creating a SessionFactory. Check PotentialReasons collection, and InnerException for more detail.

 ---&gt; FluentNHibernate.Cfg.FluentConfigurationException: An invalid or incomplete configuration was used while creating a SessionFactory. Check PotentialReasons collection, and InnerException for more detail.

 ---&gt; FluentNHibernate.Visitors.ValidationException: The entity 'Question' doesn't have an Id mapped. Use the Id method to map your identity property. For example: Id(x =&gt; x.Id).</Message>
          <StackTrace>    at FluentNHibernate.Visitors.ValidationVisitor.ProcessClass(ClassMapping classMapping) in d:\Builds\FluentNH\src\FluentNHibernate\Visitors\ValidationVisitor.cs:line 20
   at FluentNHibernate.MappingModel.ClassBased.ClassMapping.AcceptVisitor(IMappingModelVisitor visitor) in d:\Builds\FluentNH\src\FluentNHibernate\MappingModel\ClassBased\ClassMapping.cs:line 78
   at FluentNHibernate.Visitors.DefaultMappingModelVisitor.Visit(ClassMapping classMapping) in d:\Builds\FluentNH\src\FluentNHibernate\Visitors\DefaultMappingModelVisitor.cs:line 89
   at FluentNHibernate.MappingModel.HibernateMapping.AcceptVisitor(IMappingModelVisitor visitor) in d:\Builds\FluentNH\src\FluentNHibernate\MappingModel\HibernateMapping.cs:line 37
   at FluentNHibernate.Visitors.DefaultMappingModelVisitor.&lt;Visit&gt;b__0(HibernateMapping x) in d:\Builds\FluentNH\src\FluentNHibernate\Visitors\DefaultMappingModelVisitor.cs:line 79
   at FluentNHibernate.Utils.CollectionExtensions.Each[T](IEnumerable`1 enumerable, Action`1 each) in d:\Builds\FluentNH\src\FluentNHibernate\Utils\CollectionExtensions.cs:line 15
   at FluentNHibernate.Visitors.DefaultMappingModelVisitor.Visit(IEnumerable`1 mappings) in d:\Builds\FluentNH\src\FluentNHibernate\Visitors\DefaultMappingModelVisitor.cs:line 79
   at FluentNHibernate.PersistenceModel.ApplyVisitors(IEnumerable`1 mappings) in d:\Builds\FluentNH\src\FluentNHibernate\PersistenceModel.cs:line 214
   at FluentNHibernate.PersistenceModel.BuildMappings() in d:\Builds\FluentNH\src\FluentNHibernate\PersistenceModel.cs:line 169
   at FluentNHibernate.Automapping.AutoPersistenceModel.BuildMappings() in d:\Builds\FluentNH\src\FluentNHibernate\Automapping\AutoPersistenceModel.cs:line 134
   at FluentNHibernate.PersistenceModel.EnsureMappingsBuilt() in d:\Builds\FluentNH\src\FluentNHibernate\PersistenceModel.cs:line 221
   at FluentNHibernate.PersistenceModel.Configure(Configuration cfg) in d:\Builds\FluentNH\src\FluentNHibernate\PersistenceModel.cs:line 277
   at FluentNHibernate.Automapping.AutoPersistenceModel.Configure(Configuration configuration) in d:\Builds\FluentNH\src\FluentNHibernate\Automapping\AutoPersistenceModel.cs:line 201
   at FluentNHibernate.Cfg.AutoMappingsContainer.Apply(Configuration cfg, PersistenceModel model) in d:\Builds\FluentNH\src\FluentNHibernate\Cfg\AutoMappingsContainer.cs:line 86
   at FluentNHibernate.Cfg.MappingConfiguration.Apply(Configuration cfg) in d:\Builds\FluentNH\src\FluentNHibernate\Cfg\MappingConfiguration.cs:line 80
   at FluentNHibernate.Cfg.FluentConfiguration.BuildConfiguration() in d:\Builds\FluentNH\src\FluentNHibernate\Cfg\FluentConfiguration.cs:line 249
 --- End of inner exception stack trace ---
    at FluentNHibernate.Cfg.FluentConfiguration.BuildConfiguration() in d:\Builds\FluentNH\src\FluentNHibernate\Cfg\FluentConfiguration.cs:line 264
   at FluentNHibernate.Cfg.FluentConfiguration.BuildSessionFactory() in d:\Builds\FluentNH\src\FluentNHibernate\Cfg\FluentConfiguration.cs:line 230
 --- End of inner exception stack trace ---
    at FluentNHibernate.Cfg.FluentConfiguration.BuildSessionFactory() in d:\Builds\FluentNH\src\FluentNHibernate\Cfg\FluentConfiguration.cs:line 235
   at TestProject.NhModelsMapper.GetSessionFactory(String connectionString) in C:\Users\Michael\_CODE\Ienablemuch.ToTheEfnhX\TestProject\NhDbMapper.cs:line 63
   at TestProject.TestTheIRepository.Nh_Can_save_transaction() in C:\Users\Michael\_CODE\Ienablemuch.ToTheEfnhX\TestProject\TestTheIRepository.cs:line 1196
</StackTrace>
        </ErrorInfo>
      </Output>
    </UnitTestResult>
    <UnitTestResult executionId="9fc65f10-0a25-4b79-a51b-daf176899c3e" testId="d409929f-129a-9686-590d-6472fdfa28e4" testName="Memory_CanDetectDeleteConflictingDelete" computerName="MICHAEL-PC" duration="00:00:00.0013080" startTime="2012-06-03T10:13:54.2010000+08:00" endTime="2012-06-03T10:13:54.2090000+08:00" testType="13cdc9d9-ddb5-4fa4-a97d-d965ccfc6d4b" outcome="Passed" testListId="8c84fa94-04c1-424b-9868-57a2d4851a1d" relativeResultsDirectory="9fc65f10-0a25-4b79-a51b-daf176899c3e">
    </UnitTestResult>
    <UnitTestResult executionId="94aa94af-7c61-487f-8c13-72ba9e122735" testId="dad118fb-1088-58a3-350a-fc5e47173fa9" testName="Nh_SessionTransaction_cannot_detect_transaction_commitness" computerName="MICHAEL-PC" duration="00:00:00.0216152" startTime="2012-06-03T10:13:54.2140000+08:00" endTime="2012-06-03T10:13:54.2410000+08:00" testType="13cdc9d9-ddb5-4fa4-a97d-d965ccfc6d4b" outcome="Failed" testListId="8c84fa94-04c1-424b-9868-57a2d4851a1d" relativeResultsDirectory="94aa94af-7c61-487f-8c13-72ba9e122735">
      <Output>
        <ErrorInfo>
          <Message>Test method TestProject.TestTheIRepository.Nh_SessionTransaction_cannot_detect_transaction_commitness threw exception: 
FluentNHibernate.Cfg.FluentConfigurationException: An invalid or incomplete configuration was used while creating a SessionFactory. Check PotentialReasons collection, and InnerException for more detail.

 ---&gt; FluentNHibernate.Cfg.FluentConfigurationException: An invalid or incomplete configuration was used while creating a SessionFactory. Check PotentialReasons collection, and InnerException for more detail.

 ---&gt; FluentNHibernate.Visitors.ValidationException: The entity 'Question' doesn't have an Id mapped. Use the Id method to map your identity property. For example: Id(x =&gt; x.Id).</Message>
          <StackTrace>    at FluentNHibernate.Visitors.ValidationVisitor.ProcessClass(ClassMapping classMapping) in d:\Builds\FluentNH\src\FluentNHibernate\Visitors\ValidationVisitor.cs:line 20
   at FluentNHibernate.MappingModel.ClassBased.ClassMapping.AcceptVisitor(IMappingModelVisitor visitor) in d:\Builds\FluentNH\src\FluentNHibernate\MappingModel\ClassBased\ClassMapping.cs:line 78
   at FluentNHibernate.Visitors.DefaultMappingModelVisitor.Visit(ClassMapping classMapping) in d:\Builds\FluentNH\src\FluentNHibernate\Visitors\DefaultMappingModelVisitor.cs:line 89
   at FluentNHibernate.MappingModel.HibernateMapping.AcceptVisitor(IMappingModelVisitor visitor) in d:\Builds\FluentNH\src\FluentNHibernate\MappingModel\HibernateMapping.cs:line 37
   at FluentNHibernate.Visitors.DefaultMappingModelVisitor.&lt;Visit&gt;b__0(HibernateMapping x) in d:\Builds\FluentNH\src\FluentNHibernate\Visitors\DefaultMappingModelVisitor.cs:line 79
   at FluentNHibernate.Utils.CollectionExtensions.Each[T](IEnumerable`1 enumerable, Action`1 each) in d:\Builds\FluentNH\src\FluentNHibernate\Utils\CollectionExtensions.cs:line 15
   at FluentNHibernate.Visitors.DefaultMappingModelVisitor.Visit(IEnumerable`1 mappings) in d:\Builds\FluentNH\src\FluentNHibernate\Visitors\DefaultMappingModelVisitor.cs:line 79
   at FluentNHibernate.PersistenceModel.ApplyVisitors(IEnumerable`1 mappings) in d:\Builds\FluentNH\src\FluentNHibernate\PersistenceModel.cs:line 214
   at FluentNHibernate.PersistenceModel.BuildMappings() in d:\Builds\FluentNH\src\FluentNHibernate\PersistenceModel.cs:line 169
   at FluentNHibernate.Automapping.AutoPersistenceModel.BuildMappings() in d:\Builds\FluentNH\src\FluentNHibernate\Automapping\AutoPersistenceModel.cs:line 134
   at FluentNHibernate.PersistenceModel.EnsureMappingsBuilt() in d:\Builds\FluentNH\src\FluentNHibernate\PersistenceModel.cs:line 221
   at FluentNHibernate.PersistenceModel.Configure(Configuration cfg) in d:\Builds\FluentNH\src\FluentNHibernate\PersistenceModel.cs:line 277
   at FluentNHibernate.Automapping.AutoPersistenceModel.Configure(Configuration configuration) in d:\Builds\FluentNH\src\FluentNHibernate\Automapping\AutoPersistenceModel.cs:line 201
   at FluentNHibernate.Cfg.AutoMappingsContainer.Apply(Configuration cfg, PersistenceModel model) in d:\Builds\FluentNH\src\FluentNHibernate\Cfg\AutoMappingsContainer.cs:line 86
   at FluentNHibernate.Cfg.MappingConfiguration.Apply(Configuration cfg) in d:\Builds\FluentNH\src\FluentNHibernate\Cfg\MappingConfiguration.cs:line 80
   at FluentNHibernate.Cfg.FluentConfiguration.BuildConfiguration() in d:\Builds\FluentNH\src\FluentNHibernate\Cfg\FluentConfiguration.cs:line 249
 --- End of inner exception stack trace ---
    at FluentNHibernate.Cfg.FluentConfiguration.BuildConfiguration() in d:\Builds\FluentNH\src\FluentNHibernate\Cfg\FluentConfiguration.cs:line 264
   at FluentNHibernate.Cfg.FluentConfiguration.BuildSessionFactory() in d:\Builds\FluentNH\src\FluentNHibernate\Cfg\FluentConfiguration.cs:line 230
 --- End of inner exception stack trace ---
    at FluentNHibernate.Cfg.FluentConfiguration.BuildSessionFactory() in d:\Builds\FluentNH\src\FluentNHibernate\Cfg\FluentConfiguration.cs:line 235
   at TestProject.NhModelsMapper.GetSessionFactory(String connectionString) in C:\Users\Michael\_CODE\Ienablemuch.ToTheEfnhX\TestProject\NhDbMapper.cs:line 63
   at TestProject.TestTheIRepository.Nh_SessionTransaction_cannot_detect_transaction_commitness() in C:\Users\Michael\_CODE\Ienablemuch.ToTheEfnhX\TestProject\TestTheIRepository.cs:line 1267
</StackTrace>
        </ErrorInfo>
      </Output>
    </UnitTestResult>
    <UnitTestResult executionId="fe54840c-1239-400a-92b9-2d97603455f8" testId="e392eca5-e91b-ff0f-619e-8a24d0ecbe68" testName="Ef_CanHaveIncrementingKey" computerName="MICHAEL-PC" duration="00:00:00.0080721" startTime="2012-06-03T10:13:54.2460000+08:00" endTime="2012-06-03T10:13:54.2610000+08:00" testType="13cdc9d9-ddb5-4fa4-a97d-d965ccfc6d4b" outcome="Passed" testListId="8c84fa94-04c1-424b-9868-57a2d4851a1d" relativeResultsDirectory="fe54840c-1239-400a-92b9-2d97603455f8">
    </UnitTestResult>
    <UnitTestResult executionId="f1d7c318-2f7b-42b6-97fb-9f1bfd14b5c5" testId="e4d36185-e99e-9b3f-8afc-2b7c501afd9a" testName="TestArray" computerName="MICHAEL-PC" duration="00:00:00.0002002" startTime="2012-06-03T10:13:54.2650000+08:00" endTime="2012-06-03T10:13:54.2680000+08:00" testType="13cdc9d9-ddb5-4fa4-a97d-d965ccfc6d4b" outcome="Passed" testListId="8c84fa94-04c1-424b-9868-57a2d4851a1d" relativeResultsDirectory="f1d7c318-2f7b-42b6-97fb-9f1bfd14b5c5">
    </UnitTestResult>
    <UnitTestResult executionId="e54615c7-2aee-41b9-afc7-e534ceeace3f" testId="ecf5b477-cdd8-3508-c195-40a64bc26f00" testName="Ef_CanSaveHeaderDetail" computerName="MICHAEL-PC" duration="00:00:00.0675880" startTime="2012-06-03T10:13:54.2720000+08:00" endTime="2012-06-03T10:13:54.3440000+08:00" testType="13cdc9d9-ddb5-4fa4-a97d-d965ccfc6d4b" outcome="Passed" testListId="8c84fa94-04c1-424b-9868-57a2d4851a1d" relativeResultsDirectory="e54615c7-2aee-41b9-afc7-e534ceeace3f">
    </UnitTestResult>
    <UnitTestResult executionId="2f65e8d5-252b-4e33-913d-750b5296678e" testId="ef9db0bb-63c6-f8c2-c180-d50d1ce2ca5b" testName="Ef_Can_rollback_transaction" computerName="MICHAEL-PC" duration="00:00:00.0103953" startTime="2012-06-03T10:13:54.3480000+08:00" endTime="2012-06-03T10:13:54.3800000+08:00" testType="13cdc9d9-ddb5-4fa4-a97d-d965ccfc6d4b" outcome="Passed" testListId="8c84fa94-04c1-424b-9868-57a2d4851a1d" relativeResultsDirectory="2f65e8d5-252b-4e33-913d-750b5296678e">
    </UnitTestResult>
    <UnitTestResult executionId="11935ee3-54dd-49ed-a47e-50e53930eb16" testId="f3b46671-4362-7dc3-90a0-0fcbe80e34d8" testName="Nh_CanDelete" computerName="MICHAEL-PC" duration="00:00:00.0256778" startTime="2012-06-03T10:13:54.3850000+08:00" endTime="2012-06-03T10:13:54.4150000+08:00" testType="13cdc9d9-ddb5-4fa4-a97d-d965ccfc6d4b" outcome="Failed" testListId="8c84fa94-04c1-424b-9868-57a2d4851a1d" relativeResultsDirectory="11935ee3-54dd-49ed-a47e-50e53930eb16">
      <Output>
        <ErrorInfo>
          <Message>Test method TestProject.TestTheIRepository.Nh_CanDelete threw exception: 
FluentNHibernate.Cfg.FluentConfigurationException: An invalid or incomplete configuration was used while creating a SessionFactory. Check PotentialReasons collection, and InnerException for more detail.

 ---&gt; FluentNHibernate.Cfg.FluentConfigurationException: An invalid or incomplete configuration was used while creating a SessionFactory. Check PotentialReasons collection, and InnerException for more detail.

 ---&gt; FluentNHibernate.Visitors.ValidationException: The entity 'Question' doesn't have an Id mapped. Use the Id method to map your identity property. For example: Id(x =&gt; x.Id).</Message>
          <StackTrace>    at FluentNHibernate.Visitors.ValidationVisitor.ProcessClass(ClassMapping classMapping) in d:\Builds\FluentNH\src\FluentNHibernate\Visitors\ValidationVisitor.cs:line 20
   at FluentNHibernate.MappingModel.ClassBased.ClassMapping.AcceptVisitor(IMappingModelVisitor visitor) in d:\Builds\FluentNH\src\FluentNHibernate\MappingModel\ClassBased\ClassMapping.cs:line 78
   at FluentNHibernate.Visitors.DefaultMappingModelVisitor.Visit(ClassMapping classMapping) in d:\Builds\FluentNH\src\FluentNHibernate\Visitors\DefaultMappingModelVisitor.cs:line 89
   at FluentNHibernate.MappingModel.HibernateMapping.AcceptVisitor(IMappingModelVisitor visitor) in d:\Builds\FluentNH\src\FluentNHibernate\MappingModel\HibernateMapping.cs:line 37
   at FluentNHibernate.Visitors.DefaultMappingModelVisitor.&lt;Visit&gt;b__0(HibernateMapping x) in d:\Builds\FluentNH\src\FluentNHibernate\Visitors\DefaultMappingModelVisitor.cs:line 79
   at FluentNHibernate.Utils.CollectionExtensions.Each[T](IEnumerable`1 enumerable, Action`1 each) in d:\Builds\FluentNH\src\FluentNHibernate\Utils\CollectionExtensions.cs:line 15
   at FluentNHibernate.Visitors.DefaultMappingModelVisitor.Visit(IEnumerable`1 mappings) in d:\Builds\FluentNH\src\FluentNHibernate\Visitors\DefaultMappingModelVisitor.cs:line 79
   at FluentNHibernate.PersistenceModel.ApplyVisitors(IEnumerable`1 mappings) in d:\Builds\FluentNH\src\FluentNHibernate\PersistenceModel.cs:line 214
   at FluentNHibernate.PersistenceModel.BuildMappings() in d:\Builds\FluentNH\src\FluentNHibernate\PersistenceModel.cs:line 169
   at FluentNHibernate.Automapping.AutoPersistenceModel.BuildMappings() in d:\Builds\FluentNH\src\FluentNHibernate\Automapping\AutoPersistenceModel.cs:line 134
   at FluentNHibernate.PersistenceModel.EnsureMappingsBuilt() in d:\Builds\FluentNH\src\FluentNHibernate\PersistenceModel.cs:line 221
   at FluentNHibernate.PersistenceModel.Configure(Configuration cfg) in d:\Builds\FluentNH\src\FluentNHibernate\PersistenceModel.cs:line 277
   at FluentNHibernate.Automapping.AutoPersistenceModel.Configure(Configuration configuration) in d:\Builds\FluentNH\src\FluentNHibernate\Automapping\AutoPersistenceModel.cs:line 201
   at FluentNHibernate.Cfg.AutoMappingsContainer.Apply(Configuration cfg, PersistenceModel model) in d:\Builds\FluentNH\src\FluentNHibernate\Cfg\AutoMappingsContainer.cs:line 86
   at FluentNHibernate.Cfg.MappingConfiguration.Apply(Configuration cfg) in d:\Builds\FluentNH\src\FluentNHibernate\Cfg\MappingConfiguration.cs:line 80
   at FluentNHibernate.Cfg.FluentConfiguration.BuildConfiguration() in d:\Builds\FluentNH\src\FluentNHibernate\Cfg\FluentConfiguration.cs:line 249
 --- End of inner exception stack trace ---
    at FluentNHibernate.Cfg.FluentConfiguration.BuildConfiguration() in d:\Builds\FluentNH\src\FluentNHibernate\Cfg\FluentConfiguration.cs:line 264
   at FluentNHibernate.Cfg.FluentConfiguration.BuildSessionFactory() in d:\Builds\FluentNH\src\FluentNHibernate\Cfg\FluentConfiguration.cs:line 230
 --- End of inner exception stack trace ---
    at FluentNHibernate.Cfg.FluentConfiguration.BuildSessionFactory() in d:\Builds\FluentNH\src\FluentNHibernate\Cfg\FluentConfiguration.cs:line 235
   at TestProject.NhModelsMapper.GetSessionFactory(String connectionString) in C:\Users\Michael\_CODE\Ienablemuch.ToTheEfnhX\TestProject\NhDbMapper.cs:line 63
   at TestProject.TestTheIRepository.Nh_CanDelete() in C:\Users\Michael\_CODE\Ienablemuch.ToTheEfnhX\TestProject\TestTheIRepository.cs:line 274
</StackTrace>
        </ErrorInfo>
      </Output>
    </UnitTestResult>
    <UnitTestResult executionId="8300c036-6369-47d3-8a2d-73af07b1249e" testId="f473cffe-6acb-bc8c-3c44-48f67f9567de" testName="Ef_Can_save_transaction" computerName="MICHAEL-PC" duration="00:00:00.0129519" startTime="2012-06-03T10:13:54.4190000+08:00" endTime="2012-06-03T10:13:54.4410000+08:00" testType="13cdc9d9-ddb5-4fa4-a97d-d965ccfc6d4b" outcome="Passed" testListId="8c84fa94-04c1-424b-9868-57a2d4851a1d" relativeResultsDirectory="8300c036-6369-47d3-8a2d-73af07b1249e">
    </UnitTestResult>
    <UnitTestResult executionId="5f7dc888-448d-4b04-9ec8-37821784b483" testId="f5049a26-85f5-2d61-7d0d-3fe36d498d57" testName="Memory_CanUpdate" computerName="MICHAEL-PC" duration="00:00:00.0003954" startTime="2012-06-03T10:13:54.4460000+08:00" endTime="2012-06-03T10:13:54.4510000+08:00" testType="13cdc9d9-ddb5-4fa4-a97d-d965ccfc6d4b" outcome="Passed" testListId="8c84fa94-04c1-424b-9868-57a2d4851a1d" relativeResultsDirectory="5f7dc888-448d-4b04-9ec8-37821784b483">
    </UnitTestResult>
    <UnitTestResult executionId="b9ff211c-a819-45a6-9bd5-2ac20bac2461" testId="f68ad391-23ca-2766-d2b2-8731589ef39b" testName="Nh_CanSaveHeaderDetail" computerName="MICHAEL-PC" duration="00:00:00.0220901" startTime="2012-06-03T10:13:54.4550000+08:00" endTime="2012-06-03T10:13:54.4810000+08:00" testType="13cdc9d9-ddb5-4fa4-a97d-d965ccfc6d4b" outcome="Failed" testListId="8c84fa94-04c1-424b-9868-57a2d4851a1d" relativeResultsDirectory="b9ff211c-a819-45a6-9bd5-2ac20bac2461">
      <Output>
        <ErrorInfo>
          <Message>Test method TestProject.TestTheIRepository.Nh_CanSaveHeaderDetail threw exception: 
FluentNHibernate.Cfg.FluentConfigurationException: An invalid or incomplete configuration was used while creating a SessionFactory. Check PotentialReasons collection, and InnerException for more detail.

 ---&gt; FluentNHibernate.Cfg.FluentConfigurationException: An invalid or incomplete configuration was used while creating a SessionFactory. Check PotentialReasons collection, and InnerException for more detail.

 ---&gt; FluentNHibernate.Visitors.ValidationException: The entity 'Question' doesn't have an Id mapped. Use the Id method to map your identity property. For example: Id(x =&gt; x.Id).</Message>
          <StackTrace>    at FluentNHibernate.Visitors.ValidationVisitor.ProcessClass(ClassMapping classMapping) in d:\Builds\FluentNH\src\FluentNHibernate\Visitors\ValidationVisitor.cs:line 20
   at FluentNHibernate.MappingModel.ClassBased.ClassMapping.AcceptVisitor(IMappingModelVisitor visitor) in d:\Builds\FluentNH\src\FluentNHibernate\MappingModel\ClassBased\ClassMapping.cs:line 78
   at FluentNHibernate.Visitors.DefaultMappingModelVisitor.Visit(ClassMapping classMapping) in d:\Builds\FluentNH\src\FluentNHibernate\Visitors\DefaultMappingModelVisitor.cs:line 89
   at FluentNHibernate.MappingModel.HibernateMapping.AcceptVisitor(IMappingModelVisitor visitor) in d:\Builds\FluentNH\src\FluentNHibernate\MappingModel\HibernateMapping.cs:line 37
   at FluentNHibernate.Visitors.DefaultMappingModelVisitor.&lt;Visit&gt;b__0(HibernateMapping x) in d:\Builds\FluentNH\src\FluentNHibernate\Visitors\DefaultMappingModelVisitor.cs:line 79
   at FluentNHibernate.Utils.CollectionExtensions.Each[T](IEnumerable`1 enumerable, Action`1 each) in d:\Builds\FluentNH\src\FluentNHibernate\Utils\CollectionExtensions.cs:line 15
   at FluentNHibernate.Visitors.DefaultMappingModelVisitor.Visit(IEnumerable`1 mappings) in d:\Builds\FluentNH\src\FluentNHibernate\Visitors\DefaultMappingModelVisitor.cs:line 79
   at FluentNHibernate.PersistenceModel.ApplyVisitors(IEnumerable`1 mappings) in d:\Builds\FluentNH\src\FluentNHibernate\PersistenceModel.cs:line 214
   at FluentNHibernate.PersistenceModel.BuildMappings() in d:\Builds\FluentNH\src\FluentNHibernate\PersistenceModel.cs:line 169
   at FluentNHibernate.Automapping.AutoPersistenceModel.BuildMappings() in d:\Builds\FluentNH\src\FluentNHibernate\Automapping\AutoPersistenceModel.cs:line 134
   at FluentNHibernate.PersistenceModel.EnsureMappingsBuilt() in d:\Builds\FluentNH\src\FluentNHibernate\PersistenceModel.cs:line 221
   at FluentNHibernate.PersistenceModel.Configure(Configuration cfg) in d:\Builds\FluentNH\src\FluentNHibernate\PersistenceModel.cs:line 277
   at FluentNHibernate.Automapping.AutoPersistenceModel.Configure(Configuration configuration) in d:\Builds\FluentNH\src\FluentNHibernate\Automapping\AutoPersistenceModel.cs:line 201
   at FluentNHibernate.Cfg.AutoMappingsContainer.Apply(Configuration cfg, PersistenceModel model) in d:\Builds\FluentNH\src\FluentNHibernate\Cfg\AutoMappingsContainer.cs:line 86
   at FluentNHibernate.Cfg.MappingConfiguration.Apply(Configuration cfg) in d:\Builds\FluentNH\src\FluentNHibernate\Cfg\MappingConfiguration.cs:line 80
   at FluentNHibernate.Cfg.FluentConfiguration.BuildConfiguration() in d:\Builds\FluentNH\src\FluentNHibernate\Cfg\FluentConfiguration.cs:line 249
 --- End of inner exception stack trace ---
    at FluentNHibernate.Cfg.FluentConfiguration.BuildConfiguration() in d:\Builds\FluentNH\src\FluentNHibernate\Cfg\FluentConfiguration.cs:line 264
   at FluentNHibernate.Cfg.FluentConfiguration.BuildSessionFactory() in d:\Builds\FluentNH\src\FluentNHibernate\Cfg\FluentConfiguration.cs:line 230
 --- End of inner exception stack trace ---
    at FluentNHibernate.Cfg.FluentConfiguration.BuildSessionFactory() in d:\Builds\FluentNH\src\FluentNHibernate\Cfg\FluentConfiguration.cs:line 235
   at TestProject.NhModelsMapper.GetSessionFactory(String connectionString) in C:\Users\Michael\_CODE\Ienablemuch.ToTheEfnhX\TestProject\NhDbMapper.cs:line 63
   at TestProject.TestTheIRepository.Nh_CanSaveHeaderDetail() in C:\Users\Michael\_CODE\Ienablemuch.ToTheEfnhX\TestProject\TestTheIRepository.cs:line 122
</StackTrace>
        </ErrorInfo>
      </Output>
    </UnitTestResult>
    <UnitTestResult executionId="6b086d6c-fa0d-4aef-a94e-8765142bc8b4" testId="f7d7cfdb-4468-5c56-7540-afe0d55e093a" testName="Can_do_deep_clone" computerName="MICHAEL-PC" duration="00:00:00.0029575" startTime="2012-06-03T10:13:54.4870000+08:00" endTime="2012-06-03T10:13:54.4940000+08:00" testType="13cdc9d9-ddb5-4fa4-a97d-d965ccfc6d4b" outcome="Passed" testListId="8c84fa94-04c1-424b-9868-57a2d4851a1d" relativeResultsDirectory="6b086d6c-fa0d-4aef-a94e-8765142bc8b4">
    </UnitTestResult>
    <UnitTestResult executionId="ca4cd3ba-8104-4eaf-a7eb-37a9ae9f4673" testId="ffcba511-cdf9-ce52-fd62-900fe7820ecc" testName="Ef_Can_queue_changes" computerName="MICHAEL-PC" duration="00:00:00.0049942" startTime="2012-06-03T10:13:54.4980000+08:00" endTime="2012-06-03T10:13:54.5070000+08:00" testType="13cdc9d9-ddb5-4fa4-a97d-d965ccfc6d4b" outcome="Failed" testListId="8c84fa94-04c1-424b-9868-57a2d4851a1d" relativeResultsDirectory="ca4cd3ba-8104-4eaf-a7eb-37a9ae9f4673">
      <Output>
        <ErrorInfo>
          <Message>Test method TestProject.TestTheIRepository.Ef_Can_queue_changes threw exception: 
System.MissingMethodException: Method 'TestProject.SampleModel.Question.QuestionId' not found.</Message>
          <StackTrace>    at System.RuntimeType.InvokeMember(String name, BindingFlags bindingFlags, Binder binder, Object target, Object[] providedArgs, ParameterModifier[] modifiers, CultureInfo culture, String[] namedParams)
   at Ienablemuch.ToTheEfnhX.EntityFramework.EfRepository`1.Merge(TEnt ent, Byte[] version) in C:\Users\Michael\_CODE\Ienablemuch.ToTheEfnhX\Ienablemuch.ToTheEfnhX.EntityFramework\EfRepository.cs:line 155
   at TestProject.TestTheIRepository.Refactored_Common_Merge_Arrange_Create(IRepository`1 repo) in C:\Users\Michael\_CODE\Ienablemuch.ToTheEfnhX\TestProject\TestTheIRepository.cs:line 847
   at TestProject.TestTheIRepository.Common_Can_queue_changes(IRepository`1 repo) in C:\Users\Michael\_CODE\Ienablemuch.ToTheEfnhX\TestProject\TestTheIRepository.cs:line 898
   at TestProject.TestTheIRepository.Ef_Can_queue_changes() in C:\Users\Michael\_CODE\Ienablemuch.ToTheEfnhX\TestProject\TestTheIRepository.cs:line 891
</StackTrace>
        </ErrorInfo>
      </Output>
    </UnitTestResult>
  </Results>
</TestRun>