<?xml version="1.0" encoding="UTF-8"?>
<TestRun id="288d4476-acd1-4229-8ec0-6941fc61435e" name="Michael@MICHAEL-PC 2012-06-11 07:46:32" runUser="Michael-PC\Michael" xmlns="http://microsoft.com/schemas/VisualStudio/TeamTest/2010">
  <TestSettings name="Local" id="7d9e14f4-f525-48ee-bea8-a34d9f4cc18d">
    <Description>These are default test settings for a local test run.</Description>
    <Deployment userDeploymentRoot="C:\Users\Michael\_CODE\Ienablemuch.ToTheEfnhX\TestResults" useDefaultDeploymentRoot="false" enabled="false" runDeploymentRoot="Michael_MICHAEL-PC 2012-06-11 07_46_32">
      <DeploymentItem filename="C:\Users\Michael\_CODE\Ienablemuch.ToTheEfnhX\Ienablemuch.ToTheEfnhX.Memory\bin\Release\Ienablemuch.ToTheEfnhX.Memory.dll" />
      <DeploymentItem filename="C:\Users\Michael\_CODE\Ienablemuch.ToTheEfnhX\packages\FluentNHibernate.1.3.0.717\lib\FluentNHibernate.dll" />
      <DeploymentItem filename="C:\Users\Michael\_CODE\Ienablemuch.ToTheEfnhX\packages\Iesi.Collections.3.2.0.4000\lib\Net35\Iesi.Collections.dll" />
      <DeploymentItem filename="C:\Users\Michael\_CODE\Ienablemuch.ToTheEfnhX\Ienablemuch.ToTheEfnhx.CommonExtensions\bin\Release\Ienablemuch.ToTheEfnhx.CommonExtensions.dll" />
      <DeploymentItem filename="C:\Users\Michael\_CODE\Ienablemuch.ToTheEfnhX\packages\NHibernate.3.3.0.4000\lib\Net35\NHibernate.dll" />
      <DeploymentItem filename="C:\Users\Michael\_CODE\Ienablemuch.ToTheEfnhX\packages\EntityFramework.4.3.1\lib\net40\EntityFramework.dll" />
      <DeploymentItem filename="C:\Users\Michael\_CODE\Ienablemuch.ToTheEfnhX\Ienablemuch.ToTheEfnhX.NHibernate\bin\Release\Ienablemuch.ToTheEfnhX.NHibernate.dll" />
      <DeploymentItem filename="C:\Users\Michael\_CODE\Ienablemuch.ToTheEfnhX\Ienablemuch.ToTheEfnhX.EntityFramework\bin\Release\Ienablemuch.ToTheEfnhX.EntityFramework.dll" />
      <DeploymentItem filename="C:\Users\Michael\_CODE\Ienablemuch.ToTheEfnhX\ToTheEfnhX\bin\Release\Ienablemuch.ToTheEfnhX.dll" />
    </Deployment>
    <Execution>
      <TestTypeSpecific />
      <AgentRule name="Execution Agents">
      </AgentRule>
    </Execution>
  </TestSettings>
  <Times creation="2012-06-11T07:46:32.1590000+08:00" queuing="2012-06-11T07:46:32.2030000+08:00" start="2012-06-11T07:46:32.2180000+08:00" finish="2012-06-11T07:46:33.7970000+08:00" />
  <ResultSummary outcome="Failed">
    <Counters total="2" executed="2" error="0" failed="2" timeout="0" aborted="0" inconclusive="0" passedButRunAborted="0" notRunnable="0" notExecuted="0" disconnected="0" warning="0" passed="0" completed="0" inProgress="0" pending="0" />
  </ResultSummary>
  <TestDefinitions>
    <UnitTest name="Ef_CanSaveHeaderDetail" storage="c:\users\michael\_code\ienablemuch.totheefnhx\testproject\bin\release\testproject.dll" id="ecf5b477-cdd8-3508-c195-40a64bc26f00">
      <Execution id="eaed3ce2-d555-4a00-8d7a-aabd3e050f6e" />
      <TestMethod codeBase="C:/Users/Michael/_CODE/Ienablemuch.ToTheEfnhX/TestProject/bin/Release/TestProject.DLL" adapterTypeName="Microsoft.VisualStudio.TestTools.TestTypes.Unit.UnitTestAdapter, Microsoft.VisualStudio.QualityTools.Tips.UnitTest.Adapter, Version=10.0.0.0, Culture=neutral, PublicKeyToken=b03f5f7f11d50a3a" className="TestProject.TestTheIRepository, TestProject, Version=1.0.0.0, Culture=neutral, PublicKeyToken=null" name="Ef_CanSaveHeaderDetail" />
    </UnitTest>
    <UnitTest name="Ef_Can_Save_Then_Update" storage="c:\users\michael\_code\ienablemuch.totheefnhx\testproject\bin\release\testproject.dll" id="9076dd47-28a7-196a-e653-7fb55dfa55a8">
      <Execution id="de0caae0-d7bb-4455-9af9-457eabe5691d" />
      <TestMethod codeBase="C:/Users/Michael/_CODE/Ienablemuch.ToTheEfnhX/TestProject/bin/Release/TestProject.DLL" adapterTypeName="Microsoft.VisualStudio.TestTools.TestTypes.Unit.UnitTestAdapter, Microsoft.VisualStudio.QualityTools.Tips.UnitTest.Adapter, Version=10.0.0.0, Culture=neutral, PublicKeyToken=b03f5f7f11d50a3a" className="TestProject.TestTheIRepository, TestProject, Version=1.0.0.0, Culture=neutral, PublicKeyToken=null" name="Ef_Can_Save_Then_Update" />
    </UnitTest>
  </TestDefinitions>
  <TestLists>
    <TestList name="Results Not in a List" id="8c84fa94-04c1-424b-9868-57a2d4851a1d" />
    <TestList name="All Loaded Results" id="19431567-8539-422a-85d7-44ee4e166bda" />
  </TestLists>
  <TestEntries>
    <TestEntry testId="9076dd47-28a7-196a-e653-7fb55dfa55a8" executionId="de0caae0-d7bb-4455-9af9-457eabe5691d" testListId="8c84fa94-04c1-424b-9868-57a2d4851a1d" />
    <TestEntry testId="ecf5b477-cdd8-3508-c195-40a64bc26f00" executionId="eaed3ce2-d555-4a00-8d7a-aabd3e050f6e" testListId="8c84fa94-04c1-424b-9868-57a2d4851a1d" />
  </TestEntries>
  <Results>
    <UnitTestResult executionId="de0caae0-d7bb-4455-9af9-457eabe5691d" testId="9076dd47-28a7-196a-e653-7fb55dfa55a8" testName="Ef_Can_Save_Then_Update" computerName="MICHAEL-PC" duration="00:00:01.2063964" startTime="2012-06-11T07:46:32.2370000+08:00" endTime="2012-06-11T07:46:33.7150000+08:00" testType="13cdc9d9-ddb5-4fa4-a97d-d965ccfc6d4b" outcome="Failed" testListId="8c84fa94-04c1-424b-9868-57a2d4851a1d" relativeResultsDirectory="de0caae0-d7bb-4455-9af9-457eabe5691d">
      <Output>
        <DebugTrace>Tunay TestProject.SampleModel.Product Product
Tunay System.Data.Objects.DataClasses.RelationshipManager RelationshipManager
</DebugTrace>
        <ErrorInfo>
          <Message>Test method TestProject.TestTheIRepository.Ef_Can_Save_Then_Update threw exception: 
System.Reflection.TargetInvocationException: Exception has been thrown by the target of an invocation. ---&gt; System.InvalidOperationException: Mapping and metadata information could not be found for EntityType 'System.Data.Objects.DataClasses.RelationshipManager'.</Message>
          <StackTrace>    at System.Data.Objects.ObjectContext.GetTypeUsage(Type entityCLRType)
   at System.Data.Objects.ObjectContext.GetEntitySetFromContainer(EntityContainer container, Type entityCLRType, String exceptionParameterName)
   at System.Data.Objects.ObjectContext.GetEntitySetForType(Type entityCLRType, String exceptionParameterName)
   at System.Data.Objects.ObjectContext.CreateObjectSet[TEntity]()
 --- End of inner exception stack trace ---
    at System.RuntimeMethodHandle._InvokeMethodFast(IRuntimeMethodInfo method, Object target, Object[] arguments, SignatureStruct&amp; sig, MethodAttributes methodAttributes, RuntimeType typeOwner)
   at System.RuntimeMethodHandle.InvokeMethodFast(IRuntimeMethodInfo method, Object target, Object[] arguments, Signature sig, MethodAttributes methodAttributes, RuntimeType typeOwner)
   at System.Reflection.RuntimeMethodInfo.Invoke(Object obj, BindingFlags invokeAttr, Binder binder, Object[] parameters, CultureInfo culture, Boolean skipVisibilityChecks)
   at System.Reflection.RuntimeMethodInfo.Invoke(Object obj, BindingFlags invokeAttr, Binder binder, Object[] parameters, CultureInfo culture)
   at Ienablemuch.ToTheEfnhX.EntityFramework.Helper.GetPrimaryKeyPropertyNames(DbContext db, Type entType) in C:\Users\Michael\_CODE\Ienablemuch.ToTheEfnhX\Ienablemuch.ToTheEfnhX.EntityFramework\EfRepository.cs:line 1048
   at Ienablemuch.ToTheEfnhX.EntityFramework.Repository`1.AssignStub(Object parent, Object ent, String versionName, DbContext ctx) in C:\Users\Michael\_CODE\Ienablemuch.ToTheEfnhX\Ienablemuch.ToTheEfnhX.EntityFramework\EfRepository.cs:line 225
   at Ienablemuch.ToTheEfnhX.EntityFramework.Repository`1.Save(TEnt ent) in C:\Users\Michael\_CODE\Ienablemuch.ToTheEfnhX\Ienablemuch.ToTheEfnhX.EntityFramework\EfRepository.cs:line 57
   at TestProject.TestTheIRepository.Common_Can_Save_Then_Update(IRepository`1 dbProd, IRepository`1 dbPrice) in C:\Users\Michael\_CODE\Ienablemuch.ToTheEfnhX\TestProject\TestTheIRepository.cs:line 1404
   at TestProject.TestTheIRepository.Ef_Can_Save_Then_Update() in C:\Users\Michael\_CODE\Ienablemuch.ToTheEfnhX\TestProject\TestTheIRepository.cs:line 1353
</StackTrace>
        </ErrorInfo>
      </Output>
    </UnitTestResult>
    <UnitTestResult executionId="eaed3ce2-d555-4a00-8d7a-aabd3e050f6e" testId="ecf5b477-cdd8-3508-c195-40a64bc26f00" testName="Ef_CanSaveHeaderDetail" computerName="MICHAEL-PC" duration="00:00:00.0380437" startTime="2012-06-11T07:46:33.7310000+08:00" endTime="2012-06-11T07:46:33.7730000+08:00" testType="13cdc9d9-ddb5-4fa4-a97d-d965ccfc6d4b" outcome="Failed" testListId="8c84fa94-04c1-424b-9868-57a2d4851a1d" relativeResultsDirectory="eaed3ce2-d555-4a00-8d7a-aabd3e050f6e">
      <Output>
        <DebugTrace>Tunay System.Data.Objects.DataClasses.RelationshipManager RelationshipManager
</DebugTrace>
        <ErrorInfo>
          <Message>Test method TestProject.TestTheIRepository.Ef_CanSaveHeaderDetail threw exception: 
System.Reflection.TargetInvocationException: Exception has been thrown by the target of an invocation. ---&gt; System.InvalidOperationException: Mapping and metadata information could not be found for EntityType 'System.Data.Objects.DataClasses.RelationshipManager'.</Message>
          <StackTrace>    at System.Data.Objects.ObjectContext.GetTypeUsage(Type entityCLRType)
   at System.Data.Objects.ObjectContext.GetEntitySetFromContainer(EntityContainer container, Type entityCLRType, String exceptionParameterName)
   at System.Data.Objects.ObjectContext.GetEntitySetForType(Type entityCLRType, String exceptionParameterName)
   at System.Data.Objects.ObjectContext.CreateObjectSet[TEntity]()
 --- End of inner exception stack trace ---
    at System.RuntimeMethodHandle._InvokeMethodFast(IRuntimeMethodInfo method, Object target, Object[] arguments, SignatureStruct&amp; sig, MethodAttributes methodAttributes, RuntimeType typeOwner)
   at System.RuntimeMethodHandle.InvokeMethodFast(IRuntimeMethodInfo method, Object target, Object[] arguments, Signature sig, MethodAttributes methodAttributes, RuntimeType typeOwner)
   at System.Reflection.RuntimeMethodInfo.Invoke(Object obj, BindingFlags invokeAttr, Binder binder, Object[] parameters, CultureInfo culture, Boolean skipVisibilityChecks)
   at System.Reflection.RuntimeMethodInfo.Invoke(Object obj, BindingFlags invokeAttr, Binder binder, Object[] parameters, CultureInfo culture)
   at Ienablemuch.ToTheEfnhX.EntityFramework.Helper.GetPrimaryKeyPropertyNames(DbContext db, Type entType) in C:\Users\Michael\_CODE\Ienablemuch.ToTheEfnhX\Ienablemuch.ToTheEfnhX.EntityFramework\EfRepository.cs:line 1048
   at Ienablemuch.ToTheEfnhX.EntityFramework.Repository`1.AssignStub(Object parent, Object ent, String versionName, DbContext ctx) in C:\Users\Michael\_CODE\Ienablemuch.ToTheEfnhX\Ienablemuch.ToTheEfnhX.EntityFramework\EfRepository.cs:line 225
   at Ienablemuch.ToTheEfnhX.EntityFramework.Repository`1.AssignStub(Object parent, Object ent, String versionName, DbContext ctx) in C:\Users\Michael\_CODE\Ienablemuch.ToTheEfnhX\Ienablemuch.ToTheEfnhX.EntityFramework\EfRepository.cs:line 212
   at Ienablemuch.ToTheEfnhX.EntityFramework.Repository`1.Merge(TEnt ent) in C:\Users\Michael\_CODE\Ienablemuch.ToTheEfnhX\Ienablemuch.ToTheEfnhX.EntityFramework\EfRepository.cs:line 323
   at TestProject.TestTheIRepository.Common_CanSaveHeaderDetail(IRepository`1 db) in C:\Users\Michael\_CODE\Ienablemuch.ToTheEfnhX\TestProject\TestTheIRepository.cs:line 185
   at TestProject.TestTheIRepository.Ef_CanSaveHeaderDetail() in C:\Users\Michael\_CODE\Ienablemuch.ToTheEfnhX\TestProject\TestTheIRepository.cs:line 130
</StackTrace>
        </ErrorInfo>
      </Output>
    </UnitTestResult>
  </Results>
</TestRun>