<?xml version="1.0" encoding="UTF-8"?>
<TestRun id="49b83c52-d6b4-4922-ab8c-136eff2b66c0" name="Michael@MICHAEL-PC 2012-06-02 12:25:03" runUser="Michael-PC\Michael" xmlns="http://microsoft.com/schemas/VisualStudio/TeamTest/2010">
  <TestSettings name="Local" id="7d9e14f4-f525-48ee-bea8-a34d9f4cc18d">
    <Description>These are default test settings for a local test run.</Description>
    <Deployment enabled="false" runDeploymentRoot="Michael_MICHAEL-PC 2012-06-02 12_25_03">
      <DeploymentItem filename="C:\Users\Michael\_CODE\Ienablemuch.ToTheEfnhX\Ienablemuch.ToTheEfnhX.Memory\bin\Release\Ienablemuch.ToTheEfnhX.Memory.dll" />
      <DeploymentItem filename="C:\Users\Michael\_CODE\Ienablemuch.ToTheEfnhX\Ienablemuch.ToTheEfnhX.EntityFramework\bin\Release\Ienablemuch.ToTheEfnhX.EntityFramework.dll" />
      <DeploymentItem filename="C:\Users\Michael\_CODE\Ienablemuch.ToTheEfnhX\packages\Iesi.Collections.3.2.0.4000\lib\Net35\Iesi.Collections.dll" />
      <DeploymentItem filename="C:\Users\Michael\_CODE\Ienablemuch.ToTheEfnhX\Ienablemuch.ToTheEfnhx.CommonExtensions\bin\Release\Ienablemuch.ToTheEfnhx.CommonExtensions.dll" />
      <DeploymentItem filename="C:\Users\Michael\_CODE\Ienablemuch.ToTheEfnhX\packages\FluentNHibernate.1.3.0.717\lib\FluentNHibernate.dll" />
      <DeploymentItem filename="C:\Users\Michael\_CODE\Ienablemuch.ToTheEfnhX\packages\EntityFramework.4.3.1\lib\net40\EntityFramework.dll" />
      <DeploymentItem filename="C:\Users\Michael\_CODE\Ienablemuch.ToTheEfnhX\Ienablemuch.ToTheEfnhX.NHibernate\bin\Release\Ienablemuch.ToTheEfnhX.NHibernate.dll" />
      <DeploymentItem filename="C:\Users\Michael\_CODE\Ienablemuch.ToTheEfnhX\packages\NHibernate.3.3.0.4000\lib\Net35\NHibernate.dll" />
      <DeploymentItem filename="C:\Users\Michael\_CODE\Ienablemuch.ToTheEfnhX\ToTheEfnhX\bin\Release\Ienablemuch.ToTheEfnhX.dll" />
    </Deployment>
    <Execution>
      <TestTypeSpecific />
      <AgentRule name="Execution Agents">
      </AgentRule>
    </Execution>
  </TestSettings>
  <Times creation="2012-06-02T12:25:03.7960000+08:00" queuing="2012-06-02T12:25:05.0070000+08:00" start="2012-06-02T12:25:05.1630000+08:00" finish="2012-06-02T12:25:13.3390000+08:00" />
  <ResultSummary outcome="Completed">
    <Counters total="52" executed="52" passed="52" error="0" failed="0" timeout="0" aborted="0" inconclusive="0" passedButRunAborted="0" notRunnable="0" notExecuted="0" disconnected="0" warning="0" completed="0" inProgress="0" pending="0" />
  </ResultSummary>
  <TestDefinitions>
    <UnitTest name="Nh_CanHaveIncrementingKey" storage="c:\users\michael\_code\ienablemuch.totheefnhx\testproject\bin\release\testproject.dll" id="c8ff8ef9-a95a-0779-90f7-6e8188ebefd1">
      <Execution id="fad5587f-fab6-475a-917d-8e207fd38c7d" />
      <TestMethod codeBase="C:/Users/Michael/_CODE/Ienablemuch.ToTheEfnhX/TestProject/bin/Release/TestProject.DLL" adapterTypeName="Microsoft.VisualStudio.TestTools.TestTypes.Unit.UnitTestAdapter, Microsoft.VisualStudio.QualityTools.Tips.UnitTest.Adapter, Version=10.0.0.0, Culture=neutral, PublicKeyToken=b03f5f7f11d50a3a" className="TestProject.TestTheIRepository, TestProject, Version=1.0.0.0, Culture=neutral, PublicKeyToken=null" name="Nh_CanHaveIncrementingKey" />
    </UnitTest>
    <UnitTest name="Nh_SessionTransaction_can_detect_its_own_transaction_commitness_only" storage="c:\users\michael\_code\ienablemuch.totheefnhx\testproject\bin\release\testproject.dll" id="83330a72-51da-0d0d-d2b2-826b2f6cfd00">
      <Execution id="28585a37-cb8c-4133-a4da-121e266b9e53" />
      <TestMethod codeBase="C:/Users/Michael/_CODE/Ienablemuch.ToTheEfnhX/TestProject/bin/Release/TestProject.DLL" adapterTypeName="Microsoft.VisualStudio.TestTools.TestTypes.Unit.UnitTestAdapter, Microsoft.VisualStudio.QualityTools.Tips.UnitTest.Adapter, Version=10.0.0.0, Culture=neutral, PublicKeyToken=b03f5f7f11d50a3a" className="TestProject.TestTheIRepository, TestProject, Version=1.0.0.0, Culture=neutral, PublicKeyToken=null" name="Nh_SessionTransaction_can_detect_its_own_transaction_commitness_only" />
    </UnitTest>
    <UnitTest name="Nh_CanDetectUpdateConflictingDelete" storage="c:\users\michael\_code\ienablemuch.totheefnhx\testproject\bin\release\testproject.dll" id="5d13769c-6ed9-df33-8e6d-b0cc79c073f2">
      <Execution id="195fa89d-441b-498b-a13e-02508b710135" />
      <TestMethod codeBase="C:/Users/Michael/_CODE/Ienablemuch.ToTheEfnhX/TestProject/bin/Release/TestProject.DLL" adapterTypeName="Microsoft.VisualStudio.TestTools.TestTypes.Unit.UnitTestAdapter, Microsoft.VisualStudio.QualityTools.Tips.UnitTest.Adapter, Version=10.0.0.0, Culture=neutral, PublicKeyToken=b03f5f7f11d50a3a" className="TestProject.TestTheIRepository, TestProject, Version=1.0.0.0, Culture=neutral, PublicKeyToken=null" name="Nh_CanDetectUpdateConflictingDelete" />
    </UnitTest>
    <UnitTest name="Nh_Can_Orm_Merge_Can_Create" storage="c:\users\michael\_code\ienablemuch.totheefnhx\testproject\bin\release\testproject.dll" id="8af4731e-1204-41e4-f479-73db6099844b">
      <Execution id="cfb34f63-84b3-4576-b298-d08f88a95532" />
      <TestMethod codeBase="C:/Users/Michael/_CODE/Ienablemuch.ToTheEfnhX/TestProject/bin/Release/TestProject.DLL" adapterTypeName="Microsoft.VisualStudio.TestTools.TestTypes.Unit.UnitTestAdapter, Microsoft.VisualStudio.QualityTools.Tips.UnitTest.Adapter, Version=10.0.0.0, Culture=neutral, PublicKeyToken=b03f5f7f11d50a3a" className="TestProject.TestTheIRepository, TestProject, Version=1.0.0.0, Culture=neutral, PublicKeyToken=null" name="Nh_Can_Orm_Merge_Can_Create" />
    </UnitTest>
    <UnitTest name="Nh_Can_Orm_do_cascaded_deletions" storage="c:\users\michael\_code\ienablemuch.totheefnhx\testproject\bin\release\testproject.dll" id="170c0ff1-28bc-09a2-839b-5ab24853aea8">
      <Execution id="ea1e39ff-331c-45e8-83f1-6730c0c317e5" />
      <TestMethod codeBase="C:/Users/Michael/_CODE/Ienablemuch.ToTheEfnhX/TestProject/bin/Release/TestProject.DLL" adapterTypeName="Microsoft.VisualStudio.TestTools.TestTypes.Unit.UnitTestAdapter, Microsoft.VisualStudio.QualityTools.Tips.UnitTest.Adapter, Version=10.0.0.0, Culture=neutral, PublicKeyToken=b03f5f7f11d50a3a" className="TestProject.TestTheIRepository, TestProject, Version=1.0.0.0, Culture=neutral, PublicKeyToken=null" name="Nh_Can_Orm_do_cascaded_deletions" />
    </UnitTest>
    <UnitTest name="Saving_is_ok" storage="c:\users\michael\_code\ienablemuch.totheefnhx\testproject\bin\release\testproject.dll" id="5b9ac5c8-7814-fd36-cd57-f0de0de0fae7">
      <Execution id="ff7c5f2f-3927-4f67-823c-cf7205d30042" />
      <TestMethod codeBase="C:/Users/Michael/_CODE/Ienablemuch.ToTheEfnhX/TestProject/bin/Release/TestProject.DLL" adapterTypeName="Microsoft.VisualStudio.TestTools.TestTypes.Unit.UnitTestAdapter, Microsoft.VisualStudio.QualityTools.Tips.UnitTest.Adapter, Version=10.0.0.0, Culture=neutral, PublicKeyToken=b03f5f7f11d50a3a" className="TestProject.TestTheIRepository, TestProject, Version=1.0.0.0, Culture=neutral, PublicKeyToken=null" name="Saving_is_ok" />
    </UnitTest>
    <UnitTest name="Fetching_strategies_of_NHibernate_helper_has_no_problem_on_mocked_IQueryable" storage="c:\users\michael\_code\ienablemuch.totheefnhx\testproject\bin\release\testproject.dll" id="24f780e7-822d-62ed-f13e-e2daddc611e1">
      <Execution id="37d31e07-427f-4e19-a0e5-76525fb89ddd" />
      <TestMethod codeBase="C:/Users/Michael/_CODE/Ienablemuch.ToTheEfnhX/TestProject/bin/Release/TestProject.DLL" adapterTypeName="Microsoft.VisualStudio.TestTools.TestTypes.Unit.UnitTestAdapter, Microsoft.VisualStudio.QualityTools.Tips.UnitTest.Adapter, Version=10.0.0.0, Culture=neutral, PublicKeyToken=b03f5f7f11d50a3a" className="TestProject.TestTheIRepository, TestProject, Version=1.0.0.0, Culture=neutral, PublicKeyToken=null" name="Fetching_strategies_of_NHibernate_helper_has_no_problem_on_mocked_IQueryable" />
    </UnitTest>
    <UnitTest name="Ef_CanDetectUpdateConflictingUpdate" storage="c:\users\michael\_code\ienablemuch.totheefnhx\testproject\bin\release\testproject.dll" id="ca3ec696-2df9-55bd-c53c-f732b5c80a68">
      <Execution id="33cde682-0e74-435d-a72f-530688e9114e" />
      <TestMethod codeBase="C:/Users/Michael/_CODE/Ienablemuch.ToTheEfnhX/TestProject/bin/Release/TestProject.DLL" adapterTypeName="Microsoft.VisualStudio.TestTools.TestTypes.Unit.UnitTestAdapter, Microsoft.VisualStudio.QualityTools.Tips.UnitTest.Adapter, Version=10.0.0.0, Culture=neutral, PublicKeyToken=b03f5f7f11d50a3a" className="TestProject.TestTheIRepository, TestProject, Version=1.0.0.0, Culture=neutral, PublicKeyToken=null" name="Ef_CanDetectUpdateConflictingUpdate" />
    </UnitTest>
    <UnitTest name="Nh_CanUpdate" storage="c:\users\michael\_code\ienablemuch.totheefnhx\testproject\bin\release\testproject.dll" id="63d9977f-78b2-ba78-f19b-1e84d68eabe8">
      <Execution id="5e81aad9-6e74-490a-951e-3f17acbaf6ba" />
      <TestMethod codeBase="C:/Users/Michael/_CODE/Ienablemuch.ToTheEfnhX/TestProject/bin/Release/TestProject.DLL" adapterTypeName="Microsoft.VisualStudio.TestTools.TestTypes.Unit.UnitTestAdapter, Microsoft.VisualStudio.QualityTools.Tips.UnitTest.Adapter, Version=10.0.0.0, Culture=neutral, PublicKeyToken=b03f5f7f11d50a3a" className="TestProject.TestTheIRepository, TestProject, Version=1.0.0.0, Culture=neutral, PublicKeyToken=null" name="Nh_CanUpdate" />
    </UnitTest>
    <UnitTest name="Memory_CanUpdate" storage="c:\users\michael\_code\ienablemuch.totheefnhx\testproject\bin\release\testproject.dll" id="f5049a26-85f5-2d61-7d0d-3fe36d498d57">
      <Execution id="760200af-c052-47dd-9d59-6e4209762b13" />
      <TestMethod codeBase="C:/Users/Michael/_CODE/Ienablemuch.ToTheEfnhX/TestProject/bin/Release/TestProject.DLL" adapterTypeName="Microsoft.VisualStudio.TestTools.TestTypes.Unit.UnitTestAdapter, Microsoft.VisualStudio.QualityTools.Tips.UnitTest.Adapter, Version=10.0.0.0, Culture=neutral, PublicKeyToken=b03f5f7f11d50a3a" className="TestProject.TestTheIRepository, TestProject, Version=1.0.0.0, Culture=neutral, PublicKeyToken=null" name="Memory_CanUpdate" />
    </UnitTest>
    <UnitTest name="Ef_CanDetectDeleteConflictingDelete" storage="c:\users\michael\_code\ienablemuch.totheefnhx\testproject\bin\release\testproject.dll" id="4bb22a57-9102-06ea-257b-caae673d46d7">
      <Execution id="c88118b8-89f8-4587-b03a-2ab34fd18428" />
      <TestMethod codeBase="C:/Users/Michael/_CODE/Ienablemuch.ToTheEfnhX/TestProject/bin/Release/TestProject.DLL" adapterTypeName="Microsoft.VisualStudio.TestTools.TestTypes.Unit.UnitTestAdapter, Microsoft.VisualStudio.QualityTools.Tips.UnitTest.Adapter, Version=10.0.0.0, Culture=neutral, PublicKeyToken=b03f5f7f11d50a3a" className="TestProject.TestTheIRepository, TestProject, Version=1.0.0.0, Culture=neutral, PublicKeyToken=null" name="Ef_CanDetectDeleteConflictingDelete" />
    </UnitTest>
    <UnitTest name="Ef_Can_save_transaction" storage="c:\users\michael\_code\ienablemuch.totheefnhx\testproject\bin\release\testproject.dll" id="f473cffe-6acb-bc8c-3c44-48f67f9567de">
      <Execution id="13198109-d63f-46a6-a636-74a79f739dc4" />
      <TestMethod codeBase="C:/Users/Michael/_CODE/Ienablemuch.ToTheEfnhX/TestProject/bin/Release/TestProject.DLL" adapterTypeName="Microsoft.VisualStudio.TestTools.TestTypes.Unit.UnitTestAdapter, Microsoft.VisualStudio.QualityTools.Tips.UnitTest.Adapter, Version=10.0.0.0, Culture=neutral, PublicKeyToken=b03f5f7f11d50a3a" className="TestProject.TestTheIRepository, TestProject, Version=1.0.0.0, Culture=neutral, PublicKeyToken=null" name="Ef_Can_save_transaction" />
    </UnitTest>
    <UnitTest name="Memory_CanDetectDeleteConflictingDelete" storage="c:\users\michael\_code\ienablemuch.totheefnhx\testproject\bin\release\testproject.dll" id="d409929f-129a-9686-590d-6472fdfa28e4">
      <Execution id="54c2e98e-4ae6-4817-86d0-a2ea107eab28" />
      <TestMethod codeBase="C:/Users/Michael/_CODE/Ienablemuch.ToTheEfnhX/TestProject/bin/Release/TestProject.DLL" adapterTypeName="Microsoft.VisualStudio.TestTools.TestTypes.Unit.UnitTestAdapter, Microsoft.VisualStudio.QualityTools.Tips.UnitTest.Adapter, Version=10.0.0.0, Culture=neutral, PublicKeyToken=b03f5f7f11d50a3a" className="TestProject.TestTheIRepository, TestProject, Version=1.0.0.0, Culture=neutral, PublicKeyToken=null" name="Memory_CanDetectDeleteConflictingDelete" />
    </UnitTest>
    <UnitTest name="TestArray" storage="c:\users\michael\_code\ienablemuch.totheefnhx\testproject\bin\release\testproject.dll" id="e4d36185-e99e-9b3f-8afc-2b7c501afd9a">
      <Execution id="93786eda-7ea0-4254-9115-40d1ff35c296" />
      <TestMethod codeBase="C:/Users/Michael/_CODE/Ienablemuch.ToTheEfnhX/TestProject/bin/Release/TestProject.DLL" adapterTypeName="Microsoft.VisualStudio.TestTools.TestTypes.Unit.UnitTestAdapter, Microsoft.VisualStudio.QualityTools.Tips.UnitTest.Adapter, Version=10.0.0.0, Culture=neutral, PublicKeyToken=b03f5f7f11d50a3a" className="TestProject.TestTheIRepository, TestProject, Version=1.0.0.0, Culture=neutral, PublicKeyToken=null" name="TestArray" />
    </UnitTest>
    <UnitTest name="Ef_CanDetectUpdateConflictingDelete" storage="c:\users\michael\_code\ienablemuch.totheefnhx\testproject\bin\release\testproject.dll" id="cdd1ec05-a33a-edaf-1560-6637f27329d2">
      <Execution id="0227fe97-fd4a-4a23-a617-2d7e4aa5ba7a" />
      <TestMethod codeBase="C:/Users/Michael/_CODE/Ienablemuch.ToTheEfnhX/TestProject/bin/Release/TestProject.DLL" adapterTypeName="Microsoft.VisualStudio.TestTools.TestTypes.Unit.UnitTestAdapter, Microsoft.VisualStudio.QualityTools.Tips.UnitTest.Adapter, Version=10.0.0.0, Culture=neutral, PublicKeyToken=b03f5f7f11d50a3a" className="TestProject.TestTheIRepository, TestProject, Version=1.0.0.0, Culture=neutral, PublicKeyToken=null" name="Ef_CanDetectUpdateConflictingDelete" />
    </UnitTest>
    <UnitTest name="Nh_SessionTransaction_cannot_detect_transaction_commitness" storage="c:\users\michael\_code\ienablemuch.totheefnhx\testproject\bin\release\testproject.dll" id="dad118fb-1088-58a3-350a-fc5e47173fa9">
      <Execution id="df4b5f5c-a581-4369-8509-5adfb127f221" />
      <TestMethod codeBase="C:/Users/Michael/_CODE/Ienablemuch.ToTheEfnhX/TestProject/bin/Release/TestProject.DLL" adapterTypeName="Microsoft.VisualStudio.TestTools.TestTypes.Unit.UnitTestAdapter, Microsoft.VisualStudio.QualityTools.Tips.UnitTest.Adapter, Version=10.0.0.0, Culture=neutral, PublicKeyToken=b03f5f7f11d50a3a" className="TestProject.TestTheIRepository, TestProject, Version=1.0.0.0, Culture=neutral, PublicKeyToken=null" name="Nh_SessionTransaction_cannot_detect_transaction_commitness" />
    </UnitTest>
    <UnitTest name="Ef_Can_Orm_Merge_Can_Create" storage="c:\users\michael\_code\ienablemuch.totheefnhx\testproject\bin\release\testproject.dll" id="a9ed84c2-917f-5ccb-44a7-7e3cea9cd5e0">
      <Execution id="6e4361eb-e88c-4bef-ae44-985daf84bd53" />
      <TestMethod codeBase="C:/Users/Michael/_CODE/Ienablemuch.ToTheEfnhX/TestProject/bin/Release/TestProject.DLL" adapterTypeName="Microsoft.VisualStudio.TestTools.TestTypes.Unit.UnitTestAdapter, Microsoft.VisualStudio.QualityTools.Tips.UnitTest.Adapter, Version=10.0.0.0, Culture=neutral, PublicKeyToken=b03f5f7f11d50a3a" className="TestProject.TestTheIRepository, TestProject, Version=1.0.0.0, Culture=neutral, PublicKeyToken=null" name="Ef_Can_Orm_Merge_Can_Create" />
    </UnitTest>
    <UnitTest name="Nh_Can_Orm_Merge_Can_Update" storage="c:\users\michael\_code\ienablemuch.totheefnhx\testproject\bin\release\testproject.dll" id="b9cbda9a-23ca-3458-8bf7-8aa6598f8754">
      <Execution id="d1d9d1c9-9e1a-4f71-be7f-e64488794244" />
      <TestMethod codeBase="C:/Users/Michael/_CODE/Ienablemuch.ToTheEfnhX/TestProject/bin/Release/TestProject.DLL" adapterTypeName="Microsoft.VisualStudio.TestTools.TestTypes.Unit.UnitTestAdapter, Microsoft.VisualStudio.QualityTools.Tips.UnitTest.Adapter, Version=10.0.0.0, Culture=neutral, PublicKeyToken=b03f5f7f11d50a3a" className="TestProject.TestTheIRepository, TestProject, Version=1.0.0.0, Culture=neutral, PublicKeyToken=null" name="Nh_Can_Orm_Merge_Can_Update" />
    </UnitTest>
    <UnitTest name="Memory_CanSaveHeaderDetail" storage="c:\users\michael\_code\ienablemuch.totheefnhx\testproject\bin\release\testproject.dll" id="c2e9f01d-6387-7f00-c2a6-71385a796942">
      <Execution id="a7daee0f-014e-4c0f-9814-058590623807" />
      <TestMethod codeBase="C:/Users/Michael/_CODE/Ienablemuch.ToTheEfnhX/TestProject/bin/Release/TestProject.DLL" adapterTypeName="Microsoft.VisualStudio.TestTools.TestTypes.Unit.UnitTestAdapter, Microsoft.VisualStudio.QualityTools.Tips.UnitTest.Adapter, Version=10.0.0.0, Culture=neutral, PublicKeyToken=b03f5f7f11d50a3a" className="TestProject.TestTheIRepository, TestProject, Version=1.0.0.0, Culture=neutral, PublicKeyToken=null" name="Memory_CanSaveHeaderDetail" />
    </UnitTest>
    <UnitTest name="Ef_CanSave" storage="c:\users\michael\_code\ienablemuch.totheefnhx\testproject\bin\release\testproject.dll" id="6a52032d-db59-8802-47db-20699e8ef053">
      <Execution id="ec11578e-b76b-4749-9444-1d15485f112c" />
      <TestMethod codeBase="C:/Users/Michael/_CODE/Ienablemuch.ToTheEfnhX/TestProject/bin/Release/TestProject.DLL" adapterTypeName="Microsoft.VisualStudio.TestTools.TestTypes.Unit.UnitTestAdapter, Microsoft.VisualStudio.QualityTools.Tips.UnitTest.Adapter, Version=10.0.0.0, Culture=neutral, PublicKeyToken=b03f5f7f11d50a3a" className="TestProject.TestTheIRepository, TestProject, Version=1.0.0.0, Culture=neutral, PublicKeyToken=null" name="Ef_CanSave" />
    </UnitTest>
    <UnitTest name="Ef_HasRowVersion" storage="c:\users\michael\_code\ienablemuch.totheefnhx\testproject\bin\release\testproject.dll" id="86150143-fb0b-c807-6c85-448e509331e0">
      <Execution id="651f8939-ca0e-4fc5-9e0f-bb9da54f17d3" />
      <TestMethod codeBase="C:/Users/Michael/_CODE/Ienablemuch.ToTheEfnhX/TestProject/bin/Release/TestProject.DLL" adapterTypeName="Microsoft.VisualStudio.TestTools.TestTypes.Unit.UnitTestAdapter, Microsoft.VisualStudio.QualityTools.Tips.UnitTest.Adapter, Version=10.0.0.0, Culture=neutral, PublicKeyToken=b03f5f7f11d50a3a" className="TestProject.TestTheIRepository, TestProject, Version=1.0.0.0, Culture=neutral, PublicKeyToken=null" name="Ef_HasRowVersion" />
    </UnitTest>
    <UnitTest name="Ef_CanUpdate" storage="c:\users\michael\_code\ienablemuch.totheefnhx\testproject\bin\release\testproject.dll" id="9ce2ff54-3bea-2c09-7986-c83994c1d685">
      <Execution id="5e4dd30b-63c1-4830-8d1b-c6a22783681e" />
      <TestMethod codeBase="C:/Users/Michael/_CODE/Ienablemuch.ToTheEfnhX/TestProject/bin/Release/TestProject.DLL" adapterTypeName="Microsoft.VisualStudio.TestTools.TestTypes.Unit.UnitTestAdapter, Microsoft.VisualStudio.QualityTools.Tips.UnitTest.Adapter, Version=10.0.0.0, Culture=neutral, PublicKeyToken=b03f5f7f11d50a3a" className="TestProject.TestTheIRepository, TestProject, Version=1.0.0.0, Culture=neutral, PublicKeyToken=null" name="Ef_CanUpdate" />
    </UnitTest>
    <UnitTest name="Nh_CanDetectDeleteConflictingUpdate" storage="c:\users\michael\_code\ienablemuch.totheefnhx\testproject\bin\release\testproject.dll" id="467d17f0-5ec4-24a5-9089-e15ef18964f7">
      <Execution id="16c12aa8-17ea-4b20-857f-7d4f84bd1cf4" />
      <TestMethod codeBase="C:/Users/Michael/_CODE/Ienablemuch.ToTheEfnhX/TestProject/bin/Release/TestProject.DLL" adapterTypeName="Microsoft.VisualStudio.TestTools.TestTypes.Unit.UnitTestAdapter, Microsoft.VisualStudio.QualityTools.Tips.UnitTest.Adapter, Version=10.0.0.0, Culture=neutral, PublicKeyToken=b03f5f7f11d50a3a" className="TestProject.TestTheIRepository, TestProject, Version=1.0.0.0, Culture=neutral, PublicKeyToken=null" name="Nh_CanDetectDeleteConflictingUpdate" />
    </UnitTest>
    <UnitTest name="Nh_HasRowVersion" storage="c:\users\michael\_code\ienablemuch.totheefnhx\testproject\bin\release\testproject.dll" id="919c9ab6-d8de-ff18-95fc-25bc030735bd">
      <Execution id="929f362e-e2fd-4f9f-ac87-15196857cc72" />
      <TestMethod codeBase="C:/Users/Michael/_CODE/Ienablemuch.ToTheEfnhX/TestProject/bin/Release/TestProject.DLL" adapterTypeName="Microsoft.VisualStudio.TestTools.TestTypes.Unit.UnitTestAdapter, Microsoft.VisualStudio.QualityTools.Tips.UnitTest.Adapter, Version=10.0.0.0, Culture=neutral, PublicKeyToken=b03f5f7f11d50a3a" className="TestProject.TestTheIRepository, TestProject, Version=1.0.0.0, Culture=neutral, PublicKeyToken=null" name="Nh_HasRowVersion" />
    </UnitTest>
    <UnitTest name="Ef_Can_Orm_do_cascaded_deletions" storage="c:\users\michael\_code\ienablemuch.totheefnhx\testproject\bin\release\testproject.dll" id="a2256363-4989-1fab-e208-96edc389fe3c">
      <Execution id="24cbe728-5fb9-4eab-b57e-0b92cf65f125" />
      <TestMethod codeBase="C:/Users/Michael/_CODE/Ienablemuch.ToTheEfnhX/TestProject/bin/Release/TestProject.DLL" adapterTypeName="Microsoft.VisualStudio.TestTools.TestTypes.Unit.UnitTestAdapter, Microsoft.VisualStudio.QualityTools.Tips.UnitTest.Adapter, Version=10.0.0.0, Culture=neutral, PublicKeyToken=b03f5f7f11d50a3a" className="TestProject.TestTheIRepository, TestProject, Version=1.0.0.0, Culture=neutral, PublicKeyToken=null" name="Ef_Can_Orm_do_cascaded_deletions" />
    </UnitTest>
    <UnitTest name="Memory_CanSaveTransaction" storage="c:\users\michael\_code\ienablemuch.totheefnhx\testproject\bin\release\testproject.dll" id="6b805790-9c4f-2071-6e55-fbbb337c0021">
      <Execution id="8a352567-4068-4424-b7b3-7d490886cbde" />
      <TestMethod codeBase="C:/Users/Michael/_CODE/Ienablemuch.ToTheEfnhX/TestProject/bin/Release/TestProject.DLL" adapterTypeName="Microsoft.VisualStudio.TestTools.TestTypes.Unit.UnitTestAdapter, Microsoft.VisualStudio.QualityTools.Tips.UnitTest.Adapter, Version=10.0.0.0, Culture=neutral, PublicKeyToken=b03f5f7f11d50a3a" className="TestProject.TestTheIRepository, TestProject, Version=1.0.0.0, Culture=neutral, PublicKeyToken=null" name="Memory_CanSaveTransaction" />
    </UnitTest>
    <UnitTest name="Ef_Can_Orm_Merge_Can_Update" storage="c:\users\michael\_code\ienablemuch.totheefnhx\testproject\bin\release\testproject.dll" id="3a1e9fe6-a4ce-9adb-c086-11052cee98b6">
      <Execution id="4c27b518-7050-4c22-8989-aa1ad61393b4" />
      <TestMethod codeBase="C:/Users/Michael/_CODE/Ienablemuch.ToTheEfnhX/TestProject/bin/Release/TestProject.DLL" adapterTypeName="Microsoft.VisualStudio.TestTools.TestTypes.Unit.UnitTestAdapter, Microsoft.VisualStudio.QualityTools.Tips.UnitTest.Adapter, Version=10.0.0.0, Culture=neutral, PublicKeyToken=b03f5f7f11d50a3a" className="TestProject.TestTheIRepository, TestProject, Version=1.0.0.0, Culture=neutral, PublicKeyToken=null" name="Ef_Can_Orm_Merge_Can_Update" />
    </UnitTest>
    <UnitTest name="Ef_CanDelete" storage="c:\users\michael\_code\ienablemuch.totheefnhx\testproject\bin\release\testproject.dll" id="c3da4334-35ea-a9c1-5cbf-c1daa7323978">
      <Execution id="937ec6b7-19cb-4875-a439-c652ca9a0ad7" />
      <TestMethod codeBase="C:/Users/Michael/_CODE/Ienablemuch.ToTheEfnhX/TestProject/bin/Release/TestProject.DLL" adapterTypeName="Microsoft.VisualStudio.TestTools.TestTypes.Unit.UnitTestAdapter, Microsoft.VisualStudio.QualityTools.Tips.UnitTest.Adapter, Version=10.0.0.0, Culture=neutral, PublicKeyToken=b03f5f7f11d50a3a" className="TestProject.TestTheIRepository, TestProject, Version=1.0.0.0, Culture=neutral, PublicKeyToken=null" name="Ef_CanDelete" />
    </UnitTest>
    <UnitTest name="Ef_Can_queue_changes" storage="c:\users\michael\_code\ienablemuch.totheefnhx\testproject\bin\release\testproject.dll" id="ffcba511-cdf9-ce52-fd62-900fe7820ecc">
      <Execution id="dc8fe5a2-6a1e-411d-bef1-28b9b796668e" />
      <TestMethod codeBase="C:/Users/Michael/_CODE/Ienablemuch.ToTheEfnhX/TestProject/bin/Release/TestProject.DLL" adapterTypeName="Microsoft.VisualStudio.TestTools.TestTypes.Unit.UnitTestAdapter, Microsoft.VisualStudio.QualityTools.Tips.UnitTest.Adapter, Version=10.0.0.0, Culture=neutral, PublicKeyToken=b03f5f7f11d50a3a" className="TestProject.TestTheIRepository, TestProject, Version=1.0.0.0, Culture=neutral, PublicKeyToken=null" name="Ef_Can_queue_changes" />
    </UnitTest>
    <UnitTest name="Fetching_strategies_of_EntityFramework_helper_has_no_problem_on_mocked_IQueryable" storage="c:\users\michael\_code\ienablemuch.totheefnhx\testproject\bin\release\testproject.dll" id="c8cf96fa-83e0-e026-64af-f003abc95103">
      <Execution id="b983e0df-dc9a-4a1a-b3a4-d8dfee109495" />
      <TestMethod codeBase="C:/Users/Michael/_CODE/Ienablemuch.ToTheEfnhX/TestProject/bin/Release/TestProject.DLL" adapterTypeName="Microsoft.VisualStudio.TestTools.TestTypes.Unit.UnitTestAdapter, Microsoft.VisualStudio.QualityTools.Tips.UnitTest.Adapter, Version=10.0.0.0, Culture=neutral, PublicKeyToken=b03f5f7f11d50a3a" className="TestProject.TestTheIRepository, TestProject, Version=1.0.0.0, Culture=neutral, PublicKeyToken=null" name="Fetching_strategies_of_EntityFramework_helper_has_no_problem_on_mocked_IQueryable" />
    </UnitTest>
    <UnitTest name="Memory_CanDetectUpdateConflictingDelete" storage="c:\users\michael\_code\ienablemuch.totheefnhx\testproject\bin\release\testproject.dll" id="314cd11d-882d-0d0a-f196-b0f474ca8700">
      <Execution id="5ce565d0-2a41-4778-9a4c-fb18a7057af1" />
      <TestMethod codeBase="C:/Users/Michael/_CODE/Ienablemuch.ToTheEfnhX/TestProject/bin/Release/TestProject.DLL" adapterTypeName="Microsoft.VisualStudio.TestTools.TestTypes.Unit.UnitTestAdapter, Microsoft.VisualStudio.QualityTools.Tips.UnitTest.Adapter, Version=10.0.0.0, Culture=neutral, PublicKeyToken=b03f5f7f11d50a3a" className="TestProject.TestTheIRepository, TestProject, Version=1.0.0.0, Culture=neutral, PublicKeyToken=null" name="Memory_CanDetectUpdateConflictingDelete" />
    </UnitTest>
    <UnitTest name="Nh_Can_queue_changes" storage="c:\users\michael\_code\ienablemuch.totheefnhx\testproject\bin\release\testproject.dll" id="8ae0b4b0-ccc4-fc93-736a-72af24764f70">
      <Execution id="44570260-e2a4-40a1-a738-0742f9f7a703" />
      <TestMethod codeBase="C:/Users/Michael/_CODE/Ienablemuch.ToTheEfnhX/TestProject/bin/Release/TestProject.DLL" adapterTypeName="Microsoft.VisualStudio.TestTools.TestTypes.Unit.UnitTestAdapter, Microsoft.VisualStudio.QualityTools.Tips.UnitTest.Adapter, Version=10.0.0.0, Culture=neutral, PublicKeyToken=b03f5f7f11d50a3a" className="TestProject.TestTheIRepository, TestProject, Version=1.0.0.0, Culture=neutral, PublicKeyToken=null" name="Nh_Can_queue_changes" />
    </UnitTest>
    <UnitTest name="Nh_Can_Detect_Transaction_From_Session_Begin_Transaction" storage="c:\users\michael\_code\ienablemuch.totheefnhx\testproject\bin\release\testproject.dll" id="55b9acb6-c8fa-83e2-62ec-c3bb6a6ae6ad">
      <Execution id="66542005-6245-4b8c-a8d7-ea9b77a83827" />
      <TestMethod codeBase="C:/Users/Michael/_CODE/Ienablemuch.ToTheEfnhX/TestProject/bin/Release/TestProject.DLL" adapterTypeName="Microsoft.VisualStudio.TestTools.TestTypes.Unit.UnitTestAdapter, Microsoft.VisualStudio.QualityTools.Tips.UnitTest.Adapter, Version=10.0.0.0, Culture=neutral, PublicKeyToken=b03f5f7f11d50a3a" className="TestProject.TestTheIRepository, TestProject, Version=1.0.0.0, Culture=neutral, PublicKeyToken=null" name="Nh_Can_Detect_Transaction_From_Session_Begin_Transaction" />
    </UnitTest>
    <UnitTest name="Nh_CanDetectDeleteConflictingDelete" storage="c:\users\michael\_code\ienablemuch.totheefnhx\testproject\bin\release\testproject.dll" id="8557e6ab-47d2-b8b1-2926-0bb94a2d505d">
      <Execution id="4d38c869-1f98-446e-8927-a10cc7c539ed" />
      <TestMethod codeBase="C:/Users/Michael/_CODE/Ienablemuch.ToTheEfnhX/TestProject/bin/Release/TestProject.DLL" adapterTypeName="Microsoft.VisualStudio.TestTools.TestTypes.Unit.UnitTestAdapter, Microsoft.VisualStudio.QualityTools.Tips.UnitTest.Adapter, Version=10.0.0.0, Culture=neutral, PublicKeyToken=b03f5f7f11d50a3a" className="TestProject.TestTheIRepository, TestProject, Version=1.0.0.0, Culture=neutral, PublicKeyToken=null" name="Nh_CanDetectDeleteConflictingDelete" />
    </UnitTest>
    <UnitTest name="Memory_CanSave" storage="c:\users\michael\_code\ienablemuch.totheefnhx\testproject\bin\release\testproject.dll" id="8c5d9d25-e5b8-63c8-9c42-cebb67787fde">
      <Execution id="5d247833-05e7-4b66-bcb5-d3a7842a3654" />
      <TestMethod codeBase="C:/Users/Michael/_CODE/Ienablemuch.ToTheEfnhX/TestProject/bin/Release/TestProject.DLL" adapterTypeName="Microsoft.VisualStudio.TestTools.TestTypes.Unit.UnitTestAdapter, Microsoft.VisualStudio.QualityTools.Tips.UnitTest.Adapter, Version=10.0.0.0, Culture=neutral, PublicKeyToken=b03f5f7f11d50a3a" className="TestProject.TestTheIRepository, TestProject, Version=1.0.0.0, Culture=neutral, PublicKeyToken=null" name="Memory_CanSave" />
    </UnitTest>
    <UnitTest name="Can_do_deep_clone" storage="c:\users\michael\_code\ienablemuch.totheefnhx\testproject\bin\release\testproject.dll" id="f7d7cfdb-4468-5c56-7540-afe0d55e093a">
      <Execution id="1f2c47b2-be2d-4d58-96e5-7be813e0b512" />
      <TestMethod codeBase="C:/Users/Michael/_CODE/Ienablemuch.ToTheEfnhX/TestProject/bin/Release/TestProject.DLL" adapterTypeName="Microsoft.VisualStudio.TestTools.TestTypes.Unit.UnitTestAdapter, Microsoft.VisualStudio.QualityTools.Tips.UnitTest.Adapter, Version=10.0.0.0, Culture=neutral, PublicKeyToken=b03f5f7f11d50a3a" className="TestProject.TestTheIRepository, TestProject, Version=1.0.0.0, Culture=neutral, PublicKeyToken=null" name="Can_do_deep_clone" />
    </UnitTest>
    <UnitTest name="Ef_CanDetectDeleteConflictingUpdate" storage="c:\users\michael\_code\ienablemuch.totheefnhx\testproject\bin\release\testproject.dll" id="8bf5c997-85a0-f72e-564a-9d66e659263c">
      <Execution id="498fa9f5-0528-498e-8c5f-dd6ae3f43202" />
      <TestMethod codeBase="C:/Users/Michael/_CODE/Ienablemuch.ToTheEfnhX/TestProject/bin/Release/TestProject.DLL" adapterTypeName="Microsoft.VisualStudio.TestTools.TestTypes.Unit.UnitTestAdapter, Microsoft.VisualStudio.QualityTools.Tips.UnitTest.Adapter, Version=10.0.0.0, Culture=neutral, PublicKeyToken=b03f5f7f11d50a3a" className="TestProject.TestTheIRepository, TestProject, Version=1.0.0.0, Culture=neutral, PublicKeyToken=null" name="Ef_CanDetectDeleteConflictingUpdate" />
    </UnitTest>
    <UnitTest name="Memory_CanDelete" storage="c:\users\michael\_code\ienablemuch.totheefnhx\testproject\bin\release\testproject.dll" id="4eb22f5f-6a6e-dede-7dcd-8a02b2b7eecd">
      <Execution id="d41368d3-3e84-477c-8eb9-52ebf4ac0bce" />
      <TestMethod codeBase="C:/Users/Michael/_CODE/Ienablemuch.ToTheEfnhX/TestProject/bin/Release/TestProject.DLL" adapterTypeName="Microsoft.VisualStudio.TestTools.TestTypes.Unit.UnitTestAdapter, Microsoft.VisualStudio.QualityTools.Tips.UnitTest.Adapter, Version=10.0.0.0, Culture=neutral, PublicKeyToken=b03f5f7f11d50a3a" className="TestProject.TestTheIRepository, TestProject, Version=1.0.0.0, Culture=neutral, PublicKeyToken=null" name="Memory_CanDelete" />
    </UnitTest>
    <UnitTest name="Memory_CanHaveIncrementingKey" storage="c:\users\michael\_code\ienablemuch.totheefnhx\testproject\bin\release\testproject.dll" id="c5220795-75d7-ce76-adb5-6a1d661e1fb0">
      <Execution id="58cf5aca-f6c7-4848-9912-5d617bf1fb73" />
      <TestMethod codeBase="C:/Users/Michael/_CODE/Ienablemuch.ToTheEfnhX/TestProject/bin/Release/TestProject.DLL" adapterTypeName="Microsoft.VisualStudio.TestTools.TestTypes.Unit.UnitTestAdapter, Microsoft.VisualStudio.QualityTools.Tips.UnitTest.Adapter, Version=10.0.0.0, Culture=neutral, PublicKeyToken=b03f5f7f11d50a3a" className="TestProject.TestTheIRepository, TestProject, Version=1.0.0.0, Culture=neutral, PublicKeyToken=null" name="Memory_CanHaveIncrementingKey" />
    </UnitTest>
    <UnitTest name="Memory_CanDetectUpdateConflictingUpdate" storage="c:\users\michael\_code\ienablemuch.totheefnhx\testproject\bin\release\testproject.dll" id="385b97ed-767a-46eb-ce77-8402dbdb924a">
      <Execution id="896f3240-813f-4c82-8ea3-367f6a04f767" />
      <TestMethod codeBase="C:/Users/Michael/_CODE/Ienablemuch.ToTheEfnhX/TestProject/bin/Release/TestProject.DLL" adapterTypeName="Microsoft.VisualStudio.TestTools.TestTypes.Unit.UnitTestAdapter, Microsoft.VisualStudio.QualityTools.Tips.UnitTest.Adapter, Version=10.0.0.0, Culture=neutral, PublicKeyToken=b03f5f7f11d50a3a" className="TestProject.TestTheIRepository, TestProject, Version=1.0.0.0, Culture=neutral, PublicKeyToken=null" name="Memory_CanDetectUpdateConflictingUpdate" />
    </UnitTest>
    <UnitTest name="Ef_Can_rollback_transaction" storage="c:\users\michael\_code\ienablemuch.totheefnhx\testproject\bin\release\testproject.dll" id="ef9db0bb-63c6-f8c2-c180-d50d1ce2ca5b">
      <Execution id="9a59dc10-e082-45a1-a6f5-80b67048ddca" />
      <TestMethod codeBase="C:/Users/Michael/_CODE/Ienablemuch.ToTheEfnhX/TestProject/bin/Release/TestProject.DLL" adapterTypeName="Microsoft.VisualStudio.TestTools.TestTypes.Unit.UnitTestAdapter, Microsoft.VisualStudio.QualityTools.Tips.UnitTest.Adapter, Version=10.0.0.0, Culture=neutral, PublicKeyToken=b03f5f7f11d50a3a" className="TestProject.TestTheIRepository, TestProject, Version=1.0.0.0, Culture=neutral, PublicKeyToken=null" name="Ef_Can_rollback_transaction" />
    </UnitTest>
    <UnitTest name="Nh_Can_save_transaction" storage="c:\users\michael\_code\ienablemuch.totheefnhx\testproject\bin\release\testproject.dll" id="d14d6d4a-1363-e36e-8cf9-c1c992b9e243">
      <Execution id="fc0d87a5-d16b-45d8-b63a-40f6ee2b4631" />
      <TestMethod codeBase="C:/Users/Michael/_CODE/Ienablemuch.ToTheEfnhX/TestProject/bin/Release/TestProject.DLL" adapterTypeName="Microsoft.VisualStudio.TestTools.TestTypes.Unit.UnitTestAdapter, Microsoft.VisualStudio.QualityTools.Tips.UnitTest.Adapter, Version=10.0.0.0, Culture=neutral, PublicKeyToken=b03f5f7f11d50a3a" className="TestProject.TestTheIRepository, TestProject, Version=1.0.0.0, Culture=neutral, PublicKeyToken=null" name="Nh_Can_save_transaction" />
    </UnitTest>
    <UnitTest name="Nh_CanSaveHeaderDetail" storage="c:\users\michael\_code\ienablemuch.totheefnhx\testproject\bin\release\testproject.dll" id="f68ad391-23ca-2766-d2b2-8731589ef39b">
      <Execution id="ab549697-491d-4b9e-a414-77302c530dac" />
      <TestMethod codeBase="C:/Users/Michael/_CODE/Ienablemuch.ToTheEfnhX/TestProject/bin/Release/TestProject.DLL" adapterTypeName="Microsoft.VisualStudio.TestTools.TestTypes.Unit.UnitTestAdapter, Microsoft.VisualStudio.QualityTools.Tips.UnitTest.Adapter, Version=10.0.0.0, Culture=neutral, PublicKeyToken=b03f5f7f11d50a3a" className="TestProject.TestTheIRepository, TestProject, Version=1.0.0.0, Culture=neutral, PublicKeyToken=null" name="Nh_CanSaveHeaderDetail" />
    </UnitTest>
    <UnitTest name="Nh_Can_rollback_transaction" storage="c:\users\michael\_code\ienablemuch.totheefnhx\testproject\bin\release\testproject.dll" id="498581d4-9097-59b7-1a75-c07c04a53675">
      <Execution id="a7754a8b-0e08-4b82-a97f-71acba157f54" />
      <TestMethod codeBase="C:/Users/Michael/_CODE/Ienablemuch.ToTheEfnhX/TestProject/bin/Release/TestProject.DLL" adapterTypeName="Microsoft.VisualStudio.TestTools.TestTypes.Unit.UnitTestAdapter, Microsoft.VisualStudio.QualityTools.Tips.UnitTest.Adapter, Version=10.0.0.0, Culture=neutral, PublicKeyToken=b03f5f7f11d50a3a" className="TestProject.TestTheIRepository, TestProject, Version=1.0.0.0, Culture=neutral, PublicKeyToken=null" name="Nh_Can_rollback_transaction" />
    </UnitTest>
    <UnitTest name="Memory_CanDetectDeleteConflictingUpdate" storage="c:\users\michael\_code\ienablemuch.totheefnhx\testproject\bin\release\testproject.dll" id="9608206a-383a-828f-299c-2c493d95d886">
      <Execution id="0d63e3a5-3348-485f-a823-75408040e524" />
      <TestMethod codeBase="C:/Users/Michael/_CODE/Ienablemuch.ToTheEfnhX/TestProject/bin/Release/TestProject.DLL" adapterTypeName="Microsoft.VisualStudio.TestTools.TestTypes.Unit.UnitTestAdapter, Microsoft.VisualStudio.QualityTools.Tips.UnitTest.Adapter, Version=10.0.0.0, Culture=neutral, PublicKeyToken=b03f5f7f11d50a3a" className="TestProject.TestTheIRepository, TestProject, Version=1.0.0.0, Culture=neutral, PublicKeyToken=null" name="Memory_CanDetectDeleteConflictingUpdate" />
    </UnitTest>
    <UnitTest name="Nh_CanDetectUpdateConflictingUpdate" storage="c:\users\michael\_code\ienablemuch.totheefnhx\testproject\bin\release\testproject.dll" id="7b0e110e-2e6a-879c-359f-7b225fdba37f">
      <Execution id="bb8fc4d3-be2d-42c2-be93-4b1511f62f1a" />
      <TestMethod codeBase="C:/Users/Michael/_CODE/Ienablemuch.ToTheEfnhX/TestProject/bin/Release/TestProject.DLL" adapterTypeName="Microsoft.VisualStudio.TestTools.TestTypes.Unit.UnitTestAdapter, Microsoft.VisualStudio.QualityTools.Tips.UnitTest.Adapter, Version=10.0.0.0, Culture=neutral, PublicKeyToken=b03f5f7f11d50a3a" className="TestProject.TestTheIRepository, TestProject, Version=1.0.0.0, Culture=neutral, PublicKeyToken=null" name="Nh_CanDetectUpdateConflictingUpdate" />
    </UnitTest>
    <UnitTest name="Nh_Can_Detect_Transaction_From_Session_Transaction_Begin" storage="c:\users\michael\_code\ienablemuch.totheefnhx\testproject\bin\release\testproject.dll" id="35cdc240-50c9-1325-cb02-2e20cf8d0e6b">
      <Execution id="68e41aaf-a59a-46f4-9741-6b6d001dd0f9" />
      <TestMethod codeBase="C:/Users/Michael/_CODE/Ienablemuch.ToTheEfnhX/TestProject/bin/Release/TestProject.DLL" adapterTypeName="Microsoft.VisualStudio.TestTools.TestTypes.Unit.UnitTestAdapter, Microsoft.VisualStudio.QualityTools.Tips.UnitTest.Adapter, Version=10.0.0.0, Culture=neutral, PublicKeyToken=b03f5f7f11d50a3a" className="TestProject.TestTheIRepository, TestProject, Version=1.0.0.0, Culture=neutral, PublicKeyToken=null" name="Nh_Can_Detect_Transaction_From_Session_Transaction_Begin" />
    </UnitTest>
    <UnitTest name="Ef_CanHaveIncrementingKey" storage="c:\users\michael\_code\ienablemuch.totheefnhx\testproject\bin\release\testproject.dll" id="e392eca5-e91b-ff0f-619e-8a24d0ecbe68">
      <Execution id="5b3d0ebc-8ebf-42bc-8d60-4328ee2e1b20" />
      <TestMethod codeBase="C:/Users/Michael/_CODE/Ienablemuch.ToTheEfnhX/TestProject/bin/Release/TestProject.DLL" adapterTypeName="Microsoft.VisualStudio.TestTools.TestTypes.Unit.UnitTestAdapter, Microsoft.VisualStudio.QualityTools.Tips.UnitTest.Adapter, Version=10.0.0.0, Culture=neutral, PublicKeyToken=b03f5f7f11d50a3a" className="TestProject.TestTheIRepository, TestProject, Version=1.0.0.0, Culture=neutral, PublicKeyToken=null" name="Ef_CanHaveIncrementingKey" />
    </UnitTest>
    <UnitTest name="Nh_CanSave" storage="c:\users\michael\_code\ienablemuch.totheefnhx\testproject\bin\release\testproject.dll" id="c9750689-b2a7-1965-bbd3-0c2f5eda3fb2">
      <Execution id="47a49852-21a4-40af-a1bd-2fd5da91f8c5" />
      <TestMethod codeBase="C:/Users/Michael/_CODE/Ienablemuch.ToTheEfnhX/TestProject/bin/Release/TestProject.DLL" adapterTypeName="Microsoft.VisualStudio.TestTools.TestTypes.Unit.UnitTestAdapter, Microsoft.VisualStudio.QualityTools.Tips.UnitTest.Adapter, Version=10.0.0.0, Culture=neutral, PublicKeyToken=b03f5f7f11d50a3a" className="TestProject.TestTheIRepository, TestProject, Version=1.0.0.0, Culture=neutral, PublicKeyToken=null" name="Nh_CanSave" />
    </UnitTest>
    <UnitTest name="Nh_CanDelete" storage="c:\users\michael\_code\ienablemuch.totheefnhx\testproject\bin\release\testproject.dll" id="f3b46671-4362-7dc3-90a0-0fcbe80e34d8">
      <Execution id="24e7cd3d-a495-4454-bf6a-bd493969ee70" />
      <TestMethod codeBase="C:/Users/Michael/_CODE/Ienablemuch.ToTheEfnhX/TestProject/bin/Release/TestProject.DLL" adapterTypeName="Microsoft.VisualStudio.TestTools.TestTypes.Unit.UnitTestAdapter, Microsoft.VisualStudio.QualityTools.Tips.UnitTest.Adapter, Version=10.0.0.0, Culture=neutral, PublicKeyToken=b03f5f7f11d50a3a" className="TestProject.TestTheIRepository, TestProject, Version=1.0.0.0, Culture=neutral, PublicKeyToken=null" name="Nh_CanDelete" />
    </UnitTest>
    <UnitTest name="Ef_CanSaveHeaderDetail" storage="c:\users\michael\_code\ienablemuch.totheefnhx\testproject\bin\release\testproject.dll" id="ecf5b477-cdd8-3508-c195-40a64bc26f00">
      <Execution id="2972fb4d-c659-4df8-8f80-632129191ea2" />
      <TestMethod codeBase="C:/Users/Michael/_CODE/Ienablemuch.ToTheEfnhX/TestProject/bin/Release/TestProject.DLL" adapterTypeName="Microsoft.VisualStudio.TestTools.TestTypes.Unit.UnitTestAdapter, Microsoft.VisualStudio.QualityTools.Tips.UnitTest.Adapter, Version=10.0.0.0, Culture=neutral, PublicKeyToken=b03f5f7f11d50a3a" className="TestProject.TestTheIRepository, TestProject, Version=1.0.0.0, Culture=neutral, PublicKeyToken=null" name="Ef_CanSaveHeaderDetail" />
    </UnitTest>
    <UnitTest name="Memory_HasRowVersion" storage="c:\users\michael\_code\ienablemuch.totheefnhx\testproject\bin\release\testproject.dll" id="0947b967-fff8-9b8d-6688-507250130b49">
      <Execution id="0117e649-2339-447a-8863-dc0c3ad9745f" />
      <TestMethod codeBase="C:/Users/Michael/_CODE/Ienablemuch.ToTheEfnhX/TestProject/bin/Release/TestProject.DLL" adapterTypeName="Microsoft.VisualStudio.TestTools.TestTypes.Unit.UnitTestAdapter, Microsoft.VisualStudio.QualityTools.Tips.UnitTest.Adapter, Version=10.0.0.0, Culture=neutral, PublicKeyToken=b03f5f7f11d50a3a" className="TestProject.TestTheIRepository, TestProject, Version=1.0.0.0, Culture=neutral, PublicKeyToken=null" name="Memory_HasRowVersion" />
    </UnitTest>
  </TestDefinitions>
  <TestLists>
    <TestList name="Results Not in a List" id="8c84fa94-04c1-424b-9868-57a2d4851a1d" />
    <TestList name="All Loaded Results" id="19431567-8539-422a-85d7-44ee4e166bda" />
  </TestLists>
  <TestEntries>
    <TestEntry testId="0947b967-fff8-9b8d-6688-507250130b49" executionId="0117e649-2339-447a-8863-dc0c3ad9745f" testListId="8c84fa94-04c1-424b-9868-57a2d4851a1d" />
    <TestEntry testId="170c0ff1-28bc-09a2-839b-5ab24853aea8" executionId="ea1e39ff-331c-45e8-83f1-6730c0c317e5" testListId="8c84fa94-04c1-424b-9868-57a2d4851a1d" />
    <TestEntry testId="24f780e7-822d-62ed-f13e-e2daddc611e1" executionId="37d31e07-427f-4e19-a0e5-76525fb89ddd" testListId="8c84fa94-04c1-424b-9868-57a2d4851a1d" />
    <TestEntry testId="314cd11d-882d-0d0a-f196-b0f474ca8700" executionId="5ce565d0-2a41-4778-9a4c-fb18a7057af1" testListId="8c84fa94-04c1-424b-9868-57a2d4851a1d" />
    <TestEntry testId="35cdc240-50c9-1325-cb02-2e20cf8d0e6b" executionId="68e41aaf-a59a-46f4-9741-6b6d001dd0f9" testListId="8c84fa94-04c1-424b-9868-57a2d4851a1d" />
    <TestEntry testId="385b97ed-767a-46eb-ce77-8402dbdb924a" executionId="896f3240-813f-4c82-8ea3-367f6a04f767" testListId="8c84fa94-04c1-424b-9868-57a2d4851a1d" />
    <TestEntry testId="3a1e9fe6-a4ce-9adb-c086-11052cee98b6" executionId="4c27b518-7050-4c22-8989-aa1ad61393b4" testListId="8c84fa94-04c1-424b-9868-57a2d4851a1d" />
    <TestEntry testId="467d17f0-5ec4-24a5-9089-e15ef18964f7" executionId="16c12aa8-17ea-4b20-857f-7d4f84bd1cf4" testListId="8c84fa94-04c1-424b-9868-57a2d4851a1d" />
    <TestEntry testId="498581d4-9097-59b7-1a75-c07c04a53675" executionId="a7754a8b-0e08-4b82-a97f-71acba157f54" testListId="8c84fa94-04c1-424b-9868-57a2d4851a1d" />
    <TestEntry testId="4bb22a57-9102-06ea-257b-caae673d46d7" executionId="c88118b8-89f8-4587-b03a-2ab34fd18428" testListId="8c84fa94-04c1-424b-9868-57a2d4851a1d" />
    <TestEntry testId="4eb22f5f-6a6e-dede-7dcd-8a02b2b7eecd" executionId="d41368d3-3e84-477c-8eb9-52ebf4ac0bce" testListId="8c84fa94-04c1-424b-9868-57a2d4851a1d" />
    <TestEntry testId="55b9acb6-c8fa-83e2-62ec-c3bb6a6ae6ad" executionId="66542005-6245-4b8c-a8d7-ea9b77a83827" testListId="8c84fa94-04c1-424b-9868-57a2d4851a1d" />
    <TestEntry testId="5b9ac5c8-7814-fd36-cd57-f0de0de0fae7" executionId="ff7c5f2f-3927-4f67-823c-cf7205d30042" testListId="8c84fa94-04c1-424b-9868-57a2d4851a1d" />
    <TestEntry testId="5d13769c-6ed9-df33-8e6d-b0cc79c073f2" executionId="195fa89d-441b-498b-a13e-02508b710135" testListId="8c84fa94-04c1-424b-9868-57a2d4851a1d" />
    <TestEntry testId="63d9977f-78b2-ba78-f19b-1e84d68eabe8" executionId="5e81aad9-6e74-490a-951e-3f17acbaf6ba" testListId="8c84fa94-04c1-424b-9868-57a2d4851a1d" />
    <TestEntry testId="6a52032d-db59-8802-47db-20699e8ef053" executionId="ec11578e-b76b-4749-9444-1d15485f112c" testListId="8c84fa94-04c1-424b-9868-57a2d4851a1d" />
    <TestEntry testId="6b805790-9c4f-2071-6e55-fbbb337c0021" executionId="8a352567-4068-4424-b7b3-7d490886cbde" testListId="8c84fa94-04c1-424b-9868-57a2d4851a1d" />
    <TestEntry testId="7b0e110e-2e6a-879c-359f-7b225fdba37f" executionId="bb8fc4d3-be2d-42c2-be93-4b1511f62f1a" testListId="8c84fa94-04c1-424b-9868-57a2d4851a1d" />
    <TestEntry testId="83330a72-51da-0d0d-d2b2-826b2f6cfd00" executionId="28585a37-cb8c-4133-a4da-121e266b9e53" testListId="8c84fa94-04c1-424b-9868-57a2d4851a1d" />
    <TestEntry testId="8557e6ab-47d2-b8b1-2926-0bb94a2d505d" executionId="4d38c869-1f98-446e-8927-a10cc7c539ed" testListId="8c84fa94-04c1-424b-9868-57a2d4851a1d" />
    <TestEntry testId="86150143-fb0b-c807-6c85-448e509331e0" executionId="651f8939-ca0e-4fc5-9e0f-bb9da54f17d3" testListId="8c84fa94-04c1-424b-9868-57a2d4851a1d" />
    <TestEntry testId="8ae0b4b0-ccc4-fc93-736a-72af24764f70" executionId="44570260-e2a4-40a1-a738-0742f9f7a703" testListId="8c84fa94-04c1-424b-9868-57a2d4851a1d" />
    <TestEntry testId="8af4731e-1204-41e4-f479-73db6099844b" executionId="cfb34f63-84b3-4576-b298-d08f88a95532" testListId="8c84fa94-04c1-424b-9868-57a2d4851a1d" />
    <TestEntry testId="8bf5c997-85a0-f72e-564a-9d66e659263c" executionId="498fa9f5-0528-498e-8c5f-dd6ae3f43202" testListId="8c84fa94-04c1-424b-9868-57a2d4851a1d" />
    <TestEntry testId="8c5d9d25-e5b8-63c8-9c42-cebb67787fde" executionId="5d247833-05e7-4b66-bcb5-d3a7842a3654" testListId="8c84fa94-04c1-424b-9868-57a2d4851a1d" />
    <TestEntry testId="919c9ab6-d8de-ff18-95fc-25bc030735bd" executionId="929f362e-e2fd-4f9f-ac87-15196857cc72" testListId="8c84fa94-04c1-424b-9868-57a2d4851a1d" />
    <TestEntry testId="9608206a-383a-828f-299c-2c493d95d886" executionId="0d63e3a5-3348-485f-a823-75408040e524" testListId="8c84fa94-04c1-424b-9868-57a2d4851a1d" />
    <TestEntry testId="9ce2ff54-3bea-2c09-7986-c83994c1d685" executionId="5e4dd30b-63c1-4830-8d1b-c6a22783681e" testListId="8c84fa94-04c1-424b-9868-57a2d4851a1d" />
    <TestEntry testId="a2256363-4989-1fab-e208-96edc389fe3c" executionId="24cbe728-5fb9-4eab-b57e-0b92cf65f125" testListId="8c84fa94-04c1-424b-9868-57a2d4851a1d" />
    <TestEntry testId="a9ed84c2-917f-5ccb-44a7-7e3cea9cd5e0" executionId="6e4361eb-e88c-4bef-ae44-985daf84bd53" testListId="8c84fa94-04c1-424b-9868-57a2d4851a1d" />
    <TestEntry testId="b9cbda9a-23ca-3458-8bf7-8aa6598f8754" executionId="d1d9d1c9-9e1a-4f71-be7f-e64488794244" testListId="8c84fa94-04c1-424b-9868-57a2d4851a1d" />
    <TestEntry testId="c2e9f01d-6387-7f00-c2a6-71385a796942" executionId="a7daee0f-014e-4c0f-9814-058590623807" testListId="8c84fa94-04c1-424b-9868-57a2d4851a1d" />
    <TestEntry testId="c3da4334-35ea-a9c1-5cbf-c1daa7323978" executionId="937ec6b7-19cb-4875-a439-c652ca9a0ad7" testListId="8c84fa94-04c1-424b-9868-57a2d4851a1d" />
    <TestEntry testId="c5220795-75d7-ce76-adb5-6a1d661e1fb0" executionId="58cf5aca-f6c7-4848-9912-5d617bf1fb73" testListId="8c84fa94-04c1-424b-9868-57a2d4851a1d" />
    <TestEntry testId="c8cf96fa-83e0-e026-64af-f003abc95103" executionId="b983e0df-dc9a-4a1a-b3a4-d8dfee109495" testListId="8c84fa94-04c1-424b-9868-57a2d4851a1d" />
    <TestEntry testId="c8ff8ef9-a95a-0779-90f7-6e8188ebefd1" executionId="fad5587f-fab6-475a-917d-8e207fd38c7d" testListId="8c84fa94-04c1-424b-9868-57a2d4851a1d" />
    <TestEntry testId="c9750689-b2a7-1965-bbd3-0c2f5eda3fb2" executionId="47a49852-21a4-40af-a1bd-2fd5da91f8c5" testListId="8c84fa94-04c1-424b-9868-57a2d4851a1d" />
    <TestEntry testId="ca3ec696-2df9-55bd-c53c-f732b5c80a68" executionId="33cde682-0e74-435d-a72f-530688e9114e" testListId="8c84fa94-04c1-424b-9868-57a2d4851a1d" />
    <TestEntry testId="cdd1ec05-a33a-edaf-1560-6637f27329d2" executionId="0227fe97-fd4a-4a23-a617-2d7e4aa5ba7a" testListId="8c84fa94-04c1-424b-9868-57a2d4851a1d" />
    <TestEntry testId="d14d6d4a-1363-e36e-8cf9-c1c992b9e243" executionId="fc0d87a5-d16b-45d8-b63a-40f6ee2b4631" testListId="8c84fa94-04c1-424b-9868-57a2d4851a1d" />
    <TestEntry testId="d409929f-129a-9686-590d-6472fdfa28e4" executionId="54c2e98e-4ae6-4817-86d0-a2ea107eab28" testListId="8c84fa94-04c1-424b-9868-57a2d4851a1d" />
    <TestEntry testId="dad118fb-1088-58a3-350a-fc5e47173fa9" executionId="df4b5f5c-a581-4369-8509-5adfb127f221" testListId="8c84fa94-04c1-424b-9868-57a2d4851a1d" />
    <TestEntry testId="e392eca5-e91b-ff0f-619e-8a24d0ecbe68" executionId="5b3d0ebc-8ebf-42bc-8d60-4328ee2e1b20" testListId="8c84fa94-04c1-424b-9868-57a2d4851a1d" />
    <TestEntry testId="e4d36185-e99e-9b3f-8afc-2b7c501afd9a" executionId="93786eda-7ea0-4254-9115-40d1ff35c296" testListId="8c84fa94-04c1-424b-9868-57a2d4851a1d" />
    <TestEntry testId="ecf5b477-cdd8-3508-c195-40a64bc26f00" executionId="2972fb4d-c659-4df8-8f80-632129191ea2" testListId="8c84fa94-04c1-424b-9868-57a2d4851a1d" />
    <TestEntry testId="ef9db0bb-63c6-f8c2-c180-d50d1ce2ca5b" executionId="9a59dc10-e082-45a1-a6f5-80b67048ddca" testListId="8c84fa94-04c1-424b-9868-57a2d4851a1d" />
    <TestEntry testId="f3b46671-4362-7dc3-90a0-0fcbe80e34d8" executionId="24e7cd3d-a495-4454-bf6a-bd493969ee70" testListId="8c84fa94-04c1-424b-9868-57a2d4851a1d" />
    <TestEntry testId="f473cffe-6acb-bc8c-3c44-48f67f9567de" executionId="13198109-d63f-46a6-a636-74a79f739dc4" testListId="8c84fa94-04c1-424b-9868-57a2d4851a1d" />
    <TestEntry testId="f5049a26-85f5-2d61-7d0d-3fe36d498d57" executionId="760200af-c052-47dd-9d59-6e4209762b13" testListId="8c84fa94-04c1-424b-9868-57a2d4851a1d" />
    <TestEntry testId="f68ad391-23ca-2766-d2b2-8731589ef39b" executionId="ab549697-491d-4b9e-a414-77302c530dac" testListId="8c84fa94-04c1-424b-9868-57a2d4851a1d" />
    <TestEntry testId="f7d7cfdb-4468-5c56-7540-afe0d55e093a" executionId="1f2c47b2-be2d-4d58-96e5-7be813e0b512" testListId="8c84fa94-04c1-424b-9868-57a2d4851a1d" />
    <TestEntry testId="ffcba511-cdf9-ce52-fd62-900fe7820ecc" executionId="dc8fe5a2-6a1e-411d-bef1-28b9b796668e" testListId="8c84fa94-04c1-424b-9868-57a2d4851a1d" />
  </TestEntries>
  <Results>
    <UnitTestResult executionId="0117e649-2339-447a-8863-dc0c3ad9745f" testId="0947b967-fff8-9b8d-6688-507250130b49" testName="Memory_HasRowVersion" computerName="MICHAEL-PC" duration="00:00:00.0458752" startTime="2012-06-02T12:25:05.2320000+08:00" endTime="2012-06-02T12:25:05.6740000+08:00" testType="13cdc9d9-ddb5-4fa4-a97d-d965ccfc6d4b" outcome="Passed" testListId="8c84fa94-04c1-424b-9868-57a2d4851a1d" relativeResultsDirectory="0117e649-2339-447a-8863-dc0c3ad9745f">
    </UnitTestResult>
    <UnitTestResult executionId="ea1e39ff-331c-45e8-83f1-6730c0c317e5" testId="170c0ff1-28bc-09a2-839b-5ab24853aea8" testName="Nh_Can_Orm_do_cascaded_deletions" computerName="MICHAEL-PC" duration="00:00:02.4228481" startTime="2012-06-02T12:25:05.6900000+08:00" endTime="2012-06-02T12:25:08.1190000+08:00" testType="13cdc9d9-ddb5-4fa4-a97d-d965ccfc6d4b" outcome="Passed" testListId="8c84fa94-04c1-424b-9868-57a2d4851a1d" relativeResultsDirectory="ea1e39ff-331c-45e8-83f1-6730c0c317e5">
    </UnitTestResult>
    <UnitTestResult executionId="37d31e07-427f-4e19-a0e5-76525fb89ddd" testId="24f780e7-822d-62ed-f13e-e2daddc611e1" testName="Fetching_strategies_of_NHibernate_helper_has_no_problem_on_mocked_IQueryable" computerName="MICHAEL-PC" duration="00:00:00.0152012" startTime="2012-06-02T12:25:08.1270000+08:00" endTime="2012-06-02T12:25:08.1450000+08:00" testType="13cdc9d9-ddb5-4fa4-a97d-d965ccfc6d4b" outcome="Passed" testListId="8c84fa94-04c1-424b-9868-57a2d4851a1d" relativeResultsDirectory="37d31e07-427f-4e19-a0e5-76525fb89ddd">
    </UnitTestResult>
    <UnitTestResult executionId="5ce565d0-2a41-4778-9a4c-fb18a7057af1" testId="314cd11d-882d-0d0a-f196-b0f474ca8700" testName="Memory_CanDetectUpdateConflictingDelete" computerName="MICHAEL-PC" duration="00:00:00.0110155" startTime="2012-06-02T12:25:08.1490000+08:00" endTime="2012-06-02T12:25:08.1650000+08:00" testType="13cdc9d9-ddb5-4fa4-a97d-d965ccfc6d4b" outcome="Passed" testListId="8c84fa94-04c1-424b-9868-57a2d4851a1d" relativeResultsDirectory="5ce565d0-2a41-4778-9a4c-fb18a7057af1">
    </UnitTestResult>
    <UnitTestResult executionId="68e41aaf-a59a-46f4-9741-6b6d001dd0f9" testId="35cdc240-50c9-1325-cb02-2e20cf8d0e6b" testName="Nh_Can_Detect_Transaction_From_Session_Transaction_Begin" computerName="MICHAEL-PC" duration="00:00:00.0023495" startTime="2012-06-02T12:25:08.1680000+08:00" endTime="2012-06-02T12:25:08.1740000+08:00" testType="13cdc9d9-ddb5-4fa4-a97d-d965ccfc6d4b" outcome="Passed" testListId="8c84fa94-04c1-424b-9868-57a2d4851a1d" relativeResultsDirectory="68e41aaf-a59a-46f4-9741-6b6d001dd0f9">
    </UnitTestResult>
    <UnitTestResult executionId="896f3240-813f-4c82-8ea3-367f6a04f767" testId="385b97ed-767a-46eb-ce77-8402dbdb924a" testName="Memory_CanDetectUpdateConflictingUpdate" computerName="MICHAEL-PC" duration="00:00:00.0011632" startTime="2012-06-02T12:25:08.1790000+08:00" endTime="2012-06-02T12:25:08.1830000+08:00" testType="13cdc9d9-ddb5-4fa4-a97d-d965ccfc6d4b" outcome="Passed" testListId="8c84fa94-04c1-424b-9868-57a2d4851a1d" relativeResultsDirectory="896f3240-813f-4c82-8ea3-367f6a04f767">
    </UnitTestResult>
    <UnitTestResult executionId="4c27b518-7050-4c22-8989-aa1ad61393b4" testId="3a1e9fe6-a4ce-9adb-c086-11052cee98b6" testName="Ef_Can_Orm_Merge_Can_Update" computerName="MICHAEL-PC" duration="00:00:01.7148451" startTime="2012-06-02T12:25:08.1870000+08:00" endTime="2012-06-02T12:25:09.9060000+08:00" testType="13cdc9d9-ddb5-4fa4-a97d-d965ccfc6d4b" outcome="Passed" testListId="8c84fa94-04c1-424b-9868-57a2d4851a1d" relativeResultsDirectory="4c27b518-7050-4c22-8989-aa1ad61393b4">
    </UnitTestResult>
    <UnitTestResult executionId="16c12aa8-17ea-4b20-857f-7d4f84bd1cf4" testId="467d17f0-5ec4-24a5-9089-e15ef18964f7" testName="Nh_CanDetectDeleteConflictingUpdate" computerName="MICHAEL-PC" duration="00:00:00.0675844" startTime="2012-06-02T12:25:09.9100000+08:00" endTime="2012-06-02T12:25:09.9820000+08:00" testType="13cdc9d9-ddb5-4fa4-a97d-d965ccfc6d4b" outcome="Passed" testListId="8c84fa94-04c1-424b-9868-57a2d4851a1d" relativeResultsDirectory="16c12aa8-17ea-4b20-857f-7d4f84bd1cf4">
    </UnitTestResult>
    <UnitTestResult executionId="a7754a8b-0e08-4b82-a97f-71acba157f54" testId="498581d4-9097-59b7-1a75-c07c04a53675" testName="Nh_Can_rollback_transaction" computerName="MICHAEL-PC" duration="00:00:00.6665481" startTime="2012-06-02T12:25:09.9860000+08:00" endTime="2012-06-02T12:25:10.6560000+08:00" testType="13cdc9d9-ddb5-4fa4-a97d-d965ccfc6d4b" outcome="Passed" testListId="8c84fa94-04c1-424b-9868-57a2d4851a1d" relativeResultsDirectory="a7754a8b-0e08-4b82-a97f-71acba157f54">
    </UnitTestResult>
    <UnitTestResult executionId="c88118b8-89f8-4587-b03a-2ab34fd18428" testId="4bb22a57-9102-06ea-257b-caae673d46d7" testName="Ef_CanDetectDeleteConflictingDelete" computerName="MICHAEL-PC" duration="00:00:00.0565257" startTime="2012-06-02T12:25:10.6620000+08:00" endTime="2012-06-02T12:25:10.7220000+08:00" testType="13cdc9d9-ddb5-4fa4-a97d-d965ccfc6d4b" outcome="Passed" testListId="8c84fa94-04c1-424b-9868-57a2d4851a1d" relativeResultsDirectory="c88118b8-89f8-4587-b03a-2ab34fd18428">
    </UnitTestResult>
    <UnitTestResult executionId="d41368d3-3e84-477c-8eb9-52ebf4ac0bce" testId="4eb22f5f-6a6e-dede-7dcd-8a02b2b7eecd" testName="Memory_CanDelete" computerName="MICHAEL-PC" duration="00:00:00.0100489" startTime="2012-06-02T12:25:10.7270000+08:00" endTime="2012-06-02T12:25:10.7400000+08:00" testType="13cdc9d9-ddb5-4fa4-a97d-d965ccfc6d4b" outcome="Passed" testListId="8c84fa94-04c1-424b-9868-57a2d4851a1d" relativeResultsDirectory="d41368d3-3e84-477c-8eb9-52ebf4ac0bce">
    </UnitTestResult>
    <UnitTestResult executionId="66542005-6245-4b8c-a8d7-ea9b77a83827" testId="55b9acb6-c8fa-83e2-62ec-c3bb6a6ae6ad" testName="Nh_Can_Detect_Transaction_From_Session_Begin_Transaction" computerName="MICHAEL-PC" duration="00:00:00.0033743" startTime="2012-06-02T12:25:10.7440000+08:00" endTime="2012-06-02T12:25:10.7500000+08:00" testType="13cdc9d9-ddb5-4fa4-a97d-d965ccfc6d4b" outcome="Passed" testListId="8c84fa94-04c1-424b-9868-57a2d4851a1d" relativeResultsDirectory="66542005-6245-4b8c-a8d7-ea9b77a83827">
    </UnitTestResult>
    <UnitTestResult executionId="ff7c5f2f-3927-4f67-823c-cf7205d30042" testId="5b9ac5c8-7814-fd36-cd57-f0de0de0fae7" testName="Saving_is_ok" computerName="MICHAEL-PC" duration="00:00:00.0025198" startTime="2012-06-02T12:25:10.7560000+08:00" endTime="2012-06-02T12:25:10.7620000+08:00" testType="13cdc9d9-ddb5-4fa4-a97d-d965ccfc6d4b" outcome="Passed" testListId="8c84fa94-04c1-424b-9868-57a2d4851a1d" relativeResultsDirectory="ff7c5f2f-3927-4f67-823c-cf7205d30042">
    </UnitTestResult>
    <UnitTestResult executionId="195fa89d-441b-498b-a13e-02508b710135" testId="5d13769c-6ed9-df33-8e6d-b0cc79c073f2" testName="Nh_CanDetectUpdateConflictingDelete" computerName="MICHAEL-PC" duration="00:00:00.0052321" startTime="2012-06-02T12:25:10.7660000+08:00" endTime="2012-06-02T12:25:10.7740000+08:00" testType="13cdc9d9-ddb5-4fa4-a97d-d965ccfc6d4b" outcome="Passed" testListId="8c84fa94-04c1-424b-9868-57a2d4851a1d" relativeResultsDirectory="195fa89d-441b-498b-a13e-02508b710135">
    </UnitTestResult>
    <UnitTestResult executionId="5e81aad9-6e74-490a-951e-3f17acbaf6ba" testId="63d9977f-78b2-ba78-f19b-1e84d68eabe8" testName="Nh_CanUpdate" computerName="MICHAEL-PC" duration="00:00:00.0598709" startTime="2012-06-02T12:25:10.7780000+08:00" endTime="2012-06-02T12:25:10.8410000+08:00" testType="13cdc9d9-ddb5-4fa4-a97d-d965ccfc6d4b" outcome="Passed" testListId="8c84fa94-04c1-424b-9868-57a2d4851a1d" relativeResultsDirectory="5e81aad9-6e74-490a-951e-3f17acbaf6ba">
    </UnitTestResult>
    <UnitTestResult executionId="ec11578e-b76b-4749-9444-1d15485f112c" testId="6a52032d-db59-8802-47db-20699e8ef053" testName="Ef_CanSave" computerName="MICHAEL-PC" duration="00:00:00.0166164" startTime="2012-06-02T12:25:10.8450000+08:00" endTime="2012-06-02T12:25:10.8650000+08:00" testType="13cdc9d9-ddb5-4fa4-a97d-d965ccfc6d4b" outcome="Passed" testListId="8c84fa94-04c1-424b-9868-57a2d4851a1d" relativeResultsDirectory="ec11578e-b76b-4749-9444-1d15485f112c">
    </UnitTestResult>
    <UnitTestResult executionId="8a352567-4068-4424-b7b3-7d490886cbde" testId="6b805790-9c4f-2071-6e55-fbbb337c0021" testName="Memory_CanSaveTransaction" computerName="MICHAEL-PC" duration="00:00:00.0033865" startTime="2012-06-02T12:25:10.8680000+08:00" endTime="2012-06-02T12:25:10.8760000+08:00" testType="13cdc9d9-ddb5-4fa4-a97d-d965ccfc6d4b" outcome="Passed" testListId="8c84fa94-04c1-424b-9868-57a2d4851a1d" relativeResultsDirectory="8a352567-4068-4424-b7b3-7d490886cbde">
    </UnitTestResult>
    <UnitTestResult executionId="bb8fc4d3-be2d-42c2-be93-4b1511f62f1a" testId="7b0e110e-2e6a-879c-359f-7b225fdba37f" testName="Nh_CanDetectUpdateConflictingUpdate" computerName="MICHAEL-PC" duration="00:00:00.0042342" startTime="2012-06-02T12:25:10.8790000+08:00" endTime="2012-06-02T12:25:10.8870000+08:00" testType="13cdc9d9-ddb5-4fa4-a97d-d965ccfc6d4b" outcome="Passed" testListId="8c84fa94-04c1-424b-9868-57a2d4851a1d" relativeResultsDirectory="bb8fc4d3-be2d-42c2-be93-4b1511f62f1a">
    </UnitTestResult>
    <UnitTestResult executionId="28585a37-cb8c-4133-a4da-121e266b9e53" testId="83330a72-51da-0d0d-d2b2-826b2f6cfd00" testName="Nh_SessionTransaction_can_detect_its_own_transaction_commitness_only" computerName="MICHAEL-PC" duration="00:00:00.0013561" startTime="2012-06-02T12:25:10.8910000+08:00" endTime="2012-06-02T12:25:10.8960000+08:00" testType="13cdc9d9-ddb5-4fa4-a97d-d965ccfc6d4b" outcome="Passed" testListId="8c84fa94-04c1-424b-9868-57a2d4851a1d" relativeResultsDirectory="28585a37-cb8c-4133-a4da-121e266b9e53">
    </UnitTestResult>
    <UnitTestResult executionId="4d38c869-1f98-446e-8927-a10cc7c539ed" testId="8557e6ab-47d2-b8b1-2926-0bb94a2d505d" testName="Nh_CanDetectDeleteConflictingDelete" computerName="MICHAEL-PC" duration="00:00:00.0069066" startTime="2012-06-02T12:25:10.8990000+08:00" endTime="2012-06-02T12:25:10.9110000+08:00" testType="13cdc9d9-ddb5-4fa4-a97d-d965ccfc6d4b" outcome="Passed" testListId="8c84fa94-04c1-424b-9868-57a2d4851a1d" relativeResultsDirectory="4d38c869-1f98-446e-8927-a10cc7c539ed">
    </UnitTestResult>
    <UnitTestResult executionId="651f8939-ca0e-4fc5-9e0f-bb9da54f17d3" testId="86150143-fb0b-c807-6c85-448e509331e0" testName="Ef_HasRowVersion" computerName="MICHAEL-PC" duration="00:00:00.0082328" startTime="2012-06-02T12:25:10.9260000+08:00" endTime="2012-06-02T12:25:10.9380000+08:00" testType="13cdc9d9-ddb5-4fa4-a97d-d965ccfc6d4b" outcome="Passed" testListId="8c84fa94-04c1-424b-9868-57a2d4851a1d" relativeResultsDirectory="651f8939-ca0e-4fc5-9e0f-bb9da54f17d3">
    </UnitTestResult>
    <UnitTestResult executionId="44570260-e2a4-40a1-a738-0742f9f7a703" testId="8ae0b4b0-ccc4-fc93-736a-72af24764f70" testName="Nh_Can_queue_changes" computerName="MICHAEL-PC" duration="00:00:00.0244252" startTime="2012-06-02T12:25:10.9430000+08:00" endTime="2012-06-02T12:25:10.9710000+08:00" testType="13cdc9d9-ddb5-4fa4-a97d-d965ccfc6d4b" outcome="Passed" testListId="8c84fa94-04c1-424b-9868-57a2d4851a1d" relativeResultsDirectory="44570260-e2a4-40a1-a738-0742f9f7a703">
    </UnitTestResult>
    <UnitTestResult executionId="cfb34f63-84b3-4576-b298-d08f88a95532" testId="8af4731e-1204-41e4-f479-73db6099844b" testName="Nh_Can_Orm_Merge_Can_Create" computerName="MICHAEL-PC" duration="00:00:00.0191567" startTime="2012-06-02T12:25:10.9760000+08:00" endTime="2012-06-02T12:25:10.9990000+08:00" testType="13cdc9d9-ddb5-4fa4-a97d-d965ccfc6d4b" outcome="Passed" testListId="8c84fa94-04c1-424b-9868-57a2d4851a1d" relativeResultsDirectory="cfb34f63-84b3-4576-b298-d08f88a95532">
    </UnitTestResult>
    <UnitTestResult executionId="498fa9f5-0528-498e-8c5f-dd6ae3f43202" testId="8bf5c997-85a0-f72e-564a-9d66e659263c" testName="Ef_CanDetectDeleteConflictingUpdate" computerName="MICHAEL-PC" duration="00:00:00.0107254" startTime="2012-06-02T12:25:11.0030000+08:00" endTime="2012-06-02T12:25:11.0180000+08:00" testType="13cdc9d9-ddb5-4fa4-a97d-d965ccfc6d4b" outcome="Passed" testListId="8c84fa94-04c1-424b-9868-57a2d4851a1d" relativeResultsDirectory="498fa9f5-0528-498e-8c5f-dd6ae3f43202">
    </UnitTestResult>
    <UnitTestResult executionId="5d247833-05e7-4b66-bcb5-d3a7842a3654" testId="8c5d9d25-e5b8-63c8-9c42-cebb67787fde" testName="Memory_CanSave" computerName="MICHAEL-PC" duration="00:00:00.0016186" startTime="2012-06-02T12:25:11.0230000+08:00" endTime="2012-06-02T12:25:11.0280000+08:00" testType="13cdc9d9-ddb5-4fa4-a97d-d965ccfc6d4b" outcome="Passed" testListId="8c84fa94-04c1-424b-9868-57a2d4851a1d" relativeResultsDirectory="5d247833-05e7-4b66-bcb5-d3a7842a3654">
    </UnitTestResult>
    <UnitTestResult executionId="929f362e-e2fd-4f9f-ac87-15196857cc72" testId="919c9ab6-d8de-ff18-95fc-25bc030735bd" testName="Nh_HasRowVersion" computerName="MICHAEL-PC" duration="00:00:00.0047109" startTime="2012-06-02T12:25:11.0340000+08:00" endTime="2012-06-02T12:25:11.0430000+08:00" testType="13cdc9d9-ddb5-4fa4-a97d-d965ccfc6d4b" outcome="Passed" testListId="8c84fa94-04c1-424b-9868-57a2d4851a1d" relativeResultsDirectory="929f362e-e2fd-4f9f-ac87-15196857cc72">
    </UnitTestResult>
    <UnitTestResult executionId="0d63e3a5-3348-485f-a823-75408040e524" testId="9608206a-383a-828f-299c-2c493d95d886" testName="Memory_CanDetectDeleteConflictingUpdate" computerName="MICHAEL-PC" duration="00:00:00.0006942" startTime="2012-06-02T12:25:11.0470000+08:00" endTime="2012-06-02T12:25:11.0510000+08:00" testType="13cdc9d9-ddb5-4fa4-a97d-d965ccfc6d4b" outcome="Passed" testListId="8c84fa94-04c1-424b-9868-57a2d4851a1d" relativeResultsDirectory="0d63e3a5-3348-485f-a823-75408040e524">
    </UnitTestResult>
    <UnitTestResult executionId="5e4dd30b-63c1-4830-8d1b-c6a22783681e" testId="9ce2ff54-3bea-2c09-7986-c83994c1d685" testName="Ef_CanUpdate" computerName="MICHAEL-PC" duration="00:00:00.0819334" startTime="2012-06-02T12:25:11.0580000+08:00" endTime="2012-06-02T12:25:11.1430000+08:00" testType="13cdc9d9-ddb5-4fa4-a97d-d965ccfc6d4b" outcome="Passed" testListId="8c84fa94-04c1-424b-9868-57a2d4851a1d" relativeResultsDirectory="5e4dd30b-63c1-4830-8d1b-c6a22783681e">
    </UnitTestResult>
    <UnitTestResult executionId="24cbe728-5fb9-4eab-b57e-0b92cf65f125" testId="a2256363-4989-1fab-e208-96edc389fe3c" testName="Ef_Can_Orm_do_cascaded_deletions" computerName="MICHAEL-PC" duration="00:00:00.0467551" startTime="2012-06-02T12:25:11.1470000+08:00" endTime="2012-06-02T12:25:11.2010000+08:00" testType="13cdc9d9-ddb5-4fa4-a97d-d965ccfc6d4b" outcome="Passed" testListId="8c84fa94-04c1-424b-9868-57a2d4851a1d" relativeResultsDirectory="24cbe728-5fb9-4eab-b57e-0b92cf65f125">
    </UnitTestResult>
    <UnitTestResult executionId="6e4361eb-e88c-4bef-ae44-985daf84bd53" testId="a9ed84c2-917f-5ccb-44a7-7e3cea9cd5e0" testName="Ef_Can_Orm_Merge_Can_Create" computerName="MICHAEL-PC" duration="00:00:00.0294771" startTime="2012-06-02T12:25:11.2040000+08:00" endTime="2012-06-02T12:25:11.2390000+08:00" testType="13cdc9d9-ddb5-4fa4-a97d-d965ccfc6d4b" outcome="Passed" testListId="8c84fa94-04c1-424b-9868-57a2d4851a1d" relativeResultsDirectory="6e4361eb-e88c-4bef-ae44-985daf84bd53">
    </UnitTestResult>
    <UnitTestResult executionId="d1d9d1c9-9e1a-4f71-be7f-e64488794244" testId="b9cbda9a-23ca-3458-8bf7-8aa6598f8754" testName="Nh_Can_Orm_Merge_Can_Update" computerName="MICHAEL-PC" duration="00:00:00.0200997" startTime="2012-06-02T12:25:11.2430000+08:00" endTime="2012-06-02T12:25:11.2670000+08:00" testType="13cdc9d9-ddb5-4fa4-a97d-d965ccfc6d4b" outcome="Passed" testListId="8c84fa94-04c1-424b-9868-57a2d4851a1d" relativeResultsDirectory="d1d9d1c9-9e1a-4f71-be7f-e64488794244">
    </UnitTestResult>
    <UnitTestResult executionId="a7daee0f-014e-4c0f-9814-058590623807" testId="c2e9f01d-6387-7f00-c2a6-71385a796942" testName="Memory_CanSaveHeaderDetail" computerName="MICHAEL-PC" duration="00:00:00.0027332" startTime="2012-06-02T12:25:11.2710000+08:00" endTime="2012-06-02T12:25:11.2790000+08:00" testType="13cdc9d9-ddb5-4fa4-a97d-d965ccfc6d4b" outcome="Passed" testListId="8c84fa94-04c1-424b-9868-57a2d4851a1d" relativeResultsDirectory="a7daee0f-014e-4c0f-9814-058590623807">
    </UnitTestResult>
    <UnitTestResult executionId="937ec6b7-19cb-4875-a439-c652ca9a0ad7" testId="c3da4334-35ea-a9c1-5cbf-c1daa7323978" testName="Ef_CanDelete" computerName="MICHAEL-PC" duration="00:00:00.0187467" startTime="2012-06-02T12:25:11.2830000+08:00" endTime="2012-06-02T12:25:11.3060000+08:00" testType="13cdc9d9-ddb5-4fa4-a97d-d965ccfc6d4b" outcome="Passed" testListId="8c84fa94-04c1-424b-9868-57a2d4851a1d" relativeResultsDirectory="937ec6b7-19cb-4875-a439-c652ca9a0ad7">
    </UnitTestResult>
    <UnitTestResult executionId="58cf5aca-f6c7-4848-9912-5d617bf1fb73" testId="c5220795-75d7-ce76-adb5-6a1d661e1fb0" testName="Memory_CanHaveIncrementingKey" computerName="MICHAEL-PC" duration="00:00:00.0011945" startTime="2012-06-02T12:25:11.3090000+08:00" endTime="2012-06-02T12:25:11.3150000+08:00" testType="13cdc9d9-ddb5-4fa4-a97d-d965ccfc6d4b" outcome="Passed" testListId="8c84fa94-04c1-424b-9868-57a2d4851a1d" relativeResultsDirectory="58cf5aca-f6c7-4848-9912-5d617bf1fb73">
    </UnitTestResult>
    <UnitTestResult executionId="b983e0df-dc9a-4a1a-b3a4-d8dfee109495" testId="c8cf96fa-83e0-e026-64af-f003abc95103" testName="Fetching_strategies_of_EntityFramework_helper_has_no_problem_on_mocked_IQueryable" computerName="MICHAEL-PC" duration="00:00:00.0019568" startTime="2012-06-02T12:25:11.3180000+08:00" endTime="2012-06-02T12:25:11.3230000+08:00" testType="13cdc9d9-ddb5-4fa4-a97d-d965ccfc6d4b" outcome="Passed" testListId="8c84fa94-04c1-424b-9868-57a2d4851a1d" relativeResultsDirectory="b983e0df-dc9a-4a1a-b3a4-d8dfee109495">
    </UnitTestResult>
    <UnitTestResult executionId="fad5587f-fab6-475a-917d-8e207fd38c7d" testId="c8ff8ef9-a95a-0779-90f7-6e8188ebefd1" testName="Nh_CanHaveIncrementingKey" computerName="MICHAEL-PC" duration="00:00:00.0048962" startTime="2012-06-02T12:25:11.3270000+08:00" endTime="2012-06-02T12:25:11.3360000+08:00" testType="13cdc9d9-ddb5-4fa4-a97d-d965ccfc6d4b" outcome="Passed" testListId="8c84fa94-04c1-424b-9868-57a2d4851a1d" relativeResultsDirectory="fad5587f-fab6-475a-917d-8e207fd38c7d">
    </UnitTestResult>
    <UnitTestResult executionId="47a49852-21a4-40af-a1bd-2fd5da91f8c5" testId="c9750689-b2a7-1965-bbd3-0c2f5eda3fb2" testName="Nh_CanSave" computerName="MICHAEL-PC" duration="00:00:00.0399932" startTime="2012-06-02T12:25:11.3390000+08:00" endTime="2012-06-02T12:25:11.3830000+08:00" testType="13cdc9d9-ddb5-4fa4-a97d-d965ccfc6d4b" outcome="Passed" testListId="8c84fa94-04c1-424b-9868-57a2d4851a1d" relativeResultsDirectory="47a49852-21a4-40af-a1bd-2fd5da91f8c5">
    </UnitTestResult>
    <UnitTestResult executionId="33cde682-0e74-435d-a72f-530688e9114e" testId="ca3ec696-2df9-55bd-c53c-f732b5c80a68" testName="Ef_CanDetectUpdateConflictingUpdate" computerName="MICHAEL-PC" duration="00:00:00.0419864" startTime="2012-06-02T12:25:11.3870000+08:00" endTime="2012-06-02T12:25:11.4320000+08:00" testType="13cdc9d9-ddb5-4fa4-a97d-d965ccfc6d4b" outcome="Passed" testListId="8c84fa94-04c1-424b-9868-57a2d4851a1d" relativeResultsDirectory="33cde682-0e74-435d-a72f-530688e9114e">
    </UnitTestResult>
    <UnitTestResult executionId="0227fe97-fd4a-4a23-a617-2d7e4aa5ba7a" testId="cdd1ec05-a33a-edaf-1560-6637f27329d2" testName="Ef_CanDetectUpdateConflictingDelete" computerName="MICHAEL-PC" duration="00:00:00.0103867" startTime="2012-06-02T12:25:11.4360000+08:00" endTime="2012-06-02T12:25:11.4500000+08:00" testType="13cdc9d9-ddb5-4fa4-a97d-d965ccfc6d4b" outcome="Passed" testListId="8c84fa94-04c1-424b-9868-57a2d4851a1d" relativeResultsDirectory="0227fe97-fd4a-4a23-a617-2d7e4aa5ba7a">
    </UnitTestResult>
    <UnitTestResult executionId="fc0d87a5-d16b-45d8-b63a-40f6ee2b4631" testId="d14d6d4a-1363-e36e-8cf9-c1c992b9e243" testName="Nh_Can_save_transaction" computerName="MICHAEL-PC" duration="00:00:00.0032058" startTime="2012-06-02T12:25:11.4580000+08:00" endTime="2012-06-02T12:25:11.4650000+08:00" testType="13cdc9d9-ddb5-4fa4-a97d-d965ccfc6d4b" outcome="Passed" testListId="8c84fa94-04c1-424b-9868-57a2d4851a1d" relativeResultsDirectory="fc0d87a5-d16b-45d8-b63a-40f6ee2b4631">
    </UnitTestResult>
    <UnitTestResult executionId="54c2e98e-4ae6-4817-86d0-a2ea107eab28" testId="d409929f-129a-9686-590d-6472fdfa28e4" testName="Memory_CanDetectDeleteConflictingDelete" computerName="MICHAEL-PC" duration="00:00:00.0006774" startTime="2012-06-02T12:25:11.4680000+08:00" endTime="2012-06-02T12:25:11.4720000+08:00" testType="13cdc9d9-ddb5-4fa4-a97d-d965ccfc6d4b" outcome="Passed" testListId="8c84fa94-04c1-424b-9868-57a2d4851a1d" relativeResultsDirectory="54c2e98e-4ae6-4817-86d0-a2ea107eab28">
    </UnitTestResult>
    <UnitTestResult executionId="df4b5f5c-a581-4369-8509-5adfb127f221" testId="dad118fb-1088-58a3-350a-fc5e47173fa9" testName="Nh_SessionTransaction_cannot_detect_transaction_commitness" computerName="MICHAEL-PC" duration="00:00:00.0016453" startTime="2012-06-02T12:25:11.4760000+08:00" endTime="2012-06-02T12:25:11.4800000+08:00" testType="13cdc9d9-ddb5-4fa4-a97d-d965ccfc6d4b" outcome="Passed" testListId="8c84fa94-04c1-424b-9868-57a2d4851a1d" relativeResultsDirectory="df4b5f5c-a581-4369-8509-5adfb127f221">
    </UnitTestResult>
    <UnitTestResult executionId="5b3d0ebc-8ebf-42bc-8d60-4328ee2e1b20" testId="e392eca5-e91b-ff0f-619e-8a24d0ecbe68" testName="Ef_CanHaveIncrementingKey" computerName="MICHAEL-PC" duration="00:00:00.0075127" startTime="2012-06-02T12:25:11.4840000+08:00" endTime="2012-06-02T12:25:11.4970000+08:00" testType="13cdc9d9-ddb5-4fa4-a97d-d965ccfc6d4b" outcome="Passed" testListId="8c84fa94-04c1-424b-9868-57a2d4851a1d" relativeResultsDirectory="5b3d0ebc-8ebf-42bc-8d60-4328ee2e1b20">
    </UnitTestResult>
    <UnitTestResult executionId="93786eda-7ea0-4254-9115-40d1ff35c296" testId="e4d36185-e99e-9b3f-8afc-2b7c501afd9a" testName="TestArray" computerName="MICHAEL-PC" duration="00:00:00.0055018" startTime="2012-06-02T12:25:11.5010000+08:00" endTime="2012-06-02T12:25:11.5230000+08:00" testType="13cdc9d9-ddb5-4fa4-a97d-d965ccfc6d4b" outcome="Passed" testListId="8c84fa94-04c1-424b-9868-57a2d4851a1d" relativeResultsDirectory="93786eda-7ea0-4254-9115-40d1ff35c296">
    </UnitTestResult>
    <UnitTestResult executionId="2972fb4d-c659-4df8-8f80-632129191ea2" testId="ecf5b477-cdd8-3508-c195-40a64bc26f00" testName="Ef_CanSaveHeaderDetail" computerName="MICHAEL-PC" duration="00:00:00.0656189" startTime="2012-06-02T12:25:11.5280000+08:00" endTime="2012-06-02T12:25:11.5980000+08:00" testType="13cdc9d9-ddb5-4fa4-a97d-d965ccfc6d4b" outcome="Passed" testListId="8c84fa94-04c1-424b-9868-57a2d4851a1d" relativeResultsDirectory="2972fb4d-c659-4df8-8f80-632129191ea2">
    </UnitTestResult>
    <UnitTestResult executionId="9a59dc10-e082-45a1-a6f5-80b67048ddca" testId="ef9db0bb-63c6-f8c2-c180-d50d1ce2ca5b" testName="Ef_Can_rollback_transaction" computerName="MICHAEL-PC" duration="00:00:00.0235489" startTime="2012-06-02T12:25:11.6030000+08:00" endTime="2012-06-02T12:25:11.6420000+08:00" testType="13cdc9d9-ddb5-4fa4-a97d-d965ccfc6d4b" outcome="Passed" testListId="8c84fa94-04c1-424b-9868-57a2d4851a1d" relativeResultsDirectory="9a59dc10-e082-45a1-a6f5-80b67048ddca">
    </UnitTestResult>
    <UnitTestResult executionId="24e7cd3d-a495-4454-bf6a-bd493969ee70" testId="f3b46671-4362-7dc3-90a0-0fcbe80e34d8" testName="Nh_CanDelete" computerName="MICHAEL-PC" duration="00:00:00.0062469" startTime="2012-06-02T12:25:11.6450000+08:00" endTime="2012-06-02T12:25:11.6550000+08:00" testType="13cdc9d9-ddb5-4fa4-a97d-d965ccfc6d4b" outcome="Passed" testListId="8c84fa94-04c1-424b-9868-57a2d4851a1d" relativeResultsDirectory="24e7cd3d-a495-4454-bf6a-bd493969ee70">
    </UnitTestResult>
    <UnitTestResult executionId="13198109-d63f-46a6-a636-74a79f739dc4" testId="f473cffe-6acb-bc8c-3c44-48f67f9567de" testName="Ef_Can_save_transaction" computerName="MICHAEL-PC" duration="00:00:00.0068008" startTime="2012-06-02T12:25:11.6600000+08:00" endTime="2012-06-02T12:25:11.6700000+08:00" testType="13cdc9d9-ddb5-4fa4-a97d-d965ccfc6d4b" outcome="Passed" testListId="8c84fa94-04c1-424b-9868-57a2d4851a1d" relativeResultsDirectory="13198109-d63f-46a6-a636-74a79f739dc4">
    </UnitTestResult>
    <UnitTestResult executionId="760200af-c052-47dd-9d59-6e4209762b13" testId="f5049a26-85f5-2d61-7d0d-3fe36d498d57" testName="Memory_CanUpdate" computerName="MICHAEL-PC" duration="00:00:00.0040644" startTime="2012-06-02T12:25:11.6730000+08:00" endTime="2012-06-02T12:25:11.6810000+08:00" testType="13cdc9d9-ddb5-4fa4-a97d-d965ccfc6d4b" outcome="Passed" testListId="8c84fa94-04c1-424b-9868-57a2d4851a1d" relativeResultsDirectory="760200af-c052-47dd-9d59-6e4209762b13">
    </UnitTestResult>
    <UnitTestResult executionId="ab549697-491d-4b9e-a414-77302c530dac" testId="f68ad391-23ca-2766-d2b2-8731589ef39b" testName="Nh_CanSaveHeaderDetail" computerName="MICHAEL-PC" duration="00:00:00.0056031" startTime="2012-06-02T12:25:11.6850000+08:00" endTime="2012-06-02T12:25:11.6940000+08:00" testType="13cdc9d9-ddb5-4fa4-a97d-d965ccfc6d4b" outcome="Passed" testListId="8c84fa94-04c1-424b-9868-57a2d4851a1d" relativeResultsDirectory="ab549697-491d-4b9e-a414-77302c530dac">
    </UnitTestResult>
    <UnitTestResult executionId="1f2c47b2-be2d-4d58-96e5-7be813e0b512" testId="f7d7cfdb-4468-5c56-7540-afe0d55e093a" testName="Can_do_deep_clone" computerName="MICHAEL-PC" duration="00:00:00.0023032" startTime="2012-06-02T12:25:11.6970000+08:00" endTime="2012-06-02T12:25:11.7030000+08:00" testType="13cdc9d9-ddb5-4fa4-a97d-d965ccfc6d4b" outcome="Passed" testListId="8c84fa94-04c1-424b-9868-57a2d4851a1d" relativeResultsDirectory="1f2c47b2-be2d-4d58-96e5-7be813e0b512">
    </UnitTestResult>
    <UnitTestResult executionId="dc8fe5a2-6a1e-411d-bef1-28b9b796668e" testId="ffcba511-cdf9-ce52-fd62-900fe7820ecc" testName="Ef_Can_queue_changes" computerName="MICHAEL-PC" duration="00:00:00.0425689" startTime="2012-06-02T12:25:11.7060000+08:00" endTime="2012-06-02T12:25:11.7680000+08:00" testType="13cdc9d9-ddb5-4fa4-a97d-d965ccfc6d4b" outcome="Passed" testListId="8c84fa94-04c1-424b-9868-57a2d4851a1d" relativeResultsDirectory="dc8fe5a2-6a1e-411d-bef1-28b9b796668e">
    </UnitTestResult>
  </Results>
</TestRun>