<?xml version="1.0" encoding="UTF-8"?>
<TestRun id="678cfa09-480b-4c59-883b-66ca4536ef98" name="Michael@MICHAEL-PC 2012-06-20 10:20:36" runUser="Michael-PC\Michael" xmlns="http://microsoft.com/schemas/VisualStudio/TeamTest/2010">
  <TestSettings name="Local" id="7d9e14f4-f525-48ee-bea8-a34d9f4cc18d">
    <Description>These are default test settings for a local test run.</Description>
    <Deployment enabled="false" runDeploymentRoot="Michael_MICHAEL-PC 2012-06-20 10_20_36">
      <DeploymentItem filename="C:\Users\Michael\_CODE\Ienablemuch.ToTheEfnhX\Ienablemuch.ToTheEfnhX.Memory\bin\Release\Ienablemuch.ToTheEfnhX.Memory.dll" />
      <DeploymentItem filename="C:\Users\Michael\_CODE\Ienablemuch.ToTheEfnhX\packages\FluentNHibernate.1.3.0.717\lib\FluentNHibernate.dll" />
      <DeploymentItem filename="C:\Users\Michael\_CODE\Ienablemuch.ToTheEfnhX\packages\Iesi.Collections.3.2.0.4000\lib\Net35\Iesi.Collections.dll" />
      <DeploymentItem filename="C:\Users\Michael\_CODE\Ienablemuch.ToTheEfnhX\Ienablemuch.ToTheEfnhx.CommonExtensions\bin\Release\Ienablemuch.ToTheEfnhx.CommonExtensions.dll" />
      <DeploymentItem filename="C:\Users\Michael\_CODE\Ienablemuch.ToTheEfnhX\packages\NHibernate.3.3.0.4000\lib\Net35\NHibernate.dll" />
      <DeploymentItem filename="C:\Users\Michael\_CODE\Ienablemuch.ToTheEfnhX\packages\EntityFramework.4.3.1\lib\net40\EntityFramework.dll" />
      <DeploymentItem filename="C:\Users\Michael\_CODE\Ienablemuch.ToTheEfnhX\Ienablemuch.ToTheEfnhX.NHibernate\bin\Release\Ienablemuch.ToTheEfnhX.NHibernate.dll" />
      <DeploymentItem filename="C:\Users\Michael\_CODE\Ienablemuch.ToTheEfnhX\Ienablemuch.ToTheEfnhX.EntityFramework\bin\Release\Ienablemuch.ToTheEfnhX.EntityFramework.dll" />
      <DeploymentItem filename="C:\Users\Michael\_CODE\Ienablemuch.ToTheEfnhX\ToTheEfnhX\bin\Release\Ienablemuch.ToTheEfnhX.dll" />
    </Deployment>
    <Execution>
      <TestTypeSpecific />
      <AgentRule name="Execution Agents">
      </AgentRule>
    </Execution>
  </TestSettings>
  <Times creation="2012-06-20T10:20:36.3960000+08:00" queuing="2012-06-20T10:20:36.4560000+08:00" start="2012-06-20T10:20:36.4840000+08:00" finish="2012-06-20T10:20:42.8410000+08:00" />
  <ResultSummary outcome="Completed">
    <Counters total="60" executed="60" passed="60" error="0" failed="0" timeout="0" aborted="0" inconclusive="0" passedButRunAborted="0" notRunnable="0" notExecuted="0" disconnected="0" warning="0" completed="0" inProgress="0" pending="0" />
  </ResultSummary>
  <TestDefinitions>
    <UnitTest name="Nh_CanHaveIncrementingKey" storage="c:\users\michael\_code\ienablemuch.totheefnhx\testproject\bin\release\testproject.dll" id="c8ff8ef9-a95a-0779-90f7-6e8188ebefd1">
      <Execution id="48ad7dc0-5eee-4232-9202-f2f502a29b45" />
      <TestMethod codeBase="C:/Users/Michael/_CODE/Ienablemuch.ToTheEfnhX/TestProject/bin/Release/TestProject.DLL" adapterTypeName="Microsoft.VisualStudio.TestTools.TestTypes.Unit.UnitTestAdapter, Microsoft.VisualStudio.QualityTools.Tips.UnitTest.Adapter, Version=10.0.0.0, Culture=neutral, PublicKeyToken=b03f5f7f11d50a3a" className="TestProject.TestTheIRepository, TestProject, Version=1.0.0.0, Culture=neutral, PublicKeyToken=null" name="Nh_CanHaveIncrementingKey" />
    </UnitTest>
    <UnitTest name="Nh_CanSaveHeaderDetail" storage="c:\users\michael\_code\ienablemuch.totheefnhx\testproject\bin\release\testproject.dll" id="f68ad391-23ca-2766-d2b2-8731589ef39b">
      <Execution id="8a2f83e2-7a1a-4944-9e48-a0db1d35157f" />
      <TestMethod codeBase="C:/Users/Michael/_CODE/Ienablemuch.ToTheEfnhX/TestProject/bin/Release/TestProject.DLL" adapterTypeName="Microsoft.VisualStudio.TestTools.TestTypes.Unit.UnitTestAdapter, Microsoft.VisualStudio.QualityTools.Tips.UnitTest.Adapter, Version=10.0.0.0, Culture=neutral, PublicKeyToken=b03f5f7f11d50a3a" className="TestProject.TestTheIRepository, TestProject, Version=1.0.0.0, Culture=neutral, PublicKeyToken=null" name="Nh_CanSaveHeaderDetail" />
    </UnitTest>
    <UnitTest name="Nh_SessionTransaction_can_detect_its_own_transaction_commitness_only" storage="c:\users\michael\_code\ienablemuch.totheefnhx\testproject\bin\release\testproject.dll" id="83330a72-51da-0d0d-d2b2-826b2f6cfd00">
      <Execution id="dc27d30e-c120-4597-b6c0-d8d604d6d79d" />
      <TestMethod codeBase="C:/Users/Michael/_CODE/Ienablemuch.ToTheEfnhX/TestProject/bin/Release/TestProject.DLL" adapterTypeName="Microsoft.VisualStudio.TestTools.TestTypes.Unit.UnitTestAdapter, Microsoft.VisualStudio.QualityTools.Tips.UnitTest.Adapter, Version=10.0.0.0, Culture=neutral, PublicKeyToken=b03f5f7f11d50a3a" className="TestProject.TestTheIRepository, TestProject, Version=1.0.0.0, Culture=neutral, PublicKeyToken=null" name="Nh_SessionTransaction_can_detect_its_own_transaction_commitness_only" />
    </UnitTest>
    <UnitTest name="Nh_CanDetectUpdateConflictingDelete" storage="c:\users\michael\_code\ienablemuch.totheefnhx\testproject\bin\release\testproject.dll" id="5d13769c-6ed9-df33-8e6d-b0cc79c073f2">
      <Execution id="2655b019-f0d3-470f-abd7-63a48c541474" />
      <TestMethod codeBase="C:/Users/Michael/_CODE/Ienablemuch.ToTheEfnhX/TestProject/bin/Release/TestProject.DLL" adapterTypeName="Microsoft.VisualStudio.TestTools.TestTypes.Unit.UnitTestAdapter, Microsoft.VisualStudio.QualityTools.Tips.UnitTest.Adapter, Version=10.0.0.0, Culture=neutral, PublicKeyToken=b03f5f7f11d50a3a" className="TestProject.TestTheIRepository, TestProject, Version=1.0.0.0, Culture=neutral, PublicKeyToken=null" name="Nh_CanDetectUpdateConflictingDelete" />
    </UnitTest>
    <UnitTest name="Nh_Can_Orm_do_cascaded_deletions" storage="c:\users\michael\_code\ienablemuch.totheefnhx\testproject\bin\release\testproject.dll" id="170c0ff1-28bc-09a2-839b-5ab24853aea8">
      <Execution id="3f642fd1-a880-4266-858b-8b1486d376a6" />
      <TestMethod codeBase="C:/Users/Michael/_CODE/Ienablemuch.ToTheEfnhX/TestProject/bin/Release/TestProject.DLL" adapterTypeName="Microsoft.VisualStudio.TestTools.TestTypes.Unit.UnitTestAdapter, Microsoft.VisualStudio.QualityTools.Tips.UnitTest.Adapter, Version=10.0.0.0, Culture=neutral, PublicKeyToken=b03f5f7f11d50a3a" className="TestProject.TestTheIRepository, TestProject, Version=1.0.0.0, Culture=neutral, PublicKeyToken=null" name="Nh_Can_Orm_do_cascaded_deletions" />
    </UnitTest>
    <UnitTest name="Saving_is_ok" storage="c:\users\michael\_code\ienablemuch.totheefnhx\testproject\bin\release\testproject.dll" id="5b9ac5c8-7814-fd36-cd57-f0de0de0fae7">
      <Execution id="afa67745-77f7-4465-876b-ffbbf32ec505" />
      <TestMethod codeBase="C:/Users/Michael/_CODE/Ienablemuch.ToTheEfnhX/TestProject/bin/Release/TestProject.DLL" adapterTypeName="Microsoft.VisualStudio.TestTools.TestTypes.Unit.UnitTestAdapter, Microsoft.VisualStudio.QualityTools.Tips.UnitTest.Adapter, Version=10.0.0.0, Culture=neutral, PublicKeyToken=b03f5f7f11d50a3a" className="TestProject.TestTheIRepository, TestProject, Version=1.0.0.0, Culture=neutral, PublicKeyToken=null" name="Saving_is_ok" />
    </UnitTest>
    <UnitTest name="Fetching_strategies_of_NHibernate_helper_has_no_problem_on_mocked_IQueryable" storage="c:\users\michael\_code\ienablemuch.totheefnhx\testproject\bin\release\testproject.dll" id="24f780e7-822d-62ed-f13e-e2daddc611e1">
      <Execution id="a8e12284-cda4-42a7-aa1d-3f6605334305" />
      <TestMethod codeBase="C:/Users/Michael/_CODE/Ienablemuch.ToTheEfnhX/TestProject/bin/Release/TestProject.DLL" adapterTypeName="Microsoft.VisualStudio.TestTools.TestTypes.Unit.UnitTestAdapter, Microsoft.VisualStudio.QualityTools.Tips.UnitTest.Adapter, Version=10.0.0.0, Culture=neutral, PublicKeyToken=b03f5f7f11d50a3a" className="TestProject.TestTheIRepository, TestProject, Version=1.0.0.0, Culture=neutral, PublicKeyToken=null" name="Fetching_strategies_of_NHibernate_helper_has_no_problem_on_mocked_IQueryable" />
    </UnitTest>
    <UnitTest name="Test_Ef_Get_PK_via_dynamic" storage="c:\users\michael\_code\ienablemuch.totheefnhx\testproject\bin\release\testproject.dll" id="a5e54779-0e2e-17fd-60ad-0caf532866a2">
      <Execution id="d5d2c068-fad1-46a1-8a55-90dc1e10efa6" />
      <TestMethod codeBase="C:/Users/Michael/_CODE/Ienablemuch.ToTheEfnhX/TestProject/bin/Release/TestProject.DLL" adapterTypeName="Microsoft.VisualStudio.TestTools.TestTypes.Unit.UnitTestAdapter, Microsoft.VisualStudio.QualityTools.Tips.UnitTest.Adapter, Version=10.0.0.0, Culture=neutral, PublicKeyToken=b03f5f7f11d50a3a" className="TestProject.TestTheIRepository, TestProject, Version=1.0.0.0, Culture=neutral, PublicKeyToken=null" name="Test_Ef_Get_PK_via_dynamic" />
    </UnitTest>
    <UnitTest name="Nh_CanUpdate" storage="c:\users\michael\_code\ienablemuch.totheefnhx\testproject\bin\release\testproject.dll" id="63d9977f-78b2-ba78-f19b-1e84d68eabe8">
      <Execution id="c2709a2c-a1d1-44f5-ade4-cbe7edb701fe" />
      <TestMethod codeBase="C:/Users/Michael/_CODE/Ienablemuch.ToTheEfnhX/TestProject/bin/Release/TestProject.DLL" adapterTypeName="Microsoft.VisualStudio.TestTools.TestTypes.Unit.UnitTestAdapter, Microsoft.VisualStudio.QualityTools.Tips.UnitTest.Adapter, Version=10.0.0.0, Culture=neutral, PublicKeyToken=b03f5f7f11d50a3a" className="TestProject.TestTheIRepository, TestProject, Version=1.0.0.0, Culture=neutral, PublicKeyToken=null" name="Nh_CanUpdate" />
    </UnitTest>
    <UnitTest name="Nh_Can_Orm_SaveGraph_Can_Update" storage="c:\users\michael\_code\ienablemuch.totheefnhx\testproject\bin\release\testproject.dll" id="2c5bd9dd-112e-27f2-907e-74a104a18d8d">
      <Execution id="7c09281a-5a66-4af7-9a7c-07ab1f08f161" />
      <TestMethod codeBase="C:/Users/Michael/_CODE/Ienablemuch.ToTheEfnhX/TestProject/bin/Release/TestProject.DLL" adapterTypeName="Microsoft.VisualStudio.TestTools.TestTypes.Unit.UnitTestAdapter, Microsoft.VisualStudio.QualityTools.Tips.UnitTest.Adapter, Version=10.0.0.0, Culture=neutral, PublicKeyToken=b03f5f7f11d50a3a" className="TestProject.TestTheIRepository, TestProject, Version=1.0.0.0, Culture=neutral, PublicKeyToken=null" name="Nh_Can_Orm_SaveGraph_Can_Update" />
    </UnitTest>
    <UnitTest name="Memory_CanUpdate" storage="c:\users\michael\_code\ienablemuch.totheefnhx\testproject\bin\release\testproject.dll" id="f5049a26-85f5-2d61-7d0d-3fe36d498d57">
      <Execution id="7c422998-d2a9-41d1-894d-c7e7c10efcdf" />
      <TestMethod codeBase="C:/Users/Michael/_CODE/Ienablemuch.ToTheEfnhX/TestProject/bin/Release/TestProject.DLL" adapterTypeName="Microsoft.VisualStudio.TestTools.TestTypes.Unit.UnitTestAdapter, Microsoft.VisualStudio.QualityTools.Tips.UnitTest.Adapter, Version=10.0.0.0, Culture=neutral, PublicKeyToken=b03f5f7f11d50a3a" className="TestProject.TestTheIRepository, TestProject, Version=1.0.0.0, Culture=neutral, PublicKeyToken=null" name="Memory_CanUpdate" />
    </UnitTest>
    <UnitTest name="Ef_CanDetectDeleteConflictingDelete" storage="c:\users\michael\_code\ienablemuch.totheefnhx\testproject\bin\release\testproject.dll" id="4bb22a57-9102-06ea-257b-caae673d46d7">
      <Execution id="7913f157-bda7-4e2d-a62d-0668e19e3a69" />
      <TestMethod codeBase="C:/Users/Michael/_CODE/Ienablemuch.ToTheEfnhX/TestProject/bin/Release/TestProject.DLL" adapterTypeName="Microsoft.VisualStudio.TestTools.TestTypes.Unit.UnitTestAdapter, Microsoft.VisualStudio.QualityTools.Tips.UnitTest.Adapter, Version=10.0.0.0, Culture=neutral, PublicKeyToken=b03f5f7f11d50a3a" className="TestProject.TestTheIRepository, TestProject, Version=1.0.0.0, Culture=neutral, PublicKeyToken=null" name="Ef_CanDetectDeleteConflictingDelete" />
    </UnitTest>
    <UnitTest name="Ef_Can_save_transaction" storage="c:\users\michael\_code\ienablemuch.totheefnhx\testproject\bin\release\testproject.dll" id="f473cffe-6acb-bc8c-3c44-48f67f9567de">
      <Execution id="3e99ed63-d516-4233-8893-cf38bd2a6a54" />
      <TestMethod codeBase="C:/Users/Michael/_CODE/Ienablemuch.ToTheEfnhX/TestProject/bin/Release/TestProject.DLL" adapterTypeName="Microsoft.VisualStudio.TestTools.TestTypes.Unit.UnitTestAdapter, Microsoft.VisualStudio.QualityTools.Tips.UnitTest.Adapter, Version=10.0.0.0, Culture=neutral, PublicKeyToken=b03f5f7f11d50a3a" className="TestProject.TestTheIRepository, TestProject, Version=1.0.0.0, Culture=neutral, PublicKeyToken=null" name="Ef_Can_save_transaction" />
    </UnitTest>
    <UnitTest name="Memory_CanDetectDeleteConflictingDelete" storage="c:\users\michael\_code\ienablemuch.totheefnhx\testproject\bin\release\testproject.dll" id="d409929f-129a-9686-590d-6472fdfa28e4">
      <Execution id="8c476d9d-e877-44b3-986f-5d6751e94b84" />
      <TestMethod codeBase="C:/Users/Michael/_CODE/Ienablemuch.ToTheEfnhX/TestProject/bin/Release/TestProject.DLL" adapterTypeName="Microsoft.VisualStudio.TestTools.TestTypes.Unit.UnitTestAdapter, Microsoft.VisualStudio.QualityTools.Tips.UnitTest.Adapter, Version=10.0.0.0, Culture=neutral, PublicKeyToken=b03f5f7f11d50a3a" className="TestProject.TestTheIRepository, TestProject, Version=1.0.0.0, Culture=neutral, PublicKeyToken=null" name="Memory_CanDetectDeleteConflictingDelete" />
    </UnitTest>
    <UnitTest name="Can_do_deep_clone" storage="c:\users\michael\_code\ienablemuch.totheefnhx\testproject\bin\release\testproject.dll" id="f7d7cfdb-4468-5c56-7540-afe0d55e093a">
      <Execution id="1d4238c6-3eb7-4356-a0a8-6a9c4358b6e7" />
      <TestMethod codeBase="C:/Users/Michael/_CODE/Ienablemuch.ToTheEfnhX/TestProject/bin/Release/TestProject.DLL" adapterTypeName="Microsoft.VisualStudio.TestTools.TestTypes.Unit.UnitTestAdapter, Microsoft.VisualStudio.QualityTools.Tips.UnitTest.Adapter, Version=10.0.0.0, Culture=neutral, PublicKeyToken=b03f5f7f11d50a3a" className="TestProject.TestTheIRepository, TestProject, Version=1.0.0.0, Culture=neutral, PublicKeyToken=null" name="Can_do_deep_clone" />
    </UnitTest>
    <UnitTest name="Ef_CanSaveHeaderDetail" storage="c:\users\michael\_code\ienablemuch.totheefnhx\testproject\bin\release\testproject.dll" id="ecf5b477-cdd8-3508-c195-40a64bc26f00">
      <Execution id="733b2cc0-3538-4ad7-aab1-f13a2a7069df" />
      <TestMethod codeBase="C:/Users/Michael/_CODE/Ienablemuch.ToTheEfnhX/TestProject/bin/Release/TestProject.DLL" adapterTypeName="Microsoft.VisualStudio.TestTools.TestTypes.Unit.UnitTestAdapter, Microsoft.VisualStudio.QualityTools.Tips.UnitTest.Adapter, Version=10.0.0.0, Culture=neutral, PublicKeyToken=b03f5f7f11d50a3a" className="TestProject.TestTheIRepository, TestProject, Version=1.0.0.0, Culture=neutral, PublicKeyToken=null" name="Ef_CanSaveHeaderDetail" />
    </UnitTest>
    <UnitTest name="Ef_Can_Orm_SaveGraph_Can_Create" storage="c:\users\michael\_code\ienablemuch.totheefnhx\testproject\bin\release\testproject.dll" id="bc6bd775-f005-e7a2-7238-5a88173c9263">
      <Execution id="24cde28f-d772-46b9-951a-f65723c54435" />
      <TestMethod codeBase="C:/Users/Michael/_CODE/Ienablemuch.ToTheEfnhX/TestProject/bin/Release/TestProject.DLL" adapterTypeName="Microsoft.VisualStudio.TestTools.TestTypes.Unit.UnitTestAdapter, Microsoft.VisualStudio.QualityTools.Tips.UnitTest.Adapter, Version=10.0.0.0, Culture=neutral, PublicKeyToken=b03f5f7f11d50a3a" className="TestProject.TestTheIRepository, TestProject, Version=1.0.0.0, Culture=neutral, PublicKeyToken=null" name="Ef_Can_Orm_SaveGraph_Can_Create" />
    </UnitTest>
    <UnitTest name="Ef_CanDetectUpdateConflictingUpdate" storage="c:\users\michael\_code\ienablemuch.totheefnhx\testproject\bin\release\testproject.dll" id="ca3ec696-2df9-55bd-c53c-f732b5c80a68">
      <Execution id="83800ce5-940d-477e-ae17-549a9b74615c" />
      <TestMethod codeBase="C:/Users/Michael/_CODE/Ienablemuch.ToTheEfnhX/TestProject/bin/Release/TestProject.DLL" adapterTypeName="Microsoft.VisualStudio.TestTools.TestTypes.Unit.UnitTestAdapter, Microsoft.VisualStudio.QualityTools.Tips.UnitTest.Adapter, Version=10.0.0.0, Culture=neutral, PublicKeyToken=b03f5f7f11d50a3a" className="TestProject.TestTheIRepository, TestProject, Version=1.0.0.0, Culture=neutral, PublicKeyToken=null" name="Ef_CanDetectUpdateConflictingUpdate" />
    </UnitTest>
    <UnitTest name="Ef_Can_Save_Then_Update" storage="c:\users\michael\_code\ienablemuch.totheefnhx\testproject\bin\release\testproject.dll" id="9076dd47-28a7-196a-e653-7fb55dfa55a8">
      <Execution id="8a700226-1eaf-438c-b507-efbfed0b2fc7" />
      <TestMethod codeBase="C:/Users/Michael/_CODE/Ienablemuch.ToTheEfnhX/TestProject/bin/Release/TestProject.DLL" adapterTypeName="Microsoft.VisualStudio.TestTools.TestTypes.Unit.UnitTestAdapter, Microsoft.VisualStudio.QualityTools.Tips.UnitTest.Adapter, Version=10.0.0.0, Culture=neutral, PublicKeyToken=b03f5f7f11d50a3a" className="TestProject.TestTheIRepository, TestProject, Version=1.0.0.0, Culture=neutral, PublicKeyToken=null" name="Ef_Can_Save_Then_Update" />
    </UnitTest>
    <UnitTest name="Nh_SessionTransaction_cannot_detect_transaction_commitness" storage="c:\users\michael\_code\ienablemuch.totheefnhx\testproject\bin\release\testproject.dll" id="dad118fb-1088-58a3-350a-fc5e47173fa9">
      <Execution id="b741dd0a-4c9e-4286-a96e-c10f3e25f472" />
      <TestMethod codeBase="C:/Users/Michael/_CODE/Ienablemuch.ToTheEfnhX/TestProject/bin/Release/TestProject.DLL" adapterTypeName="Microsoft.VisualStudio.TestTools.TestTypes.Unit.UnitTestAdapter, Microsoft.VisualStudio.QualityTools.Tips.UnitTest.Adapter, Version=10.0.0.0, Culture=neutral, PublicKeyToken=b03f5f7f11d50a3a" className="TestProject.TestTheIRepository, TestProject, Version=1.0.0.0, Culture=neutral, PublicKeyToken=null" name="Nh_SessionTransaction_cannot_detect_transaction_commitness" />
    </UnitTest>
    <UnitTest name="Ef_CanSaveHeaderDetail_ThenHeaderOnly" storage="c:\users\michael\_code\ienablemuch.totheefnhx\testproject\bin\release\testproject.dll" id="0ea817b0-89e9-afde-2a90-f0a2148b5b86">
      <Execution id="41f09bce-6fd8-4a94-829f-36b85c9ba082" />
      <TestMethod codeBase="C:/Users/Michael/_CODE/Ienablemuch.ToTheEfnhX/TestProject/bin/Release/TestProject.DLL" adapterTypeName="Microsoft.VisualStudio.TestTools.TestTypes.Unit.UnitTestAdapter, Microsoft.VisualStudio.QualityTools.Tips.UnitTest.Adapter, Version=10.0.0.0, Culture=neutral, PublicKeyToken=b03f5f7f11d50a3a" className="TestProject.TestTheIRepository, TestProject, Version=1.0.0.0, Culture=neutral, PublicKeyToken=null" name="Ef_CanSaveHeaderDetail_ThenHeaderOnly" />
    </UnitTest>
    <UnitTest name="Memory_CanSaveHeaderDetail" storage="c:\users\michael\_code\ienablemuch.totheefnhx\testproject\bin\release\testproject.dll" id="c2e9f01d-6387-7f00-c2a6-71385a796942">
      <Execution id="412e8429-fa5d-469d-8427-a2b36c28fb57" />
      <TestMethod codeBase="C:/Users/Michael/_CODE/Ienablemuch.ToTheEfnhX/TestProject/bin/Release/TestProject.DLL" adapterTypeName="Microsoft.VisualStudio.TestTools.TestTypes.Unit.UnitTestAdapter, Microsoft.VisualStudio.QualityTools.Tips.UnitTest.Adapter, Version=10.0.0.0, Culture=neutral, PublicKeyToken=b03f5f7f11d50a3a" className="TestProject.TestTheIRepository, TestProject, Version=1.0.0.0, Culture=neutral, PublicKeyToken=null" name="Memory_CanSaveHeaderDetail" />
    </UnitTest>
    <UnitTest name="Ef_CanSave" storage="c:\users\michael\_code\ienablemuch.totheefnhx\testproject\bin\release\testproject.dll" id="6a52032d-db59-8802-47db-20699e8ef053">
      <Execution id="b5595661-9187-46f9-95c3-a108eafd7372" />
      <TestMethod codeBase="C:/Users/Michael/_CODE/Ienablemuch.ToTheEfnhX/TestProject/bin/Release/TestProject.DLL" adapterTypeName="Microsoft.VisualStudio.TestTools.TestTypes.Unit.UnitTestAdapter, Microsoft.VisualStudio.QualityTools.Tips.UnitTest.Adapter, Version=10.0.0.0, Culture=neutral, PublicKeyToken=b03f5f7f11d50a3a" className="TestProject.TestTheIRepository, TestProject, Version=1.0.0.0, Culture=neutral, PublicKeyToken=null" name="Ef_CanSave" />
    </UnitTest>
    <UnitTest name="Ef_HasRowVersion" storage="c:\users\michael\_code\ienablemuch.totheefnhx\testproject\bin\release\testproject.dll" id="86150143-fb0b-c807-6c85-448e509331e0">
      <Execution id="c9d7d288-bf2c-4ab0-9c33-2d7170b4656f" />
      <TestMethod codeBase="C:/Users/Michael/_CODE/Ienablemuch.ToTheEfnhX/TestProject/bin/Release/TestProject.DLL" adapterTypeName="Microsoft.VisualStudio.TestTools.TestTypes.Unit.UnitTestAdapter, Microsoft.VisualStudio.QualityTools.Tips.UnitTest.Adapter, Version=10.0.0.0, Culture=neutral, PublicKeyToken=b03f5f7f11d50a3a" className="TestProject.TestTheIRepository, TestProject, Version=1.0.0.0, Culture=neutral, PublicKeyToken=null" name="Ef_HasRowVersion" />
    </UnitTest>
    <UnitTest name="Test_Ef_Get_Pk_via_pure_reflection" storage="c:\users\michael\_code\ienablemuch.totheefnhx\testproject\bin\release\testproject.dll" id="d6948249-9c33-5900-b906-67a9c3f3e0f6">
      <Execution id="54cd8143-2eb1-45d1-a9e1-da5ce070f541" />
      <TestMethod codeBase="C:/Users/Michael/_CODE/Ienablemuch.ToTheEfnhX/TestProject/bin/Release/TestProject.DLL" adapterTypeName="Microsoft.VisualStudio.TestTools.TestTypes.Unit.UnitTestAdapter, Microsoft.VisualStudio.QualityTools.Tips.UnitTest.Adapter, Version=10.0.0.0, Culture=neutral, PublicKeyToken=b03f5f7f11d50a3a" className="TestProject.TestTheIRepository, TestProject, Version=1.0.0.0, Culture=neutral, PublicKeyToken=null" name="Test_Ef_Get_Pk_via_pure_reflection" />
    </UnitTest>
    <UnitTest name="Nh_CanSaveHeaderDetail_ThenHeaderOnly" storage="c:\users\michael\_code\ienablemuch.totheefnhx\testproject\bin\release\testproject.dll" id="80519bd9-73a3-a605-5d67-813603142393">
      <Execution id="40c356f9-c854-46a7-b22e-c1a8a09fc102" />
      <TestMethod codeBase="C:/Users/Michael/_CODE/Ienablemuch.ToTheEfnhX/TestProject/bin/Release/TestProject.DLL" adapterTypeName="Microsoft.VisualStudio.TestTools.TestTypes.Unit.UnitTestAdapter, Microsoft.VisualStudio.QualityTools.Tips.UnitTest.Adapter, Version=10.0.0.0, Culture=neutral, PublicKeyToken=b03f5f7f11d50a3a" className="TestProject.TestTheIRepository, TestProject, Version=1.0.0.0, Culture=neutral, PublicKeyToken=null" name="Nh_CanSaveHeaderDetail_ThenHeaderOnly" />
    </UnitTest>
    <UnitTest name="Nh_CanDetectDeleteConflictingUpdate" storage="c:\users\michael\_code\ienablemuch.totheefnhx\testproject\bin\release\testproject.dll" id="467d17f0-5ec4-24a5-9089-e15ef18964f7">
      <Execution id="486fe7ff-f542-460b-98a7-f5708def0ffb" />
      <TestMethod codeBase="C:/Users/Michael/_CODE/Ienablemuch.ToTheEfnhX/TestProject/bin/Release/TestProject.DLL" adapterTypeName="Microsoft.VisualStudio.TestTools.TestTypes.Unit.UnitTestAdapter, Microsoft.VisualStudio.QualityTools.Tips.UnitTest.Adapter, Version=10.0.0.0, Culture=neutral, PublicKeyToken=b03f5f7f11d50a3a" className="TestProject.TestTheIRepository, TestProject, Version=1.0.0.0, Culture=neutral, PublicKeyToken=null" name="Nh_CanDetectDeleteConflictingUpdate" />
    </UnitTest>
    <UnitTest name="Nh_HasRowVersion" storage="c:\users\michael\_code\ienablemuch.totheefnhx\testproject\bin\release\testproject.dll" id="919c9ab6-d8de-ff18-95fc-25bc030735bd">
      <Execution id="e9bb50ff-2f8f-4d5d-ab13-c93c319df9fc" />
      <TestMethod codeBase="C:/Users/Michael/_CODE/Ienablemuch.ToTheEfnhX/TestProject/bin/Release/TestProject.DLL" adapterTypeName="Microsoft.VisualStudio.TestTools.TestTypes.Unit.UnitTestAdapter, Microsoft.VisualStudio.QualityTools.Tips.UnitTest.Adapter, Version=10.0.0.0, Culture=neutral, PublicKeyToken=b03f5f7f11d50a3a" className="TestProject.TestTheIRepository, TestProject, Version=1.0.0.0, Culture=neutral, PublicKeyToken=null" name="Nh_HasRowVersion" />
    </UnitTest>
    <UnitTest name="Ef_Can_Orm_do_cascaded_deletions" storage="c:\users\michael\_code\ienablemuch.totheefnhx\testproject\bin\release\testproject.dll" id="a2256363-4989-1fab-e208-96edc389fe3c">
      <Execution id="a57c2dc2-6e02-4415-a9c1-b40326c5a411" />
      <TestMethod codeBase="C:/Users/Michael/_CODE/Ienablemuch.ToTheEfnhX/TestProject/bin/Release/TestProject.DLL" adapterTypeName="Microsoft.VisualStudio.TestTools.TestTypes.Unit.UnitTestAdapter, Microsoft.VisualStudio.QualityTools.Tips.UnitTest.Adapter, Version=10.0.0.0, Culture=neutral, PublicKeyToken=b03f5f7f11d50a3a" className="TestProject.TestTheIRepository, TestProject, Version=1.0.0.0, Culture=neutral, PublicKeyToken=null" name="Ef_Can_Orm_do_cascaded_deletions" />
    </UnitTest>
    <UnitTest name="Memory_CanSaveTransaction" storage="c:\users\michael\_code\ienablemuch.totheefnhx\testproject\bin\release\testproject.dll" id="6b805790-9c4f-2071-6e55-fbbb337c0021">
      <Execution id="9ade8c33-6a32-4670-a03d-3dc2ff5131bb" />
      <TestMethod codeBase="C:/Users/Michael/_CODE/Ienablemuch.ToTheEfnhX/TestProject/bin/Release/TestProject.DLL" adapterTypeName="Microsoft.VisualStudio.TestTools.TestTypes.Unit.UnitTestAdapter, Microsoft.VisualStudio.QualityTools.Tips.UnitTest.Adapter, Version=10.0.0.0, Culture=neutral, PublicKeyToken=b03f5f7f11d50a3a" className="TestProject.TestTheIRepository, TestProject, Version=1.0.0.0, Culture=neutral, PublicKeyToken=null" name="Memory_CanSaveTransaction" />
    </UnitTest>
    <UnitTest name="Ef_Can_Fetch_Eager_Load" storage="c:\users\michael\_code\ienablemuch.totheefnhx\testproject\bin\release\testproject.dll" id="37a5a28c-6461-b43a-d1ae-238dc610f881">
      <Execution id="5009ff74-64f6-473b-a08c-c3ffba2e31ae" />
      <TestMethod codeBase="C:/Users/Michael/_CODE/Ienablemuch.ToTheEfnhX/TestProject/bin/Release/TestProject.DLL" adapterTypeName="Microsoft.VisualStudio.TestTools.TestTypes.Unit.UnitTestAdapter, Microsoft.VisualStudio.QualityTools.Tips.UnitTest.Adapter, Version=10.0.0.0, Culture=neutral, PublicKeyToken=b03f5f7f11d50a3a" className="TestProject.TestTheIRepository, TestProject, Version=1.0.0.0, Culture=neutral, PublicKeyToken=null" name="Ef_Can_Fetch_Eager_Load" />
    </UnitTest>
    <UnitTest name="Ef_CanDelete" storage="c:\users\michael\_code\ienablemuch.totheefnhx\testproject\bin\release\testproject.dll" id="c3da4334-35ea-a9c1-5cbf-c1daa7323978">
      <Execution id="abfa4bec-1649-498d-9782-26544a8234e4" />
      <TestMethod codeBase="C:/Users/Michael/_CODE/Ienablemuch.ToTheEfnhX/TestProject/bin/Release/TestProject.DLL" adapterTypeName="Microsoft.VisualStudio.TestTools.TestTypes.Unit.UnitTestAdapter, Microsoft.VisualStudio.QualityTools.Tips.UnitTest.Adapter, Version=10.0.0.0, Culture=neutral, PublicKeyToken=b03f5f7f11d50a3a" className="TestProject.TestTheIRepository, TestProject, Version=1.0.0.0, Culture=neutral, PublicKeyToken=null" name="Ef_CanDelete" />
    </UnitTest>
    <UnitTest name="Ef_Can_queue_changes" storage="c:\users\michael\_code\ienablemuch.totheefnhx\testproject\bin\release\testproject.dll" id="ffcba511-cdf9-ce52-fd62-900fe7820ecc">
      <Execution id="a96648d0-f0e9-4c85-b4ca-df98966c7177" />
      <TestMethod codeBase="C:/Users/Michael/_CODE/Ienablemuch.ToTheEfnhX/TestProject/bin/Release/TestProject.DLL" adapterTypeName="Microsoft.VisualStudio.TestTools.TestTypes.Unit.UnitTestAdapter, Microsoft.VisualStudio.QualityTools.Tips.UnitTest.Adapter, Version=10.0.0.0, Culture=neutral, PublicKeyToken=b03f5f7f11d50a3a" className="TestProject.TestTheIRepository, TestProject, Version=1.0.0.0, Culture=neutral, PublicKeyToken=null" name="Ef_Can_queue_changes" />
    </UnitTest>
    <UnitTest name="Fetching_strategies_of_EntityFramework_helper_has_no_problem_on_mocked_IQueryable" storage="c:\users\michael\_code\ienablemuch.totheefnhx\testproject\bin\release\testproject.dll" id="c8cf96fa-83e0-e026-64af-f003abc95103">
      <Execution id="a9ea5a44-4a47-47ed-8f17-0704fe5796de" />
      <TestMethod codeBase="C:/Users/Michael/_CODE/Ienablemuch.ToTheEfnhX/TestProject/bin/Release/TestProject.DLL" adapterTypeName="Microsoft.VisualStudio.TestTools.TestTypes.Unit.UnitTestAdapter, Microsoft.VisualStudio.QualityTools.Tips.UnitTest.Adapter, Version=10.0.0.0, Culture=neutral, PublicKeyToken=b03f5f7f11d50a3a" className="TestProject.TestTheIRepository, TestProject, Version=1.0.0.0, Culture=neutral, PublicKeyToken=null" name="Fetching_strategies_of_EntityFramework_helper_has_no_problem_on_mocked_IQueryable" />
    </UnitTest>
    <UnitTest name="Nh_Can_Fetch_Eager_Load" storage="c:\users\michael\_code\ienablemuch.totheefnhx\testproject\bin\release\testproject.dll" id="deaa2a12-6f68-927c-4a6c-45fa96e0ac38">
      <Execution id="8818b270-dfc7-4e00-b834-49a443061075" />
      <TestMethod codeBase="C:/Users/Michael/_CODE/Ienablemuch.ToTheEfnhX/TestProject/bin/Release/TestProject.DLL" adapterTypeName="Microsoft.VisualStudio.TestTools.TestTypes.Unit.UnitTestAdapter, Microsoft.VisualStudio.QualityTools.Tips.UnitTest.Adapter, Version=10.0.0.0, Culture=neutral, PublicKeyToken=b03f5f7f11d50a3a" className="TestProject.TestTheIRepository, TestProject, Version=1.0.0.0, Culture=neutral, PublicKeyToken=null" name="Nh_Can_Fetch_Eager_Load" />
    </UnitTest>
    <UnitTest name="Memory_CanDetectUpdateConflictingDelete" storage="c:\users\michael\_code\ienablemuch.totheefnhx\testproject\bin\release\testproject.dll" id="314cd11d-882d-0d0a-f196-b0f474ca8700">
      <Execution id="637f6493-5905-49cd-a3da-a4d78b630f88" />
      <TestMethod codeBase="C:/Users/Michael/_CODE/Ienablemuch.ToTheEfnhX/TestProject/bin/Release/TestProject.DLL" adapterTypeName="Microsoft.VisualStudio.TestTools.TestTypes.Unit.UnitTestAdapter, Microsoft.VisualStudio.QualityTools.Tips.UnitTest.Adapter, Version=10.0.0.0, Culture=neutral, PublicKeyToken=b03f5f7f11d50a3a" className="TestProject.TestTheIRepository, TestProject, Version=1.0.0.0, Culture=neutral, PublicKeyToken=null" name="Memory_CanDetectUpdateConflictingDelete" />
    </UnitTest>
    <UnitTest name="Nh_Can_Orm_SaveGraph_Can_Create" storage="c:\users\michael\_code\ienablemuch.totheefnhx\testproject\bin\release\testproject.dll" id="13f7d7c6-d8db-1750-7cfe-dc506ff46655">
      <Execution id="de4e36b3-1b1c-43e2-801e-ec97a35afae3" />
      <TestMethod codeBase="C:/Users/Michael/_CODE/Ienablemuch.ToTheEfnhX/TestProject/bin/Release/TestProject.DLL" adapterTypeName="Microsoft.VisualStudio.TestTools.TestTypes.Unit.UnitTestAdapter, Microsoft.VisualStudio.QualityTools.Tips.UnitTest.Adapter, Version=10.0.0.0, Culture=neutral, PublicKeyToken=b03f5f7f11d50a3a" className="TestProject.TestTheIRepository, TestProject, Version=1.0.0.0, Culture=neutral, PublicKeyToken=null" name="Nh_Can_Orm_SaveGraph_Can_Create" />
    </UnitTest>
    <UnitTest name="Nh_Can_Detect_Transaction_From_Session_Begin_Transaction" storage="c:\users\michael\_code\ienablemuch.totheefnhx\testproject\bin\release\testproject.dll" id="55b9acb6-c8fa-83e2-62ec-c3bb6a6ae6ad">
      <Execution id="f8c29b23-c8a2-4144-be97-b11127b27f2a" />
      <TestMethod codeBase="C:/Users/Michael/_CODE/Ienablemuch.ToTheEfnhX/TestProject/bin/Release/TestProject.DLL" adapterTypeName="Microsoft.VisualStudio.TestTools.TestTypes.Unit.UnitTestAdapter, Microsoft.VisualStudio.QualityTools.Tips.UnitTest.Adapter, Version=10.0.0.0, Culture=neutral, PublicKeyToken=b03f5f7f11d50a3a" className="TestProject.TestTheIRepository, TestProject, Version=1.0.0.0, Culture=neutral, PublicKeyToken=null" name="Nh_Can_Detect_Transaction_From_Session_Begin_Transaction" />
    </UnitTest>
    <UnitTest name="Ef_Can_Orm_SaveGraph_Can_Update" storage="c:\users\michael\_code\ienablemuch.totheefnhx\testproject\bin\release\testproject.dll" id="adbe83df-9ac4-b2e0-552a-ccb552c2f386">
      <Execution id="a89c42f8-2c27-424d-b7d2-e748e161fd14" />
      <TestMethod codeBase="C:/Users/Michael/_CODE/Ienablemuch.ToTheEfnhX/TestProject/bin/Release/TestProject.DLL" adapterTypeName="Microsoft.VisualStudio.TestTools.TestTypes.Unit.UnitTestAdapter, Microsoft.VisualStudio.QualityTools.Tips.UnitTest.Adapter, Version=10.0.0.0, Culture=neutral, PublicKeyToken=b03f5f7f11d50a3a" className="TestProject.TestTheIRepository, TestProject, Version=1.0.0.0, Culture=neutral, PublicKeyToken=null" name="Ef_Can_Orm_SaveGraph_Can_Update" />
    </UnitTest>
    <UnitTest name="Nh_CanDetectDeleteConflictingDelete" storage="c:\users\michael\_code\ienablemuch.totheefnhx\testproject\bin\release\testproject.dll" id="8557e6ab-47d2-b8b1-2926-0bb94a2d505d">
      <Execution id="ea4919b5-6259-45b9-a970-74fb11104b60" />
      <TestMethod codeBase="C:/Users/Michael/_CODE/Ienablemuch.ToTheEfnhX/TestProject/bin/Release/TestProject.DLL" adapterTypeName="Microsoft.VisualStudio.TestTools.TestTypes.Unit.UnitTestAdapter, Microsoft.VisualStudio.QualityTools.Tips.UnitTest.Adapter, Version=10.0.0.0, Culture=neutral, PublicKeyToken=b03f5f7f11d50a3a" className="TestProject.TestTheIRepository, TestProject, Version=1.0.0.0, Culture=neutral, PublicKeyToken=null" name="Nh_CanDetectDeleteConflictingDelete" />
    </UnitTest>
    <UnitTest name="Memory_CanSave" storage="c:\users\michael\_code\ienablemuch.totheefnhx\testproject\bin\release\testproject.dll" id="8c5d9d25-e5b8-63c8-9c42-cebb67787fde">
      <Execution id="dc7124c5-af86-4209-a9e4-301fc26100a2" />
      <TestMethod codeBase="C:/Users/Michael/_CODE/Ienablemuch.ToTheEfnhX/TestProject/bin/Release/TestProject.DLL" adapterTypeName="Microsoft.VisualStudio.TestTools.TestTypes.Unit.UnitTestAdapter, Microsoft.VisualStudio.QualityTools.Tips.UnitTest.Adapter, Version=10.0.0.0, Culture=neutral, PublicKeyToken=b03f5f7f11d50a3a" className="TestProject.TestTheIRepository, TestProject, Version=1.0.0.0, Culture=neutral, PublicKeyToken=null" name="Memory_CanSave" />
    </UnitTest>
    <UnitTest name="Nh_Can_queue_changes" storage="c:\users\michael\_code\ienablemuch.totheefnhx\testproject\bin\release\testproject.dll" id="8ae0b4b0-ccc4-fc93-736a-72af24764f70">
      <Execution id="0268ac01-1331-41e4-bfe2-63d12b7ab8a2" />
      <TestMethod codeBase="C:/Users/Michael/_CODE/Ienablemuch.ToTheEfnhX/TestProject/bin/Release/TestProject.DLL" adapterTypeName="Microsoft.VisualStudio.TestTools.TestTypes.Unit.UnitTestAdapter, Microsoft.VisualStudio.QualityTools.Tips.UnitTest.Adapter, Version=10.0.0.0, Culture=neutral, PublicKeyToken=b03f5f7f11d50a3a" className="TestProject.TestTheIRepository, TestProject, Version=1.0.0.0, Culture=neutral, PublicKeyToken=null" name="Nh_Can_queue_changes" />
    </UnitTest>
    <UnitTest name="Ef_CanDetectDeleteConflictingUpdate" storage="c:\users\michael\_code\ienablemuch.totheefnhx\testproject\bin\release\testproject.dll" id="8bf5c997-85a0-f72e-564a-9d66e659263c">
      <Execution id="0d608de4-2c1a-4062-9b3d-049e77a786f7" />
      <TestMethod codeBase="C:/Users/Michael/_CODE/Ienablemuch.ToTheEfnhX/TestProject/bin/Release/TestProject.DLL" adapterTypeName="Microsoft.VisualStudio.TestTools.TestTypes.Unit.UnitTestAdapter, Microsoft.VisualStudio.QualityTools.Tips.UnitTest.Adapter, Version=10.0.0.0, Culture=neutral, PublicKeyToken=b03f5f7f11d50a3a" className="TestProject.TestTheIRepository, TestProject, Version=1.0.0.0, Culture=neutral, PublicKeyToken=null" name="Ef_CanDetectDeleteConflictingUpdate" />
    </UnitTest>
    <UnitTest name="Memory_CanDelete" storage="c:\users\michael\_code\ienablemuch.totheefnhx\testproject\bin\release\testproject.dll" id="4eb22f5f-6a6e-dede-7dcd-8a02b2b7eecd">
      <Execution id="234b3ed2-1937-45c2-aaea-d874725b3757" />
      <TestMethod codeBase="C:/Users/Michael/_CODE/Ienablemuch.ToTheEfnhX/TestProject/bin/Release/TestProject.DLL" adapterTypeName="Microsoft.VisualStudio.TestTools.TestTypes.Unit.UnitTestAdapter, Microsoft.VisualStudio.QualityTools.Tips.UnitTest.Adapter, Version=10.0.0.0, Culture=neutral, PublicKeyToken=b03f5f7f11d50a3a" className="TestProject.TestTheIRepository, TestProject, Version=1.0.0.0, Culture=neutral, PublicKeyToken=null" name="Memory_CanDelete" />
    </UnitTest>
    <UnitTest name="Memory_CanHaveIncrementingKey" storage="c:\users\michael\_code\ienablemuch.totheefnhx\testproject\bin\release\testproject.dll" id="c5220795-75d7-ce76-adb5-6a1d661e1fb0">
      <Execution id="441a5da1-5eba-4cc3-a0b9-04367a1a7964" />
      <TestMethod codeBase="C:/Users/Michael/_CODE/Ienablemuch.ToTheEfnhX/TestProject/bin/Release/TestProject.DLL" adapterTypeName="Microsoft.VisualStudio.TestTools.TestTypes.Unit.UnitTestAdapter, Microsoft.VisualStudio.QualityTools.Tips.UnitTest.Adapter, Version=10.0.0.0, Culture=neutral, PublicKeyToken=b03f5f7f11d50a3a" className="TestProject.TestTheIRepository, TestProject, Version=1.0.0.0, Culture=neutral, PublicKeyToken=null" name="Memory_CanHaveIncrementingKey" />
    </UnitTest>
    <UnitTest name="Memory_CanDetectUpdateConflictingUpdate" storage="c:\users\michael\_code\ienablemuch.totheefnhx\testproject\bin\release\testproject.dll" id="385b97ed-767a-46eb-ce77-8402dbdb924a">
      <Execution id="eb2e2b0f-db75-4cf5-9e0f-4148ef6d22ef" />
      <TestMethod codeBase="C:/Users/Michael/_CODE/Ienablemuch.ToTheEfnhX/TestProject/bin/Release/TestProject.DLL" adapterTypeName="Microsoft.VisualStudio.TestTools.TestTypes.Unit.UnitTestAdapter, Microsoft.VisualStudio.QualityTools.Tips.UnitTest.Adapter, Version=10.0.0.0, Culture=neutral, PublicKeyToken=b03f5f7f11d50a3a" className="TestProject.TestTheIRepository, TestProject, Version=1.0.0.0, Culture=neutral, PublicKeyToken=null" name="Memory_CanDetectUpdateConflictingUpdate" />
    </UnitTest>
    <UnitTest name="Ef_Can_rollback_transaction" storage="c:\users\michael\_code\ienablemuch.totheefnhx\testproject\bin\release\testproject.dll" id="ef9db0bb-63c6-f8c2-c180-d50d1ce2ca5b">
      <Execution id="2ead529d-8e3f-4652-b84d-2fb9eea0c2ee" />
      <TestMethod codeBase="C:/Users/Michael/_CODE/Ienablemuch.ToTheEfnhX/TestProject/bin/Release/TestProject.DLL" adapterTypeName="Microsoft.VisualStudio.TestTools.TestTypes.Unit.UnitTestAdapter, Microsoft.VisualStudio.QualityTools.Tips.UnitTest.Adapter, Version=10.0.0.0, Culture=neutral, PublicKeyToken=b03f5f7f11d50a3a" className="TestProject.TestTheIRepository, TestProject, Version=1.0.0.0, Culture=neutral, PublicKeyToken=null" name="Ef_Can_rollback_transaction" />
    </UnitTest>
    <UnitTest name="Nh_Can_save_transaction" storage="c:\users\michael\_code\ienablemuch.totheefnhx\testproject\bin\release\testproject.dll" id="d14d6d4a-1363-e36e-8cf9-c1c992b9e243">
      <Execution id="7df20798-b352-4ef9-937e-45dcf18bf51d" />
      <TestMethod codeBase="C:/Users/Michael/_CODE/Ienablemuch.ToTheEfnhX/TestProject/bin/Release/TestProject.DLL" adapterTypeName="Microsoft.VisualStudio.TestTools.TestTypes.Unit.UnitTestAdapter, Microsoft.VisualStudio.QualityTools.Tips.UnitTest.Adapter, Version=10.0.0.0, Culture=neutral, PublicKeyToken=b03f5f7f11d50a3a" className="TestProject.TestTheIRepository, TestProject, Version=1.0.0.0, Culture=neutral, PublicKeyToken=null" name="Nh_Can_save_transaction" />
    </UnitTest>
    <UnitTest name="Ef_CanDetectUpdateConflictingDelete" storage="c:\users\michael\_code\ienablemuch.totheefnhx\testproject\bin\release\testproject.dll" id="cdd1ec05-a33a-edaf-1560-6637f27329d2">
      <Execution id="9d2ce143-b3ec-4c04-bfcc-782af4426459" />
      <TestMethod codeBase="C:/Users/Michael/_CODE/Ienablemuch.ToTheEfnhX/TestProject/bin/Release/TestProject.DLL" adapterTypeName="Microsoft.VisualStudio.TestTools.TestTypes.Unit.UnitTestAdapter, Microsoft.VisualStudio.QualityTools.Tips.UnitTest.Adapter, Version=10.0.0.0, Culture=neutral, PublicKeyToken=b03f5f7f11d50a3a" className="TestProject.TestTheIRepository, TestProject, Version=1.0.0.0, Culture=neutral, PublicKeyToken=null" name="Ef_CanDetectUpdateConflictingDelete" />
    </UnitTest>
    <UnitTest name="Nh_Can_rollback_transaction" storage="c:\users\michael\_code\ienablemuch.totheefnhx\testproject\bin\release\testproject.dll" id="498581d4-9097-59b7-1a75-c07c04a53675">
      <Execution id="7f70dd06-5a93-4ac0-915e-33c31f1399bb" />
      <TestMethod codeBase="C:/Users/Michael/_CODE/Ienablemuch.ToTheEfnhX/TestProject/bin/Release/TestProject.DLL" adapterTypeName="Microsoft.VisualStudio.TestTools.TestTypes.Unit.UnitTestAdapter, Microsoft.VisualStudio.QualityTools.Tips.UnitTest.Adapter, Version=10.0.0.0, Culture=neutral, PublicKeyToken=b03f5f7f11d50a3a" className="TestProject.TestTheIRepository, TestProject, Version=1.0.0.0, Culture=neutral, PublicKeyToken=null" name="Nh_Can_rollback_transaction" />
    </UnitTest>
    <UnitTest name="Memory_CanDetectDeleteConflictingUpdate" storage="c:\users\michael\_code\ienablemuch.totheefnhx\testproject\bin\release\testproject.dll" id="9608206a-383a-828f-299c-2c493d95d886">
      <Execution id="dcedd880-27c4-4126-ad38-c2fff239131e" />
      <TestMethod codeBase="C:/Users/Michael/_CODE/Ienablemuch.ToTheEfnhX/TestProject/bin/Release/TestProject.DLL" adapterTypeName="Microsoft.VisualStudio.TestTools.TestTypes.Unit.UnitTestAdapter, Microsoft.VisualStudio.QualityTools.Tips.UnitTest.Adapter, Version=10.0.0.0, Culture=neutral, PublicKeyToken=b03f5f7f11d50a3a" className="TestProject.TestTheIRepository, TestProject, Version=1.0.0.0, Culture=neutral, PublicKeyToken=null" name="Memory_CanDetectDeleteConflictingUpdate" />
    </UnitTest>
    <UnitTest name="Nh_CanDetectUpdateConflictingUpdate" storage="c:\users\michael\_code\ienablemuch.totheefnhx\testproject\bin\release\testproject.dll" id="7b0e110e-2e6a-879c-359f-7b225fdba37f">
      <Execution id="28dd9bb2-fa94-4645-957d-9139958b6ba9" />
      <TestMethod codeBase="C:/Users/Michael/_CODE/Ienablemuch.ToTheEfnhX/TestProject/bin/Release/TestProject.DLL" adapterTypeName="Microsoft.VisualStudio.TestTools.TestTypes.Unit.UnitTestAdapter, Microsoft.VisualStudio.QualityTools.Tips.UnitTest.Adapter, Version=10.0.0.0, Culture=neutral, PublicKeyToken=b03f5f7f11d50a3a" className="TestProject.TestTheIRepository, TestProject, Version=1.0.0.0, Culture=neutral, PublicKeyToken=null" name="Nh_CanDetectUpdateConflictingUpdate" />
    </UnitTest>
    <UnitTest name="Nh_Can_Detect_Transaction_From_Session_Transaction_Begin" storage="c:\users\michael\_code\ienablemuch.totheefnhx\testproject\bin\release\testproject.dll" id="35cdc240-50c9-1325-cb02-2e20cf8d0e6b">
      <Execution id="d4eae421-c2ef-40aa-a5e1-e43ee873a0ad" />
      <TestMethod codeBase="C:/Users/Michael/_CODE/Ienablemuch.ToTheEfnhX/TestProject/bin/Release/TestProject.DLL" adapterTypeName="Microsoft.VisualStudio.TestTools.TestTypes.Unit.UnitTestAdapter, Microsoft.VisualStudio.QualityTools.Tips.UnitTest.Adapter, Version=10.0.0.0, Culture=neutral, PublicKeyToken=b03f5f7f11d50a3a" className="TestProject.TestTheIRepository, TestProject, Version=1.0.0.0, Culture=neutral, PublicKeyToken=null" name="Nh_Can_Detect_Transaction_From_Session_Transaction_Begin" />
    </UnitTest>
    <UnitTest name="Ef_CanHaveIncrementingKey" storage="c:\users\michael\_code\ienablemuch.totheefnhx\testproject\bin\release\testproject.dll" id="e392eca5-e91b-ff0f-619e-8a24d0ecbe68">
      <Execution id="4862adc9-da60-45fa-b617-4b343c6b8d1e" />
      <TestMethod codeBase="C:/Users/Michael/_CODE/Ienablemuch.ToTheEfnhX/TestProject/bin/Release/TestProject.DLL" adapterTypeName="Microsoft.VisualStudio.TestTools.TestTypes.Unit.UnitTestAdapter, Microsoft.VisualStudio.QualityTools.Tips.UnitTest.Adapter, Version=10.0.0.0, Culture=neutral, PublicKeyToken=b03f5f7f11d50a3a" className="TestProject.TestTheIRepository, TestProject, Version=1.0.0.0, Culture=neutral, PublicKeyToken=null" name="Ef_CanHaveIncrementingKey" />
    </UnitTest>
    <UnitTest name="Nh_CanSave" storage="c:\users\michael\_code\ienablemuch.totheefnhx\testproject\bin\release\testproject.dll" id="c9750689-b2a7-1965-bbd3-0c2f5eda3fb2">
      <Execution id="73235ed7-9b23-4ff1-ac2a-1b3c73b7f8ab" />
      <TestMethod codeBase="C:/Users/Michael/_CODE/Ienablemuch.ToTheEfnhX/TestProject/bin/Release/TestProject.DLL" adapterTypeName="Microsoft.VisualStudio.TestTools.TestTypes.Unit.UnitTestAdapter, Microsoft.VisualStudio.QualityTools.Tips.UnitTest.Adapter, Version=10.0.0.0, Culture=neutral, PublicKeyToken=b03f5f7f11d50a3a" className="TestProject.TestTheIRepository, TestProject, Version=1.0.0.0, Culture=neutral, PublicKeyToken=null" name="Nh_CanSave" />
    </UnitTest>
    <UnitTest name="Nh_Can_Save_Then_Update" storage="c:\users\michael\_code\ienablemuch.totheefnhx\testproject\bin\release\testproject.dll" id="e1cf2de5-588c-ea74-49a2-6fd3423b3d3b">
      <Execution id="e5f1a0d8-b6ac-4250-9593-4903b8862d26" />
      <TestMethod codeBase="C:/Users/Michael/_CODE/Ienablemuch.ToTheEfnhX/TestProject/bin/Release/TestProject.DLL" adapterTypeName="Microsoft.VisualStudio.TestTools.TestTypes.Unit.UnitTestAdapter, Microsoft.VisualStudio.QualityTools.Tips.UnitTest.Adapter, Version=10.0.0.0, Culture=neutral, PublicKeyToken=b03f5f7f11d50a3a" className="TestProject.TestTheIRepository, TestProject, Version=1.0.0.0, Culture=neutral, PublicKeyToken=null" name="Nh_Can_Save_Then_Update" />
    </UnitTest>
    <UnitTest name="Nh_CanDelete" storage="c:\users\michael\_code\ienablemuch.totheefnhx\testproject\bin\release\testproject.dll" id="f3b46671-4362-7dc3-90a0-0fcbe80e34d8">
      <Execution id="42e548c4-4c7d-4611-9a09-99a6c6593ec0" />
      <TestMethod codeBase="C:/Users/Michael/_CODE/Ienablemuch.ToTheEfnhX/TestProject/bin/Release/TestProject.DLL" adapterTypeName="Microsoft.VisualStudio.TestTools.TestTypes.Unit.UnitTestAdapter, Microsoft.VisualStudio.QualityTools.Tips.UnitTest.Adapter, Version=10.0.0.0, Culture=neutral, PublicKeyToken=b03f5f7f11d50a3a" className="TestProject.TestTheIRepository, TestProject, Version=1.0.0.0, Culture=neutral, PublicKeyToken=null" name="Nh_CanDelete" />
    </UnitTest>
    <UnitTest name="Test_Ef_Get_PK" storage="c:\users\michael\_code\ienablemuch.totheefnhx\testproject\bin\release\testproject.dll" id="146839f6-01ac-4b11-4240-124737807090">
      <Execution id="8f2ddf3e-88d1-4f1e-91b6-97ba376afd47" />
      <TestMethod codeBase="C:/Users/Michael/_CODE/Ienablemuch.ToTheEfnhX/TestProject/bin/Release/TestProject.DLL" adapterTypeName="Microsoft.VisualStudio.TestTools.TestTypes.Unit.UnitTestAdapter, Microsoft.VisualStudio.QualityTools.Tips.UnitTest.Adapter, Version=10.0.0.0, Culture=neutral, PublicKeyToken=b03f5f7f11d50a3a" className="TestProject.TestTheIRepository, TestProject, Version=1.0.0.0, Culture=neutral, PublicKeyToken=null" name="Test_Ef_Get_PK" />
    </UnitTest>
    <UnitTest name="Ef_CanUpdate" storage="c:\users\michael\_code\ienablemuch.totheefnhx\testproject\bin\release\testproject.dll" id="9ce2ff54-3bea-2c09-7986-c83994c1d685">
      <Execution id="7c70778f-1b15-4ac5-96a8-af4ce9ab4474" />
      <TestMethod codeBase="C:/Users/Michael/_CODE/Ienablemuch.ToTheEfnhX/TestProject/bin/Release/TestProject.DLL" adapterTypeName="Microsoft.VisualStudio.TestTools.TestTypes.Unit.UnitTestAdapter, Microsoft.VisualStudio.QualityTools.Tips.UnitTest.Adapter, Version=10.0.0.0, Culture=neutral, PublicKeyToken=b03f5f7f11d50a3a" className="TestProject.TestTheIRepository, TestProject, Version=1.0.0.0, Culture=neutral, PublicKeyToken=null" name="Ef_CanUpdate" />
    </UnitTest>
    <UnitTest name="Memory_HasRowVersion" storage="c:\users\michael\_code\ienablemuch.totheefnhx\testproject\bin\release\testproject.dll" id="0947b967-fff8-9b8d-6688-507250130b49">
      <Execution id="f8bd7540-33a1-4acd-92bb-979e9e900c9b" />
      <TestMethod codeBase="C:/Users/Michael/_CODE/Ienablemuch.ToTheEfnhX/TestProject/bin/Release/TestProject.DLL" adapterTypeName="Microsoft.VisualStudio.TestTools.TestTypes.Unit.UnitTestAdapter, Microsoft.VisualStudio.QualityTools.Tips.UnitTest.Adapter, Version=10.0.0.0, Culture=neutral, PublicKeyToken=b03f5f7f11d50a3a" className="TestProject.TestTheIRepository, TestProject, Version=1.0.0.0, Culture=neutral, PublicKeyToken=null" name="Memory_HasRowVersion" />
    </UnitTest>
  </TestDefinitions>
  <TestLists>
    <TestList name="Results Not in a List" id="8c84fa94-04c1-424b-9868-57a2d4851a1d" />
    <TestList name="All Loaded Results" id="19431567-8539-422a-85d7-44ee4e166bda" />
  </TestLists>
  <TestEntries>
    <TestEntry testId="0947b967-fff8-9b8d-6688-507250130b49" executionId="f8bd7540-33a1-4acd-92bb-979e9e900c9b" testListId="8c84fa94-04c1-424b-9868-57a2d4851a1d" />
    <TestEntry testId="0ea817b0-89e9-afde-2a90-f0a2148b5b86" executionId="41f09bce-6fd8-4a94-829f-36b85c9ba082" testListId="8c84fa94-04c1-424b-9868-57a2d4851a1d" />
    <TestEntry testId="13f7d7c6-d8db-1750-7cfe-dc506ff46655" executionId="de4e36b3-1b1c-43e2-801e-ec97a35afae3" testListId="8c84fa94-04c1-424b-9868-57a2d4851a1d" />
    <TestEntry testId="146839f6-01ac-4b11-4240-124737807090" executionId="8f2ddf3e-88d1-4f1e-91b6-97ba376afd47" testListId="8c84fa94-04c1-424b-9868-57a2d4851a1d" />
    <TestEntry testId="170c0ff1-28bc-09a2-839b-5ab24853aea8" executionId="3f642fd1-a880-4266-858b-8b1486d376a6" testListId="8c84fa94-04c1-424b-9868-57a2d4851a1d" />
    <TestEntry testId="24f780e7-822d-62ed-f13e-e2daddc611e1" executionId="a8e12284-cda4-42a7-aa1d-3f6605334305" testListId="8c84fa94-04c1-424b-9868-57a2d4851a1d" />
    <TestEntry testId="2c5bd9dd-112e-27f2-907e-74a104a18d8d" executionId="7c09281a-5a66-4af7-9a7c-07ab1f08f161" testListId="8c84fa94-04c1-424b-9868-57a2d4851a1d" />
    <TestEntry testId="314cd11d-882d-0d0a-f196-b0f474ca8700" executionId="637f6493-5905-49cd-a3da-a4d78b630f88" testListId="8c84fa94-04c1-424b-9868-57a2d4851a1d" />
    <TestEntry testId="35cdc240-50c9-1325-cb02-2e20cf8d0e6b" executionId="d4eae421-c2ef-40aa-a5e1-e43ee873a0ad" testListId="8c84fa94-04c1-424b-9868-57a2d4851a1d" />
    <TestEntry testId="37a5a28c-6461-b43a-d1ae-238dc610f881" executionId="5009ff74-64f6-473b-a08c-c3ffba2e31ae" testListId="8c84fa94-04c1-424b-9868-57a2d4851a1d" />
    <TestEntry testId="385b97ed-767a-46eb-ce77-8402dbdb924a" executionId="eb2e2b0f-db75-4cf5-9e0f-4148ef6d22ef" testListId="8c84fa94-04c1-424b-9868-57a2d4851a1d" />
    <TestEntry testId="467d17f0-5ec4-24a5-9089-e15ef18964f7" executionId="486fe7ff-f542-460b-98a7-f5708def0ffb" testListId="8c84fa94-04c1-424b-9868-57a2d4851a1d" />
    <TestEntry testId="498581d4-9097-59b7-1a75-c07c04a53675" executionId="7f70dd06-5a93-4ac0-915e-33c31f1399bb" testListId="8c84fa94-04c1-424b-9868-57a2d4851a1d" />
    <TestEntry testId="4bb22a57-9102-06ea-257b-caae673d46d7" executionId="7913f157-bda7-4e2d-a62d-0668e19e3a69" testListId="8c84fa94-04c1-424b-9868-57a2d4851a1d" />
    <TestEntry testId="4eb22f5f-6a6e-dede-7dcd-8a02b2b7eecd" executionId="234b3ed2-1937-45c2-aaea-d874725b3757" testListId="8c84fa94-04c1-424b-9868-57a2d4851a1d" />
    <TestEntry testId="55b9acb6-c8fa-83e2-62ec-c3bb6a6ae6ad" executionId="f8c29b23-c8a2-4144-be97-b11127b27f2a" testListId="8c84fa94-04c1-424b-9868-57a2d4851a1d" />
    <TestEntry testId="5b9ac5c8-7814-fd36-cd57-f0de0de0fae7" executionId="afa67745-77f7-4465-876b-ffbbf32ec505" testListId="8c84fa94-04c1-424b-9868-57a2d4851a1d" />
    <TestEntry testId="5d13769c-6ed9-df33-8e6d-b0cc79c073f2" executionId="2655b019-f0d3-470f-abd7-63a48c541474" testListId="8c84fa94-04c1-424b-9868-57a2d4851a1d" />
    <TestEntry testId="63d9977f-78b2-ba78-f19b-1e84d68eabe8" executionId="c2709a2c-a1d1-44f5-ade4-cbe7edb701fe" testListId="8c84fa94-04c1-424b-9868-57a2d4851a1d" />
    <TestEntry testId="6a52032d-db59-8802-47db-20699e8ef053" executionId="b5595661-9187-46f9-95c3-a108eafd7372" testListId="8c84fa94-04c1-424b-9868-57a2d4851a1d" />
    <TestEntry testId="6b805790-9c4f-2071-6e55-fbbb337c0021" executionId="9ade8c33-6a32-4670-a03d-3dc2ff5131bb" testListId="8c84fa94-04c1-424b-9868-57a2d4851a1d" />
    <TestEntry testId="7b0e110e-2e6a-879c-359f-7b225fdba37f" executionId="28dd9bb2-fa94-4645-957d-9139958b6ba9" testListId="8c84fa94-04c1-424b-9868-57a2d4851a1d" />
    <TestEntry testId="80519bd9-73a3-a605-5d67-813603142393" executionId="40c356f9-c854-46a7-b22e-c1a8a09fc102" testListId="8c84fa94-04c1-424b-9868-57a2d4851a1d" />
    <TestEntry testId="83330a72-51da-0d0d-d2b2-826b2f6cfd00" executionId="dc27d30e-c120-4597-b6c0-d8d604d6d79d" testListId="8c84fa94-04c1-424b-9868-57a2d4851a1d" />
    <TestEntry testId="8557e6ab-47d2-b8b1-2926-0bb94a2d505d" executionId="ea4919b5-6259-45b9-a970-74fb11104b60" testListId="8c84fa94-04c1-424b-9868-57a2d4851a1d" />
    <TestEntry testId="86150143-fb0b-c807-6c85-448e509331e0" executionId="c9d7d288-bf2c-4ab0-9c33-2d7170b4656f" testListId="8c84fa94-04c1-424b-9868-57a2d4851a1d" />
    <TestEntry testId="8ae0b4b0-ccc4-fc93-736a-72af24764f70" executionId="0268ac01-1331-41e4-bfe2-63d12b7ab8a2" testListId="8c84fa94-04c1-424b-9868-57a2d4851a1d" />
    <TestEntry testId="8bf5c997-85a0-f72e-564a-9d66e659263c" executionId="0d608de4-2c1a-4062-9b3d-049e77a786f7" testListId="8c84fa94-04c1-424b-9868-57a2d4851a1d" />
    <TestEntry testId="8c5d9d25-e5b8-63c8-9c42-cebb67787fde" executionId="dc7124c5-af86-4209-a9e4-301fc26100a2" testListId="8c84fa94-04c1-424b-9868-57a2d4851a1d" />
    <TestEntry testId="9076dd47-28a7-196a-e653-7fb55dfa55a8" executionId="8a700226-1eaf-438c-b507-efbfed0b2fc7" testListId="8c84fa94-04c1-424b-9868-57a2d4851a1d" />
    <TestEntry testId="919c9ab6-d8de-ff18-95fc-25bc030735bd" executionId="e9bb50ff-2f8f-4d5d-ab13-c93c319df9fc" testListId="8c84fa94-04c1-424b-9868-57a2d4851a1d" />
    <TestEntry testId="9608206a-383a-828f-299c-2c493d95d886" executionId="dcedd880-27c4-4126-ad38-c2fff239131e" testListId="8c84fa94-04c1-424b-9868-57a2d4851a1d" />
    <TestEntry testId="9ce2ff54-3bea-2c09-7986-c83994c1d685" executionId="7c70778f-1b15-4ac5-96a8-af4ce9ab4474" testListId="8c84fa94-04c1-424b-9868-57a2d4851a1d" />
    <TestEntry testId="a2256363-4989-1fab-e208-96edc389fe3c" executionId="a57c2dc2-6e02-4415-a9c1-b40326c5a411" testListId="8c84fa94-04c1-424b-9868-57a2d4851a1d" />
    <TestEntry testId="a5e54779-0e2e-17fd-60ad-0caf532866a2" executionId="d5d2c068-fad1-46a1-8a55-90dc1e10efa6" testListId="8c84fa94-04c1-424b-9868-57a2d4851a1d" />
    <TestEntry testId="adbe83df-9ac4-b2e0-552a-ccb552c2f386" executionId="a89c42f8-2c27-424d-b7d2-e748e161fd14" testListId="8c84fa94-04c1-424b-9868-57a2d4851a1d" />
    <TestEntry testId="bc6bd775-f005-e7a2-7238-5a88173c9263" executionId="24cde28f-d772-46b9-951a-f65723c54435" testListId="8c84fa94-04c1-424b-9868-57a2d4851a1d" />
    <TestEntry testId="c2e9f01d-6387-7f00-c2a6-71385a796942" executionId="412e8429-fa5d-469d-8427-a2b36c28fb57" testListId="8c84fa94-04c1-424b-9868-57a2d4851a1d" />
    <TestEntry testId="c3da4334-35ea-a9c1-5cbf-c1daa7323978" executionId="abfa4bec-1649-498d-9782-26544a8234e4" testListId="8c84fa94-04c1-424b-9868-57a2d4851a1d" />
    <TestEntry testId="c5220795-75d7-ce76-adb5-6a1d661e1fb0" executionId="441a5da1-5eba-4cc3-a0b9-04367a1a7964" testListId="8c84fa94-04c1-424b-9868-57a2d4851a1d" />
    <TestEntry testId="c8cf96fa-83e0-e026-64af-f003abc95103" executionId="a9ea5a44-4a47-47ed-8f17-0704fe5796de" testListId="8c84fa94-04c1-424b-9868-57a2d4851a1d" />
    <TestEntry testId="c8ff8ef9-a95a-0779-90f7-6e8188ebefd1" executionId="48ad7dc0-5eee-4232-9202-f2f502a29b45" testListId="8c84fa94-04c1-424b-9868-57a2d4851a1d" />
    <TestEntry testId="c9750689-b2a7-1965-bbd3-0c2f5eda3fb2" executionId="73235ed7-9b23-4ff1-ac2a-1b3c73b7f8ab" testListId="8c84fa94-04c1-424b-9868-57a2d4851a1d" />
    <TestEntry testId="ca3ec696-2df9-55bd-c53c-f732b5c80a68" executionId="83800ce5-940d-477e-ae17-549a9b74615c" testListId="8c84fa94-04c1-424b-9868-57a2d4851a1d" />
    <TestEntry testId="cdd1ec05-a33a-edaf-1560-6637f27329d2" executionId="9d2ce143-b3ec-4c04-bfcc-782af4426459" testListId="8c84fa94-04c1-424b-9868-57a2d4851a1d" />
    <TestEntry testId="d14d6d4a-1363-e36e-8cf9-c1c992b9e243" executionId="7df20798-b352-4ef9-937e-45dcf18bf51d" testListId="8c84fa94-04c1-424b-9868-57a2d4851a1d" />
    <TestEntry testId="d409929f-129a-9686-590d-6472fdfa28e4" executionId="8c476d9d-e877-44b3-986f-5d6751e94b84" testListId="8c84fa94-04c1-424b-9868-57a2d4851a1d" />
    <TestEntry testId="d6948249-9c33-5900-b906-67a9c3f3e0f6" executionId="54cd8143-2eb1-45d1-a9e1-da5ce070f541" testListId="8c84fa94-04c1-424b-9868-57a2d4851a1d" />
    <TestEntry testId="dad118fb-1088-58a3-350a-fc5e47173fa9" executionId="b741dd0a-4c9e-4286-a96e-c10f3e25f472" testListId="8c84fa94-04c1-424b-9868-57a2d4851a1d" />
    <TestEntry testId="deaa2a12-6f68-927c-4a6c-45fa96e0ac38" executionId="8818b270-dfc7-4e00-b834-49a443061075" testListId="8c84fa94-04c1-424b-9868-57a2d4851a1d" />
    <TestEntry testId="e1cf2de5-588c-ea74-49a2-6fd3423b3d3b" executionId="e5f1a0d8-b6ac-4250-9593-4903b8862d26" testListId="8c84fa94-04c1-424b-9868-57a2d4851a1d" />
    <TestEntry testId="e392eca5-e91b-ff0f-619e-8a24d0ecbe68" executionId="4862adc9-da60-45fa-b617-4b343c6b8d1e" testListId="8c84fa94-04c1-424b-9868-57a2d4851a1d" />
    <TestEntry testId="ecf5b477-cdd8-3508-c195-40a64bc26f00" executionId="733b2cc0-3538-4ad7-aab1-f13a2a7069df" testListId="8c84fa94-04c1-424b-9868-57a2d4851a1d" />
    <TestEntry testId="ef9db0bb-63c6-f8c2-c180-d50d1ce2ca5b" executionId="2ead529d-8e3f-4652-b84d-2fb9eea0c2ee" testListId="8c84fa94-04c1-424b-9868-57a2d4851a1d" />
    <TestEntry testId="f3b46671-4362-7dc3-90a0-0fcbe80e34d8" executionId="42e548c4-4c7d-4611-9a09-99a6c6593ec0" testListId="8c84fa94-04c1-424b-9868-57a2d4851a1d" />
    <TestEntry testId="f473cffe-6acb-bc8c-3c44-48f67f9567de" executionId="3e99ed63-d516-4233-8893-cf38bd2a6a54" testListId="8c84fa94-04c1-424b-9868-57a2d4851a1d" />
    <TestEntry testId="f5049a26-85f5-2d61-7d0d-3fe36d498d57" executionId="7c422998-d2a9-41d1-894d-c7e7c10efcdf" testListId="8c84fa94-04c1-424b-9868-57a2d4851a1d" />
    <TestEntry testId="f68ad391-23ca-2766-d2b2-8731589ef39b" executionId="8a2f83e2-7a1a-4944-9e48-a0db1d35157f" testListId="8c84fa94-04c1-424b-9868-57a2d4851a1d" />
    <TestEntry testId="f7d7cfdb-4468-5c56-7540-afe0d55e093a" executionId="1d4238c6-3eb7-4356-a0a8-6a9c4358b6e7" testListId="8c84fa94-04c1-424b-9868-57a2d4851a1d" />
    <TestEntry testId="ffcba511-cdf9-ce52-fd62-900fe7820ecc" executionId="a96648d0-f0e9-4c85-b4ca-df98966c7177" testListId="8c84fa94-04c1-424b-9868-57a2d4851a1d" />
  </TestEntries>
  <Results>
    <UnitTestResult executionId="f8bd7540-33a1-4acd-92bb-979e9e900c9b" testId="0947b967-fff8-9b8d-6688-507250130b49" testName="Memory_HasRowVersion" computerName="MICHAEL-PC" duration="00:00:00.0277057" startTime="2012-06-20T10:20:36.5150000+08:00" endTime="2012-06-20T10:20:36.8010000+08:00" testType="13cdc9d9-ddb5-4fa4-a97d-d965ccfc6d4b" outcome="Passed" testListId="8c84fa94-04c1-424b-9868-57a2d4851a1d" relativeResultsDirectory="f8bd7540-33a1-4acd-92bb-979e9e900c9b">
    </UnitTestResult>
    <UnitTestResult executionId="41f09bce-6fd8-4a94-829f-36b85c9ba082" testId="0ea817b0-89e9-afde-2a90-f0a2148b5b86" testName="Ef_CanSaveHeaderDetail_ThenHeaderOnly" computerName="MICHAEL-PC" duration="00:00:01.3235470" startTime="2012-06-20T10:20:36.8110000+08:00" endTime="2012-06-20T10:20:38.1410000+08:00" testType="13cdc9d9-ddb5-4fa4-a97d-d965ccfc6d4b" outcome="Passed" testListId="8c84fa94-04c1-424b-9868-57a2d4851a1d" relativeResultsDirectory="41f09bce-6fd8-4a94-829f-36b85c9ba082">
    </UnitTestResult>
    <UnitTestResult executionId="de4e36b3-1b1c-43e2-801e-ec97a35afae3" testId="13f7d7c6-d8db-1750-7cfe-dc506ff46655" testName="Nh_Can_Orm_SaveGraph_Can_Create" computerName="MICHAEL-PC" duration="00:00:02.8569155" startTime="2012-06-20T10:20:38.1470000+08:00" endTime="2012-06-20T10:20:41.0090000+08:00" testType="13cdc9d9-ddb5-4fa4-a97d-d965ccfc6d4b" outcome="Passed" testListId="8c84fa94-04c1-424b-9868-57a2d4851a1d" relativeResultsDirectory="de4e36b3-1b1c-43e2-801e-ec97a35afae3">
    </UnitTestResult>
    <UnitTestResult executionId="8f2ddf3e-88d1-4f1e-91b6-97ba376afd47" testId="146839f6-01ac-4b11-4240-124737807090" testName="Test_Ef_Get_PK" computerName="MICHAEL-PC" duration="00:00:00.0032948" startTime="2012-06-20T10:20:41.0150000+08:00" endTime="2012-06-20T10:20:41.0240000+08:00" testType="13cdc9d9-ddb5-4fa4-a97d-d965ccfc6d4b" outcome="Passed" testListId="8c84fa94-04c1-424b-9868-57a2d4851a1d" relativeResultsDirectory="8f2ddf3e-88d1-4f1e-91b6-97ba376afd47">
    </UnitTestResult>
    <UnitTestResult executionId="3f642fd1-a880-4266-858b-8b1486d376a6" testId="170c0ff1-28bc-09a2-839b-5ab24853aea8" testName="Nh_Can_Orm_do_cascaded_deletions" computerName="MICHAEL-PC" duration="00:00:00.0559068" startTime="2012-06-20T10:20:41.0290000+08:00" endTime="2012-06-20T10:20:41.0900000+08:00" testType="13cdc9d9-ddb5-4fa4-a97d-d965ccfc6d4b" outcome="Passed" testListId="8c84fa94-04c1-424b-9868-57a2d4851a1d" relativeResultsDirectory="3f642fd1-a880-4266-858b-8b1486d376a6">
    </UnitTestResult>
    <UnitTestResult executionId="a8e12284-cda4-42a7-aa1d-3f6605334305" testId="24f780e7-822d-62ed-f13e-e2daddc611e1" testName="Fetching_strategies_of_NHibernate_helper_has_no_problem_on_mocked_IQueryable" computerName="MICHAEL-PC" duration="00:00:00.0087049" startTime="2012-06-20T10:20:41.0940000+08:00" endTime="2012-06-20T10:20:41.1110000+08:00" testType="13cdc9d9-ddb5-4fa4-a97d-d965ccfc6d4b" outcome="Passed" testListId="8c84fa94-04c1-424b-9868-57a2d4851a1d" relativeResultsDirectory="a8e12284-cda4-42a7-aa1d-3f6605334305">
    </UnitTestResult>
    <UnitTestResult executionId="7c09281a-5a66-4af7-9a7c-07ab1f08f161" testId="2c5bd9dd-112e-27f2-907e-74a104a18d8d" testName="Nh_Can_Orm_SaveGraph_Can_Update" computerName="MICHAEL-PC" duration="00:00:00.0588193" startTime="2012-06-20T10:20:41.1150000+08:00" endTime="2012-06-20T10:20:41.1810000+08:00" testType="13cdc9d9-ddb5-4fa4-a97d-d965ccfc6d4b" outcome="Passed" testListId="8c84fa94-04c1-424b-9868-57a2d4851a1d" relativeResultsDirectory="7c09281a-5a66-4af7-9a7c-07ab1f08f161">
    </UnitTestResult>
    <UnitTestResult executionId="637f6493-5905-49cd-a3da-a4d78b630f88" testId="314cd11d-882d-0d0a-f196-b0f474ca8700" testName="Memory_CanDetectUpdateConflictingDelete" computerName="MICHAEL-PC" duration="00:00:00.0076125" startTime="2012-06-20T10:20:41.1870000+08:00" endTime="2012-06-20T10:20:41.2000000+08:00" testType="13cdc9d9-ddb5-4fa4-a97d-d965ccfc6d4b" outcome="Passed" testListId="8c84fa94-04c1-424b-9868-57a2d4851a1d" relativeResultsDirectory="637f6493-5905-49cd-a3da-a4d78b630f88">
    </UnitTestResult>
    <UnitTestResult executionId="d4eae421-c2ef-40aa-a5e1-e43ee873a0ad" testId="35cdc240-50c9-1325-cb02-2e20cf8d0e6b" testName="Nh_Can_Detect_Transaction_From_Session_Transaction_Begin" computerName="MICHAEL-PC" duration="00:00:00.0019532" startTime="2012-06-20T10:20:41.2050000+08:00" endTime="2012-06-20T10:20:41.2130000+08:00" testType="13cdc9d9-ddb5-4fa4-a97d-d965ccfc6d4b" outcome="Passed" testListId="8c84fa94-04c1-424b-9868-57a2d4851a1d" relativeResultsDirectory="d4eae421-c2ef-40aa-a5e1-e43ee873a0ad">
    </UnitTestResult>
    <UnitTestResult executionId="5009ff74-64f6-473b-a08c-c3ffba2e31ae" testId="37a5a28c-6461-b43a-d1ae-238dc610f881" testName="Ef_Can_Fetch_Eager_Load" computerName="MICHAEL-PC" duration="00:00:00.1948850" startTime="2012-06-20T10:20:41.2200000+08:00" endTime="2012-06-20T10:20:41.4220000+08:00" testType="13cdc9d9-ddb5-4fa4-a97d-d965ccfc6d4b" outcome="Passed" testListId="8c84fa94-04c1-424b-9868-57a2d4851a1d" relativeResultsDirectory="5009ff74-64f6-473b-a08c-c3ffba2e31ae">
    </UnitTestResult>
    <UnitTestResult executionId="eb2e2b0f-db75-4cf5-9e0f-4148ef6d22ef" testId="385b97ed-767a-46eb-ce77-8402dbdb924a" testName="Memory_CanDetectUpdateConflictingUpdate" computerName="MICHAEL-PC" duration="00:00:00.0011441" startTime="2012-06-20T10:20:41.4280000+08:00" endTime="2012-06-20T10:20:41.4330000+08:00" testType="13cdc9d9-ddb5-4fa4-a97d-d965ccfc6d4b" outcome="Passed" testListId="8c84fa94-04c1-424b-9868-57a2d4851a1d" relativeResultsDirectory="eb2e2b0f-db75-4cf5-9e0f-4148ef6d22ef">
    </UnitTestResult>
    <UnitTestResult executionId="486fe7ff-f542-460b-98a7-f5708def0ffb" testId="467d17f0-5ec4-24a5-9089-e15ef18964f7" testName="Nh_CanDetectDeleteConflictingUpdate" computerName="MICHAEL-PC" duration="00:00:00.0240141" startTime="2012-06-20T10:20:41.4370000+08:00" endTime="2012-06-20T10:20:41.4660000+08:00" testType="13cdc9d9-ddb5-4fa4-a97d-d965ccfc6d4b" outcome="Passed" testListId="8c84fa94-04c1-424b-9868-57a2d4851a1d" relativeResultsDirectory="486fe7ff-f542-460b-98a7-f5708def0ffb">
    </UnitTestResult>
    <UnitTestResult executionId="7f70dd06-5a93-4ac0-915e-33c31f1399bb" testId="498581d4-9097-59b7-1a75-c07c04a53675" testName="Nh_Can_rollback_transaction" computerName="MICHAEL-PC" duration="00:00:00.0442680" startTime="2012-06-20T10:20:41.4700000+08:00" endTime="2012-06-20T10:20:41.5190000+08:00" testType="13cdc9d9-ddb5-4fa4-a97d-d965ccfc6d4b" outcome="Passed" testListId="8c84fa94-04c1-424b-9868-57a2d4851a1d" relativeResultsDirectory="7f70dd06-5a93-4ac0-915e-33c31f1399bb">
    </UnitTestResult>
    <UnitTestResult executionId="7913f157-bda7-4e2d-a62d-0668e19e3a69" testId="4bb22a57-9102-06ea-257b-caae673d46d7" testName="Ef_CanDetectDeleteConflictingDelete" computerName="MICHAEL-PC" duration="00:00:00.0171906" startTime="2012-06-20T10:20:41.5230000+08:00" endTime="2012-06-20T10:20:41.5450000+08:00" testType="13cdc9d9-ddb5-4fa4-a97d-d965ccfc6d4b" outcome="Passed" testListId="8c84fa94-04c1-424b-9868-57a2d4851a1d" relativeResultsDirectory="7913f157-bda7-4e2d-a62d-0668e19e3a69">
    </UnitTestResult>
    <UnitTestResult executionId="234b3ed2-1937-45c2-aaea-d874725b3757" testId="4eb22f5f-6a6e-dede-7dcd-8a02b2b7eecd" testName="Memory_CanDelete" computerName="MICHAEL-PC" duration="00:00:00.0040798" startTime="2012-06-20T10:20:41.5480000+08:00" endTime="2012-06-20T10:20:41.5570000+08:00" testType="13cdc9d9-ddb5-4fa4-a97d-d965ccfc6d4b" outcome="Passed" testListId="8c84fa94-04c1-424b-9868-57a2d4851a1d" relativeResultsDirectory="234b3ed2-1937-45c2-aaea-d874725b3757">
    </UnitTestResult>
    <UnitTestResult executionId="f8c29b23-c8a2-4144-be97-b11127b27f2a" testId="55b9acb6-c8fa-83e2-62ec-c3bb6a6ae6ad" testName="Nh_Can_Detect_Transaction_From_Session_Begin_Transaction" computerName="MICHAEL-PC" duration="00:00:00.0021484" startTime="2012-06-20T10:20:41.5600000+08:00" endTime="2012-06-20T10:20:41.5670000+08:00" testType="13cdc9d9-ddb5-4fa4-a97d-d965ccfc6d4b" outcome="Passed" testListId="8c84fa94-04c1-424b-9868-57a2d4851a1d" relativeResultsDirectory="f8c29b23-c8a2-4144-be97-b11127b27f2a">
    </UnitTestResult>
    <UnitTestResult executionId="afa67745-77f7-4465-876b-ffbbf32ec505" testId="5b9ac5c8-7814-fd36-cd57-f0de0de0fae7" testName="Saving_is_ok" computerName="MICHAEL-PC" duration="00:00:00.0020194" startTime="2012-06-20T10:20:41.5710000+08:00" endTime="2012-06-20T10:20:41.5770000+08:00" testType="13cdc9d9-ddb5-4fa4-a97d-d965ccfc6d4b" outcome="Passed" testListId="8c84fa94-04c1-424b-9868-57a2d4851a1d" relativeResultsDirectory="afa67745-77f7-4465-876b-ffbbf32ec505">
    </UnitTestResult>
    <UnitTestResult executionId="2655b019-f0d3-470f-abd7-63a48c541474" testId="5d13769c-6ed9-df33-8e6d-b0cc79c073f2" testName="Nh_CanDetectUpdateConflictingDelete" computerName="MICHAEL-PC" duration="00:00:00.0056103" startTime="2012-06-20T10:20:41.5810000+08:00" endTime="2012-06-20T10:20:41.5920000+08:00" testType="13cdc9d9-ddb5-4fa4-a97d-d965ccfc6d4b" outcome="Passed" testListId="8c84fa94-04c1-424b-9868-57a2d4851a1d" relativeResultsDirectory="2655b019-f0d3-470f-abd7-63a48c541474">
    </UnitTestResult>
    <UnitTestResult executionId="c2709a2c-a1d1-44f5-ade4-cbe7edb701fe" testId="63d9977f-78b2-ba78-f19b-1e84d68eabe8" testName="Nh_CanUpdate" computerName="MICHAEL-PC" duration="00:00:00.0161254" startTime="2012-06-20T10:20:41.5960000+08:00" endTime="2012-06-20T10:20:41.6160000+08:00" testType="13cdc9d9-ddb5-4fa4-a97d-d965ccfc6d4b" outcome="Passed" testListId="8c84fa94-04c1-424b-9868-57a2d4851a1d" relativeResultsDirectory="c2709a2c-a1d1-44f5-ade4-cbe7edb701fe">
    </UnitTestResult>
    <UnitTestResult executionId="b5595661-9187-46f9-95c3-a108eafd7372" testId="6a52032d-db59-8802-47db-20699e8ef053" testName="Ef_CanSave" computerName="MICHAEL-PC" duration="00:00:00.0150875" startTime="2012-06-20T10:20:41.6200000+08:00" endTime="2012-06-20T10:20:41.6400000+08:00" testType="13cdc9d9-ddb5-4fa4-a97d-d965ccfc6d4b" outcome="Passed" testListId="8c84fa94-04c1-424b-9868-57a2d4851a1d" relativeResultsDirectory="b5595661-9187-46f9-95c3-a108eafd7372">
    </UnitTestResult>
    <UnitTestResult executionId="9ade8c33-6a32-4670-a03d-3dc2ff5131bb" testId="6b805790-9c4f-2071-6e55-fbbb337c0021" testName="Memory_CanSaveTransaction" computerName="MICHAEL-PC" duration="00:00:00.0035023" startTime="2012-06-20T10:20:41.6440000+08:00" endTime="2012-06-20T10:20:41.6520000+08:00" testType="13cdc9d9-ddb5-4fa4-a97d-d965ccfc6d4b" outcome="Passed" testListId="8c84fa94-04c1-424b-9868-57a2d4851a1d" relativeResultsDirectory="9ade8c33-6a32-4670-a03d-3dc2ff5131bb">
    </UnitTestResult>
    <UnitTestResult executionId="28dd9bb2-fa94-4645-957d-9139958b6ba9" testId="7b0e110e-2e6a-879c-359f-7b225fdba37f" testName="Nh_CanDetectUpdateConflictingUpdate" computerName="MICHAEL-PC" duration="00:00:00.0052621" startTime="2012-06-20T10:20:41.6550000+08:00" endTime="2012-06-20T10:20:41.6660000+08:00" testType="13cdc9d9-ddb5-4fa4-a97d-d965ccfc6d4b" outcome="Passed" testListId="8c84fa94-04c1-424b-9868-57a2d4851a1d" relativeResultsDirectory="28dd9bb2-fa94-4645-957d-9139958b6ba9">
    </UnitTestResult>
    <UnitTestResult executionId="40c356f9-c854-46a7-b22e-c1a8a09fc102" testId="80519bd9-73a3-a605-5d67-813603142393" testName="Nh_CanSaveHeaderDetail_ThenHeaderOnly" computerName="MICHAEL-PC" duration="00:00:00.0153105" startTime="2012-06-20T10:20:41.6700000+08:00" endTime="2012-06-20T10:20:41.6890000+08:00" testType="13cdc9d9-ddb5-4fa4-a97d-d965ccfc6d4b" outcome="Passed" testListId="8c84fa94-04c1-424b-9868-57a2d4851a1d" relativeResultsDirectory="40c356f9-c854-46a7-b22e-c1a8a09fc102">
    </UnitTestResult>
    <UnitTestResult executionId="dc27d30e-c120-4597-b6c0-d8d604d6d79d" testId="83330a72-51da-0d0d-d2b2-826b2f6cfd00" testName="Nh_SessionTransaction_can_detect_its_own_transaction_commitness_only" computerName="MICHAEL-PC" duration="00:00:00.0017030" startTime="2012-06-20T10:20:41.7090000+08:00" endTime="2012-06-20T10:20:41.7240000+08:00" testType="13cdc9d9-ddb5-4fa4-a97d-d965ccfc6d4b" outcome="Passed" testListId="8c84fa94-04c1-424b-9868-57a2d4851a1d" relativeResultsDirectory="dc27d30e-c120-4597-b6c0-d8d604d6d79d">
    </UnitTestResult>
    <UnitTestResult executionId="ea4919b5-6259-45b9-a970-74fb11104b60" testId="8557e6ab-47d2-b8b1-2926-0bb94a2d505d" testName="Nh_CanDetectDeleteConflictingDelete" computerName="MICHAEL-PC" duration="00:00:00.0072688" startTime="2012-06-20T10:20:41.7280000+08:00" endTime="2012-06-20T10:20:41.7380000+08:00" testType="13cdc9d9-ddb5-4fa4-a97d-d965ccfc6d4b" outcome="Passed" testListId="8c84fa94-04c1-424b-9868-57a2d4851a1d" relativeResultsDirectory="ea4919b5-6259-45b9-a970-74fb11104b60">
    </UnitTestResult>
    <UnitTestResult executionId="c9d7d288-bf2c-4ab0-9c33-2d7170b4656f" testId="86150143-fb0b-c807-6c85-448e509331e0" testName="Ef_HasRowVersion" computerName="MICHAEL-PC" duration="00:00:00.0102281" startTime="2012-06-20T10:20:41.7420000+08:00" endTime="2012-06-20T10:20:41.7780000+08:00" testType="13cdc9d9-ddb5-4fa4-a97d-d965ccfc6d4b" outcome="Passed" testListId="8c84fa94-04c1-424b-9868-57a2d4851a1d" relativeResultsDirectory="c9d7d288-bf2c-4ab0-9c33-2d7170b4656f">
    </UnitTestResult>
    <UnitTestResult executionId="0268ac01-1331-41e4-bfe2-63d12b7ab8a2" testId="8ae0b4b0-ccc4-fc93-736a-72af24764f70" testName="Nh_Can_queue_changes" computerName="MICHAEL-PC" duration="00:00:00.0140592" startTime="2012-06-20T10:20:41.7810000+08:00" endTime="2012-06-20T10:20:41.8010000+08:00" testType="13cdc9d9-ddb5-4fa4-a97d-d965ccfc6d4b" outcome="Passed" testListId="8c84fa94-04c1-424b-9868-57a2d4851a1d" relativeResultsDirectory="0268ac01-1331-41e4-bfe2-63d12b7ab8a2">
    </UnitTestResult>
    <UnitTestResult executionId="0d608de4-2c1a-4062-9b3d-049e77a786f7" testId="8bf5c997-85a0-f72e-564a-9d66e659263c" testName="Ef_CanDetectDeleteConflictingUpdate" computerName="MICHAEL-PC" duration="00:00:00.0099394" startTime="2012-06-20T10:20:41.8050000+08:00" endTime="2012-06-20T10:20:41.8210000+08:00" testType="13cdc9d9-ddb5-4fa4-a97d-d965ccfc6d4b" outcome="Passed" testListId="8c84fa94-04c1-424b-9868-57a2d4851a1d" relativeResultsDirectory="0d608de4-2c1a-4062-9b3d-049e77a786f7">
    </UnitTestResult>
    <UnitTestResult executionId="dc7124c5-af86-4209-a9e4-301fc26100a2" testId="8c5d9d25-e5b8-63c8-9c42-cebb67787fde" testName="Memory_CanSave" computerName="MICHAEL-PC" duration="00:00:00.0014288" startTime="2012-06-20T10:20:41.8250000+08:00" endTime="2012-06-20T10:20:41.8310000+08:00" testType="13cdc9d9-ddb5-4fa4-a97d-d965ccfc6d4b" outcome="Passed" testListId="8c84fa94-04c1-424b-9868-57a2d4851a1d" relativeResultsDirectory="dc7124c5-af86-4209-a9e4-301fc26100a2">
    </UnitTestResult>
    <UnitTestResult executionId="8a700226-1eaf-438c-b507-efbfed0b2fc7" testId="9076dd47-28a7-196a-e653-7fb55dfa55a8" testName="Ef_Can_Save_Then_Update" computerName="MICHAEL-PC" duration="00:00:00.0408637" startTime="2012-06-20T10:20:41.8340000+08:00" endTime="2012-06-20T10:20:41.8790000+08:00" testType="13cdc9d9-ddb5-4fa4-a97d-d965ccfc6d4b" outcome="Passed" testListId="8c84fa94-04c1-424b-9868-57a2d4851a1d" relativeResultsDirectory="8a700226-1eaf-438c-b507-efbfed0b2fc7">
    </UnitTestResult>
    <UnitTestResult executionId="e9bb50ff-2f8f-4d5d-ab13-c93c319df9fc" testId="919c9ab6-d8de-ff18-95fc-25bc030735bd" testName="Nh_HasRowVersion" computerName="MICHAEL-PC" duration="00:00:00.0064884" startTime="2012-06-20T10:20:41.8850000+08:00" endTime="2012-06-20T10:20:41.8960000+08:00" testType="13cdc9d9-ddb5-4fa4-a97d-d965ccfc6d4b" outcome="Passed" testListId="8c84fa94-04c1-424b-9868-57a2d4851a1d" relativeResultsDirectory="e9bb50ff-2f8f-4d5d-ab13-c93c319df9fc">
    </UnitTestResult>
    <UnitTestResult executionId="dcedd880-27c4-4126-ad38-c2fff239131e" testId="9608206a-383a-828f-299c-2c493d95d886" testName="Memory_CanDetectDeleteConflictingUpdate" computerName="MICHAEL-PC" duration="00:00:00.0007001" startTime="2012-06-20T10:20:41.9000000+08:00" endTime="2012-06-20T10:20:41.9050000+08:00" testType="13cdc9d9-ddb5-4fa4-a97d-d965ccfc6d4b" outcome="Passed" testListId="8c84fa94-04c1-424b-9868-57a2d4851a1d" relativeResultsDirectory="dcedd880-27c4-4126-ad38-c2fff239131e">
    </UnitTestResult>
    <UnitTestResult executionId="7c70778f-1b15-4ac5-96a8-af4ce9ab4474" testId="9ce2ff54-3bea-2c09-7986-c83994c1d685" testName="Ef_CanUpdate" computerName="MICHAEL-PC" duration="00:00:00.0245012" startTime="2012-06-20T10:20:41.9080000+08:00" endTime="2012-06-20T10:20:41.9390000+08:00" testType="13cdc9d9-ddb5-4fa4-a97d-d965ccfc6d4b" outcome="Passed" testListId="8c84fa94-04c1-424b-9868-57a2d4851a1d" relativeResultsDirectory="7c70778f-1b15-4ac5-96a8-af4ce9ab4474">
    </UnitTestResult>
    <UnitTestResult executionId="a57c2dc2-6e02-4415-a9c1-b40326c5a411" testId="a2256363-4989-1fab-e208-96edc389fe3c" testName="Ef_Can_Orm_do_cascaded_deletions" computerName="MICHAEL-PC" duration="00:00:00.1694557" startTime="2012-06-20T10:20:41.9430000+08:00" endTime="2012-06-20T10:20:42.1170000+08:00" testType="13cdc9d9-ddb5-4fa4-a97d-d965ccfc6d4b" outcome="Passed" testListId="8c84fa94-04c1-424b-9868-57a2d4851a1d" relativeResultsDirectory="a57c2dc2-6e02-4415-a9c1-b40326c5a411">
    </UnitTestResult>
    <UnitTestResult executionId="d5d2c068-fad1-46a1-8a55-90dc1e10efa6" testId="a5e54779-0e2e-17fd-60ad-0caf532866a2" testName="Test_Ef_Get_PK_via_dynamic" computerName="MICHAEL-PC" duration="00:00:00.0257116" startTime="2012-06-20T10:20:42.1270000+08:00" endTime="2012-06-20T10:20:42.1570000+08:00" testType="13cdc9d9-ddb5-4fa4-a97d-d965ccfc6d4b" outcome="Passed" testListId="8c84fa94-04c1-424b-9868-57a2d4851a1d" relativeResultsDirectory="d5d2c068-fad1-46a1-8a55-90dc1e10efa6">
    </UnitTestResult>
    <UnitTestResult executionId="a89c42f8-2c27-424d-b7d2-e748e161fd14" testId="adbe83df-9ac4-b2e0-552a-ccb552c2f386" testName="Ef_Can_Orm_SaveGraph_Can_Update" computerName="MICHAEL-PC" duration="00:00:00.0439125" startTime="2012-06-20T10:20:42.1610000+08:00" endTime="2012-06-20T10:20:42.2090000+08:00" testType="13cdc9d9-ddb5-4fa4-a97d-d965ccfc6d4b" outcome="Passed" testListId="8c84fa94-04c1-424b-9868-57a2d4851a1d" relativeResultsDirectory="a89c42f8-2c27-424d-b7d2-e748e161fd14">
    </UnitTestResult>
    <UnitTestResult executionId="24cde28f-d772-46b9-951a-f65723c54435" testId="bc6bd775-f005-e7a2-7238-5a88173c9263" testName="Ef_Can_Orm_SaveGraph_Can_Create" computerName="MICHAEL-PC" duration="00:00:00.0300430" startTime="2012-06-20T10:20:42.2150000+08:00" endTime="2012-06-20T10:20:42.2500000+08:00" testType="13cdc9d9-ddb5-4fa4-a97d-d965ccfc6d4b" outcome="Passed" testListId="8c84fa94-04c1-424b-9868-57a2d4851a1d" relativeResultsDirectory="24cde28f-d772-46b9-951a-f65723c54435">
    </UnitTestResult>
    <UnitTestResult executionId="412e8429-fa5d-469d-8427-a2b36c28fb57" testId="c2e9f01d-6387-7f00-c2a6-71385a796942" testName="Memory_CanSaveHeaderDetail" computerName="MICHAEL-PC" duration="00:00:00.0025502" startTime="2012-06-20T10:20:42.2550000+08:00" endTime="2012-06-20T10:20:42.2610000+08:00" testType="13cdc9d9-ddb5-4fa4-a97d-d965ccfc6d4b" outcome="Passed" testListId="8c84fa94-04c1-424b-9868-57a2d4851a1d" relativeResultsDirectory="412e8429-fa5d-469d-8427-a2b36c28fb57">
    </UnitTestResult>
    <UnitTestResult executionId="abfa4bec-1649-498d-9782-26544a8234e4" testId="c3da4334-35ea-a9c1-5cbf-c1daa7323978" testName="Ef_CanDelete" computerName="MICHAEL-PC" duration="00:00:00.0203224" startTime="2012-06-20T10:20:42.2650000+08:00" endTime="2012-06-20T10:20:42.2900000+08:00" testType="13cdc9d9-ddb5-4fa4-a97d-d965ccfc6d4b" outcome="Passed" testListId="8c84fa94-04c1-424b-9868-57a2d4851a1d" relativeResultsDirectory="abfa4bec-1649-498d-9782-26544a8234e4">
    </UnitTestResult>
    <UnitTestResult executionId="441a5da1-5eba-4cc3-a0b9-04367a1a7964" testId="c5220795-75d7-ce76-adb5-6a1d661e1fb0" testName="Memory_CanHaveIncrementingKey" computerName="MICHAEL-PC" duration="00:00:00.0011109" startTime="2012-06-20T10:20:42.2940000+08:00" endTime="2012-06-20T10:20:42.2990000+08:00" testType="13cdc9d9-ddb5-4fa4-a97d-d965ccfc6d4b" outcome="Passed" testListId="8c84fa94-04c1-424b-9868-57a2d4851a1d" relativeResultsDirectory="441a5da1-5eba-4cc3-a0b9-04367a1a7964">
    </UnitTestResult>
    <UnitTestResult executionId="a9ea5a44-4a47-47ed-8f17-0704fe5796de" testId="c8cf96fa-83e0-e026-64af-f003abc95103" testName="Fetching_strategies_of_EntityFramework_helper_has_no_problem_on_mocked_IQueryable" computerName="MICHAEL-PC" duration="00:00:00.0019241" startTime="2012-06-20T10:20:42.3030000+08:00" endTime="2012-06-20T10:20:42.3090000+08:00" testType="13cdc9d9-ddb5-4fa4-a97d-d965ccfc6d4b" outcome="Passed" testListId="8c84fa94-04c1-424b-9868-57a2d4851a1d" relativeResultsDirectory="a9ea5a44-4a47-47ed-8f17-0704fe5796de">
    </UnitTestResult>
    <UnitTestResult executionId="48ad7dc0-5eee-4232-9202-f2f502a29b45" testId="c8ff8ef9-a95a-0779-90f7-6e8188ebefd1" testName="Nh_CanHaveIncrementingKey" computerName="MICHAEL-PC" duration="00:00:00.0057088" startTime="2012-06-20T10:20:42.3120000+08:00" endTime="2012-06-20T10:20:42.3220000+08:00" testType="13cdc9d9-ddb5-4fa4-a97d-d965ccfc6d4b" outcome="Passed" testListId="8c84fa94-04c1-424b-9868-57a2d4851a1d" relativeResultsDirectory="48ad7dc0-5eee-4232-9202-f2f502a29b45">
    </UnitTestResult>
    <UnitTestResult executionId="73235ed7-9b23-4ff1-ac2a-1b3c73b7f8ab" testId="c9750689-b2a7-1965-bbd3-0c2f5eda3fb2" testName="Nh_CanSave" computerName="MICHAEL-PC" duration="00:00:00.0122513" startTime="2012-06-20T10:20:42.3260000+08:00" endTime="2012-06-20T10:20:42.3430000+08:00" testType="13cdc9d9-ddb5-4fa4-a97d-d965ccfc6d4b" outcome="Passed" testListId="8c84fa94-04c1-424b-9868-57a2d4851a1d" relativeResultsDirectory="73235ed7-9b23-4ff1-ac2a-1b3c73b7f8ab">
    </UnitTestResult>
    <UnitTestResult executionId="83800ce5-940d-477e-ae17-549a9b74615c" testId="ca3ec696-2df9-55bd-c53c-f732b5c80a68" testName="Ef_CanDetectUpdateConflictingUpdate" computerName="MICHAEL-PC" duration="00:00:00.0206448" startTime="2012-06-20T10:20:42.3480000+08:00" endTime="2012-06-20T10:20:42.3730000+08:00" testType="13cdc9d9-ddb5-4fa4-a97d-d965ccfc6d4b" outcome="Passed" testListId="8c84fa94-04c1-424b-9868-57a2d4851a1d" relativeResultsDirectory="83800ce5-940d-477e-ae17-549a9b74615c">
    </UnitTestResult>
    <UnitTestResult executionId="9d2ce143-b3ec-4c04-bfcc-782af4426459" testId="cdd1ec05-a33a-edaf-1560-6637f27329d2" testName="Ef_CanDetectUpdateConflictingDelete" computerName="MICHAEL-PC" duration="00:00:00.0111607" startTime="2012-06-20T10:20:42.3790000+08:00" endTime="2012-06-20T10:20:42.3950000+08:00" testType="13cdc9d9-ddb5-4fa4-a97d-d965ccfc6d4b" outcome="Passed" testListId="8c84fa94-04c1-424b-9868-57a2d4851a1d" relativeResultsDirectory="9d2ce143-b3ec-4c04-bfcc-782af4426459">
    </UnitTestResult>
    <UnitTestResult executionId="7df20798-b352-4ef9-937e-45dcf18bf51d" testId="d14d6d4a-1363-e36e-8cf9-c1c992b9e243" testName="Nh_Can_save_transaction" computerName="MICHAEL-PC" duration="00:00:00.0042105" startTime="2012-06-20T10:20:42.3990000+08:00" endTime="2012-06-20T10:20:42.4070000+08:00" testType="13cdc9d9-ddb5-4fa4-a97d-d965ccfc6d4b" outcome="Passed" testListId="8c84fa94-04c1-424b-9868-57a2d4851a1d" relativeResultsDirectory="7df20798-b352-4ef9-937e-45dcf18bf51d">
    </UnitTestResult>
    <UnitTestResult executionId="8c476d9d-e877-44b3-986f-5d6751e94b84" testId="d409929f-129a-9686-590d-6472fdfa28e4" testName="Memory_CanDetectDeleteConflictingDelete" computerName="MICHAEL-PC" duration="00:00:00.0006192" startTime="2012-06-20T10:20:42.4120000+08:00" endTime="2012-06-20T10:20:42.4170000+08:00" testType="13cdc9d9-ddb5-4fa4-a97d-d965ccfc6d4b" outcome="Passed" testListId="8c84fa94-04c1-424b-9868-57a2d4851a1d" relativeResultsDirectory="8c476d9d-e877-44b3-986f-5d6751e94b84">
    </UnitTestResult>
    <UnitTestResult executionId="54cd8143-2eb1-45d1-a9e1-da5ce070f541" testId="d6948249-9c33-5900-b906-67a9c3f3e0f6" testName="Test_Ef_Get_Pk_via_pure_reflection" computerName="MICHAEL-PC" duration="00:00:00.0023640" startTime="2012-06-20T10:20:42.4200000+08:00" endTime="2012-06-20T10:20:42.4270000+08:00" testType="13cdc9d9-ddb5-4fa4-a97d-d965ccfc6d4b" outcome="Passed" testListId="8c84fa94-04c1-424b-9868-57a2d4851a1d" relativeResultsDirectory="54cd8143-2eb1-45d1-a9e1-da5ce070f541">
    </UnitTestResult>
    <UnitTestResult executionId="b741dd0a-4c9e-4286-a96e-c10f3e25f472" testId="dad118fb-1088-58a3-350a-fc5e47173fa9" testName="Nh_SessionTransaction_cannot_detect_transaction_commitness" computerName="MICHAEL-PC" duration="00:00:00.0020203" startTime="2012-06-20T10:20:42.4300000+08:00" endTime="2012-06-20T10:20:42.4370000+08:00" testType="13cdc9d9-ddb5-4fa4-a97d-d965ccfc6d4b" outcome="Passed" testListId="8c84fa94-04c1-424b-9868-57a2d4851a1d" relativeResultsDirectory="b741dd0a-4c9e-4286-a96e-c10f3e25f472">
    </UnitTestResult>
    <UnitTestResult executionId="8818b270-dfc7-4e00-b834-49a443061075" testId="deaa2a12-6f68-927c-4a6c-45fa96e0ac38" testName="Nh_Can_Fetch_Eager_Load" computerName="MICHAEL-PC" duration="00:00:00.0440891" startTime="2012-06-20T10:20:42.4410000+08:00" endTime="2012-06-20T10:20:42.4890000+08:00" testType="13cdc9d9-ddb5-4fa4-a97d-d965ccfc6d4b" outcome="Passed" testListId="8c84fa94-04c1-424b-9868-57a2d4851a1d" relativeResultsDirectory="8818b270-dfc7-4e00-b834-49a443061075">
    </UnitTestResult>
    <UnitTestResult executionId="e5f1a0d8-b6ac-4250-9593-4903b8862d26" testId="e1cf2de5-588c-ea74-49a2-6fd3423b3d3b" testName="Nh_Can_Save_Then_Update" computerName="MICHAEL-PC" duration="00:00:00.0131902" startTime="2012-06-20T10:20:42.4930000+08:00" endTime="2012-06-20T10:20:42.5120000+08:00" testType="13cdc9d9-ddb5-4fa4-a97d-d965ccfc6d4b" outcome="Passed" testListId="8c84fa94-04c1-424b-9868-57a2d4851a1d" relativeResultsDirectory="e5f1a0d8-b6ac-4250-9593-4903b8862d26">
    </UnitTestResult>
    <UnitTestResult executionId="4862adc9-da60-45fa-b617-4b343c6b8d1e" testId="e392eca5-e91b-ff0f-619e-8a24d0ecbe68" testName="Ef_CanHaveIncrementingKey" computerName="MICHAEL-PC" duration="00:00:00.0082182" startTime="2012-06-20T10:20:42.5190000+08:00" endTime="2012-06-20T10:20:42.5530000+08:00" testType="13cdc9d9-ddb5-4fa4-a97d-d965ccfc6d4b" outcome="Passed" testListId="8c84fa94-04c1-424b-9868-57a2d4851a1d" relativeResultsDirectory="4862adc9-da60-45fa-b617-4b343c6b8d1e">
    </UnitTestResult>
    <UnitTestResult executionId="733b2cc0-3538-4ad7-aab1-f13a2a7069df" testId="ecf5b477-cdd8-3508-c195-40a64bc26f00" testName="Ef_CanSaveHeaderDetail" computerName="MICHAEL-PC" duration="00:00:00.0197358" startTime="2012-06-20T10:20:42.5570000+08:00" endTime="2012-06-20T10:20:42.5820000+08:00" testType="13cdc9d9-ddb5-4fa4-a97d-d965ccfc6d4b" outcome="Passed" testListId="8c84fa94-04c1-424b-9868-57a2d4851a1d" relativeResultsDirectory="733b2cc0-3538-4ad7-aab1-f13a2a7069df">
    </UnitTestResult>
    <UnitTestResult executionId="2ead529d-8e3f-4652-b84d-2fb9eea0c2ee" testId="ef9db0bb-63c6-f8c2-c180-d50d1ce2ca5b" testName="Ef_Can_rollback_transaction" computerName="MICHAEL-PC" duration="00:00:00.0090931" startTime="2012-06-20T10:20:42.5860000+08:00" endTime="2012-06-20T10:20:42.6000000+08:00" testType="13cdc9d9-ddb5-4fa4-a97d-d965ccfc6d4b" outcome="Passed" testListId="8c84fa94-04c1-424b-9868-57a2d4851a1d" relativeResultsDirectory="2ead529d-8e3f-4652-b84d-2fb9eea0c2ee">
    </UnitTestResult>
    <UnitTestResult executionId="42e548c4-4c7d-4611-9a09-99a6c6593ec0" testId="f3b46671-4362-7dc3-90a0-0fcbe80e34d8" testName="Nh_CanDelete" computerName="MICHAEL-PC" duration="00:00:00.0073787" startTime="2012-06-20T10:20:42.6040000+08:00" endTime="2012-06-20T10:20:42.6190000+08:00" testType="13cdc9d9-ddb5-4fa4-a97d-d965ccfc6d4b" outcome="Passed" testListId="8c84fa94-04c1-424b-9868-57a2d4851a1d" relativeResultsDirectory="42e548c4-4c7d-4611-9a09-99a6c6593ec0">
    </UnitTestResult>
    <UnitTestResult executionId="3e99ed63-d516-4233-8893-cf38bd2a6a54" testId="f473cffe-6acb-bc8c-3c44-48f67f9567de" testName="Ef_Can_save_transaction" computerName="MICHAEL-PC" duration="00:00:00.0085219" startTime="2012-06-20T10:20:42.6230000+08:00" endTime="2012-06-20T10:20:42.6420000+08:00" testType="13cdc9d9-ddb5-4fa4-a97d-d965ccfc6d4b" outcome="Passed" testListId="8c84fa94-04c1-424b-9868-57a2d4851a1d" relativeResultsDirectory="3e99ed63-d516-4233-8893-cf38bd2a6a54">
    </UnitTestResult>
    <UnitTestResult executionId="7c422998-d2a9-41d1-894d-c7e7c10efcdf" testId="f5049a26-85f5-2d61-7d0d-3fe36d498d57" testName="Memory_CanUpdate" computerName="MICHAEL-PC" duration="00:00:00.0051499" startTime="2012-06-20T10:20:42.6500000+08:00" endTime="2012-06-20T10:20:42.6610000+08:00" testType="13cdc9d9-ddb5-4fa4-a97d-d965ccfc6d4b" outcome="Passed" testListId="8c84fa94-04c1-424b-9868-57a2d4851a1d" relativeResultsDirectory="7c422998-d2a9-41d1-894d-c7e7c10efcdf">
    </UnitTestResult>
    <UnitTestResult executionId="8a2f83e2-7a1a-4944-9e48-a0db1d35157f" testId="f68ad391-23ca-2766-d2b2-8731589ef39b" testName="Nh_CanSaveHeaderDetail" computerName="MICHAEL-PC" duration="00:00:00.0209798" startTime="2012-06-20T10:20:42.6700000+08:00" endTime="2012-06-20T10:20:42.6960000+08:00" testType="13cdc9d9-ddb5-4fa4-a97d-d965ccfc6d4b" outcome="Passed" testListId="8c84fa94-04c1-424b-9868-57a2d4851a1d" relativeResultsDirectory="8a2f83e2-7a1a-4944-9e48-a0db1d35157f">
    </UnitTestResult>
    <UnitTestResult executionId="1d4238c6-3eb7-4356-a0a8-6a9c4358b6e7" testId="f7d7cfdb-4468-5c56-7540-afe0d55e093a" testName="Can_do_deep_clone" computerName="MICHAEL-PC" duration="00:00:00.0045965" startTime="2012-06-20T10:20:42.7040000+08:00" endTime="2012-06-20T10:20:42.7160000+08:00" testType="13cdc9d9-ddb5-4fa4-a97d-d965ccfc6d4b" outcome="Passed" testListId="8c84fa94-04c1-424b-9868-57a2d4851a1d" relativeResultsDirectory="1d4238c6-3eb7-4356-a0a8-6a9c4358b6e7">
    </UnitTestResult>
    <UnitTestResult executionId="a96648d0-f0e9-4c85-b4ca-df98966c7177" testId="ffcba511-cdf9-ce52-fd62-900fe7820ecc" testName="Ef_Can_queue_changes" computerName="MICHAEL-PC" duration="00:00:00.0157109" startTime="2012-06-20T10:20:42.7270000+08:00" endTime="2012-06-20T10:20:42.7480000+08:00" testType="13cdc9d9-ddb5-4fa4-a97d-d965ccfc6d4b" outcome="Passed" testListId="8c84fa94-04c1-424b-9868-57a2d4851a1d" relativeResultsDirectory="a96648d0-f0e9-4c85-b4ca-df98966c7177">
    </UnitTestResult>
  </Results>
</TestRun>