<?xml version="1.0" encoding="UTF-8"?>
<TestRun id="8ce4516d-19f6-474d-8edb-67c1338866bf" name="Michael@MICHAEL-PC 2012-06-11 07:58:41" runUser="Michael-PC\Michael" xmlns="http://microsoft.com/schemas/VisualStudio/TeamTest/2010">
  <TestSettings name="Local" id="7d9e14f4-f525-48ee-bea8-a34d9f4cc18d">
    <Description>These are default test settings for a local test run.</Description>
    <Deployment userDeploymentRoot="C:\Users\Michael\_CODE\Ienablemuch.ToTheEfnhX\TestResults" useDefaultDeploymentRoot="false" enabled="false" runDeploymentRoot="Michael_MICHAEL-PC 2012-06-11 07_58_41">
      <DeploymentItem filename="C:\Users\Michael\_CODE\Ienablemuch.ToTheEfnhX\Ienablemuch.ToTheEfnhX.Memory\bin\Release\Ienablemuch.ToTheEfnhX.Memory.dll" />
      <DeploymentItem filename="C:\Users\Michael\_CODE\Ienablemuch.ToTheEfnhX\packages\FluentNHibernate.1.3.0.717\lib\FluentNHibernate.dll" />
      <DeploymentItem filename="C:\Users\Michael\_CODE\Ienablemuch.ToTheEfnhX\packages\Iesi.Collections.3.2.0.4000\lib\Net35\Iesi.Collections.dll" />
      <DeploymentItem filename="C:\Users\Michael\_CODE\Ienablemuch.ToTheEfnhX\Ienablemuch.ToTheEfnhx.CommonExtensions\bin\Release\Ienablemuch.ToTheEfnhx.CommonExtensions.dll" />
      <DeploymentItem filename="C:\Users\Michael\_CODE\Ienablemuch.ToTheEfnhX\packages\NHibernate.3.3.0.4000\lib\Net35\NHibernate.dll" />
      <DeploymentItem filename="C:\Users\Michael\_CODE\Ienablemuch.ToTheEfnhX\packages\EntityFramework.4.3.1\lib\net40\EntityFramework.dll" />
      <DeploymentItem filename="C:\Users\Michael\_CODE\Ienablemuch.ToTheEfnhX\Ienablemuch.ToTheEfnhX.NHibernate\bin\Release\Ienablemuch.ToTheEfnhX.NHibernate.dll" />
      <DeploymentItem filename="C:\Users\Michael\_CODE\Ienablemuch.ToTheEfnhX\Ienablemuch.ToTheEfnhX.EntityFramework\bin\Release\Ienablemuch.ToTheEfnhX.EntityFramework.dll" />
      <DeploymentItem filename="C:\Users\Michael\_CODE\Ienablemuch.ToTheEfnhX\ToTheEfnhX\bin\Release\Ienablemuch.ToTheEfnhX.dll" />
    </Deployment>
    <Execution>
      <TestTypeSpecific />
      <AgentRule name="Execution Agents">
      </AgentRule>
    </Execution>
  </TestSettings>
  <Times creation="2012-06-11T07:58:41.5760000+08:00" queuing="2012-06-11T07:58:41.6240000+08:00" start="2012-06-11T07:58:41.6430000+08:00" finish="2012-06-11T07:58:43.2060000+08:00" />
  <ResultSummary outcome="Failed">
    <Counters total="1" executed="1" error="0" failed="1" timeout="0" aborted="0" inconclusive="0" passedButRunAborted="0" notRunnable="0" notExecuted="0" disconnected="0" warning="0" passed="0" completed="0" inProgress="0" pending="0" />
  </ResultSummary>
  <TestDefinitions>
    <UnitTest name="Ef_Can_Save_Then_Update" storage="c:\users\michael\_code\ienablemuch.totheefnhx\testproject\bin\release\testproject.dll" id="9076dd47-28a7-196a-e653-7fb55dfa55a8">
      <Execution id="3695917a-f714-4376-acc5-4fe431576b3a" />
      <TestMethod codeBase="C:/Users/Michael/_CODE/Ienablemuch.ToTheEfnhX/TestProject/bin/Release/TestProject.DLL" adapterTypeName="Microsoft.VisualStudio.TestTools.TestTypes.Unit.UnitTestAdapter, Microsoft.VisualStudio.QualityTools.Tips.UnitTest.Adapter, Version=10.0.0.0, Culture=neutral, PublicKeyToken=b03f5f7f11d50a3a" className="TestProject.TestTheIRepository, TestProject, Version=1.0.0.0, Culture=neutral, PublicKeyToken=null" name="Ef_Can_Save_Then_Update" />
    </UnitTest>
  </TestDefinitions>
  <TestLists>
    <TestList name="Results Not in a List" id="8c84fa94-04c1-424b-9868-57a2d4851a1d" />
    <TestList name="All Loaded Results" id="19431567-8539-422a-85d7-44ee4e166bda" />
  </TestLists>
  <TestEntries>
    <TestEntry testId="9076dd47-28a7-196a-e653-7fb55dfa55a8" executionId="3695917a-f714-4376-acc5-4fe431576b3a" testListId="8c84fa94-04c1-424b-9868-57a2d4851a1d" />
  </TestEntries>
  <Results>
    <UnitTestResult executionId="3695917a-f714-4376-acc5-4fe431576b3a" testId="9076dd47-28a7-196a-e653-7fb55dfa55a8" testName="Ef_Can_Save_Then_Update" computerName="MICHAEL-PC" duration="00:00:01.2050983" startTime="2012-06-11T07:58:41.6970000+08:00" endTime="2012-06-11T07:58:43.1700000+08:00" testType="13cdc9d9-ddb5-4fa4-a97d-d965ccfc6d4b" outcome="Failed" testListId="8c84fa94-04c1-424b-9868-57a2d4851a1d" relativeResultsDirectory="3695917a-f714-4376-acc5-4fe431576b3a">
      <Output>
        <DebugTrace>Tunay TestProject.SampleModel.Product Product
Tunay TestProject.SampleModel.Product Product
</DebugTrace>
        <ErrorInfo>
          <Message>Test method TestProject.TestTheIRepository.Ef_Can_Save_Then_Update threw exception: 
System.Reflection.TargetInvocationException: Exception has been thrown by the target of an invocation. ---&gt; System.InvalidOperationException: The object in the 'Product_PriceList_Target' role cannot be automatically added to the context because it was retrieved using the NoTracking merge option. Explicitly attach the entity to the ObjectContext before defining the relationship.</Message>
          <StackTrace>    at System.Data.Objects.DataClasses.RelatedEnd.Add(IEntityWrapper wrappedTarget, Boolean applyConstraints, Boolean addRelationshipAsUnchanged, Boolean relationshipAlreadyExists, Boolean allowModifyingOtherEndOfRelationship, Boolean forceForeignKeyChanges)
   at System.Data.Objects.DataClasses.RelatedEnd.Add(IEntityWrapper wrappedEntity, Boolean applyConstraints)
   at System.Data.Objects.DataClasses.EntityReference`1.set_ReferenceValue(IEntityWrapper value)
   at System.Data.Objects.DataClasses.EntityReference`1.set_Value(TEntity value)
   at System.Data.Entity.DynamicProxies.ProductPrice_4ED8CCC8D62B5FACAC4BE960D833DD6F9B142F7E1E05758CB139F6EB8F919090.set_Product(Product )
 --- End of inner exception stack trace ---
    at System.RuntimeMethodHandle._InvokeMethodFast(IRuntimeMethodInfo method, Object target, Object[] arguments, SignatureStruct&amp; sig, MethodAttributes methodAttributes, RuntimeType typeOwner)
   at System.RuntimeMethodHandle.InvokeMethodFast(IRuntimeMethodInfo method, Object target, Object[] arguments, Signature sig, MethodAttributes methodAttributes, RuntimeType typeOwner)
   at System.Reflection.RuntimeMethodInfo.Invoke(Object obj, BindingFlags invokeAttr, Binder binder, Object[] parameters, CultureInfo culture, Boolean skipVisibilityChecks)
   at System.Reflection.RuntimeMethodInfo.Invoke(Object obj, BindingFlags invokeAttr, Binder binder, Object[] parameters, CultureInfo culture)
   at System.Reflection.RuntimePropertyInfo.SetValue(Object obj, Object value, BindingFlags invokeAttr, Binder binder, Object[] index, CultureInfo culture)
   at System.Reflection.RuntimePropertyInfo.SetValue(Object obj, Object value, Object[] index)
   at Ienablemuch.ToTheEfnhX.EntityFramework.Repository`1.AssignStub(Object parent, Object ent, String versionName, DbContext ctx) in C:\Users\Michael\_CODE\Ienablemuch.ToTheEfnhX\Ienablemuch.ToTheEfnhX.EntityFramework\EfRepository.cs:line 238
   at Ienablemuch.ToTheEfnhX.EntityFramework.Repository`1.Save(TEnt ent) in C:\Users\Michael\_CODE\Ienablemuch.ToTheEfnhX\Ienablemuch.ToTheEfnhX.EntityFramework\EfRepository.cs:line 57
   at TestProject.TestTheIRepository.Common_Can_Save_Then_Update(IRepository`1 dbProd, IRepository`1 dbPrice) in C:\Users\Michael\_CODE\Ienablemuch.ToTheEfnhX\TestProject\TestTheIRepository.cs:line 1404
   at TestProject.TestTheIRepository.Ef_Can_Save_Then_Update() in C:\Users\Michael\_CODE\Ienablemuch.ToTheEfnhX\TestProject\TestTheIRepository.cs:line 1353
</StackTrace>
        </ErrorInfo>
      </Output>
    </UnitTestResult>
  </Results>
</TestRun>