<?xml version="1.0" encoding="UTF-8"?>
<TestRun id="efdcf1fb-940b-4b8a-ba0e-fd5dba5e726c" name="Michael@MICHAEL-PC 2012-06-03 10:13:24" runUser="Michael-PC\Michael" xmlns="http://microsoft.com/schemas/VisualStudio/TeamTest/2010">
  <TestSettings name="Local" id="7d9e14f4-f525-48ee-bea8-a34d9f4cc18d">
    <Description>These are default test settings for a local test run.</Description>
    <Deployment enabled="false" runDeploymentRoot="Michael_MICHAEL-PC 2012-06-03 10_13_24">
      <DeploymentItem filename="C:\Users\Michael\_CODE\Ienablemuch.ToTheEfnhX\Ienablemuch.ToTheEfnhX.Memory\bin\Release\Ienablemuch.ToTheEfnhX.Memory.dll" />
      <DeploymentItem filename="C:\Users\Michael\_CODE\Ienablemuch.ToTheEfnhX\packages\FluentNHibernate.1.3.0.717\lib\FluentNHibernate.dll" />
      <DeploymentItem filename="C:\Users\Michael\_CODE\Ienablemuch.ToTheEfnhX\packages\Iesi.Collections.3.2.0.4000\lib\Net35\Iesi.Collections.dll" />
      <DeploymentItem filename="C:\Users\Michael\_CODE\Ienablemuch.ToTheEfnhX\Ienablemuch.ToTheEfnhx.CommonExtensions\bin\Release\Ienablemuch.ToTheEfnhx.CommonExtensions.dll" />
      <DeploymentItem filename="C:\Users\Michael\_CODE\Ienablemuch.ToTheEfnhX\packages\NHibernate.3.3.0.4000\lib\Net35\NHibernate.dll" />
      <DeploymentItem filename="C:\Users\Michael\_CODE\Ienablemuch.ToTheEfnhX\packages\EntityFramework.4.3.1\lib\net40\EntityFramework.dll" />
      <DeploymentItem filename="C:\Users\Michael\_CODE\Ienablemuch.ToTheEfnhX\Ienablemuch.ToTheEfnhX.NHibernate\bin\Release\Ienablemuch.ToTheEfnhX.NHibernate.dll" />
      <DeploymentItem filename="C:\Users\Michael\_CODE\Ienablemuch.ToTheEfnhX\Ienablemuch.ToTheEfnhX.EntityFramework\bin\Release\Ienablemuch.ToTheEfnhX.EntityFramework.dll" />
      <DeploymentItem filename="C:\Users\Michael\_CODE\Ienablemuch.ToTheEfnhX\ToTheEfnhX\bin\Release\Ienablemuch.ToTheEfnhX.dll" />
    </Deployment>
    <Execution>
      <TestTypeSpecific />
      <AgentRule name="Execution Agents">
      </AgentRule>
    </Execution>
  </TestSettings>
  <Times creation="2012-06-03T10:13:24.8000000+08:00" queuing="2012-06-03T10:13:24.8620000+08:00" start="2012-06-03T10:13:24.8850000+08:00" finish="2012-06-03T10:13:29.0820000+08:00" />
  <ResultSummary outcome="Failed">
    <Counters total="52" executed="52" passed="28" error="0" failed="24" timeout="0" aborted="0" inconclusive="0" passedButRunAborted="0" notRunnable="0" notExecuted="0" disconnected="0" warning="0" completed="0" inProgress="0" pending="0" />
  </ResultSummary>
  <TestDefinitions>
    <UnitTest name="Nh_CanHaveIncrementingKey" storage="c:\users\michael\_code\ienablemuch.totheefnhx\testproject\bin\release\testproject.dll" id="c8ff8ef9-a95a-0779-90f7-6e8188ebefd1">
      <Execution id="dc2671ae-d6d3-4cba-9e91-8cc70437cfb1" />
      <TestMethod codeBase="C:/Users/Michael/_CODE/Ienablemuch.ToTheEfnhX/TestProject/bin/Release/TestProject.DLL" adapterTypeName="Microsoft.VisualStudio.TestTools.TestTypes.Unit.UnitTestAdapter, Microsoft.VisualStudio.QualityTools.Tips.UnitTest.Adapter, Version=10.0.0.0, Culture=neutral, PublicKeyToken=b03f5f7f11d50a3a" className="TestProject.TestTheIRepository, TestProject, Version=1.0.0.0, Culture=neutral, PublicKeyToken=null" name="Nh_CanHaveIncrementingKey" />
    </UnitTest>
    <UnitTest name="Nh_SessionTransaction_can_detect_its_own_transaction_commitness_only" storage="c:\users\michael\_code\ienablemuch.totheefnhx\testproject\bin\release\testproject.dll" id="83330a72-51da-0d0d-d2b2-826b2f6cfd00">
      <Execution id="78b5f58e-90c6-4769-8751-3a540104f032" />
      <TestMethod codeBase="C:/Users/Michael/_CODE/Ienablemuch.ToTheEfnhX/TestProject/bin/Release/TestProject.DLL" adapterTypeName="Microsoft.VisualStudio.TestTools.TestTypes.Unit.UnitTestAdapter, Microsoft.VisualStudio.QualityTools.Tips.UnitTest.Adapter, Version=10.0.0.0, Culture=neutral, PublicKeyToken=b03f5f7f11d50a3a" className="TestProject.TestTheIRepository, TestProject, Version=1.0.0.0, Culture=neutral, PublicKeyToken=null" name="Nh_SessionTransaction_can_detect_its_own_transaction_commitness_only" />
    </UnitTest>
    <UnitTest name="Nh_CanDetectUpdateConflictingDelete" storage="c:\users\michael\_code\ienablemuch.totheefnhx\testproject\bin\release\testproject.dll" id="5d13769c-6ed9-df33-8e6d-b0cc79c073f2">
      <Execution id="b5700be3-5407-43f9-bc3b-4f9b7d904414" />
      <TestMethod codeBase="C:/Users/Michael/_CODE/Ienablemuch.ToTheEfnhX/TestProject/bin/Release/TestProject.DLL" adapterTypeName="Microsoft.VisualStudio.TestTools.TestTypes.Unit.UnitTestAdapter, Microsoft.VisualStudio.QualityTools.Tips.UnitTest.Adapter, Version=10.0.0.0, Culture=neutral, PublicKeyToken=b03f5f7f11d50a3a" className="TestProject.TestTheIRepository, TestProject, Version=1.0.0.0, Culture=neutral, PublicKeyToken=null" name="Nh_CanDetectUpdateConflictingDelete" />
    </UnitTest>
    <UnitTest name="Nh_Can_Orm_Merge_Can_Create" storage="c:\users\michael\_code\ienablemuch.totheefnhx\testproject\bin\release\testproject.dll" id="8af4731e-1204-41e4-f479-73db6099844b">
      <Execution id="155427b6-78fd-4fd9-b33f-1a8b352644e4" />
      <TestMethod codeBase="C:/Users/Michael/_CODE/Ienablemuch.ToTheEfnhX/TestProject/bin/Release/TestProject.DLL" adapterTypeName="Microsoft.VisualStudio.TestTools.TestTypes.Unit.UnitTestAdapter, Microsoft.VisualStudio.QualityTools.Tips.UnitTest.Adapter, Version=10.0.0.0, Culture=neutral, PublicKeyToken=b03f5f7f11d50a3a" className="TestProject.TestTheIRepository, TestProject, Version=1.0.0.0, Culture=neutral, PublicKeyToken=null" name="Nh_Can_Orm_Merge_Can_Create" />
    </UnitTest>
    <UnitTest name="Nh_Can_Orm_do_cascaded_deletions" storage="c:\users\michael\_code\ienablemuch.totheefnhx\testproject\bin\release\testproject.dll" id="170c0ff1-28bc-09a2-839b-5ab24853aea8">
      <Execution id="df54c48c-f9c9-4719-ba68-4498b3213a66" />
      <TestMethod codeBase="C:/Users/Michael/_CODE/Ienablemuch.ToTheEfnhX/TestProject/bin/Release/TestProject.DLL" adapterTypeName="Microsoft.VisualStudio.TestTools.TestTypes.Unit.UnitTestAdapter, Microsoft.VisualStudio.QualityTools.Tips.UnitTest.Adapter, Version=10.0.0.0, Culture=neutral, PublicKeyToken=b03f5f7f11d50a3a" className="TestProject.TestTheIRepository, TestProject, Version=1.0.0.0, Culture=neutral, PublicKeyToken=null" name="Nh_Can_Orm_do_cascaded_deletions" />
    </UnitTest>
    <UnitTest name="Saving_is_ok" storage="c:\users\michael\_code\ienablemuch.totheefnhx\testproject\bin\release\testproject.dll" id="5b9ac5c8-7814-fd36-cd57-f0de0de0fae7">
      <Execution id="fc2cf7d0-9c4e-4eea-84a0-def328ef23c6" />
      <TestMethod codeBase="C:/Users/Michael/_CODE/Ienablemuch.ToTheEfnhX/TestProject/bin/Release/TestProject.DLL" adapterTypeName="Microsoft.VisualStudio.TestTools.TestTypes.Unit.UnitTestAdapter, Microsoft.VisualStudio.QualityTools.Tips.UnitTest.Adapter, Version=10.0.0.0, Culture=neutral, PublicKeyToken=b03f5f7f11d50a3a" className="TestProject.TestTheIRepository, TestProject, Version=1.0.0.0, Culture=neutral, PublicKeyToken=null" name="Saving_is_ok" />
    </UnitTest>
    <UnitTest name="Fetching_strategies_of_NHibernate_helper_has_no_problem_on_mocked_IQueryable" storage="c:\users\michael\_code\ienablemuch.totheefnhx\testproject\bin\release\testproject.dll" id="24f780e7-822d-62ed-f13e-e2daddc611e1">
      <Execution id="0103c248-7893-43c5-95e9-c3ce8ce8a0a7" />
      <TestMethod codeBase="C:/Users/Michael/_CODE/Ienablemuch.ToTheEfnhX/TestProject/bin/Release/TestProject.DLL" adapterTypeName="Microsoft.VisualStudio.TestTools.TestTypes.Unit.UnitTestAdapter, Microsoft.VisualStudio.QualityTools.Tips.UnitTest.Adapter, Version=10.0.0.0, Culture=neutral, PublicKeyToken=b03f5f7f11d50a3a" className="TestProject.TestTheIRepository, TestProject, Version=1.0.0.0, Culture=neutral, PublicKeyToken=null" name="Fetching_strategies_of_NHibernate_helper_has_no_problem_on_mocked_IQueryable" />
    </UnitTest>
    <UnitTest name="Ef_CanDetectUpdateConflictingUpdate" storage="c:\users\michael\_code\ienablemuch.totheefnhx\testproject\bin\release\testproject.dll" id="ca3ec696-2df9-55bd-c53c-f732b5c80a68">
      <Execution id="7e254d20-7f5b-4bf1-b757-3eb7cf760398" />
      <TestMethod codeBase="C:/Users/Michael/_CODE/Ienablemuch.ToTheEfnhX/TestProject/bin/Release/TestProject.DLL" adapterTypeName="Microsoft.VisualStudio.TestTools.TestTypes.Unit.UnitTestAdapter, Microsoft.VisualStudio.QualityTools.Tips.UnitTest.Adapter, Version=10.0.0.0, Culture=neutral, PublicKeyToken=b03f5f7f11d50a3a" className="TestProject.TestTheIRepository, TestProject, Version=1.0.0.0, Culture=neutral, PublicKeyToken=null" name="Ef_CanDetectUpdateConflictingUpdate" />
    </UnitTest>
    <UnitTest name="Nh_CanUpdate" storage="c:\users\michael\_code\ienablemuch.totheefnhx\testproject\bin\release\testproject.dll" id="63d9977f-78b2-ba78-f19b-1e84d68eabe8">
      <Execution id="c8ff4ff6-7d35-4e77-87e2-3ebc736cbfe7" />
      <TestMethod codeBase="C:/Users/Michael/_CODE/Ienablemuch.ToTheEfnhX/TestProject/bin/Release/TestProject.DLL" adapterTypeName="Microsoft.VisualStudio.TestTools.TestTypes.Unit.UnitTestAdapter, Microsoft.VisualStudio.QualityTools.Tips.UnitTest.Adapter, Version=10.0.0.0, Culture=neutral, PublicKeyToken=b03f5f7f11d50a3a" className="TestProject.TestTheIRepository, TestProject, Version=1.0.0.0, Culture=neutral, PublicKeyToken=null" name="Nh_CanUpdate" />
    </UnitTest>
    <UnitTest name="Memory_CanUpdate" storage="c:\users\michael\_code\ienablemuch.totheefnhx\testproject\bin\release\testproject.dll" id="f5049a26-85f5-2d61-7d0d-3fe36d498d57">
      <Execution id="839c2c9b-717c-4cb6-bcee-fe5b34f6ec49" />
      <TestMethod codeBase="C:/Users/Michael/_CODE/Ienablemuch.ToTheEfnhX/TestProject/bin/Release/TestProject.DLL" adapterTypeName="Microsoft.VisualStudio.TestTools.TestTypes.Unit.UnitTestAdapter, Microsoft.VisualStudio.QualityTools.Tips.UnitTest.Adapter, Version=10.0.0.0, Culture=neutral, PublicKeyToken=b03f5f7f11d50a3a" className="TestProject.TestTheIRepository, TestProject, Version=1.0.0.0, Culture=neutral, PublicKeyToken=null" name="Memory_CanUpdate" />
    </UnitTest>
    <UnitTest name="Ef_CanDetectDeleteConflictingDelete" storage="c:\users\michael\_code\ienablemuch.totheefnhx\testproject\bin\release\testproject.dll" id="4bb22a57-9102-06ea-257b-caae673d46d7">
      <Execution id="4853855e-b8de-4e41-90a4-c38e1c3d5689" />
      <TestMethod codeBase="C:/Users/Michael/_CODE/Ienablemuch.ToTheEfnhX/TestProject/bin/Release/TestProject.DLL" adapterTypeName="Microsoft.VisualStudio.TestTools.TestTypes.Unit.UnitTestAdapter, Microsoft.VisualStudio.QualityTools.Tips.UnitTest.Adapter, Version=10.0.0.0, Culture=neutral, PublicKeyToken=b03f5f7f11d50a3a" className="TestProject.TestTheIRepository, TestProject, Version=1.0.0.0, Culture=neutral, PublicKeyToken=null" name="Ef_CanDetectDeleteConflictingDelete" />
    </UnitTest>
    <UnitTest name="Ef_Can_save_transaction" storage="c:\users\michael\_code\ienablemuch.totheefnhx\testproject\bin\release\testproject.dll" id="f473cffe-6acb-bc8c-3c44-48f67f9567de">
      <Execution id="5bcb2c73-53b5-4caf-b831-58a6f86ca103" />
      <TestMethod codeBase="C:/Users/Michael/_CODE/Ienablemuch.ToTheEfnhX/TestProject/bin/Release/TestProject.DLL" adapterTypeName="Microsoft.VisualStudio.TestTools.TestTypes.Unit.UnitTestAdapter, Microsoft.VisualStudio.QualityTools.Tips.UnitTest.Adapter, Version=10.0.0.0, Culture=neutral, PublicKeyToken=b03f5f7f11d50a3a" className="TestProject.TestTheIRepository, TestProject, Version=1.0.0.0, Culture=neutral, PublicKeyToken=null" name="Ef_Can_save_transaction" />
    </UnitTest>
    <UnitTest name="Memory_CanDetectDeleteConflictingDelete" storage="c:\users\michael\_code\ienablemuch.totheefnhx\testproject\bin\release\testproject.dll" id="d409929f-129a-9686-590d-6472fdfa28e4">
      <Execution id="362aec82-ba85-4663-a60d-304f51f19ec6" />
      <TestMethod codeBase="C:/Users/Michael/_CODE/Ienablemuch.ToTheEfnhX/TestProject/bin/Release/TestProject.DLL" adapterTypeName="Microsoft.VisualStudio.TestTools.TestTypes.Unit.UnitTestAdapter, Microsoft.VisualStudio.QualityTools.Tips.UnitTest.Adapter, Version=10.0.0.0, Culture=neutral, PublicKeyToken=b03f5f7f11d50a3a" className="TestProject.TestTheIRepository, TestProject, Version=1.0.0.0, Culture=neutral, PublicKeyToken=null" name="Memory_CanDetectDeleteConflictingDelete" />
    </UnitTest>
    <UnitTest name="TestArray" storage="c:\users\michael\_code\ienablemuch.totheefnhx\testproject\bin\release\testproject.dll" id="e4d36185-e99e-9b3f-8afc-2b7c501afd9a">
      <Execution id="ce5016d6-7e44-4509-8f84-8268c10452a0" />
      <TestMethod codeBase="C:/Users/Michael/_CODE/Ienablemuch.ToTheEfnhX/TestProject/bin/Release/TestProject.DLL" adapterTypeName="Microsoft.VisualStudio.TestTools.TestTypes.Unit.UnitTestAdapter, Microsoft.VisualStudio.QualityTools.Tips.UnitTest.Adapter, Version=10.0.0.0, Culture=neutral, PublicKeyToken=b03f5f7f11d50a3a" className="TestProject.TestTheIRepository, TestProject, Version=1.0.0.0, Culture=neutral, PublicKeyToken=null" name="TestArray" />
    </UnitTest>
    <UnitTest name="Ef_CanDetectUpdateConflictingDelete" storage="c:\users\michael\_code\ienablemuch.totheefnhx\testproject\bin\release\testproject.dll" id="cdd1ec05-a33a-edaf-1560-6637f27329d2">
      <Execution id="2538dcf5-b4dc-4156-b791-eddf1320a448" />
      <TestMethod codeBase="C:/Users/Michael/_CODE/Ienablemuch.ToTheEfnhX/TestProject/bin/Release/TestProject.DLL" adapterTypeName="Microsoft.VisualStudio.TestTools.TestTypes.Unit.UnitTestAdapter, Microsoft.VisualStudio.QualityTools.Tips.UnitTest.Adapter, Version=10.0.0.0, Culture=neutral, PublicKeyToken=b03f5f7f11d50a3a" className="TestProject.TestTheIRepository, TestProject, Version=1.0.0.0, Culture=neutral, PublicKeyToken=null" name="Ef_CanDetectUpdateConflictingDelete" />
    </UnitTest>
    <UnitTest name="Nh_SessionTransaction_cannot_detect_transaction_commitness" storage="c:\users\michael\_code\ienablemuch.totheefnhx\testproject\bin\release\testproject.dll" id="dad118fb-1088-58a3-350a-fc5e47173fa9">
      <Execution id="915ff188-e795-4da1-a910-e0a495b6433f" />
      <TestMethod codeBase="C:/Users/Michael/_CODE/Ienablemuch.ToTheEfnhX/TestProject/bin/Release/TestProject.DLL" adapterTypeName="Microsoft.VisualStudio.TestTools.TestTypes.Unit.UnitTestAdapter, Microsoft.VisualStudio.QualityTools.Tips.UnitTest.Adapter, Version=10.0.0.0, Culture=neutral, PublicKeyToken=b03f5f7f11d50a3a" className="TestProject.TestTheIRepository, TestProject, Version=1.0.0.0, Culture=neutral, PublicKeyToken=null" name="Nh_SessionTransaction_cannot_detect_transaction_commitness" />
    </UnitTest>
    <UnitTest name="Ef_Can_Orm_Merge_Can_Create" storage="c:\users\michael\_code\ienablemuch.totheefnhx\testproject\bin\release\testproject.dll" id="a9ed84c2-917f-5ccb-44a7-7e3cea9cd5e0">
      <Execution id="5fa16755-6ea2-4df2-b611-40a5b98a10a1" />
      <TestMethod codeBase="C:/Users/Michael/_CODE/Ienablemuch.ToTheEfnhX/TestProject/bin/Release/TestProject.DLL" adapterTypeName="Microsoft.VisualStudio.TestTools.TestTypes.Unit.UnitTestAdapter, Microsoft.VisualStudio.QualityTools.Tips.UnitTest.Adapter, Version=10.0.0.0, Culture=neutral, PublicKeyToken=b03f5f7f11d50a3a" className="TestProject.TestTheIRepository, TestProject, Version=1.0.0.0, Culture=neutral, PublicKeyToken=null" name="Ef_Can_Orm_Merge_Can_Create" />
    </UnitTest>
    <UnitTest name="Nh_Can_Orm_Merge_Can_Update" storage="c:\users\michael\_code\ienablemuch.totheefnhx\testproject\bin\release\testproject.dll" id="b9cbda9a-23ca-3458-8bf7-8aa6598f8754">
      <Execution id="842a3c6e-54d5-4c79-9fe0-b74276f29c38" />
      <TestMethod codeBase="C:/Users/Michael/_CODE/Ienablemuch.ToTheEfnhX/TestProject/bin/Release/TestProject.DLL" adapterTypeName="Microsoft.VisualStudio.TestTools.TestTypes.Unit.UnitTestAdapter, Microsoft.VisualStudio.QualityTools.Tips.UnitTest.Adapter, Version=10.0.0.0, Culture=neutral, PublicKeyToken=b03f5f7f11d50a3a" className="TestProject.TestTheIRepository, TestProject, Version=1.0.0.0, Culture=neutral, PublicKeyToken=null" name="Nh_Can_Orm_Merge_Can_Update" />
    </UnitTest>
    <UnitTest name="Memory_CanSaveHeaderDetail" storage="c:\users\michael\_code\ienablemuch.totheefnhx\testproject\bin\release\testproject.dll" id="c2e9f01d-6387-7f00-c2a6-71385a796942">
      <Execution id="4960265a-72e7-48de-ac3a-4bad9080d566" />
      <TestMethod codeBase="C:/Users/Michael/_CODE/Ienablemuch.ToTheEfnhX/TestProject/bin/Release/TestProject.DLL" adapterTypeName="Microsoft.VisualStudio.TestTools.TestTypes.Unit.UnitTestAdapter, Microsoft.VisualStudio.QualityTools.Tips.UnitTest.Adapter, Version=10.0.0.0, Culture=neutral, PublicKeyToken=b03f5f7f11d50a3a" className="TestProject.TestTheIRepository, TestProject, Version=1.0.0.0, Culture=neutral, PublicKeyToken=null" name="Memory_CanSaveHeaderDetail" />
    </UnitTest>
    <UnitTest name="Ef_CanSave" storage="c:\users\michael\_code\ienablemuch.totheefnhx\testproject\bin\release\testproject.dll" id="6a52032d-db59-8802-47db-20699e8ef053">
      <Execution id="6de4d399-18e5-4c9d-b051-3473c6d1c158" />
      <TestMethod codeBase="C:/Users/Michael/_CODE/Ienablemuch.ToTheEfnhX/TestProject/bin/Release/TestProject.DLL" adapterTypeName="Microsoft.VisualStudio.TestTools.TestTypes.Unit.UnitTestAdapter, Microsoft.VisualStudio.QualityTools.Tips.UnitTest.Adapter, Version=10.0.0.0, Culture=neutral, PublicKeyToken=b03f5f7f11d50a3a" className="TestProject.TestTheIRepository, TestProject, Version=1.0.0.0, Culture=neutral, PublicKeyToken=null" name="Ef_CanSave" />
    </UnitTest>
    <UnitTest name="Ef_HasRowVersion" storage="c:\users\michael\_code\ienablemuch.totheefnhx\testproject\bin\release\testproject.dll" id="86150143-fb0b-c807-6c85-448e509331e0">
      <Execution id="007bb22c-0461-41b4-8652-544aa9b59f0d" />
      <TestMethod codeBase="C:/Users/Michael/_CODE/Ienablemuch.ToTheEfnhX/TestProject/bin/Release/TestProject.DLL" adapterTypeName="Microsoft.VisualStudio.TestTools.TestTypes.Unit.UnitTestAdapter, Microsoft.VisualStudio.QualityTools.Tips.UnitTest.Adapter, Version=10.0.0.0, Culture=neutral, PublicKeyToken=b03f5f7f11d50a3a" className="TestProject.TestTheIRepository, TestProject, Version=1.0.0.0, Culture=neutral, PublicKeyToken=null" name="Ef_HasRowVersion" />
    </UnitTest>
    <UnitTest name="Ef_CanUpdate" storage="c:\users\michael\_code\ienablemuch.totheefnhx\testproject\bin\release\testproject.dll" id="9ce2ff54-3bea-2c09-7986-c83994c1d685">
      <Execution id="3a4e3114-159a-473f-be36-9bca3ec0baa8" />
      <TestMethod codeBase="C:/Users/Michael/_CODE/Ienablemuch.ToTheEfnhX/TestProject/bin/Release/TestProject.DLL" adapterTypeName="Microsoft.VisualStudio.TestTools.TestTypes.Unit.UnitTestAdapter, Microsoft.VisualStudio.QualityTools.Tips.UnitTest.Adapter, Version=10.0.0.0, Culture=neutral, PublicKeyToken=b03f5f7f11d50a3a" className="TestProject.TestTheIRepository, TestProject, Version=1.0.0.0, Culture=neutral, PublicKeyToken=null" name="Ef_CanUpdate" />
    </UnitTest>
    <UnitTest name="Nh_CanDetectDeleteConflictingUpdate" storage="c:\users\michael\_code\ienablemuch.totheefnhx\testproject\bin\release\testproject.dll" id="467d17f0-5ec4-24a5-9089-e15ef18964f7">
      <Execution id="399bf572-2d77-4085-b55e-5aec95afd0be" />
      <TestMethod codeBase="C:/Users/Michael/_CODE/Ienablemuch.ToTheEfnhX/TestProject/bin/Release/TestProject.DLL" adapterTypeName="Microsoft.VisualStudio.TestTools.TestTypes.Unit.UnitTestAdapter, Microsoft.VisualStudio.QualityTools.Tips.UnitTest.Adapter, Version=10.0.0.0, Culture=neutral, PublicKeyToken=b03f5f7f11d50a3a" className="TestProject.TestTheIRepository, TestProject, Version=1.0.0.0, Culture=neutral, PublicKeyToken=null" name="Nh_CanDetectDeleteConflictingUpdate" />
    </UnitTest>
    <UnitTest name="Nh_HasRowVersion" storage="c:\users\michael\_code\ienablemuch.totheefnhx\testproject\bin\release\testproject.dll" id="919c9ab6-d8de-ff18-95fc-25bc030735bd">
      <Execution id="08e51240-9805-4a48-8976-2996e58fca38" />
      <TestMethod codeBase="C:/Users/Michael/_CODE/Ienablemuch.ToTheEfnhX/TestProject/bin/Release/TestProject.DLL" adapterTypeName="Microsoft.VisualStudio.TestTools.TestTypes.Unit.UnitTestAdapter, Microsoft.VisualStudio.QualityTools.Tips.UnitTest.Adapter, Version=10.0.0.0, Culture=neutral, PublicKeyToken=b03f5f7f11d50a3a" className="TestProject.TestTheIRepository, TestProject, Version=1.0.0.0, Culture=neutral, PublicKeyToken=null" name="Nh_HasRowVersion" />
    </UnitTest>
    <UnitTest name="Ef_Can_Orm_do_cascaded_deletions" storage="c:\users\michael\_code\ienablemuch.totheefnhx\testproject\bin\release\testproject.dll" id="a2256363-4989-1fab-e208-96edc389fe3c">
      <Execution id="d1916199-555b-4acd-ab7f-11b2cbbed3f4" />
      <TestMethod codeBase="C:/Users/Michael/_CODE/Ienablemuch.ToTheEfnhX/TestProject/bin/Release/TestProject.DLL" adapterTypeName="Microsoft.VisualStudio.TestTools.TestTypes.Unit.UnitTestAdapter, Microsoft.VisualStudio.QualityTools.Tips.UnitTest.Adapter, Version=10.0.0.0, Culture=neutral, PublicKeyToken=b03f5f7f11d50a3a" className="TestProject.TestTheIRepository, TestProject, Version=1.0.0.0, Culture=neutral, PublicKeyToken=null" name="Ef_Can_Orm_do_cascaded_deletions" />
    </UnitTest>
    <UnitTest name="Memory_CanSaveTransaction" storage="c:\users\michael\_code\ienablemuch.totheefnhx\testproject\bin\release\testproject.dll" id="6b805790-9c4f-2071-6e55-fbbb337c0021">
      <Execution id="28be3e46-9d5d-4f1a-b3b7-5a12afb82794" />
      <TestMethod codeBase="C:/Users/Michael/_CODE/Ienablemuch.ToTheEfnhX/TestProject/bin/Release/TestProject.DLL" adapterTypeName="Microsoft.VisualStudio.TestTools.TestTypes.Unit.UnitTestAdapter, Microsoft.VisualStudio.QualityTools.Tips.UnitTest.Adapter, Version=10.0.0.0, Culture=neutral, PublicKeyToken=b03f5f7f11d50a3a" className="TestProject.TestTheIRepository, TestProject, Version=1.0.0.0, Culture=neutral, PublicKeyToken=null" name="Memory_CanSaveTransaction" />
    </UnitTest>
    <UnitTest name="Ef_Can_Orm_Merge_Can_Update" storage="c:\users\michael\_code\ienablemuch.totheefnhx\testproject\bin\release\testproject.dll" id="3a1e9fe6-a4ce-9adb-c086-11052cee98b6">
      <Execution id="a546cea2-ec2d-44fa-97fc-7656fd4f3c05" />
      <TestMethod codeBase="C:/Users/Michael/_CODE/Ienablemuch.ToTheEfnhX/TestProject/bin/Release/TestProject.DLL" adapterTypeName="Microsoft.VisualStudio.TestTools.TestTypes.Unit.UnitTestAdapter, Microsoft.VisualStudio.QualityTools.Tips.UnitTest.Adapter, Version=10.0.0.0, Culture=neutral, PublicKeyToken=b03f5f7f11d50a3a" className="TestProject.TestTheIRepository, TestProject, Version=1.0.0.0, Culture=neutral, PublicKeyToken=null" name="Ef_Can_Orm_Merge_Can_Update" />
    </UnitTest>
    <UnitTest name="Ef_CanDelete" storage="c:\users\michael\_code\ienablemuch.totheefnhx\testproject\bin\release\testproject.dll" id="c3da4334-35ea-a9c1-5cbf-c1daa7323978">
      <Execution id="726e6ed4-3064-4e82-9235-a074210e2d5f" />
      <TestMethod codeBase="C:/Users/Michael/_CODE/Ienablemuch.ToTheEfnhX/TestProject/bin/Release/TestProject.DLL" adapterTypeName="Microsoft.VisualStudio.TestTools.TestTypes.Unit.UnitTestAdapter, Microsoft.VisualStudio.QualityTools.Tips.UnitTest.Adapter, Version=10.0.0.0, Culture=neutral, PublicKeyToken=b03f5f7f11d50a3a" className="TestProject.TestTheIRepository, TestProject, Version=1.0.0.0, Culture=neutral, PublicKeyToken=null" name="Ef_CanDelete" />
    </UnitTest>
    <UnitTest name="Ef_Can_queue_changes" storage="c:\users\michael\_code\ienablemuch.totheefnhx\testproject\bin\release\testproject.dll" id="ffcba511-cdf9-ce52-fd62-900fe7820ecc">
      <Execution id="dd517907-66fa-4cc2-b044-0b62606533e5" />
      <TestMethod codeBase="C:/Users/Michael/_CODE/Ienablemuch.ToTheEfnhX/TestProject/bin/Release/TestProject.DLL" adapterTypeName="Microsoft.VisualStudio.TestTools.TestTypes.Unit.UnitTestAdapter, Microsoft.VisualStudio.QualityTools.Tips.UnitTest.Adapter, Version=10.0.0.0, Culture=neutral, PublicKeyToken=b03f5f7f11d50a3a" className="TestProject.TestTheIRepository, TestProject, Version=1.0.0.0, Culture=neutral, PublicKeyToken=null" name="Ef_Can_queue_changes" />
    </UnitTest>
    <UnitTest name="Fetching_strategies_of_EntityFramework_helper_has_no_problem_on_mocked_IQueryable" storage="c:\users\michael\_code\ienablemuch.totheefnhx\testproject\bin\release\testproject.dll" id="c8cf96fa-83e0-e026-64af-f003abc95103">
      <Execution id="4fa069a8-21d2-423e-a625-dfb1b9554afb" />
      <TestMethod codeBase="C:/Users/Michael/_CODE/Ienablemuch.ToTheEfnhX/TestProject/bin/Release/TestProject.DLL" adapterTypeName="Microsoft.VisualStudio.TestTools.TestTypes.Unit.UnitTestAdapter, Microsoft.VisualStudio.QualityTools.Tips.UnitTest.Adapter, Version=10.0.0.0, Culture=neutral, PublicKeyToken=b03f5f7f11d50a3a" className="TestProject.TestTheIRepository, TestProject, Version=1.0.0.0, Culture=neutral, PublicKeyToken=null" name="Fetching_strategies_of_EntityFramework_helper_has_no_problem_on_mocked_IQueryable" />
    </UnitTest>
    <UnitTest name="Memory_CanDetectUpdateConflictingDelete" storage="c:\users\michael\_code\ienablemuch.totheefnhx\testproject\bin\release\testproject.dll" id="314cd11d-882d-0d0a-f196-b0f474ca8700">
      <Execution id="82961bb5-18d8-4a0c-b710-6451c7e9c49f" />
      <TestMethod codeBase="C:/Users/Michael/_CODE/Ienablemuch.ToTheEfnhX/TestProject/bin/Release/TestProject.DLL" adapterTypeName="Microsoft.VisualStudio.TestTools.TestTypes.Unit.UnitTestAdapter, Microsoft.VisualStudio.QualityTools.Tips.UnitTest.Adapter, Version=10.0.0.0, Culture=neutral, PublicKeyToken=b03f5f7f11d50a3a" className="TestProject.TestTheIRepository, TestProject, Version=1.0.0.0, Culture=neutral, PublicKeyToken=null" name="Memory_CanDetectUpdateConflictingDelete" />
    </UnitTest>
    <UnitTest name="Nh_Can_queue_changes" storage="c:\users\michael\_code\ienablemuch.totheefnhx\testproject\bin\release\testproject.dll" id="8ae0b4b0-ccc4-fc93-736a-72af24764f70">
      <Execution id="228f2d3b-d620-4334-ab0b-71e49d10d603" />
      <TestMethod codeBase="C:/Users/Michael/_CODE/Ienablemuch.ToTheEfnhX/TestProject/bin/Release/TestProject.DLL" adapterTypeName="Microsoft.VisualStudio.TestTools.TestTypes.Unit.UnitTestAdapter, Microsoft.VisualStudio.QualityTools.Tips.UnitTest.Adapter, Version=10.0.0.0, Culture=neutral, PublicKeyToken=b03f5f7f11d50a3a" className="TestProject.TestTheIRepository, TestProject, Version=1.0.0.0, Culture=neutral, PublicKeyToken=null" name="Nh_Can_queue_changes" />
    </UnitTest>
    <UnitTest name="Nh_Can_Detect_Transaction_From_Session_Begin_Transaction" storage="c:\users\michael\_code\ienablemuch.totheefnhx\testproject\bin\release\testproject.dll" id="55b9acb6-c8fa-83e2-62ec-c3bb6a6ae6ad">
      <Execution id="3bc74058-e6cb-45df-bd88-7a09dc004577" />
      <TestMethod codeBase="C:/Users/Michael/_CODE/Ienablemuch.ToTheEfnhX/TestProject/bin/Release/TestProject.DLL" adapterTypeName="Microsoft.VisualStudio.TestTools.TestTypes.Unit.UnitTestAdapter, Microsoft.VisualStudio.QualityTools.Tips.UnitTest.Adapter, Version=10.0.0.0, Culture=neutral, PublicKeyToken=b03f5f7f11d50a3a" className="TestProject.TestTheIRepository, TestProject, Version=1.0.0.0, Culture=neutral, PublicKeyToken=null" name="Nh_Can_Detect_Transaction_From_Session_Begin_Transaction" />
    </UnitTest>
    <UnitTest name="Nh_CanDetectDeleteConflictingDelete" storage="c:\users\michael\_code\ienablemuch.totheefnhx\testproject\bin\release\testproject.dll" id="8557e6ab-47d2-b8b1-2926-0bb94a2d505d">
      <Execution id="d4a548f4-ff55-43d1-97f4-5a612d26cdc6" />
      <TestMethod codeBase="C:/Users/Michael/_CODE/Ienablemuch.ToTheEfnhX/TestProject/bin/Release/TestProject.DLL" adapterTypeName="Microsoft.VisualStudio.TestTools.TestTypes.Unit.UnitTestAdapter, Microsoft.VisualStudio.QualityTools.Tips.UnitTest.Adapter, Version=10.0.0.0, Culture=neutral, PublicKeyToken=b03f5f7f11d50a3a" className="TestProject.TestTheIRepository, TestProject, Version=1.0.0.0, Culture=neutral, PublicKeyToken=null" name="Nh_CanDetectDeleteConflictingDelete" />
    </UnitTest>
    <UnitTest name="Memory_CanSave" storage="c:\users\michael\_code\ienablemuch.totheefnhx\testproject\bin\release\testproject.dll" id="8c5d9d25-e5b8-63c8-9c42-cebb67787fde">
      <Execution id="3f9d7379-beee-4b57-9217-781b5c879d67" />
      <TestMethod codeBase="C:/Users/Michael/_CODE/Ienablemuch.ToTheEfnhX/TestProject/bin/Release/TestProject.DLL" adapterTypeName="Microsoft.VisualStudio.TestTools.TestTypes.Unit.UnitTestAdapter, Microsoft.VisualStudio.QualityTools.Tips.UnitTest.Adapter, Version=10.0.0.0, Culture=neutral, PublicKeyToken=b03f5f7f11d50a3a" className="TestProject.TestTheIRepository, TestProject, Version=1.0.0.0, Culture=neutral, PublicKeyToken=null" name="Memory_CanSave" />
    </UnitTest>
    <UnitTest name="Can_do_deep_clone" storage="c:\users\michael\_code\ienablemuch.totheefnhx\testproject\bin\release\testproject.dll" id="f7d7cfdb-4468-5c56-7540-afe0d55e093a">
      <Execution id="85e0ca98-30cd-438d-aafb-06db4d74a2dd" />
      <TestMethod codeBase="C:/Users/Michael/_CODE/Ienablemuch.ToTheEfnhX/TestProject/bin/Release/TestProject.DLL" adapterTypeName="Microsoft.VisualStudio.TestTools.TestTypes.Unit.UnitTestAdapter, Microsoft.VisualStudio.QualityTools.Tips.UnitTest.Adapter, Version=10.0.0.0, Culture=neutral, PublicKeyToken=b03f5f7f11d50a3a" className="TestProject.TestTheIRepository, TestProject, Version=1.0.0.0, Culture=neutral, PublicKeyToken=null" name="Can_do_deep_clone" />
    </UnitTest>
    <UnitTest name="Ef_CanDetectDeleteConflictingUpdate" storage="c:\users\michael\_code\ienablemuch.totheefnhx\testproject\bin\release\testproject.dll" id="8bf5c997-85a0-f72e-564a-9d66e659263c">
      <Execution id="c3132fd0-5977-4617-9de3-e29b7af7599a" />
      <TestMethod codeBase="C:/Users/Michael/_CODE/Ienablemuch.ToTheEfnhX/TestProject/bin/Release/TestProject.DLL" adapterTypeName="Microsoft.VisualStudio.TestTools.TestTypes.Unit.UnitTestAdapter, Microsoft.VisualStudio.QualityTools.Tips.UnitTest.Adapter, Version=10.0.0.0, Culture=neutral, PublicKeyToken=b03f5f7f11d50a3a" className="TestProject.TestTheIRepository, TestProject, Version=1.0.0.0, Culture=neutral, PublicKeyToken=null" name="Ef_CanDetectDeleteConflictingUpdate" />
    </UnitTest>
    <UnitTest name="Memory_CanDelete" storage="c:\users\michael\_code\ienablemuch.totheefnhx\testproject\bin\release\testproject.dll" id="4eb22f5f-6a6e-dede-7dcd-8a02b2b7eecd">
      <Execution id="008e688f-2194-4a71-9eae-aba6990501c2" />
      <TestMethod codeBase="C:/Users/Michael/_CODE/Ienablemuch.ToTheEfnhX/TestProject/bin/Release/TestProject.DLL" adapterTypeName="Microsoft.VisualStudio.TestTools.TestTypes.Unit.UnitTestAdapter, Microsoft.VisualStudio.QualityTools.Tips.UnitTest.Adapter, Version=10.0.0.0, Culture=neutral, PublicKeyToken=b03f5f7f11d50a3a" className="TestProject.TestTheIRepository, TestProject, Version=1.0.0.0, Culture=neutral, PublicKeyToken=null" name="Memory_CanDelete" />
    </UnitTest>
    <UnitTest name="Memory_CanHaveIncrementingKey" storage="c:\users\michael\_code\ienablemuch.totheefnhx\testproject\bin\release\testproject.dll" id="c5220795-75d7-ce76-adb5-6a1d661e1fb0">
      <Execution id="03f4379d-513a-4eac-aab6-8c4bf06ca0ad" />
      <TestMethod codeBase="C:/Users/Michael/_CODE/Ienablemuch.ToTheEfnhX/TestProject/bin/Release/TestProject.DLL" adapterTypeName="Microsoft.VisualStudio.TestTools.TestTypes.Unit.UnitTestAdapter, Microsoft.VisualStudio.QualityTools.Tips.UnitTest.Adapter, Version=10.0.0.0, Culture=neutral, PublicKeyToken=b03f5f7f11d50a3a" className="TestProject.TestTheIRepository, TestProject, Version=1.0.0.0, Culture=neutral, PublicKeyToken=null" name="Memory_CanHaveIncrementingKey" />
    </UnitTest>
    <UnitTest name="Memory_CanDetectUpdateConflictingUpdate" storage="c:\users\michael\_code\ienablemuch.totheefnhx\testproject\bin\release\testproject.dll" id="385b97ed-767a-46eb-ce77-8402dbdb924a">
      <Execution id="3b219cd4-3ba6-4e18-9b20-64c82a67e77d" />
      <TestMethod codeBase="C:/Users/Michael/_CODE/Ienablemuch.ToTheEfnhX/TestProject/bin/Release/TestProject.DLL" adapterTypeName="Microsoft.VisualStudio.TestTools.TestTypes.Unit.UnitTestAdapter, Microsoft.VisualStudio.QualityTools.Tips.UnitTest.Adapter, Version=10.0.0.0, Culture=neutral, PublicKeyToken=b03f5f7f11d50a3a" className="TestProject.TestTheIRepository, TestProject, Version=1.0.0.0, Culture=neutral, PublicKeyToken=null" name="Memory_CanDetectUpdateConflictingUpdate" />
    </UnitTest>
    <UnitTest name="Ef_Can_rollback_transaction" storage="c:\users\michael\_code\ienablemuch.totheefnhx\testproject\bin\release\testproject.dll" id="ef9db0bb-63c6-f8c2-c180-d50d1ce2ca5b">
      <Execution id="0c6e054b-b7f5-489c-a62c-6d40c4d18373" />
      <TestMethod codeBase="C:/Users/Michael/_CODE/Ienablemuch.ToTheEfnhX/TestProject/bin/Release/TestProject.DLL" adapterTypeName="Microsoft.VisualStudio.TestTools.TestTypes.Unit.UnitTestAdapter, Microsoft.VisualStudio.QualityTools.Tips.UnitTest.Adapter, Version=10.0.0.0, Culture=neutral, PublicKeyToken=b03f5f7f11d50a3a" className="TestProject.TestTheIRepository, TestProject, Version=1.0.0.0, Culture=neutral, PublicKeyToken=null" name="Ef_Can_rollback_transaction" />
    </UnitTest>
    <UnitTest name="Nh_Can_save_transaction" storage="c:\users\michael\_code\ienablemuch.totheefnhx\testproject\bin\release\testproject.dll" id="d14d6d4a-1363-e36e-8cf9-c1c992b9e243">
      <Execution id="ffaf7118-f1d4-414c-9c57-2d5a6dcdd7f3" />
      <TestMethod codeBase="C:/Users/Michael/_CODE/Ienablemuch.ToTheEfnhX/TestProject/bin/Release/TestProject.DLL" adapterTypeName="Microsoft.VisualStudio.TestTools.TestTypes.Unit.UnitTestAdapter, Microsoft.VisualStudio.QualityTools.Tips.UnitTest.Adapter, Version=10.0.0.0, Culture=neutral, PublicKeyToken=b03f5f7f11d50a3a" className="TestProject.TestTheIRepository, TestProject, Version=1.0.0.0, Culture=neutral, PublicKeyToken=null" name="Nh_Can_save_transaction" />
    </UnitTest>
    <UnitTest name="Nh_CanSaveHeaderDetail" storage="c:\users\michael\_code\ienablemuch.totheefnhx\testproject\bin\release\testproject.dll" id="f68ad391-23ca-2766-d2b2-8731589ef39b">
      <Execution id="1e2a473f-305e-4b19-947e-7da4f0b419d3" />
      <TestMethod codeBase="C:/Users/Michael/_CODE/Ienablemuch.ToTheEfnhX/TestProject/bin/Release/TestProject.DLL" adapterTypeName="Microsoft.VisualStudio.TestTools.TestTypes.Unit.UnitTestAdapter, Microsoft.VisualStudio.QualityTools.Tips.UnitTest.Adapter, Version=10.0.0.0, Culture=neutral, PublicKeyToken=b03f5f7f11d50a3a" className="TestProject.TestTheIRepository, TestProject, Version=1.0.0.0, Culture=neutral, PublicKeyToken=null" name="Nh_CanSaveHeaderDetail" />
    </UnitTest>
    <UnitTest name="Nh_Can_rollback_transaction" storage="c:\users\michael\_code\ienablemuch.totheefnhx\testproject\bin\release\testproject.dll" id="498581d4-9097-59b7-1a75-c07c04a53675">
      <Execution id="d61a7103-ab50-4b5d-a52a-37d6bacc3daa" />
      <TestMethod codeBase="C:/Users/Michael/_CODE/Ienablemuch.ToTheEfnhX/TestProject/bin/Release/TestProject.DLL" adapterTypeName="Microsoft.VisualStudio.TestTools.TestTypes.Unit.UnitTestAdapter, Microsoft.VisualStudio.QualityTools.Tips.UnitTest.Adapter, Version=10.0.0.0, Culture=neutral, PublicKeyToken=b03f5f7f11d50a3a" className="TestProject.TestTheIRepository, TestProject, Version=1.0.0.0, Culture=neutral, PublicKeyToken=null" name="Nh_Can_rollback_transaction" />
    </UnitTest>
    <UnitTest name="Memory_CanDetectDeleteConflictingUpdate" storage="c:\users\michael\_code\ienablemuch.totheefnhx\testproject\bin\release\testproject.dll" id="9608206a-383a-828f-299c-2c493d95d886">
      <Execution id="efede815-3893-4267-81b6-5b5a1dcb0a50" />
      <TestMethod codeBase="C:/Users/Michael/_CODE/Ienablemuch.ToTheEfnhX/TestProject/bin/Release/TestProject.DLL" adapterTypeName="Microsoft.VisualStudio.TestTools.TestTypes.Unit.UnitTestAdapter, Microsoft.VisualStudio.QualityTools.Tips.UnitTest.Adapter, Version=10.0.0.0, Culture=neutral, PublicKeyToken=b03f5f7f11d50a3a" className="TestProject.TestTheIRepository, TestProject, Version=1.0.0.0, Culture=neutral, PublicKeyToken=null" name="Memory_CanDetectDeleteConflictingUpdate" />
    </UnitTest>
    <UnitTest name="Nh_CanDetectUpdateConflictingUpdate" storage="c:\users\michael\_code\ienablemuch.totheefnhx\testproject\bin\release\testproject.dll" id="7b0e110e-2e6a-879c-359f-7b225fdba37f">
      <Execution id="df062c09-c880-4093-b85a-2b94ab1d32aa" />
      <TestMethod codeBase="C:/Users/Michael/_CODE/Ienablemuch.ToTheEfnhX/TestProject/bin/Release/TestProject.DLL" adapterTypeName="Microsoft.VisualStudio.TestTools.TestTypes.Unit.UnitTestAdapter, Microsoft.VisualStudio.QualityTools.Tips.UnitTest.Adapter, Version=10.0.0.0, Culture=neutral, PublicKeyToken=b03f5f7f11d50a3a" className="TestProject.TestTheIRepository, TestProject, Version=1.0.0.0, Culture=neutral, PublicKeyToken=null" name="Nh_CanDetectUpdateConflictingUpdate" />
    </UnitTest>
    <UnitTest name="Nh_Can_Detect_Transaction_From_Session_Transaction_Begin" storage="c:\users\michael\_code\ienablemuch.totheefnhx\testproject\bin\release\testproject.dll" id="35cdc240-50c9-1325-cb02-2e20cf8d0e6b">
      <Execution id="b162132e-fb8f-418c-86dc-20e256823d3d" />
      <TestMethod codeBase="C:/Users/Michael/_CODE/Ienablemuch.ToTheEfnhX/TestProject/bin/Release/TestProject.DLL" adapterTypeName="Microsoft.VisualStudio.TestTools.TestTypes.Unit.UnitTestAdapter, Microsoft.VisualStudio.QualityTools.Tips.UnitTest.Adapter, Version=10.0.0.0, Culture=neutral, PublicKeyToken=b03f5f7f11d50a3a" className="TestProject.TestTheIRepository, TestProject, Version=1.0.0.0, Culture=neutral, PublicKeyToken=null" name="Nh_Can_Detect_Transaction_From_Session_Transaction_Begin" />
    </UnitTest>
    <UnitTest name="Ef_CanHaveIncrementingKey" storage="c:\users\michael\_code\ienablemuch.totheefnhx\testproject\bin\release\testproject.dll" id="e392eca5-e91b-ff0f-619e-8a24d0ecbe68">
      <Execution id="a1c29acd-b318-49ab-819d-c40fb02a6ea0" />
      <TestMethod codeBase="C:/Users/Michael/_CODE/Ienablemuch.ToTheEfnhX/TestProject/bin/Release/TestProject.DLL" adapterTypeName="Microsoft.VisualStudio.TestTools.TestTypes.Unit.UnitTestAdapter, Microsoft.VisualStudio.QualityTools.Tips.UnitTest.Adapter, Version=10.0.0.0, Culture=neutral, PublicKeyToken=b03f5f7f11d50a3a" className="TestProject.TestTheIRepository, TestProject, Version=1.0.0.0, Culture=neutral, PublicKeyToken=null" name="Ef_CanHaveIncrementingKey" />
    </UnitTest>
    <UnitTest name="Nh_CanSave" storage="c:\users\michael\_code\ienablemuch.totheefnhx\testproject\bin\release\testproject.dll" id="c9750689-b2a7-1965-bbd3-0c2f5eda3fb2">
      <Execution id="a243dbd8-157c-4899-9415-05f78d4a16e5" />
      <TestMethod codeBase="C:/Users/Michael/_CODE/Ienablemuch.ToTheEfnhX/TestProject/bin/Release/TestProject.DLL" adapterTypeName="Microsoft.VisualStudio.TestTools.TestTypes.Unit.UnitTestAdapter, Microsoft.VisualStudio.QualityTools.Tips.UnitTest.Adapter, Version=10.0.0.0, Culture=neutral, PublicKeyToken=b03f5f7f11d50a3a" className="TestProject.TestTheIRepository, TestProject, Version=1.0.0.0, Culture=neutral, PublicKeyToken=null" name="Nh_CanSave" />
    </UnitTest>
    <UnitTest name="Nh_CanDelete" storage="c:\users\michael\_code\ienablemuch.totheefnhx\testproject\bin\release\testproject.dll" id="f3b46671-4362-7dc3-90a0-0fcbe80e34d8">
      <Execution id="6f938c63-2cfa-4137-bff8-7e15f3b9f992" />
      <TestMethod codeBase="C:/Users/Michael/_CODE/Ienablemuch.ToTheEfnhX/TestProject/bin/Release/TestProject.DLL" adapterTypeName="Microsoft.VisualStudio.TestTools.TestTypes.Unit.UnitTestAdapter, Microsoft.VisualStudio.QualityTools.Tips.UnitTest.Adapter, Version=10.0.0.0, Culture=neutral, PublicKeyToken=b03f5f7f11d50a3a" className="TestProject.TestTheIRepository, TestProject, Version=1.0.0.0, Culture=neutral, PublicKeyToken=null" name="Nh_CanDelete" />
    </UnitTest>
    <UnitTest name="Ef_CanSaveHeaderDetail" storage="c:\users\michael\_code\ienablemuch.totheefnhx\testproject\bin\release\testproject.dll" id="ecf5b477-cdd8-3508-c195-40a64bc26f00">
      <Execution id="ae2f4a27-a6ae-4a92-b3d5-3e8b38eedf55" />
      <TestMethod codeBase="C:/Users/Michael/_CODE/Ienablemuch.ToTheEfnhX/TestProject/bin/Release/TestProject.DLL" adapterTypeName="Microsoft.VisualStudio.TestTools.TestTypes.Unit.UnitTestAdapter, Microsoft.VisualStudio.QualityTools.Tips.UnitTest.Adapter, Version=10.0.0.0, Culture=neutral, PublicKeyToken=b03f5f7f11d50a3a" className="TestProject.TestTheIRepository, TestProject, Version=1.0.0.0, Culture=neutral, PublicKeyToken=null" name="Ef_CanSaveHeaderDetail" />
    </UnitTest>
    <UnitTest name="Memory_HasRowVersion" storage="c:\users\michael\_code\ienablemuch.totheefnhx\testproject\bin\release\testproject.dll" id="0947b967-fff8-9b8d-6688-507250130b49">
      <Execution id="088bbbbf-47d8-4c4d-88ef-d83b6afeb06d" />
      <TestMethod codeBase="C:/Users/Michael/_CODE/Ienablemuch.ToTheEfnhX/TestProject/bin/Release/TestProject.DLL" adapterTypeName="Microsoft.VisualStudio.TestTools.TestTypes.Unit.UnitTestAdapter, Microsoft.VisualStudio.QualityTools.Tips.UnitTest.Adapter, Version=10.0.0.0, Culture=neutral, PublicKeyToken=b03f5f7f11d50a3a" className="TestProject.TestTheIRepository, TestProject, Version=1.0.0.0, Culture=neutral, PublicKeyToken=null" name="Memory_HasRowVersion" />
    </UnitTest>
  </TestDefinitions>
  <TestLists>
    <TestList name="Results Not in a List" id="8c84fa94-04c1-424b-9868-57a2d4851a1d" />
    <TestList name="All Loaded Results" id="19431567-8539-422a-85d7-44ee4e166bda" />
  </TestLists>
  <TestEntries>
    <TestEntry testId="0947b967-fff8-9b8d-6688-507250130b49" executionId="088bbbbf-47d8-4c4d-88ef-d83b6afeb06d" testListId="8c84fa94-04c1-424b-9868-57a2d4851a1d" />
    <TestEntry testId="170c0ff1-28bc-09a2-839b-5ab24853aea8" executionId="df54c48c-f9c9-4719-ba68-4498b3213a66" testListId="8c84fa94-04c1-424b-9868-57a2d4851a1d" />
    <TestEntry testId="24f780e7-822d-62ed-f13e-e2daddc611e1" executionId="0103c248-7893-43c5-95e9-c3ce8ce8a0a7" testListId="8c84fa94-04c1-424b-9868-57a2d4851a1d" />
    <TestEntry testId="314cd11d-882d-0d0a-f196-b0f474ca8700" executionId="82961bb5-18d8-4a0c-b710-6451c7e9c49f" testListId="8c84fa94-04c1-424b-9868-57a2d4851a1d" />
    <TestEntry testId="35cdc240-50c9-1325-cb02-2e20cf8d0e6b" executionId="b162132e-fb8f-418c-86dc-20e256823d3d" testListId="8c84fa94-04c1-424b-9868-57a2d4851a1d" />
    <TestEntry testId="385b97ed-767a-46eb-ce77-8402dbdb924a" executionId="3b219cd4-3ba6-4e18-9b20-64c82a67e77d" testListId="8c84fa94-04c1-424b-9868-57a2d4851a1d" />
    <TestEntry testId="3a1e9fe6-a4ce-9adb-c086-11052cee98b6" executionId="a546cea2-ec2d-44fa-97fc-7656fd4f3c05" testListId="8c84fa94-04c1-424b-9868-57a2d4851a1d" />
    <TestEntry testId="467d17f0-5ec4-24a5-9089-e15ef18964f7" executionId="399bf572-2d77-4085-b55e-5aec95afd0be" testListId="8c84fa94-04c1-424b-9868-57a2d4851a1d" />
    <TestEntry testId="498581d4-9097-59b7-1a75-c07c04a53675" executionId="d61a7103-ab50-4b5d-a52a-37d6bacc3daa" testListId="8c84fa94-04c1-424b-9868-57a2d4851a1d" />
    <TestEntry testId="4bb22a57-9102-06ea-257b-caae673d46d7" executionId="4853855e-b8de-4e41-90a4-c38e1c3d5689" testListId="8c84fa94-04c1-424b-9868-57a2d4851a1d" />
    <TestEntry testId="4eb22f5f-6a6e-dede-7dcd-8a02b2b7eecd" executionId="008e688f-2194-4a71-9eae-aba6990501c2" testListId="8c84fa94-04c1-424b-9868-57a2d4851a1d" />
    <TestEntry testId="55b9acb6-c8fa-83e2-62ec-c3bb6a6ae6ad" executionId="3bc74058-e6cb-45df-bd88-7a09dc004577" testListId="8c84fa94-04c1-424b-9868-57a2d4851a1d" />
    <TestEntry testId="5b9ac5c8-7814-fd36-cd57-f0de0de0fae7" executionId="fc2cf7d0-9c4e-4eea-84a0-def328ef23c6" testListId="8c84fa94-04c1-424b-9868-57a2d4851a1d" />
    <TestEntry testId="5d13769c-6ed9-df33-8e6d-b0cc79c073f2" executionId="b5700be3-5407-43f9-bc3b-4f9b7d904414" testListId="8c84fa94-04c1-424b-9868-57a2d4851a1d" />
    <TestEntry testId="63d9977f-78b2-ba78-f19b-1e84d68eabe8" executionId="c8ff4ff6-7d35-4e77-87e2-3ebc736cbfe7" testListId="8c84fa94-04c1-424b-9868-57a2d4851a1d" />
    <TestEntry testId="6a52032d-db59-8802-47db-20699e8ef053" executionId="6de4d399-18e5-4c9d-b051-3473c6d1c158" testListId="8c84fa94-04c1-424b-9868-57a2d4851a1d" />
    <TestEntry testId="6b805790-9c4f-2071-6e55-fbbb337c0021" executionId="28be3e46-9d5d-4f1a-b3b7-5a12afb82794" testListId="8c84fa94-04c1-424b-9868-57a2d4851a1d" />
    <TestEntry testId="7b0e110e-2e6a-879c-359f-7b225fdba37f" executionId="df062c09-c880-4093-b85a-2b94ab1d32aa" testListId="8c84fa94-04c1-424b-9868-57a2d4851a1d" />
    <TestEntry testId="83330a72-51da-0d0d-d2b2-826b2f6cfd00" executionId="78b5f58e-90c6-4769-8751-3a540104f032" testListId="8c84fa94-04c1-424b-9868-57a2d4851a1d" />
    <TestEntry testId="8557e6ab-47d2-b8b1-2926-0bb94a2d505d" executionId="d4a548f4-ff55-43d1-97f4-5a612d26cdc6" testListId="8c84fa94-04c1-424b-9868-57a2d4851a1d" />
    <TestEntry testId="86150143-fb0b-c807-6c85-448e509331e0" executionId="007bb22c-0461-41b4-8652-544aa9b59f0d" testListId="8c84fa94-04c1-424b-9868-57a2d4851a1d" />
    <TestEntry testId="8ae0b4b0-ccc4-fc93-736a-72af24764f70" executionId="228f2d3b-d620-4334-ab0b-71e49d10d603" testListId="8c84fa94-04c1-424b-9868-57a2d4851a1d" />
    <TestEntry testId="8af4731e-1204-41e4-f479-73db6099844b" executionId="155427b6-78fd-4fd9-b33f-1a8b352644e4" testListId="8c84fa94-04c1-424b-9868-57a2d4851a1d" />
    <TestEntry testId="8bf5c997-85a0-f72e-564a-9d66e659263c" executionId="c3132fd0-5977-4617-9de3-e29b7af7599a" testListId="8c84fa94-04c1-424b-9868-57a2d4851a1d" />
    <TestEntry testId="8c5d9d25-e5b8-63c8-9c42-cebb67787fde" executionId="3f9d7379-beee-4b57-9217-781b5c879d67" testListId="8c84fa94-04c1-424b-9868-57a2d4851a1d" />
    <TestEntry testId="919c9ab6-d8de-ff18-95fc-25bc030735bd" executionId="08e51240-9805-4a48-8976-2996e58fca38" testListId="8c84fa94-04c1-424b-9868-57a2d4851a1d" />
    <TestEntry testId="9608206a-383a-828f-299c-2c493d95d886" executionId="efede815-3893-4267-81b6-5b5a1dcb0a50" testListId="8c84fa94-04c1-424b-9868-57a2d4851a1d" />
    <TestEntry testId="9ce2ff54-3bea-2c09-7986-c83994c1d685" executionId="3a4e3114-159a-473f-be36-9bca3ec0baa8" testListId="8c84fa94-04c1-424b-9868-57a2d4851a1d" />
    <TestEntry testId="a2256363-4989-1fab-e208-96edc389fe3c" executionId="d1916199-555b-4acd-ab7f-11b2cbbed3f4" testListId="8c84fa94-04c1-424b-9868-57a2d4851a1d" />
    <TestEntry testId="a9ed84c2-917f-5ccb-44a7-7e3cea9cd5e0" executionId="5fa16755-6ea2-4df2-b611-40a5b98a10a1" testListId="8c84fa94-04c1-424b-9868-57a2d4851a1d" />
    <TestEntry testId="b9cbda9a-23ca-3458-8bf7-8aa6598f8754" executionId="842a3c6e-54d5-4c79-9fe0-b74276f29c38" testListId="8c84fa94-04c1-424b-9868-57a2d4851a1d" />
    <TestEntry testId="c2e9f01d-6387-7f00-c2a6-71385a796942" executionId="4960265a-72e7-48de-ac3a-4bad9080d566" testListId="8c84fa94-04c1-424b-9868-57a2d4851a1d" />
    <TestEntry testId="c3da4334-35ea-a9c1-5cbf-c1daa7323978" executionId="726e6ed4-3064-4e82-9235-a074210e2d5f" testListId="8c84fa94-04c1-424b-9868-57a2d4851a1d" />
    <TestEntry testId="c5220795-75d7-ce76-adb5-6a1d661e1fb0" executionId="03f4379d-513a-4eac-aab6-8c4bf06ca0ad" testListId="8c84fa94-04c1-424b-9868-57a2d4851a1d" />
    <TestEntry testId="c8cf96fa-83e0-e026-64af-f003abc95103" executionId="4fa069a8-21d2-423e-a625-dfb1b9554afb" testListId="8c84fa94-04c1-424b-9868-57a2d4851a1d" />
    <TestEntry testId="c8ff8ef9-a95a-0779-90f7-6e8188ebefd1" executionId="dc2671ae-d6d3-4cba-9e91-8cc70437cfb1" testListId="8c84fa94-04c1-424b-9868-57a2d4851a1d" />
    <TestEntry testId="c9750689-b2a7-1965-bbd3-0c2f5eda3fb2" executionId="a243dbd8-157c-4899-9415-05f78d4a16e5" testListId="8c84fa94-04c1-424b-9868-57a2d4851a1d" />
    <TestEntry testId="ca3ec696-2df9-55bd-c53c-f732b5c80a68" executionId="7e254d20-7f5b-4bf1-b757-3eb7cf760398" testListId="8c84fa94-04c1-424b-9868-57a2d4851a1d" />
    <TestEntry testId="cdd1ec05-a33a-edaf-1560-6637f27329d2" executionId="2538dcf5-b4dc-4156-b791-eddf1320a448" testListId="8c84fa94-04c1-424b-9868-57a2d4851a1d" />
    <TestEntry testId="d14d6d4a-1363-e36e-8cf9-c1c992b9e243" executionId="ffaf7118-f1d4-414c-9c57-2d5a6dcdd7f3" testListId="8c84fa94-04c1-424b-9868-57a2d4851a1d" />
    <TestEntry testId="d409929f-129a-9686-590d-6472fdfa28e4" executionId="362aec82-ba85-4663-a60d-304f51f19ec6" testListId="8c84fa94-04c1-424b-9868-57a2d4851a1d" />
    <TestEntry testId="dad118fb-1088-58a3-350a-fc5e47173fa9" executionId="915ff188-e795-4da1-a910-e0a495b6433f" testListId="8c84fa94-04c1-424b-9868-57a2d4851a1d" />
    <TestEntry testId="e392eca5-e91b-ff0f-619e-8a24d0ecbe68" executionId="a1c29acd-b318-49ab-819d-c40fb02a6ea0" testListId="8c84fa94-04c1-424b-9868-57a2d4851a1d" />
    <TestEntry testId="e4d36185-e99e-9b3f-8afc-2b7c501afd9a" executionId="ce5016d6-7e44-4509-8f84-8268c10452a0" testListId="8c84fa94-04c1-424b-9868-57a2d4851a1d" />
    <TestEntry testId="ecf5b477-cdd8-3508-c195-40a64bc26f00" executionId="ae2f4a27-a6ae-4a92-b3d5-3e8b38eedf55" testListId="8c84fa94-04c1-424b-9868-57a2d4851a1d" />
    <TestEntry testId="ef9db0bb-63c6-f8c2-c180-d50d1ce2ca5b" executionId="0c6e054b-b7f5-489c-a62c-6d40c4d18373" testListId="8c84fa94-04c1-424b-9868-57a2d4851a1d" />
    <TestEntry testId="f3b46671-4362-7dc3-90a0-0fcbe80e34d8" executionId="6f938c63-2cfa-4137-bff8-7e15f3b9f992" testListId="8c84fa94-04c1-424b-9868-57a2d4851a1d" />
    <TestEntry testId="f473cffe-6acb-bc8c-3c44-48f67f9567de" executionId="5bcb2c73-53b5-4caf-b831-58a6f86ca103" testListId="8c84fa94-04c1-424b-9868-57a2d4851a1d" />
    <TestEntry testId="f5049a26-85f5-2d61-7d0d-3fe36d498d57" executionId="839c2c9b-717c-4cb6-bcee-fe5b34f6ec49" testListId="8c84fa94-04c1-424b-9868-57a2d4851a1d" />
    <TestEntry testId="f68ad391-23ca-2766-d2b2-8731589ef39b" executionId="1e2a473f-305e-4b19-947e-7da4f0b419d3" testListId="8c84fa94-04c1-424b-9868-57a2d4851a1d" />
    <TestEntry testId="f7d7cfdb-4468-5c56-7540-afe0d55e093a" executionId="85e0ca98-30cd-438d-aafb-06db4d74a2dd" testListId="8c84fa94-04c1-424b-9868-57a2d4851a1d" />
    <TestEntry testId="ffcba511-cdf9-ce52-fd62-900fe7820ecc" executionId="dd517907-66fa-4cc2-b044-0b62606533e5" testListId="8c84fa94-04c1-424b-9868-57a2d4851a1d" />
  </TestEntries>
  <Results>
    <UnitTestResult executionId="088bbbbf-47d8-4c4d-88ef-d83b6afeb06d" testId="0947b967-fff8-9b8d-6688-507250130b49" testName="Memory_HasRowVersion" computerName="MICHAEL-PC" duration="00:00:00.0270363" startTime="2012-06-03T10:13:24.9170000+08:00" endTime="2012-06-03T10:13:25.2170000+08:00" testType="13cdc9d9-ddb5-4fa4-a97d-d965ccfc6d4b" outcome="Passed" testListId="8c84fa94-04c1-424b-9868-57a2d4851a1d" relativeResultsDirectory="088bbbbf-47d8-4c4d-88ef-d83b6afeb06d">
    </UnitTestResult>
    <UnitTestResult executionId="df54c48c-f9c9-4719-ba68-4498b3213a66" testId="170c0ff1-28bc-09a2-839b-5ab24853aea8" testName="Nh_Can_Orm_do_cascaded_deletions" computerName="MICHAEL-PC" duration="00:00:01.1361032" startTime="2012-06-03T10:13:25.2260000+08:00" endTime="2012-06-03T10:13:26.3660000+08:00" testType="13cdc9d9-ddb5-4fa4-a97d-d965ccfc6d4b" outcome="Failed" testListId="8c84fa94-04c1-424b-9868-57a2d4851a1d" relativeResultsDirectory="df54c48c-f9c9-4719-ba68-4498b3213a66">
      <Output>
        <ErrorInfo>
          <Message>Test method TestProject.TestTheIRepository.Nh_Can_Orm_do_cascaded_deletions threw exception: 
FluentNHibernate.Cfg.FluentConfigurationException: An invalid or incomplete configuration was used while creating a SessionFactory. Check PotentialReasons collection, and InnerException for more detail.

 ---&gt; FluentNHibernate.Cfg.FluentConfigurationException: An invalid or incomplete configuration was used while creating a SessionFactory. Check PotentialReasons collection, and InnerException for more detail.

 ---&gt; FluentNHibernate.Visitors.ValidationException: The entity 'Question' doesn't have an Id mapped. Use the Id method to map your identity property. For example: Id(x =&gt; x.Id).</Message>
          <StackTrace>    at FluentNHibernate.Visitors.ValidationVisitor.ProcessClass(ClassMapping classMapping) in d:\Builds\FluentNH\src\FluentNHibernate\Visitors\ValidationVisitor.cs:line 20
   at FluentNHibernate.MappingModel.ClassBased.ClassMapping.AcceptVisitor(IMappingModelVisitor visitor) in d:\Builds\FluentNH\src\FluentNHibernate\MappingModel\ClassBased\ClassMapping.cs:line 78
   at FluentNHibernate.Visitors.DefaultMappingModelVisitor.Visit(ClassMapping classMapping) in d:\Builds\FluentNH\src\FluentNHibernate\Visitors\DefaultMappingModelVisitor.cs:line 89
   at FluentNHibernate.MappingModel.HibernateMapping.AcceptVisitor(IMappingModelVisitor visitor) in d:\Builds\FluentNH\src\FluentNHibernate\MappingModel\HibernateMapping.cs:line 37
   at FluentNHibernate.Visitors.DefaultMappingModelVisitor.&lt;Visit&gt;b__0(HibernateMapping x) in d:\Builds\FluentNH\src\FluentNHibernate\Visitors\DefaultMappingModelVisitor.cs:line 79
   at FluentNHibernate.Utils.CollectionExtensions.Each[T](IEnumerable`1 enumerable, Action`1 each) in d:\Builds\FluentNH\src\FluentNHibernate\Utils\CollectionExtensions.cs:line 15
   at FluentNHibernate.Visitors.DefaultMappingModelVisitor.Visit(IEnumerable`1 mappings) in d:\Builds\FluentNH\src\FluentNHibernate\Visitors\DefaultMappingModelVisitor.cs:line 79
   at FluentNHibernate.PersistenceModel.ApplyVisitors(IEnumerable`1 mappings) in d:\Builds\FluentNH\src\FluentNHibernate\PersistenceModel.cs:line 214
   at FluentNHibernate.PersistenceModel.BuildMappings() in d:\Builds\FluentNH\src\FluentNHibernate\PersistenceModel.cs:line 169
   at FluentNHibernate.Automapping.AutoPersistenceModel.BuildMappings() in d:\Builds\FluentNH\src\FluentNHibernate\Automapping\AutoPersistenceModel.cs:line 134
   at FluentNHibernate.PersistenceModel.EnsureMappingsBuilt() in d:\Builds\FluentNH\src\FluentNHibernate\PersistenceModel.cs:line 221
   at FluentNHibernate.PersistenceModel.Configure(Configuration cfg) in d:\Builds\FluentNH\src\FluentNHibernate\PersistenceModel.cs:line 277
   at FluentNHibernate.Automapping.AutoPersistenceModel.Configure(Configuration configuration) in d:\Builds\FluentNH\src\FluentNHibernate\Automapping\AutoPersistenceModel.cs:line 201
   at FluentNHibernate.Cfg.AutoMappingsContainer.Apply(Configuration cfg, PersistenceModel model) in d:\Builds\FluentNH\src\FluentNHibernate\Cfg\AutoMappingsContainer.cs:line 86
   at FluentNHibernate.Cfg.MappingConfiguration.Apply(Configuration cfg) in d:\Builds\FluentNH\src\FluentNHibernate\Cfg\MappingConfiguration.cs:line 80
   at FluentNHibernate.Cfg.FluentConfiguration.BuildConfiguration() in d:\Builds\FluentNH\src\FluentNHibernate\Cfg\FluentConfiguration.cs:line 249
 --- End of inner exception stack trace ---
    at FluentNHibernate.Cfg.FluentConfiguration.BuildConfiguration() in d:\Builds\FluentNH\src\FluentNHibernate\Cfg\FluentConfiguration.cs:line 264
   at FluentNHibernate.Cfg.FluentConfiguration.BuildSessionFactory() in d:\Builds\FluentNH\src\FluentNHibernate\Cfg\FluentConfiguration.cs:line 230
 --- End of inner exception stack trace ---
    at FluentNHibernate.Cfg.FluentConfiguration.BuildSessionFactory() in d:\Builds\FluentNH\src\FluentNHibernate\Cfg\FluentConfiguration.cs:line 235
   at TestProject.NhModelsMapper.GetSessionFactory(String connectionString) in C:\Users\Michael\_CODE\Ienablemuch.ToTheEfnhX\TestProject\NhDbMapper.cs:line 63
   at TestProject.TestTheIRepository.Nh_Can_Orm_do_cascaded_deletions() in C:\Users\Michael\_CODE\Ienablemuch.ToTheEfnhX\TestProject\TestTheIRepository.cs:line 998
</StackTrace>
        </ErrorInfo>
      </Output>
    </UnitTestResult>
    <UnitTestResult executionId="0103c248-7893-43c5-95e9-c3ce8ce8a0a7" testId="24f780e7-822d-62ed-f13e-e2daddc611e1" testName="Fetching_strategies_of_NHibernate_helper_has_no_problem_on_mocked_IQueryable" computerName="MICHAEL-PC" duration="00:00:00.0103585" startTime="2012-06-03T10:13:26.3720000+08:00" endTime="2012-06-03T10:13:26.3980000+08:00" testType="13cdc9d9-ddb5-4fa4-a97d-d965ccfc6d4b" outcome="Passed" testListId="8c84fa94-04c1-424b-9868-57a2d4851a1d" relativeResultsDirectory="0103c248-7893-43c5-95e9-c3ce8ce8a0a7">
    </UnitTestResult>
    <UnitTestResult executionId="82961bb5-18d8-4a0c-b710-6451c7e9c49f" testId="314cd11d-882d-0d0a-f196-b0f474ca8700" testName="Memory_CanDetectUpdateConflictingDelete" computerName="MICHAEL-PC" duration="00:00:00.0022937" startTime="2012-06-03T10:13:26.4060000+08:00" endTime="2012-06-03T10:13:26.4250000+08:00" testType="13cdc9d9-ddb5-4fa4-a97d-d965ccfc6d4b" outcome="Passed" testListId="8c84fa94-04c1-424b-9868-57a2d4851a1d" relativeResultsDirectory="82961bb5-18d8-4a0c-b710-6451c7e9c49f">
    </UnitTestResult>
    <UnitTestResult executionId="b162132e-fb8f-418c-86dc-20e256823d3d" testId="35cdc240-50c9-1325-cb02-2e20cf8d0e6b" testName="Nh_Can_Detect_Transaction_From_Session_Transaction_Begin" computerName="MICHAEL-PC" duration="00:00:00.0211348" startTime="2012-06-03T10:13:26.4310000+08:00" endTime="2012-06-03T10:13:26.4660000+08:00" testType="13cdc9d9-ddb5-4fa4-a97d-d965ccfc6d4b" outcome="Failed" testListId="8c84fa94-04c1-424b-9868-57a2d4851a1d" relativeResultsDirectory="b162132e-fb8f-418c-86dc-20e256823d3d">
      <Output>
        <ErrorInfo>
          <Message>Test method TestProject.TestTheIRepository.Nh_Can_Detect_Transaction_From_Session_Transaction_Begin threw exception: 
FluentNHibernate.Cfg.FluentConfigurationException: An invalid or incomplete configuration was used while creating a SessionFactory. Check PotentialReasons collection, and InnerException for more detail.

 ---&gt; FluentNHibernate.Cfg.FluentConfigurationException: An invalid or incomplete configuration was used while creating a SessionFactory. Check PotentialReasons collection, and InnerException for more detail.

 ---&gt; FluentNHibernate.Visitors.ValidationException: The entity 'Question' doesn't have an Id mapped. Use the Id method to map your identity property. For example: Id(x =&gt; x.Id).</Message>
          <StackTrace>    at FluentNHibernate.Visitors.ValidationVisitor.ProcessClass(ClassMapping classMapping) in d:\Builds\FluentNH\src\FluentNHibernate\Visitors\ValidationVisitor.cs:line 20
   at FluentNHibernate.MappingModel.ClassBased.ClassMapping.AcceptVisitor(IMappingModelVisitor visitor) in d:\Builds\FluentNH\src\FluentNHibernate\MappingModel\ClassBased\ClassMapping.cs:line 78
   at FluentNHibernate.Visitors.DefaultMappingModelVisitor.Visit(ClassMapping classMapping) in d:\Builds\FluentNH\src\FluentNHibernate\Visitors\DefaultMappingModelVisitor.cs:line 89
   at FluentNHibernate.MappingModel.HibernateMapping.AcceptVisitor(IMappingModelVisitor visitor) in d:\Builds\FluentNH\src\FluentNHibernate\MappingModel\HibernateMapping.cs:line 37
   at FluentNHibernate.Visitors.DefaultMappingModelVisitor.&lt;Visit&gt;b__0(HibernateMapping x) in d:\Builds\FluentNH\src\FluentNHibernate\Visitors\DefaultMappingModelVisitor.cs:line 79
   at FluentNHibernate.Utils.CollectionExtensions.Each[T](IEnumerable`1 enumerable, Action`1 each) in d:\Builds\FluentNH\src\FluentNHibernate\Utils\CollectionExtensions.cs:line 15
   at FluentNHibernate.Visitors.DefaultMappingModelVisitor.Visit(IEnumerable`1 mappings) in d:\Builds\FluentNH\src\FluentNHibernate\Visitors\DefaultMappingModelVisitor.cs:line 79
   at FluentNHibernate.PersistenceModel.ApplyVisitors(IEnumerable`1 mappings) in d:\Builds\FluentNH\src\FluentNHibernate\PersistenceModel.cs:line 214
   at FluentNHibernate.PersistenceModel.BuildMappings() in d:\Builds\FluentNH\src\FluentNHibernate\PersistenceModel.cs:line 169
   at FluentNHibernate.Automapping.AutoPersistenceModel.BuildMappings() in d:\Builds\FluentNH\src\FluentNHibernate\Automapping\AutoPersistenceModel.cs:line 134
   at FluentNHibernate.PersistenceModel.EnsureMappingsBuilt() in d:\Builds\FluentNH\src\FluentNHibernate\PersistenceModel.cs:line 221
   at FluentNHibernate.PersistenceModel.Configure(Configuration cfg) in d:\Builds\FluentNH\src\FluentNHibernate\PersistenceModel.cs:line 277
   at FluentNHibernate.Automapping.AutoPersistenceModel.Configure(Configuration configuration) in d:\Builds\FluentNH\src\FluentNHibernate\Automapping\AutoPersistenceModel.cs:line 201
   at FluentNHibernate.Cfg.AutoMappingsContainer.Apply(Configuration cfg, PersistenceModel model) in d:\Builds\FluentNH\src\FluentNHibernate\Cfg\AutoMappingsContainer.cs:line 86
   at FluentNHibernate.Cfg.MappingConfiguration.Apply(Configuration cfg) in d:\Builds\FluentNH\src\FluentNHibernate\Cfg\MappingConfiguration.cs:line 80
   at FluentNHibernate.Cfg.FluentConfiguration.BuildConfiguration() in d:\Builds\FluentNH\src\FluentNHibernate\Cfg\FluentConfiguration.cs:line 249
 --- End of inner exception stack trace ---
    at FluentNHibernate.Cfg.FluentConfiguration.BuildConfiguration() in d:\Builds\FluentNH\src\FluentNHibernate\Cfg\FluentConfiguration.cs:line 264
   at FluentNHibernate.Cfg.FluentConfiguration.BuildSessionFactory() in d:\Builds\FluentNH\src\FluentNHibernate\Cfg\FluentConfiguration.cs:line 230
 --- End of inner exception stack trace ---
    at FluentNHibernate.Cfg.FluentConfiguration.BuildSessionFactory() in d:\Builds\FluentNH\src\FluentNHibernate\Cfg\FluentConfiguration.cs:line 235
   at TestProject.NhModelsMapper.GetSessionFactory(String connectionString) in C:\Users\Michael\_CODE\Ienablemuch.ToTheEfnhX\TestProject\NhDbMapper.cs:line 63
   at TestProject.TestTheIRepository.Nh_Can_Detect_Transaction_From_Session_Transaction_Begin() in C:\Users\Michael\_CODE\Ienablemuch.ToTheEfnhX\TestProject\TestTheIRepository.cs:line 1307
</StackTrace>
        </ErrorInfo>
      </Output>
    </UnitTestResult>
    <UnitTestResult executionId="3b219cd4-3ba6-4e18-9b20-64c82a67e77d" testId="385b97ed-767a-46eb-ce77-8402dbdb924a" testName="Memory_CanDetectUpdateConflictingUpdate" computerName="MICHAEL-PC" duration="00:00:00.0012181" startTime="2012-06-03T10:13:26.4760000+08:00" endTime="2012-06-03T10:13:26.4850000+08:00" testType="13cdc9d9-ddb5-4fa4-a97d-d965ccfc6d4b" outcome="Passed" testListId="8c84fa94-04c1-424b-9868-57a2d4851a1d" relativeResultsDirectory="3b219cd4-3ba6-4e18-9b20-64c82a67e77d">
    </UnitTestResult>
    <UnitTestResult executionId="a546cea2-ec2d-44fa-97fc-7656fd4f3c05" testId="3a1e9fe6-a4ce-9adb-c086-11052cee98b6" testName="Ef_Can_Orm_Merge_Can_Update" computerName="MICHAEL-PC" duration="00:00:00.0551400" startTime="2012-06-03T10:13:26.4930000+08:00" endTime="2012-06-03T10:13:26.5750000+08:00" testType="13cdc9d9-ddb5-4fa4-a97d-d965ccfc6d4b" outcome="Failed" testListId="8c84fa94-04c1-424b-9868-57a2d4851a1d" relativeResultsDirectory="a546cea2-ec2d-44fa-97fc-7656fd4f3c05">
      <Output>
        <ErrorInfo>
          <Message>Test method TestProject.TestTheIRepository.Ef_Can_Orm_Merge_Can_Update threw exception: 
System.MissingMethodException: Method 'TestProject.SampleModel.Question.QuestionId' not found.</Message>
          <StackTrace>    at System.RuntimeType.InvokeMember(String name, BindingFlags bindingFlags, Binder binder, Object target, Object[] providedArgs, ParameterModifier[] modifiers, CultureInfo culture, String[] namedParams)
   at Ienablemuch.ToTheEfnhX.EntityFramework.EfRepository`1.Merge(TEnt ent, Byte[] version) in C:\Users\Michael\_CODE\Ienablemuch.ToTheEfnhX\Ienablemuch.ToTheEfnhX.EntityFramework\EfRepository.cs:line 155
   at TestProject.TestTheIRepository.Refactored_Common_Merge_Arrange_Create(IRepository`1 repo) in C:\Users\Michael\_CODE\Ienablemuch.ToTheEfnhX\TestProject\TestTheIRepository.cs:line 847
   at TestProject.TestTheIRepository.Common_Orm_Merge_Can_Update(IRepository`1 repo) in C:\Users\Michael\_CODE\Ienablemuch.ToTheEfnhX\TestProject\TestTheIRepository.cs:line 799
   at TestProject.TestTheIRepository.Ef_Can_Orm_Merge_Can_Update() in C:\Users\Michael\_CODE\Ienablemuch.ToTheEfnhX\TestProject\TestTheIRepository.cs:line 780
</StackTrace>
        </ErrorInfo>
      </Output>
    </UnitTestResult>
    <UnitTestResult executionId="399bf572-2d77-4085-b55e-5aec95afd0be" testId="467d17f0-5ec4-24a5-9089-e15ef18964f7" testName="Nh_CanDetectDeleteConflictingUpdate" computerName="MICHAEL-PC" duration="00:00:00.0244933" startTime="2012-06-03T10:13:26.5790000+08:00" endTime="2012-06-03T10:13:26.6070000+08:00" testType="13cdc9d9-ddb5-4fa4-a97d-d965ccfc6d4b" outcome="Failed" testListId="8c84fa94-04c1-424b-9868-57a2d4851a1d" relativeResultsDirectory="399bf572-2d77-4085-b55e-5aec95afd0be">
      <Output>
        <ErrorInfo>
          <Message>Test method TestProject.TestTheIRepository.Nh_CanDetectDeleteConflictingUpdate threw exception FluentNHibernate.Cfg.FluentConfigurationException, but exception Ienablemuch.ToTheEfnhX.DbChangesConcurrencyException was expected. Exception message: FluentNHibernate.Cfg.FluentConfigurationException: An invalid or incomplete configuration was used while creating a SessionFactory. Check PotentialReasons collection, and InnerException for more detail.

 ---&gt; FluentNHibernate.Cfg.FluentConfigurationException: An invalid or incomplete configuration was used while creating a SessionFactory. Check PotentialReasons collection, and InnerException for more detail.

 ---&gt; FluentNHibernate.Visitors.ValidationException: The entity 'Question' doesn't have an Id mapped. Use the Id method to map your identity property. For example: Id(x =&gt; x.Id).</Message>
          <StackTrace>    at FluentNHibernate.Visitors.ValidationVisitor.ProcessClass(ClassMapping classMapping) in d:\Builds\FluentNH\src\FluentNHibernate\Visitors\ValidationVisitor.cs:line 20
   at FluentNHibernate.MappingModel.ClassBased.ClassMapping.AcceptVisitor(IMappingModelVisitor visitor) in d:\Builds\FluentNH\src\FluentNHibernate\MappingModel\ClassBased\ClassMapping.cs:line 78
   at FluentNHibernate.Visitors.DefaultMappingModelVisitor.Visit(ClassMapping classMapping) in d:\Builds\FluentNH\src\FluentNHibernate\Visitors\DefaultMappingModelVisitor.cs:line 89
   at FluentNHibernate.MappingModel.HibernateMapping.AcceptVisitor(IMappingModelVisitor visitor) in d:\Builds\FluentNH\src\FluentNHibernate\MappingModel\HibernateMapping.cs:line 37
   at FluentNHibernate.Visitors.DefaultMappingModelVisitor.&lt;Visit&gt;b__0(HibernateMapping x) in d:\Builds\FluentNH\src\FluentNHibernate\Visitors\DefaultMappingModelVisitor.cs:line 79
   at FluentNHibernate.Utils.CollectionExtensions.Each[T](IEnumerable`1 enumerable, Action`1 each) in d:\Builds\FluentNH\src\FluentNHibernate\Utils\CollectionExtensions.cs:line 15
   at FluentNHibernate.Visitors.DefaultMappingModelVisitor.Visit(IEnumerable`1 mappings) in d:\Builds\FluentNH\src\FluentNHibernate\Visitors\DefaultMappingModelVisitor.cs:line 79
   at FluentNHibernate.PersistenceModel.ApplyVisitors(IEnumerable`1 mappings) in d:\Builds\FluentNH\src\FluentNHibernate\PersistenceModel.cs:line 214
   at FluentNHibernate.PersistenceModel.BuildMappings() in d:\Builds\FluentNH\src\FluentNHibernate\PersistenceModel.cs:line 169
   at FluentNHibernate.Automapping.AutoPersistenceModel.BuildMappings() in d:\Builds\FluentNH\src\FluentNHibernate\Automapping\AutoPersistenceModel.cs:line 134
   at FluentNHibernate.PersistenceModel.EnsureMappingsBuilt() in d:\Builds\FluentNH\src\FluentNHibernate\PersistenceModel.cs:line 221
   at FluentNHibernate.PersistenceModel.Configure(Configuration cfg) in d:\Builds\FluentNH\src\FluentNHibernate\PersistenceModel.cs:line 277
   at FluentNHibernate.Automapping.AutoPersistenceModel.Configure(Configuration configuration) in d:\Builds\FluentNH\src\FluentNHibernate\Automapping\AutoPersistenceModel.cs:line 201
   at FluentNHibernate.Cfg.AutoMappingsContainer.Apply(Configuration cfg, PersistenceModel model) in d:\Builds\FluentNH\src\FluentNHibernate\Cfg\AutoMappingsContainer.cs:line 86
   at FluentNHibernate.Cfg.MappingConfiguration.Apply(Configuration cfg) in d:\Builds\FluentNH\src\FluentNHibernate\Cfg\MappingConfiguration.cs:line 80
   at FluentNHibernate.Cfg.FluentConfiguration.BuildConfiguration() in d:\Builds\FluentNH\src\FluentNHibernate\Cfg\FluentConfiguration.cs:line 249
 --- End of inner exception stack trace ---
    at FluentNHibernate.Cfg.FluentConfiguration.BuildConfiguration() in d:\Builds\FluentNH\src\FluentNHibernate\Cfg\FluentConfiguration.cs:line 264
   at FluentNHibernate.Cfg.FluentConfiguration.BuildSessionFactory() in d:\Builds\FluentNH\src\FluentNHibernate\Cfg\FluentConfiguration.cs:line 230
 --- End of inner exception stack trace ---
    at FluentNHibernate.Cfg.FluentConfiguration.BuildSessionFactory() in d:\Builds\FluentNH\src\FluentNHibernate\Cfg\FluentConfiguration.cs:line 235
   at TestProject.NhModelsMapper.GetSessionFactory(String connectionString) in C:\Users\Michael\_CODE\Ienablemuch.ToTheEfnhX\TestProject\NhDbMapper.cs:line 63
   at TestProject.TestTheIRepository.Nh_CanDetectDeleteConflictingUpdate() in C:\Users\Michael\_CODE\Ienablemuch.ToTheEfnhX\TestProject\TestTheIRepository.cs:line 561
</StackTrace>
        </ErrorInfo>
      </Output>
    </UnitTestResult>
    <UnitTestResult executionId="d61a7103-ab50-4b5d-a52a-37d6bacc3daa" testId="498581d4-9097-59b7-1a75-c07c04a53675" testName="Nh_Can_rollback_transaction" computerName="MICHAEL-PC" duration="00:00:00.0225219" startTime="2012-06-03T10:13:26.6110000+08:00" endTime="2012-06-03T10:13:26.6370000+08:00" testType="13cdc9d9-ddb5-4fa4-a97d-d965ccfc6d4b" outcome="Failed" testListId="8c84fa94-04c1-424b-9868-57a2d4851a1d" relativeResultsDirectory="d61a7103-ab50-4b5d-a52a-37d6bacc3daa">
      <Output>
        <ErrorInfo>
          <Message>Test method TestProject.TestTheIRepository.Nh_Can_rollback_transaction threw exception: 
FluentNHibernate.Cfg.FluentConfigurationException: An invalid or incomplete configuration was used while creating a SessionFactory. Check PotentialReasons collection, and InnerException for more detail.

 ---&gt; FluentNHibernate.Cfg.FluentConfigurationException: An invalid or incomplete configuration was used while creating a SessionFactory. Check PotentialReasons collection, and InnerException for more detail.

 ---&gt; FluentNHibernate.Visitors.ValidationException: The entity 'Question' doesn't have an Id mapped. Use the Id method to map your identity property. For example: Id(x =&gt; x.Id).</Message>
          <StackTrace>    at FluentNHibernate.Visitors.ValidationVisitor.ProcessClass(ClassMapping classMapping) in d:\Builds\FluentNH\src\FluentNHibernate\Visitors\ValidationVisitor.cs:line 20
   at FluentNHibernate.MappingModel.ClassBased.ClassMapping.AcceptVisitor(IMappingModelVisitor visitor) in d:\Builds\FluentNH\src\FluentNHibernate\MappingModel\ClassBased\ClassMapping.cs:line 78
   at FluentNHibernate.Visitors.DefaultMappingModelVisitor.Visit(ClassMapping classMapping) in d:\Builds\FluentNH\src\FluentNHibernate\Visitors\DefaultMappingModelVisitor.cs:line 89
   at FluentNHibernate.MappingModel.HibernateMapping.AcceptVisitor(IMappingModelVisitor visitor) in d:\Builds\FluentNH\src\FluentNHibernate\MappingModel\HibernateMapping.cs:line 37
   at FluentNHibernate.Visitors.DefaultMappingModelVisitor.&lt;Visit&gt;b__0(HibernateMapping x) in d:\Builds\FluentNH\src\FluentNHibernate\Visitors\DefaultMappingModelVisitor.cs:line 79
   at FluentNHibernate.Utils.CollectionExtensions.Each[T](IEnumerable`1 enumerable, Action`1 each) in d:\Builds\FluentNH\src\FluentNHibernate\Utils\CollectionExtensions.cs:line 15
   at FluentNHibernate.Visitors.DefaultMappingModelVisitor.Visit(IEnumerable`1 mappings) in d:\Builds\FluentNH\src\FluentNHibernate\Visitors\DefaultMappingModelVisitor.cs:line 79
   at FluentNHibernate.PersistenceModel.ApplyVisitors(IEnumerable`1 mappings) in d:\Builds\FluentNH\src\FluentNHibernate\PersistenceModel.cs:line 214
   at FluentNHibernate.PersistenceModel.BuildMappings() in d:\Builds\FluentNH\src\FluentNHibernate\PersistenceModel.cs:line 169
   at FluentNHibernate.Automapping.AutoPersistenceModel.BuildMappings() in d:\Builds\FluentNH\src\FluentNHibernate\Automapping\AutoPersistenceModel.cs:line 134
   at FluentNHibernate.PersistenceModel.EnsureMappingsBuilt() in d:\Builds\FluentNH\src\FluentNHibernate\PersistenceModel.cs:line 221
   at FluentNHibernate.PersistenceModel.Configure(Configuration cfg) in d:\Builds\FluentNH\src\FluentNHibernate\PersistenceModel.cs:line 277
   at FluentNHibernate.Automapping.AutoPersistenceModel.Configure(Configuration configuration) in d:\Builds\FluentNH\src\FluentNHibernate\Automapping\AutoPersistenceModel.cs:line 201
   at FluentNHibernate.Cfg.AutoMappingsContainer.Apply(Configuration cfg, PersistenceModel model) in d:\Builds\FluentNH\src\FluentNHibernate\Cfg\AutoMappingsContainer.cs:line 86
   at FluentNHibernate.Cfg.MappingConfiguration.Apply(Configuration cfg) in d:\Builds\FluentNH\src\FluentNHibernate\Cfg\MappingConfiguration.cs:line 80
   at FluentNHibernate.Cfg.FluentConfiguration.BuildConfiguration() in d:\Builds\FluentNH\src\FluentNHibernate\Cfg\FluentConfiguration.cs:line 249
 --- End of inner exception stack trace ---
    at FluentNHibernate.Cfg.FluentConfiguration.BuildConfiguration() in d:\Builds\FluentNH\src\FluentNHibernate\Cfg\FluentConfiguration.cs:line 264
   at FluentNHibernate.Cfg.FluentConfiguration.BuildSessionFactory() in d:\Builds\FluentNH\src\FluentNHibernate\Cfg\FluentConfiguration.cs:line 230
 --- End of inner exception stack trace ---
    at FluentNHibernate.Cfg.FluentConfiguration.BuildSessionFactory() in d:\Builds\FluentNH\src\FluentNHibernate\Cfg\FluentConfiguration.cs:line 235
   at TestProject.NhModelsMapper.GetSessionFactory(String connectionString) in C:\Users\Michael\_CODE\Ienablemuch.ToTheEfnhX\TestProject\NhDbMapper.cs:line 63
   at TestProject.TestTheIRepository.Nh_Can_rollback_transaction() in C:\Users\Michael\_CODE\Ienablemuch.ToTheEfnhX\TestProject\TestTheIRepository.cs:line 1131
</StackTrace>
        </ErrorInfo>
      </Output>
    </UnitTestResult>
    <UnitTestResult executionId="4853855e-b8de-4e41-90a4-c38e1c3d5689" testId="4bb22a57-9102-06ea-257b-caae673d46d7" testName="Ef_CanDetectDeleteConflictingDelete" computerName="MICHAEL-PC" duration="00:00:01.0917340" startTime="2012-06-03T10:13:26.6410000+08:00" endTime="2012-06-03T10:13:27.7380000+08:00" testType="13cdc9d9-ddb5-4fa4-a97d-d965ccfc6d4b" outcome="Passed" testListId="8c84fa94-04c1-424b-9868-57a2d4851a1d" relativeResultsDirectory="4853855e-b8de-4e41-90a4-c38e1c3d5689">
    </UnitTestResult>
    <UnitTestResult executionId="008e688f-2194-4a71-9eae-aba6990501c2" testId="4eb22f5f-6a6e-dede-7dcd-8a02b2b7eecd" testName="Memory_CanDelete" computerName="MICHAEL-PC" duration="00:00:00.0061951" startTime="2012-06-03T10:13:27.7430000+08:00" endTime="2012-06-03T10:13:27.7550000+08:00" testType="13cdc9d9-ddb5-4fa4-a97d-d965ccfc6d4b" outcome="Passed" testListId="8c84fa94-04c1-424b-9868-57a2d4851a1d" relativeResultsDirectory="008e688f-2194-4a71-9eae-aba6990501c2">
    </UnitTestResult>
    <UnitTestResult executionId="3bc74058-e6cb-45df-bd88-7a09dc004577" testId="55b9acb6-c8fa-83e2-62ec-c3bb6a6ae6ad" testName="Nh_Can_Detect_Transaction_From_Session_Begin_Transaction" computerName="MICHAEL-PC" duration="00:00:00.0239861" startTime="2012-06-03T10:13:27.7600000+08:00" endTime="2012-06-03T10:13:27.7890000+08:00" testType="13cdc9d9-ddb5-4fa4-a97d-d965ccfc6d4b" outcome="Failed" testListId="8c84fa94-04c1-424b-9868-57a2d4851a1d" relativeResultsDirectory="3bc74058-e6cb-45df-bd88-7a09dc004577">
      <Output>
        <ErrorInfo>
          <Message>Test method TestProject.TestTheIRepository.Nh_Can_Detect_Transaction_From_Session_Begin_Transaction threw exception: 
FluentNHibernate.Cfg.FluentConfigurationException: An invalid or incomplete configuration was used while creating a SessionFactory. Check PotentialReasons collection, and InnerException for more detail.

 ---&gt; FluentNHibernate.Cfg.FluentConfigurationException: An invalid or incomplete configuration was used while creating a SessionFactory. Check PotentialReasons collection, and InnerException for more detail.

 ---&gt; FluentNHibernate.Visitors.ValidationException: The entity 'Question' doesn't have an Id mapped. Use the Id method to map your identity property. For example: Id(x =&gt; x.Id).</Message>
          <StackTrace>    at FluentNHibernate.Visitors.ValidationVisitor.ProcessClass(ClassMapping classMapping) in d:\Builds\FluentNH\src\FluentNHibernate\Visitors\ValidationVisitor.cs:line 20
   at FluentNHibernate.MappingModel.ClassBased.ClassMapping.AcceptVisitor(IMappingModelVisitor visitor) in d:\Builds\FluentNH\src\FluentNHibernate\MappingModel\ClassBased\ClassMapping.cs:line 78
   at FluentNHibernate.Visitors.DefaultMappingModelVisitor.Visit(ClassMapping classMapping) in d:\Builds\FluentNH\src\FluentNHibernate\Visitors\DefaultMappingModelVisitor.cs:line 89
   at FluentNHibernate.MappingModel.HibernateMapping.AcceptVisitor(IMappingModelVisitor visitor) in d:\Builds\FluentNH\src\FluentNHibernate\MappingModel\HibernateMapping.cs:line 37
   at FluentNHibernate.Visitors.DefaultMappingModelVisitor.&lt;Visit&gt;b__0(HibernateMapping x) in d:\Builds\FluentNH\src\FluentNHibernate\Visitors\DefaultMappingModelVisitor.cs:line 79
   at FluentNHibernate.Utils.CollectionExtensions.Each[T](IEnumerable`1 enumerable, Action`1 each) in d:\Builds\FluentNH\src\FluentNHibernate\Utils\CollectionExtensions.cs:line 15
   at FluentNHibernate.Visitors.DefaultMappingModelVisitor.Visit(IEnumerable`1 mappings) in d:\Builds\FluentNH\src\FluentNHibernate\Visitors\DefaultMappingModelVisitor.cs:line 79
   at FluentNHibernate.PersistenceModel.ApplyVisitors(IEnumerable`1 mappings) in d:\Builds\FluentNH\src\FluentNHibernate\PersistenceModel.cs:line 214
   at FluentNHibernate.PersistenceModel.BuildMappings() in d:\Builds\FluentNH\src\FluentNHibernate\PersistenceModel.cs:line 169
   at FluentNHibernate.Automapping.AutoPersistenceModel.BuildMappings() in d:\Builds\FluentNH\src\FluentNHibernate\Automapping\AutoPersistenceModel.cs:line 134
   at FluentNHibernate.PersistenceModel.EnsureMappingsBuilt() in d:\Builds\FluentNH\src\FluentNHibernate\PersistenceModel.cs:line 221
   at FluentNHibernate.PersistenceModel.Configure(Configuration cfg) in d:\Builds\FluentNH\src\FluentNHibernate\PersistenceModel.cs:line 277
   at FluentNHibernate.Automapping.AutoPersistenceModel.Configure(Configuration configuration) in d:\Builds\FluentNH\src\FluentNHibernate\Automapping\AutoPersistenceModel.cs:line 201
   at FluentNHibernate.Cfg.AutoMappingsContainer.Apply(Configuration cfg, PersistenceModel model) in d:\Builds\FluentNH\src\FluentNHibernate\Cfg\AutoMappingsContainer.cs:line 86
   at FluentNHibernate.Cfg.MappingConfiguration.Apply(Configuration cfg) in d:\Builds\FluentNH\src\FluentNHibernate\Cfg\MappingConfiguration.cs:line 80
   at FluentNHibernate.Cfg.FluentConfiguration.BuildConfiguration() in d:\Builds\FluentNH\src\FluentNHibernate\Cfg\FluentConfiguration.cs:line 249
 --- End of inner exception stack trace ---
    at FluentNHibernate.Cfg.FluentConfiguration.BuildConfiguration() in d:\Builds\FluentNH\src\FluentNHibernate\Cfg\FluentConfiguration.cs:line 264
   at FluentNHibernate.Cfg.FluentConfiguration.BuildSessionFactory() in d:\Builds\FluentNH\src\FluentNHibernate\Cfg\FluentConfiguration.cs:line 230
 --- End of inner exception stack trace ---
    at FluentNHibernate.Cfg.FluentConfiguration.BuildSessionFactory() in d:\Builds\FluentNH\src\FluentNHibernate\Cfg\FluentConfiguration.cs:line 235
   at TestProject.NhModelsMapper.GetSessionFactory(String connectionString) in C:\Users\Michael\_CODE\Ienablemuch.ToTheEfnhX\TestProject\NhDbMapper.cs:line 63
   at TestProject.TestTheIRepository.Nh_Can_Detect_Transaction_From_Session_Begin_Transaction() in C:\Users\Michael\_CODE\Ienablemuch.ToTheEfnhX\TestProject\TestTheIRepository.cs:line 1239
</StackTrace>
        </ErrorInfo>
      </Output>
    </UnitTestResult>
    <UnitTestResult executionId="fc2cf7d0-9c4e-4eea-84a0-def328ef23c6" testId="5b9ac5c8-7814-fd36-cd57-f0de0de0fae7" testName="Saving_is_ok" computerName="MICHAEL-PC" duration="00:00:00.0037420" startTime="2012-06-03T10:13:27.7970000+08:00" endTime="2012-06-03T10:13:27.8050000+08:00" testType="13cdc9d9-ddb5-4fa4-a97d-d965ccfc6d4b" outcome="Passed" testListId="8c84fa94-04c1-424b-9868-57a2d4851a1d" relativeResultsDirectory="fc2cf7d0-9c4e-4eea-84a0-def328ef23c6">
    </UnitTestResult>
    <UnitTestResult executionId="b5700be3-5407-43f9-bc3b-4f9b7d904414" testId="5d13769c-6ed9-df33-8e6d-b0cc79c073f2" testName="Nh_CanDetectUpdateConflictingDelete" computerName="MICHAEL-PC" duration="00:00:00.0216661" startTime="2012-06-03T10:13:27.8100000+08:00" endTime="2012-06-03T10:13:27.8350000+08:00" testType="13cdc9d9-ddb5-4fa4-a97d-d965ccfc6d4b" outcome="Failed" testListId="8c84fa94-04c1-424b-9868-57a2d4851a1d" relativeResultsDirectory="b5700be3-5407-43f9-bc3b-4f9b7d904414">
      <Output>
        <ErrorInfo>
          <Message>Test method TestProject.TestTheIRepository.Nh_CanDetectUpdateConflictingDelete threw exception FluentNHibernate.Cfg.FluentConfigurationException, but exception Ienablemuch.ToTheEfnhX.DbChangesConcurrencyException was expected. Exception message: FluentNHibernate.Cfg.FluentConfigurationException: An invalid or incomplete configuration was used while creating a SessionFactory. Check PotentialReasons collection, and InnerException for more detail.

 ---&gt; FluentNHibernate.Cfg.FluentConfigurationException: An invalid or incomplete configuration was used while creating a SessionFactory. Check PotentialReasons collection, and InnerException for more detail.

 ---&gt; FluentNHibernate.Visitors.ValidationException: The entity 'Question' doesn't have an Id mapped. Use the Id method to map your identity property. For example: Id(x =&gt; x.Id).</Message>
          <StackTrace>    at FluentNHibernate.Visitors.ValidationVisitor.ProcessClass(ClassMapping classMapping) in d:\Builds\FluentNH\src\FluentNHibernate\Visitors\ValidationVisitor.cs:line 20
   at FluentNHibernate.MappingModel.ClassBased.ClassMapping.AcceptVisitor(IMappingModelVisitor visitor) in d:\Builds\FluentNH\src\FluentNHibernate\MappingModel\ClassBased\ClassMapping.cs:line 78
   at FluentNHibernate.Visitors.DefaultMappingModelVisitor.Visit(ClassMapping classMapping) in d:\Builds\FluentNH\src\FluentNHibernate\Visitors\DefaultMappingModelVisitor.cs:line 89
   at FluentNHibernate.MappingModel.HibernateMapping.AcceptVisitor(IMappingModelVisitor visitor) in d:\Builds\FluentNH\src\FluentNHibernate\MappingModel\HibernateMapping.cs:line 37
   at FluentNHibernate.Visitors.DefaultMappingModelVisitor.&lt;Visit&gt;b__0(HibernateMapping x) in d:\Builds\FluentNH\src\FluentNHibernate\Visitors\DefaultMappingModelVisitor.cs:line 79
   at FluentNHibernate.Utils.CollectionExtensions.Each[T](IEnumerable`1 enumerable, Action`1 each) in d:\Builds\FluentNH\src\FluentNHibernate\Utils\CollectionExtensions.cs:line 15
   at FluentNHibernate.Visitors.DefaultMappingModelVisitor.Visit(IEnumerable`1 mappings) in d:\Builds\FluentNH\src\FluentNHibernate\Visitors\DefaultMappingModelVisitor.cs:line 79
   at FluentNHibernate.PersistenceModel.ApplyVisitors(IEnumerable`1 mappings) in d:\Builds\FluentNH\src\FluentNHibernate\PersistenceModel.cs:line 214
   at FluentNHibernate.PersistenceModel.BuildMappings() in d:\Builds\FluentNH\src\FluentNHibernate\PersistenceModel.cs:line 169
   at FluentNHibernate.Automapping.AutoPersistenceModel.BuildMappings() in d:\Builds\FluentNH\src\FluentNHibernate\Automapping\AutoPersistenceModel.cs:line 134
   at FluentNHibernate.PersistenceModel.EnsureMappingsBuilt() in d:\Builds\FluentNH\src\FluentNHibernate\PersistenceModel.cs:line 221
   at FluentNHibernate.PersistenceModel.Configure(Configuration cfg) in d:\Builds\FluentNH\src\FluentNHibernate\PersistenceModel.cs:line 277
   at FluentNHibernate.Automapping.AutoPersistenceModel.Configure(Configuration configuration) in d:\Builds\FluentNH\src\FluentNHibernate\Automapping\AutoPersistenceModel.cs:line 201
   at FluentNHibernate.Cfg.AutoMappingsContainer.Apply(Configuration cfg, PersistenceModel model) in d:\Builds\FluentNH\src\FluentNHibernate\Cfg\AutoMappingsContainer.cs:line 86
   at FluentNHibernate.Cfg.MappingConfiguration.Apply(Configuration cfg) in d:\Builds\FluentNH\src\FluentNHibernate\Cfg\MappingConfiguration.cs:line 80
   at FluentNHibernate.Cfg.FluentConfiguration.BuildConfiguration() in d:\Builds\FluentNH\src\FluentNHibernate\Cfg\FluentConfiguration.cs:line 249
 --- End of inner exception stack trace ---
    at FluentNHibernate.Cfg.FluentConfiguration.BuildConfiguration() in d:\Builds\FluentNH\src\FluentNHibernate\Cfg\FluentConfiguration.cs:line 264
   at FluentNHibernate.Cfg.FluentConfiguration.BuildSessionFactory() in d:\Builds\FluentNH\src\FluentNHibernate\Cfg\FluentConfiguration.cs:line 230
 --- End of inner exception stack trace ---
    at FluentNHibernate.Cfg.FluentConfiguration.BuildSessionFactory() in d:\Builds\FluentNH\src\FluentNHibernate\Cfg\FluentConfiguration.cs:line 235
   at TestProject.NhModelsMapper.GetSessionFactory(String connectionString) in C:\Users\Michael\_CODE\Ienablemuch.ToTheEfnhX\TestProject\NhDbMapper.cs:line 63
   at TestProject.TestTheIRepository.Nh_CanDetectUpdateConflictingDelete() in C:\Users\Michael\_CODE\Ienablemuch.ToTheEfnhX\TestProject\TestTheIRepository.cs:line 510
</StackTrace>
        </ErrorInfo>
      </Output>
    </UnitTestResult>
    <UnitTestResult executionId="c8ff4ff6-7d35-4e77-87e2-3ebc736cbfe7" testId="63d9977f-78b2-ba78-f19b-1e84d68eabe8" testName="Nh_CanUpdate" computerName="MICHAEL-PC" duration="00:00:00.0211330" startTime="2012-06-03T10:13:27.8440000+08:00" endTime="2012-06-03T10:13:27.8680000+08:00" testType="13cdc9d9-ddb5-4fa4-a97d-d965ccfc6d4b" outcome="Failed" testListId="8c84fa94-04c1-424b-9868-57a2d4851a1d" relativeResultsDirectory="c8ff4ff6-7d35-4e77-87e2-3ebc736cbfe7">
      <Output>
        <ErrorInfo>
          <Message>Test method TestProject.TestTheIRepository.Nh_CanUpdate threw exception: 
FluentNHibernate.Cfg.FluentConfigurationException: An invalid or incomplete configuration was used while creating a SessionFactory. Check PotentialReasons collection, and InnerException for more detail.

 ---&gt; FluentNHibernate.Cfg.FluentConfigurationException: An invalid or incomplete configuration was used while creating a SessionFactory. Check PotentialReasons collection, and InnerException for more detail.

 ---&gt; FluentNHibernate.Visitors.ValidationException: The entity 'Question' doesn't have an Id mapped. Use the Id method to map your identity property. For example: Id(x =&gt; x.Id).</Message>
          <StackTrace>    at FluentNHibernate.Visitors.ValidationVisitor.ProcessClass(ClassMapping classMapping) in d:\Builds\FluentNH\src\FluentNHibernate\Visitors\ValidationVisitor.cs:line 20
   at FluentNHibernate.MappingModel.ClassBased.ClassMapping.AcceptVisitor(IMappingModelVisitor visitor) in d:\Builds\FluentNH\src\FluentNHibernate\MappingModel\ClassBased\ClassMapping.cs:line 78
   at FluentNHibernate.Visitors.DefaultMappingModelVisitor.Visit(ClassMapping classMapping) in d:\Builds\FluentNH\src\FluentNHibernate\Visitors\DefaultMappingModelVisitor.cs:line 89
   at FluentNHibernate.MappingModel.HibernateMapping.AcceptVisitor(IMappingModelVisitor visitor) in d:\Builds\FluentNH\src\FluentNHibernate\MappingModel\HibernateMapping.cs:line 37
   at FluentNHibernate.Visitors.DefaultMappingModelVisitor.&lt;Visit&gt;b__0(HibernateMapping x) in d:\Builds\FluentNH\src\FluentNHibernate\Visitors\DefaultMappingModelVisitor.cs:line 79
   at FluentNHibernate.Utils.CollectionExtensions.Each[T](IEnumerable`1 enumerable, Action`1 each) in d:\Builds\FluentNH\src\FluentNHibernate\Utils\CollectionExtensions.cs:line 15
   at FluentNHibernate.Visitors.DefaultMappingModelVisitor.Visit(IEnumerable`1 mappings) in d:\Builds\FluentNH\src\FluentNHibernate\Visitors\DefaultMappingModelVisitor.cs:line 79
   at FluentNHibernate.PersistenceModel.ApplyVisitors(IEnumerable`1 mappings) in d:\Builds\FluentNH\src\FluentNHibernate\PersistenceModel.cs:line 214
   at FluentNHibernate.PersistenceModel.BuildMappings() in d:\Builds\FluentNH\src\FluentNHibernate\PersistenceModel.cs:line 169
   at FluentNHibernate.Automapping.AutoPersistenceModel.BuildMappings() in d:\Builds\FluentNH\src\FluentNHibernate\Automapping\AutoPersistenceModel.cs:line 134
   at FluentNHibernate.PersistenceModel.EnsureMappingsBuilt() in d:\Builds\FluentNH\src\FluentNHibernate\PersistenceModel.cs:line 221
   at FluentNHibernate.PersistenceModel.Configure(Configuration cfg) in d:\Builds\FluentNH\src\FluentNHibernate\PersistenceModel.cs:line 277
   at FluentNHibernate.Automapping.AutoPersistenceModel.Configure(Configuration configuration) in d:\Builds\FluentNH\src\FluentNHibernate\Automapping\AutoPersistenceModel.cs:line 201
   at FluentNHibernate.Cfg.AutoMappingsContainer.Apply(Configuration cfg, PersistenceModel model) in d:\Builds\FluentNH\src\FluentNHibernate\Cfg\AutoMappingsContainer.cs:line 86
   at FluentNHibernate.Cfg.MappingConfiguration.Apply(Configuration cfg) in d:\Builds\FluentNH\src\FluentNHibernate\Cfg\MappingConfiguration.cs:line 80
   at FluentNHibernate.Cfg.FluentConfiguration.BuildConfiguration() in d:\Builds\FluentNH\src\FluentNHibernate\Cfg\FluentConfiguration.cs:line 249
 --- End of inner exception stack trace ---
    at FluentNHibernate.Cfg.FluentConfiguration.BuildConfiguration() in d:\Builds\FluentNH\src\FluentNHibernate\Cfg\FluentConfiguration.cs:line 264
   at FluentNHibernate.Cfg.FluentConfiguration.BuildSessionFactory() in d:\Builds\FluentNH\src\FluentNHibernate\Cfg\FluentConfiguration.cs:line 230
 --- End of inner exception stack trace ---
    at FluentNHibernate.Cfg.FluentConfiguration.BuildSessionFactory() in d:\Builds\FluentNH\src\FluentNHibernate\Cfg\FluentConfiguration.cs:line 235
   at TestProject.NhModelsMapper.GetSessionFactory(String connectionString) in C:\Users\Michael\_CODE\Ienablemuch.ToTheEfnhX\TestProject\NhDbMapper.cs:line 63
   at TestProject.TestTheIRepository.Nh_CanUpdate() in C:\Users\Michael\_CODE\Ienablemuch.ToTheEfnhX\TestProject\TestTheIRepository.cs:line 312
</StackTrace>
        </ErrorInfo>
      </Output>
    </UnitTestResult>
    <UnitTestResult executionId="6de4d399-18e5-4c9d-b051-3473c6d1c158" testId="6a52032d-db59-8802-47db-20699e8ef053" testName="Ef_CanSave" computerName="MICHAEL-PC" duration="00:00:00.0194059" startTime="2012-06-03T10:13:27.8710000+08:00" endTime="2012-06-03T10:13:27.8950000+08:00" testType="13cdc9d9-ddb5-4fa4-a97d-d965ccfc6d4b" outcome="Passed" testListId="8c84fa94-04c1-424b-9868-57a2d4851a1d" relativeResultsDirectory="6de4d399-18e5-4c9d-b051-3473c6d1c158">
    </UnitTestResult>
    <UnitTestResult executionId="28be3e46-9d5d-4f1a-b3b7-5a12afb82794" testId="6b805790-9c4f-2071-6e55-fbbb337c0021" testName="Memory_CanSaveTransaction" computerName="MICHAEL-PC" duration="00:00:00.0037679" startTime="2012-06-03T10:13:27.9010000+08:00" endTime="2012-06-03T10:13:27.9090000+08:00" testType="13cdc9d9-ddb5-4fa4-a97d-d965ccfc6d4b" outcome="Passed" testListId="8c84fa94-04c1-424b-9868-57a2d4851a1d" relativeResultsDirectory="28be3e46-9d5d-4f1a-b3b7-5a12afb82794">
    </UnitTestResult>
    <UnitTestResult executionId="df062c09-c880-4093-b85a-2b94ab1d32aa" testId="7b0e110e-2e6a-879c-359f-7b225fdba37f" testName="Nh_CanDetectUpdateConflictingUpdate" computerName="MICHAEL-PC" duration="00:00:00.0344487" startTime="2012-06-03T10:13:27.9160000+08:00" endTime="2012-06-03T10:13:27.9530000+08:00" testType="13cdc9d9-ddb5-4fa4-a97d-d965ccfc6d4b" outcome="Failed" testListId="8c84fa94-04c1-424b-9868-57a2d4851a1d" relativeResultsDirectory="df062c09-c880-4093-b85a-2b94ab1d32aa">
      <Output>
        <ErrorInfo>
          <Message>Test method TestProject.TestTheIRepository.Nh_CanDetectUpdateConflictingUpdate threw exception FluentNHibernate.Cfg.FluentConfigurationException, but exception Ienablemuch.ToTheEfnhX.DbChangesConcurrencyException was expected. Exception message: FluentNHibernate.Cfg.FluentConfigurationException: An invalid or incomplete configuration was used while creating a SessionFactory. Check PotentialReasons collection, and InnerException for more detail.

 ---&gt; FluentNHibernate.Cfg.FluentConfigurationException: An invalid or incomplete configuration was used while creating a SessionFactory. Check PotentialReasons collection, and InnerException for more detail.

 ---&gt; FluentNHibernate.Visitors.ValidationException: The entity 'Question' doesn't have an Id mapped. Use the Id method to map your identity property. For example: Id(x =&gt; x.Id).</Message>
          <StackTrace>    at FluentNHibernate.Visitors.ValidationVisitor.ProcessClass(ClassMapping classMapping) in d:\Builds\FluentNH\src\FluentNHibernate\Visitors\ValidationVisitor.cs:line 20
   at FluentNHibernate.MappingModel.ClassBased.ClassMapping.AcceptVisitor(IMappingModelVisitor visitor) in d:\Builds\FluentNH\src\FluentNHibernate\MappingModel\ClassBased\ClassMapping.cs:line 78
   at FluentNHibernate.Visitors.DefaultMappingModelVisitor.Visit(ClassMapping classMapping) in d:\Builds\FluentNH\src\FluentNHibernate\Visitors\DefaultMappingModelVisitor.cs:line 89
   at FluentNHibernate.MappingModel.HibernateMapping.AcceptVisitor(IMappingModelVisitor visitor) in d:\Builds\FluentNH\src\FluentNHibernate\MappingModel\HibernateMapping.cs:line 37
   at FluentNHibernate.Visitors.DefaultMappingModelVisitor.&lt;Visit&gt;b__0(HibernateMapping x) in d:\Builds\FluentNH\src\FluentNHibernate\Visitors\DefaultMappingModelVisitor.cs:line 79
   at FluentNHibernate.Utils.CollectionExtensions.Each[T](IEnumerable`1 enumerable, Action`1 each) in d:\Builds\FluentNH\src\FluentNHibernate\Utils\CollectionExtensions.cs:line 15
   at FluentNHibernate.Visitors.DefaultMappingModelVisitor.Visit(IEnumerable`1 mappings) in d:\Builds\FluentNH\src\FluentNHibernate\Visitors\DefaultMappingModelVisitor.cs:line 79
   at FluentNHibernate.PersistenceModel.ApplyVisitors(IEnumerable`1 mappings) in d:\Builds\FluentNH\src\FluentNHibernate\PersistenceModel.cs:line 214
   at FluentNHibernate.PersistenceModel.BuildMappings() in d:\Builds\FluentNH\src\FluentNHibernate\PersistenceModel.cs:line 169
   at FluentNHibernate.Automapping.AutoPersistenceModel.BuildMappings() in d:\Builds\FluentNH\src\FluentNHibernate\Automapping\AutoPersistenceModel.cs:line 134
   at FluentNHibernate.PersistenceModel.EnsureMappingsBuilt() in d:\Builds\FluentNH\src\FluentNHibernate\PersistenceModel.cs:line 221
   at FluentNHibernate.PersistenceModel.Configure(Configuration cfg) in d:\Builds\FluentNH\src\FluentNHibernate\PersistenceModel.cs:line 277
   at FluentNHibernate.Automapping.AutoPersistenceModel.Configure(Configuration configuration) in d:\Builds\FluentNH\src\FluentNHibernate\Automapping\AutoPersistenceModel.cs:line 201
   at FluentNHibernate.Cfg.AutoMappingsContainer.Apply(Configuration cfg, PersistenceModel model) in d:\Builds\FluentNH\src\FluentNHibernate\Cfg\AutoMappingsContainer.cs:line 86
   at FluentNHibernate.Cfg.MappingConfiguration.Apply(Configuration cfg) in d:\Builds\FluentNH\src\FluentNHibernate\Cfg\MappingConfiguration.cs:line 80
   at FluentNHibernate.Cfg.FluentConfiguration.BuildConfiguration() in d:\Builds\FluentNH\src\FluentNHibernate\Cfg\FluentConfiguration.cs:line 249
 --- End of inner exception stack trace ---
    at FluentNHibernate.Cfg.FluentConfiguration.BuildConfiguration() in d:\Builds\FluentNH\src\FluentNHibernate\Cfg\FluentConfiguration.cs:line 264
   at FluentNHibernate.Cfg.FluentConfiguration.BuildSessionFactory() in d:\Builds\FluentNH\src\FluentNHibernate\Cfg\FluentConfiguration.cs:line 230
 --- End of inner exception stack trace ---
    at FluentNHibernate.Cfg.FluentConfiguration.BuildSessionFactory() in d:\Builds\FluentNH\src\FluentNHibernate\Cfg\FluentConfiguration.cs:line 235
   at TestProject.NhModelsMapper.GetSessionFactory(String connectionString) in C:\Users\Michael\_CODE\Ienablemuch.ToTheEfnhX\TestProject\NhDbMapper.cs:line 63
   at TestProject.TestTheIRepository.Nh_CanDetectUpdateConflictingUpdate() in C:\Users\Michael\_CODE\Ienablemuch.ToTheEfnhX\TestProject\TestTheIRepository.cs:line 464
</StackTrace>
        </ErrorInfo>
      </Output>
    </UnitTestResult>
    <UnitTestResult executionId="78b5f58e-90c6-4769-8751-3a540104f032" testId="83330a72-51da-0d0d-d2b2-826b2f6cfd00" testName="Nh_SessionTransaction_can_detect_its_own_transaction_commitness_only" computerName="MICHAEL-PC" duration="00:00:00.0210899" startTime="2012-06-03T10:13:27.9570000+08:00" endTime="2012-06-03T10:13:27.9840000+08:00" testType="13cdc9d9-ddb5-4fa4-a97d-d965ccfc6d4b" outcome="Failed" testListId="8c84fa94-04c1-424b-9868-57a2d4851a1d" relativeResultsDirectory="78b5f58e-90c6-4769-8751-3a540104f032">
      <Output>
        <ErrorInfo>
          <Message>Test method TestProject.TestTheIRepository.Nh_SessionTransaction_can_detect_its_own_transaction_commitness_only threw exception: 
FluentNHibernate.Cfg.FluentConfigurationException: An invalid or incomplete configuration was used while creating a SessionFactory. Check PotentialReasons collection, and InnerException for more detail.

 ---&gt; FluentNHibernate.Cfg.FluentConfigurationException: An invalid or incomplete configuration was used while creating a SessionFactory. Check PotentialReasons collection, and InnerException for more detail.

 ---&gt; FluentNHibernate.Visitors.ValidationException: The entity 'Question' doesn't have an Id mapped. Use the Id method to map your identity property. For example: Id(x =&gt; x.Id).</Message>
          <StackTrace>    at FluentNHibernate.Visitors.ValidationVisitor.ProcessClass(ClassMapping classMapping) in d:\Builds\FluentNH\src\FluentNHibernate\Visitors\ValidationVisitor.cs:line 20
   at FluentNHibernate.MappingModel.ClassBased.ClassMapping.AcceptVisitor(IMappingModelVisitor visitor) in d:\Builds\FluentNH\src\FluentNHibernate\MappingModel\ClassBased\ClassMapping.cs:line 78
   at FluentNHibernate.Visitors.DefaultMappingModelVisitor.Visit(ClassMapping classMapping) in d:\Builds\FluentNH\src\FluentNHibernate\Visitors\DefaultMappingModelVisitor.cs:line 89
   at FluentNHibernate.MappingModel.HibernateMapping.AcceptVisitor(IMappingModelVisitor visitor) in d:\Builds\FluentNH\src\FluentNHibernate\MappingModel\HibernateMapping.cs:line 37
   at FluentNHibernate.Visitors.DefaultMappingModelVisitor.&lt;Visit&gt;b__0(HibernateMapping x) in d:\Builds\FluentNH\src\FluentNHibernate\Visitors\DefaultMappingModelVisitor.cs:line 79
   at FluentNHibernate.Utils.CollectionExtensions.Each[T](IEnumerable`1 enumerable, Action`1 each) in d:\Builds\FluentNH\src\FluentNHibernate\Utils\CollectionExtensions.cs:line 15
   at FluentNHibernate.Visitors.DefaultMappingModelVisitor.Visit(IEnumerable`1 mappings) in d:\Builds\FluentNH\src\FluentNHibernate\Visitors\DefaultMappingModelVisitor.cs:line 79
   at FluentNHibernate.PersistenceModel.ApplyVisitors(IEnumerable`1 mappings) in d:\Builds\FluentNH\src\FluentNHibernate\PersistenceModel.cs:line 214
   at FluentNHibernate.PersistenceModel.BuildMappings() in d:\Builds\FluentNH\src\FluentNHibernate\PersistenceModel.cs:line 169
   at FluentNHibernate.Automapping.AutoPersistenceModel.BuildMappings() in d:\Builds\FluentNH\src\FluentNHibernate\Automapping\AutoPersistenceModel.cs:line 134
   at FluentNHibernate.PersistenceModel.EnsureMappingsBuilt() in d:\Builds\FluentNH\src\FluentNHibernate\PersistenceModel.cs:line 221
   at FluentNHibernate.PersistenceModel.Configure(Configuration cfg) in d:\Builds\FluentNH\src\FluentNHibernate\PersistenceModel.cs:line 277
   at FluentNHibernate.Automapping.AutoPersistenceModel.Configure(Configuration configuration) in d:\Builds\FluentNH\src\FluentNHibernate\Automapping\AutoPersistenceModel.cs:line 201
   at FluentNHibernate.Cfg.AutoMappingsContainer.Apply(Configuration cfg, PersistenceModel model) in d:\Builds\FluentNH\src\FluentNHibernate\Cfg\AutoMappingsContainer.cs:line 86
   at FluentNHibernate.Cfg.MappingConfiguration.Apply(Configuration cfg) in d:\Builds\FluentNH\src\FluentNHibernate\Cfg\MappingConfiguration.cs:line 80
   at FluentNHibernate.Cfg.FluentConfiguration.BuildConfiguration() in d:\Builds\FluentNH\src\FluentNHibernate\Cfg\FluentConfiguration.cs:line 249
 --- End of inner exception stack trace ---
    at FluentNHibernate.Cfg.FluentConfiguration.BuildConfiguration() in d:\Builds\FluentNH\src\FluentNHibernate\Cfg\FluentConfiguration.cs:line 264
   at FluentNHibernate.Cfg.FluentConfiguration.BuildSessionFactory() in d:\Builds\FluentNH\src\FluentNHibernate\Cfg\FluentConfiguration.cs:line 230
 --- End of inner exception stack trace ---
    at FluentNHibernate.Cfg.FluentConfiguration.BuildSessionFactory() in d:\Builds\FluentNH\src\FluentNHibernate\Cfg\FluentConfiguration.cs:line 235
   at TestProject.NhModelsMapper.GetSessionFactory(String connectionString) in C:\Users\Michael\_CODE\Ienablemuch.ToTheEfnhX\TestProject\NhDbMapper.cs:line 63
   at TestProject.TestTheIRepository.Nh_SessionTransaction_can_detect_its_own_transaction_commitness_only() in C:\Users\Michael\_CODE\Ienablemuch.ToTheEfnhX\TestProject\TestTheIRepository.cs:line 1292
</StackTrace>
        </ErrorInfo>
      </Output>
    </UnitTestResult>
    <UnitTestResult executionId="d4a548f4-ff55-43d1-97f4-5a612d26cdc6" testId="8557e6ab-47d2-b8b1-2926-0bb94a2d505d" testName="Nh_CanDetectDeleteConflictingDelete" computerName="MICHAEL-PC" duration="00:00:00.0259893" startTime="2012-06-03T10:13:27.9980000+08:00" endTime="2012-06-03T10:13:28.0280000+08:00" testType="13cdc9d9-ddb5-4fa4-a97d-d965ccfc6d4b" outcome="Failed" testListId="8c84fa94-04c1-424b-9868-57a2d4851a1d" relativeResultsDirectory="d4a548f4-ff55-43d1-97f4-5a612d26cdc6">
      <Output>
        <ErrorInfo>
          <Message>Test method TestProject.TestTheIRepository.Nh_CanDetectDeleteConflictingDelete threw exception FluentNHibernate.Cfg.FluentConfigurationException, but exception Ienablemuch.ToTheEfnhX.DbChangesConcurrencyException was expected. Exception message: FluentNHibernate.Cfg.FluentConfigurationException: An invalid or incomplete configuration was used while creating a SessionFactory. Check PotentialReasons collection, and InnerException for more detail.

 ---&gt; FluentNHibernate.Cfg.FluentConfigurationException: An invalid or incomplete configuration was used while creating a SessionFactory. Check PotentialReasons collection, and InnerException for more detail.

 ---&gt; FluentNHibernate.Visitors.ValidationException: The entity 'Question' doesn't have an Id mapped. Use the Id method to map your identity property. For example: Id(x =&gt; x.Id).</Message>
          <StackTrace>    at FluentNHibernate.Visitors.ValidationVisitor.ProcessClass(ClassMapping classMapping) in d:\Builds\FluentNH\src\FluentNHibernate\Visitors\ValidationVisitor.cs:line 20
   at FluentNHibernate.MappingModel.ClassBased.ClassMapping.AcceptVisitor(IMappingModelVisitor visitor) in d:\Builds\FluentNH\src\FluentNHibernate\MappingModel\ClassBased\ClassMapping.cs:line 78
   at FluentNHibernate.Visitors.DefaultMappingModelVisitor.Visit(ClassMapping classMapping) in d:\Builds\FluentNH\src\FluentNHibernate\Visitors\DefaultMappingModelVisitor.cs:line 89
   at FluentNHibernate.MappingModel.HibernateMapping.AcceptVisitor(IMappingModelVisitor visitor) in d:\Builds\FluentNH\src\FluentNHibernate\MappingModel\HibernateMapping.cs:line 37
   at FluentNHibernate.Visitors.DefaultMappingModelVisitor.&lt;Visit&gt;b__0(HibernateMapping x) in d:\Builds\FluentNH\src\FluentNHibernate\Visitors\DefaultMappingModelVisitor.cs:line 79
   at FluentNHibernate.Utils.CollectionExtensions.Each[T](IEnumerable`1 enumerable, Action`1 each) in d:\Builds\FluentNH\src\FluentNHibernate\Utils\CollectionExtensions.cs:line 15
   at FluentNHibernate.Visitors.DefaultMappingModelVisitor.Visit(IEnumerable`1 mappings) in d:\Builds\FluentNH\src\FluentNHibernate\Visitors\DefaultMappingModelVisitor.cs:line 79
   at FluentNHibernate.PersistenceModel.ApplyVisitors(IEnumerable`1 mappings) in d:\Builds\FluentNH\src\FluentNHibernate\PersistenceModel.cs:line 214
   at FluentNHibernate.PersistenceModel.BuildMappings() in d:\Builds\FluentNH\src\FluentNHibernate\PersistenceModel.cs:line 169
   at FluentNHibernate.Automapping.AutoPersistenceModel.BuildMappings() in d:\Builds\FluentNH\src\FluentNHibernate\Automapping\AutoPersistenceModel.cs:line 134
   at FluentNHibernate.PersistenceModel.EnsureMappingsBuilt() in d:\Builds\FluentNH\src\FluentNHibernate\PersistenceModel.cs:line 221
   at FluentNHibernate.PersistenceModel.Configure(Configuration cfg) in d:\Builds\FluentNH\src\FluentNHibernate\PersistenceModel.cs:line 277
   at FluentNHibernate.Automapping.AutoPersistenceModel.Configure(Configuration configuration) in d:\Builds\FluentNH\src\FluentNHibernate\Automapping\AutoPersistenceModel.cs:line 201
   at FluentNHibernate.Cfg.AutoMappingsContainer.Apply(Configuration cfg, PersistenceModel model) in d:\Builds\FluentNH\src\FluentNHibernate\Cfg\AutoMappingsContainer.cs:line 86
   at FluentNHibernate.Cfg.MappingConfiguration.Apply(Configuration cfg) in d:\Builds\FluentNH\src\FluentNHibernate\Cfg\MappingConfiguration.cs:line 80
   at FluentNHibernate.Cfg.FluentConfiguration.BuildConfiguration() in d:\Builds\FluentNH\src\FluentNHibernate\Cfg\FluentConfiguration.cs:line 249
 --- End of inner exception stack trace ---
    at FluentNHibernate.Cfg.FluentConfiguration.BuildConfiguration() in d:\Builds\FluentNH\src\FluentNHibernate\Cfg\FluentConfiguration.cs:line 264
   at FluentNHibernate.Cfg.FluentConfiguration.BuildSessionFactory() in d:\Builds\FluentNH\src\FluentNHibernate\Cfg\FluentConfiguration.cs:line 230
 --- End of inner exception stack trace ---
    at FluentNHibernate.Cfg.FluentConfiguration.BuildSessionFactory() in d:\Builds\FluentNH\src\FluentNHibernate\Cfg\FluentConfiguration.cs:line 235
   at TestProject.NhModelsMapper.GetSessionFactory(String connectionString) in C:\Users\Michael\_CODE\Ienablemuch.ToTheEfnhX\TestProject\NhDbMapper.cs:line 63
   at TestProject.TestTheIRepository.Nh_CanDetectDeleteConflictingDelete() in C:\Users\Michael\_CODE\Ienablemuch.ToTheEfnhX\TestProject\TestTheIRepository.cs:line 609
</StackTrace>
        </ErrorInfo>
      </Output>
    </UnitTestResult>
    <UnitTestResult executionId="007bb22c-0461-41b4-8652-544aa9b59f0d" testId="86150143-fb0b-c807-6c85-448e509331e0" testName="Ef_HasRowVersion" computerName="MICHAEL-PC" duration="00:00:00.0217360" startTime="2012-06-03T10:13:28.0320000+08:00" endTime="2012-06-03T10:13:28.0620000+08:00" testType="13cdc9d9-ddb5-4fa4-a97d-d965ccfc6d4b" outcome="Passed" testListId="8c84fa94-04c1-424b-9868-57a2d4851a1d" relativeResultsDirectory="007bb22c-0461-41b4-8652-544aa9b59f0d">
    </UnitTestResult>
    <UnitTestResult executionId="228f2d3b-d620-4334-ab0b-71e49d10d603" testId="8ae0b4b0-ccc4-fc93-736a-72af24764f70" testName="Nh_Can_queue_changes" computerName="MICHAEL-PC" duration="00:00:00.0226472" startTime="2012-06-03T10:13:28.0660000+08:00" endTime="2012-06-03T10:13:28.0930000+08:00" testType="13cdc9d9-ddb5-4fa4-a97d-d965ccfc6d4b" outcome="Failed" testListId="8c84fa94-04c1-424b-9868-57a2d4851a1d" relativeResultsDirectory="228f2d3b-d620-4334-ab0b-71e49d10d603">
      <Output>
        <ErrorInfo>
          <Message>Test method TestProject.TestTheIRepository.Nh_Can_queue_changes threw exception: 
FluentNHibernate.Cfg.FluentConfigurationException: An invalid or incomplete configuration was used while creating a SessionFactory. Check PotentialReasons collection, and InnerException for more detail.

 ---&gt; FluentNHibernate.Cfg.FluentConfigurationException: An invalid or incomplete configuration was used while creating a SessionFactory. Check PotentialReasons collection, and InnerException for more detail.

 ---&gt; FluentNHibernate.Visitors.ValidationException: The entity 'Question' doesn't have an Id mapped. Use the Id method to map your identity property. For example: Id(x =&gt; x.Id).</Message>
          <StackTrace>    at FluentNHibernate.Visitors.ValidationVisitor.ProcessClass(ClassMapping classMapping) in d:\Builds\FluentNH\src\FluentNHibernate\Visitors\ValidationVisitor.cs:line 20
   at FluentNHibernate.MappingModel.ClassBased.ClassMapping.AcceptVisitor(IMappingModelVisitor visitor) in d:\Builds\FluentNH\src\FluentNHibernate\MappingModel\ClassBased\ClassMapping.cs:line 78
   at FluentNHibernate.Visitors.DefaultMappingModelVisitor.Visit(ClassMapping classMapping) in d:\Builds\FluentNH\src\FluentNHibernate\Visitors\DefaultMappingModelVisitor.cs:line 89
   at FluentNHibernate.MappingModel.HibernateMapping.AcceptVisitor(IMappingModelVisitor visitor) in d:\Builds\FluentNH\src\FluentNHibernate\MappingModel\HibernateMapping.cs:line 37
   at FluentNHibernate.Visitors.DefaultMappingModelVisitor.&lt;Visit&gt;b__0(HibernateMapping x) in d:\Builds\FluentNH\src\FluentNHibernate\Visitors\DefaultMappingModelVisitor.cs:line 79
   at FluentNHibernate.Utils.CollectionExtensions.Each[T](IEnumerable`1 enumerable, Action`1 each) in d:\Builds\FluentNH\src\FluentNHibernate\Utils\CollectionExtensions.cs:line 15
   at FluentNHibernate.Visitors.DefaultMappingModelVisitor.Visit(IEnumerable`1 mappings) in d:\Builds\FluentNH\src\FluentNHibernate\Visitors\DefaultMappingModelVisitor.cs:line 79
   at FluentNHibernate.PersistenceModel.ApplyVisitors(IEnumerable`1 mappings) in d:\Builds\FluentNH\src\FluentNHibernate\PersistenceModel.cs:line 214
   at FluentNHibernate.PersistenceModel.BuildMappings() in d:\Builds\FluentNH\src\FluentNHibernate\PersistenceModel.cs:line 169
   at FluentNHibernate.Automapping.AutoPersistenceModel.BuildMappings() in d:\Builds\FluentNH\src\FluentNHibernate\Automapping\AutoPersistenceModel.cs:line 134
   at FluentNHibernate.PersistenceModel.EnsureMappingsBuilt() in d:\Builds\FluentNH\src\FluentNHibernate\PersistenceModel.cs:line 221
   at FluentNHibernate.PersistenceModel.Configure(Configuration cfg) in d:\Builds\FluentNH\src\FluentNHibernate\PersistenceModel.cs:line 277
   at FluentNHibernate.Automapping.AutoPersistenceModel.Configure(Configuration configuration) in d:\Builds\FluentNH\src\FluentNHibernate\Automapping\AutoPersistenceModel.cs:line 201
   at FluentNHibernate.Cfg.AutoMappingsContainer.Apply(Configuration cfg, PersistenceModel model) in d:\Builds\FluentNH\src\FluentNHibernate\Cfg\AutoMappingsContainer.cs:line 86
   at FluentNHibernate.Cfg.MappingConfiguration.Apply(Configuration cfg) in d:\Builds\FluentNH\src\FluentNHibernate\Cfg\MappingConfiguration.cs:line 80
   at FluentNHibernate.Cfg.FluentConfiguration.BuildConfiguration() in d:\Builds\FluentNH\src\FluentNHibernate\Cfg\FluentConfiguration.cs:line 249
 --- End of inner exception stack trace ---
    at FluentNHibernate.Cfg.FluentConfiguration.BuildConfiguration() in d:\Builds\FluentNH\src\FluentNHibernate\Cfg\FluentConfiguration.cs:line 264
   at FluentNHibernate.Cfg.FluentConfiguration.BuildSessionFactory() in d:\Builds\FluentNH\src\FluentNHibernate\Cfg\FluentConfiguration.cs:line 230
 --- End of inner exception stack trace ---
    at FluentNHibernate.Cfg.FluentConfiguration.BuildSessionFactory() in d:\Builds\FluentNH\src\FluentNHibernate\Cfg\FluentConfiguration.cs:line 235
   at TestProject.NhModelsMapper.GetSessionFactory(String connectionString) in C:\Users\Michael\_CODE\Ienablemuch.ToTheEfnhX\TestProject\NhDbMapper.cs:line 63
   at TestProject.TestTheIRepository.Nh_Can_queue_changes() in C:\Users\Michael\_CODE\Ienablemuch.ToTheEfnhX\TestProject\TestTheIRepository.cs:line 881
</StackTrace>
        </ErrorInfo>
      </Output>
    </UnitTestResult>
    <UnitTestResult executionId="155427b6-78fd-4fd9-b33f-1a8b352644e4" testId="8af4731e-1204-41e4-f479-73db6099844b" testName="Nh_Can_Orm_Merge_Can_Create" computerName="MICHAEL-PC" duration="00:00:00.0230585" startTime="2012-06-03T10:13:28.0960000+08:00" endTime="2012-06-03T10:13:28.1220000+08:00" testType="13cdc9d9-ddb5-4fa4-a97d-d965ccfc6d4b" outcome="Failed" testListId="8c84fa94-04c1-424b-9868-57a2d4851a1d" relativeResultsDirectory="155427b6-78fd-4fd9-b33f-1a8b352644e4">
      <Output>
        <ErrorInfo>
          <Message>Test method TestProject.TestTheIRepository.Nh_Can_Orm_Merge_Can_Create threw exception: 
FluentNHibernate.Cfg.FluentConfigurationException: An invalid or incomplete configuration was used while creating a SessionFactory. Check PotentialReasons collection, and InnerException for more detail.

 ---&gt; FluentNHibernate.Cfg.FluentConfigurationException: An invalid or incomplete configuration was used while creating a SessionFactory. Check PotentialReasons collection, and InnerException for more detail.

 ---&gt; FluentNHibernate.Visitors.ValidationException: The entity 'Question' doesn't have an Id mapped. Use the Id method to map your identity property. For example: Id(x =&gt; x.Id).</Message>
          <StackTrace>    at FluentNHibernate.Visitors.ValidationVisitor.ProcessClass(ClassMapping classMapping) in d:\Builds\FluentNH\src\FluentNHibernate\Visitors\ValidationVisitor.cs:line 20
   at FluentNHibernate.MappingModel.ClassBased.ClassMapping.AcceptVisitor(IMappingModelVisitor visitor) in d:\Builds\FluentNH\src\FluentNHibernate\MappingModel\ClassBased\ClassMapping.cs:line 78
   at FluentNHibernate.Visitors.DefaultMappingModelVisitor.Visit(ClassMapping classMapping) in d:\Builds\FluentNH\src\FluentNHibernate\Visitors\DefaultMappingModelVisitor.cs:line 89
   at FluentNHibernate.MappingModel.HibernateMapping.AcceptVisitor(IMappingModelVisitor visitor) in d:\Builds\FluentNH\src\FluentNHibernate\MappingModel\HibernateMapping.cs:line 37
   at FluentNHibernate.Visitors.DefaultMappingModelVisitor.&lt;Visit&gt;b__0(HibernateMapping x) in d:\Builds\FluentNH\src\FluentNHibernate\Visitors\DefaultMappingModelVisitor.cs:line 79
   at FluentNHibernate.Utils.CollectionExtensions.Each[T](IEnumerable`1 enumerable, Action`1 each) in d:\Builds\FluentNH\src\FluentNHibernate\Utils\CollectionExtensions.cs:line 15
   at FluentNHibernate.Visitors.DefaultMappingModelVisitor.Visit(IEnumerable`1 mappings) in d:\Builds\FluentNH\src\FluentNHibernate\Visitors\DefaultMappingModelVisitor.cs:line 79
   at FluentNHibernate.PersistenceModel.ApplyVisitors(IEnumerable`1 mappings) in d:\Builds\FluentNH\src\FluentNHibernate\PersistenceModel.cs:line 214
   at FluentNHibernate.PersistenceModel.BuildMappings() in d:\Builds\FluentNH\src\FluentNHibernate\PersistenceModel.cs:line 169
   at FluentNHibernate.Automapping.AutoPersistenceModel.BuildMappings() in d:\Builds\FluentNH\src\FluentNHibernate\Automapping\AutoPersistenceModel.cs:line 134
   at FluentNHibernate.PersistenceModel.EnsureMappingsBuilt() in d:\Builds\FluentNH\src\FluentNHibernate\PersistenceModel.cs:line 221
   at FluentNHibernate.PersistenceModel.Configure(Configuration cfg) in d:\Builds\FluentNH\src\FluentNHibernate\PersistenceModel.cs:line 277
   at FluentNHibernate.Automapping.AutoPersistenceModel.Configure(Configuration configuration) in d:\Builds\FluentNH\src\FluentNHibernate\Automapping\AutoPersistenceModel.cs:line 201
   at FluentNHibernate.Cfg.AutoMappingsContainer.Apply(Configuration cfg, PersistenceModel model) in d:\Builds\FluentNH\src\FluentNHibernate\Cfg\AutoMappingsContainer.cs:line 86
   at FluentNHibernate.Cfg.MappingConfiguration.Apply(Configuration cfg) in d:\Builds\FluentNH\src\FluentNHibernate\Cfg\MappingConfiguration.cs:line 80
   at FluentNHibernate.Cfg.FluentConfiguration.BuildConfiguration() in d:\Builds\FluentNH\src\FluentNHibernate\Cfg\FluentConfiguration.cs:line 249
 --- End of inner exception stack trace ---
    at FluentNHibernate.Cfg.FluentConfiguration.BuildConfiguration() in d:\Builds\FluentNH\src\FluentNHibernate\Cfg\FluentConfiguration.cs:line 264
   at FluentNHibernate.Cfg.FluentConfiguration.BuildSessionFactory() in d:\Builds\FluentNH\src\FluentNHibernate\Cfg\FluentConfiguration.cs:line 230
 --- End of inner exception stack trace ---
    at FluentNHibernate.Cfg.FluentConfiguration.BuildSessionFactory() in d:\Builds\FluentNH\src\FluentNHibernate\Cfg\FluentConfiguration.cs:line 235
   at TestProject.NhModelsMapper.GetSessionFactory(String connectionString) in C:\Users\Michael\_CODE\Ienablemuch.ToTheEfnhX\TestProject\NhDbMapper.cs:line 63
   at TestProject.TestTheIRepository.Nh_Can_Orm_Merge_Can_Create() in C:\Users\Michael\_CODE\Ienablemuch.ToTheEfnhX\TestProject\TestTheIRepository.cs:line 719
</StackTrace>
        </ErrorInfo>
      </Output>
    </UnitTestResult>
    <UnitTestResult executionId="c3132fd0-5977-4617-9de3-e29b7af7599a" testId="8bf5c997-85a0-f72e-564a-9d66e659263c" testName="Ef_CanDetectDeleteConflictingUpdate" computerName="MICHAEL-PC" duration="00:00:00.0121052" startTime="2012-06-03T10:13:28.1270000+08:00" endTime="2012-06-03T10:13:28.1460000+08:00" testType="13cdc9d9-ddb5-4fa4-a97d-d965ccfc6d4b" outcome="Passed" testListId="8c84fa94-04c1-424b-9868-57a2d4851a1d" relativeResultsDirectory="c3132fd0-5977-4617-9de3-e29b7af7599a">
    </UnitTestResult>
    <UnitTestResult executionId="3f9d7379-beee-4b57-9217-781b5c879d67" testId="8c5d9d25-e5b8-63c8-9c42-cebb67787fde" testName="Memory_CanSave" computerName="MICHAEL-PC" duration="00:00:00.0019368" startTime="2012-06-03T10:13:28.1500000+08:00" endTime="2012-06-03T10:13:28.1560000+08:00" testType="13cdc9d9-ddb5-4fa4-a97d-d965ccfc6d4b" outcome="Passed" testListId="8c84fa94-04c1-424b-9868-57a2d4851a1d" relativeResultsDirectory="3f9d7379-beee-4b57-9217-781b5c879d67">
    </UnitTestResult>
    <UnitTestResult executionId="08e51240-9805-4a48-8976-2996e58fca38" testId="919c9ab6-d8de-ff18-95fc-25bc030735bd" testName="Nh_HasRowVersion" computerName="MICHAEL-PC" duration="00:00:00.0216629" startTime="2012-06-03T10:13:28.1650000+08:00" endTime="2012-06-03T10:13:28.1930000+08:00" testType="13cdc9d9-ddb5-4fa4-a97d-d965ccfc6d4b" outcome="Failed" testListId="8c84fa94-04c1-424b-9868-57a2d4851a1d" relativeResultsDirectory="08e51240-9805-4a48-8976-2996e58fca38">
      <Output>
        <ErrorInfo>
          <Message>Test method TestProject.TestTheIRepository.Nh_HasRowVersion threw exception: 
FluentNHibernate.Cfg.FluentConfigurationException: An invalid or incomplete configuration was used while creating a SessionFactory. Check PotentialReasons collection, and InnerException for more detail.

 ---&gt; FluentNHibernate.Cfg.FluentConfigurationException: An invalid or incomplete configuration was used while creating a SessionFactory. Check PotentialReasons collection, and InnerException for more detail.

 ---&gt; FluentNHibernate.Visitors.ValidationException: The entity 'Question' doesn't have an Id mapped. Use the Id method to map your identity property. For example: Id(x =&gt; x.Id).</Message>
          <StackTrace>    at FluentNHibernate.Visitors.ValidationVisitor.ProcessClass(ClassMapping classMapping) in d:\Builds\FluentNH\src\FluentNHibernate\Visitors\ValidationVisitor.cs:line 20
   at FluentNHibernate.MappingModel.ClassBased.ClassMapping.AcceptVisitor(IMappingModelVisitor visitor) in d:\Builds\FluentNH\src\FluentNHibernate\MappingModel\ClassBased\ClassMapping.cs:line 78
   at FluentNHibernate.Visitors.DefaultMappingModelVisitor.Visit(ClassMapping classMapping) in d:\Builds\FluentNH\src\FluentNHibernate\Visitors\DefaultMappingModelVisitor.cs:line 89
   at FluentNHibernate.MappingModel.HibernateMapping.AcceptVisitor(IMappingModelVisitor visitor) in d:\Builds\FluentNH\src\FluentNHibernate\MappingModel\HibernateMapping.cs:line 37
   at FluentNHibernate.Visitors.DefaultMappingModelVisitor.&lt;Visit&gt;b__0(HibernateMapping x) in d:\Builds\FluentNH\src\FluentNHibernate\Visitors\DefaultMappingModelVisitor.cs:line 79
   at FluentNHibernate.Utils.CollectionExtensions.Each[T](IEnumerable`1 enumerable, Action`1 each) in d:\Builds\FluentNH\src\FluentNHibernate\Utils\CollectionExtensions.cs:line 15
   at FluentNHibernate.Visitors.DefaultMappingModelVisitor.Visit(IEnumerable`1 mappings) in d:\Builds\FluentNH\src\FluentNHibernate\Visitors\DefaultMappingModelVisitor.cs:line 79
   at FluentNHibernate.PersistenceModel.ApplyVisitors(IEnumerable`1 mappings) in d:\Builds\FluentNH\src\FluentNHibernate\PersistenceModel.cs:line 214
   at FluentNHibernate.PersistenceModel.BuildMappings() in d:\Builds\FluentNH\src\FluentNHibernate\PersistenceModel.cs:line 169
   at FluentNHibernate.Automapping.AutoPersistenceModel.BuildMappings() in d:\Builds\FluentNH\src\FluentNHibernate\Automapping\AutoPersistenceModel.cs:line 134
   at FluentNHibernate.PersistenceModel.EnsureMappingsBuilt() in d:\Builds\FluentNH\src\FluentNHibernate\PersistenceModel.cs:line 221
   at FluentNHibernate.PersistenceModel.Configure(Configuration cfg) in d:\Builds\FluentNH\src\FluentNHibernate\PersistenceModel.cs:line 277
   at FluentNHibernate.Automapping.AutoPersistenceModel.Configure(Configuration configuration) in d:\Builds\FluentNH\src\FluentNHibernate\Automapping\AutoPersistenceModel.cs:line 201
   at FluentNHibernate.Cfg.AutoMappingsContainer.Apply(Configuration cfg, PersistenceModel model) in d:\Builds\FluentNH\src\FluentNHibernate\Cfg\AutoMappingsContainer.cs:line 86
   at FluentNHibernate.Cfg.MappingConfiguration.Apply(Configuration cfg) in d:\Builds\FluentNH\src\FluentNHibernate\Cfg\MappingConfiguration.cs:line 80
   at FluentNHibernate.Cfg.FluentConfiguration.BuildConfiguration() in d:\Builds\FluentNH\src\FluentNHibernate\Cfg\FluentConfiguration.cs:line 249
 --- End of inner exception stack trace ---
    at FluentNHibernate.Cfg.FluentConfiguration.BuildConfiguration() in d:\Builds\FluentNH\src\FluentNHibernate\Cfg\FluentConfiguration.cs:line 264
   at FluentNHibernate.Cfg.FluentConfiguration.BuildSessionFactory() in d:\Builds\FluentNH\src\FluentNHibernate\Cfg\FluentConfiguration.cs:line 230
 --- End of inner exception stack trace ---
    at FluentNHibernate.Cfg.FluentConfiguration.BuildSessionFactory() in d:\Builds\FluentNH\src\FluentNHibernate\Cfg\FluentConfiguration.cs:line 235
   at TestProject.NhModelsMapper.GetSessionFactory(String connectionString) in C:\Users\Michael\_CODE\Ienablemuch.ToTheEfnhX\TestProject\NhDbMapper.cs:line 63
   at TestProject.TestTheIRepository.Nh_HasRowVersion() in C:\Users\Michael\_CODE\Ienablemuch.ToTheEfnhX\TestProject\TestTheIRepository.cs:line 419
</StackTrace>
        </ErrorInfo>
      </Output>
    </UnitTestResult>
    <UnitTestResult executionId="efede815-3893-4267-81b6-5b5a1dcb0a50" testId="9608206a-383a-828f-299c-2c493d95d886" testName="Memory_CanDetectDeleteConflictingUpdate" computerName="MICHAEL-PC" duration="00:00:00.0006419" startTime="2012-06-03T10:13:28.1970000+08:00" endTime="2012-06-03T10:13:28.2060000+08:00" testType="13cdc9d9-ddb5-4fa4-a97d-d965ccfc6d4b" outcome="Passed" testListId="8c84fa94-04c1-424b-9868-57a2d4851a1d" relativeResultsDirectory="efede815-3893-4267-81b6-5b5a1dcb0a50">
    </UnitTestResult>
    <UnitTestResult executionId="3a4e3114-159a-473f-be36-9bca3ec0baa8" testId="9ce2ff54-3bea-2c09-7986-c83994c1d685" testName="Ef_CanUpdate" computerName="MICHAEL-PC" duration="00:00:00.1008431" startTime="2012-06-03T10:13:28.2100000+08:00" endTime="2012-06-03T10:13:28.3160000+08:00" testType="13cdc9d9-ddb5-4fa4-a97d-d965ccfc6d4b" outcome="Passed" testListId="8c84fa94-04c1-424b-9868-57a2d4851a1d" relativeResultsDirectory="3a4e3114-159a-473f-be36-9bca3ec0baa8">
    </UnitTestResult>
    <UnitTestResult executionId="d1916199-555b-4acd-ab7f-11b2cbbed3f4" testId="a2256363-4989-1fab-e208-96edc389fe3c" testName="Ef_Can_Orm_do_cascaded_deletions" computerName="MICHAEL-PC" duration="00:00:00.0076852" startTime="2012-06-03T10:13:28.3190000+08:00" endTime="2012-06-03T10:13:28.3380000+08:00" testType="13cdc9d9-ddb5-4fa4-a97d-d965ccfc6d4b" outcome="Failed" testListId="8c84fa94-04c1-424b-9868-57a2d4851a1d" relativeResultsDirectory="d1916199-555b-4acd-ab7f-11b2cbbed3f4">
      <Output>
        <ErrorInfo>
          <Message>Test method TestProject.TestTheIRepository.Ef_Can_Orm_do_cascaded_deletions threw exception: 
System.MissingMethodException: Method 'TestProject.SampleModel.Question.QuestionId' not found.</Message>
          <StackTrace>    at System.RuntimeType.InvokeMember(String name, BindingFlags bindingFlags, Binder binder, Object target, Object[] providedArgs, ParameterModifier[] modifiers, CultureInfo culture, String[] namedParams)
   at Ienablemuch.ToTheEfnhX.EntityFramework.EfRepository`1.Merge(TEnt ent, Byte[] version) in C:\Users\Michael\_CODE\Ienablemuch.ToTheEfnhX\Ienablemuch.ToTheEfnhX.EntityFramework\EfRepository.cs:line 155
   at TestProject.TestTheIRepository.Refactored_Common_Merge_Arrange_Create(IRepository`1 repo) in C:\Users\Michael\_CODE\Ienablemuch.ToTheEfnhX\TestProject\TestTheIRepository.cs:line 847
   at TestProject.TestTheIRepository.Common_Can_Orm_do_cascaded_deletions(IRepository`1 db) in C:\Users\Michael\_CODE\Ienablemuch.ToTheEfnhX\TestProject\TestTheIRepository.cs:line 1012
   at TestProject.TestTheIRepository.Ef_Can_Orm_do_cascaded_deletions() in C:\Users\Michael\_CODE\Ienablemuch.ToTheEfnhX\TestProject\TestTheIRepository.cs:line 1007
</StackTrace>
        </ErrorInfo>
      </Output>
    </UnitTestResult>
    <UnitTestResult executionId="5fa16755-6ea2-4df2-b611-40a5b98a10a1" testId="a9ed84c2-917f-5ccb-44a7-7e3cea9cd5e0" testName="Ef_Can_Orm_Merge_Can_Create" computerName="MICHAEL-PC" duration="00:00:00.0091095" startTime="2012-06-03T10:13:28.3470000+08:00" endTime="2012-06-03T10:13:28.3600000+08:00" testType="13cdc9d9-ddb5-4fa4-a97d-d965ccfc6d4b" outcome="Failed" testListId="8c84fa94-04c1-424b-9868-57a2d4851a1d" relativeResultsDirectory="5fa16755-6ea2-4df2-b611-40a5b98a10a1">
      <Output>
        <ErrorInfo>
          <Message>Test method TestProject.TestTheIRepository.Ef_Can_Orm_Merge_Can_Create threw exception: 
System.MissingMethodException: Method 'TestProject.SampleModel.Question.QuestionId' not found.</Message>
          <StackTrace>    at System.RuntimeType.InvokeMember(String name, BindingFlags bindingFlags, Binder binder, Object target, Object[] providedArgs, ParameterModifier[] modifiers, CultureInfo culture, String[] namedParams)
   at Ienablemuch.ToTheEfnhX.EntityFramework.EfRepository`1.Merge(TEnt ent, Byte[] version) in C:\Users\Michael\_CODE\Ienablemuch.ToTheEfnhX\Ienablemuch.ToTheEfnhX.EntityFramework\EfRepository.cs:line 155
   at TestProject.TestTheIRepository.Refactored_Common_Merge_Arrange_Create(IRepository`1 repo) in C:\Users\Michael\_CODE\Ienablemuch.ToTheEfnhX\TestProject\TestTheIRepository.cs:line 847
   at TestProject.TestTheIRepository.Common_Can_Orm_Merge_Can_Create(IRepository`1 repo) in C:\Users\Michael\_CODE\Ienablemuch.ToTheEfnhX\TestProject\TestTheIRepository.cs:line 728
   at TestProject.TestTheIRepository.Ef_Can_Orm_Merge_Can_Create() in C:\Users\Michael\_CODE\Ienablemuch.ToTheEfnhX\TestProject\TestTheIRepository.cs:line 708
</StackTrace>
        </ErrorInfo>
      </Output>
    </UnitTestResult>
    <UnitTestResult executionId="842a3c6e-54d5-4c79-9fe0-b74276f29c38" testId="b9cbda9a-23ca-3458-8bf7-8aa6598f8754" testName="Nh_Can_Orm_Merge_Can_Update" computerName="MICHAEL-PC" duration="00:00:00.0219444" startTime="2012-06-03T10:13:28.3670000+08:00" endTime="2012-06-03T10:13:28.3950000+08:00" testType="13cdc9d9-ddb5-4fa4-a97d-d965ccfc6d4b" outcome="Failed" testListId="8c84fa94-04c1-424b-9868-57a2d4851a1d" relativeResultsDirectory="842a3c6e-54d5-4c79-9fe0-b74276f29c38">
      <Output>
        <ErrorInfo>
          <Message>Test method TestProject.TestTheIRepository.Nh_Can_Orm_Merge_Can_Update threw exception: 
FluentNHibernate.Cfg.FluentConfigurationException: An invalid or incomplete configuration was used while creating a SessionFactory. Check PotentialReasons collection, and InnerException for more detail.

 ---&gt; FluentNHibernate.Cfg.FluentConfigurationException: An invalid or incomplete configuration was used while creating a SessionFactory. Check PotentialReasons collection, and InnerException for more detail.

 ---&gt; FluentNHibernate.Visitors.ValidationException: The entity 'Question' doesn't have an Id mapped. Use the Id method to map your identity property. For example: Id(x =&gt; x.Id).</Message>
          <StackTrace>    at FluentNHibernate.Visitors.ValidationVisitor.ProcessClass(ClassMapping classMapping) in d:\Builds\FluentNH\src\FluentNHibernate\Visitors\ValidationVisitor.cs:line 20
   at FluentNHibernate.MappingModel.ClassBased.ClassMapping.AcceptVisitor(IMappingModelVisitor visitor) in d:\Builds\FluentNH\src\FluentNHibernate\MappingModel\ClassBased\ClassMapping.cs:line 78
   at FluentNHibernate.Visitors.DefaultMappingModelVisitor.Visit(ClassMapping classMapping) in d:\Builds\FluentNH\src\FluentNHibernate\Visitors\DefaultMappingModelVisitor.cs:line 89
   at FluentNHibernate.MappingModel.HibernateMapping.AcceptVisitor(IMappingModelVisitor visitor) in d:\Builds\FluentNH\src\FluentNHibernate\MappingModel\HibernateMapping.cs:line 37
   at FluentNHibernate.Visitors.DefaultMappingModelVisitor.&lt;Visit&gt;b__0(HibernateMapping x) in d:\Builds\FluentNH\src\FluentNHibernate\Visitors\DefaultMappingModelVisitor.cs:line 79
   at FluentNHibernate.Utils.CollectionExtensions.Each[T](IEnumerable`1 enumerable, Action`1 each) in d:\Builds\FluentNH\src\FluentNHibernate\Utils\CollectionExtensions.cs:line 15
   at FluentNHibernate.Visitors.DefaultMappingModelVisitor.Visit(IEnumerable`1 mappings) in d:\Builds\FluentNH\src\FluentNHibernate\Visitors\DefaultMappingModelVisitor.cs:line 79
   at FluentNHibernate.PersistenceModel.ApplyVisitors(IEnumerable`1 mappings) in d:\Builds\FluentNH\src\FluentNHibernate\PersistenceModel.cs:line 214
   at FluentNHibernate.PersistenceModel.BuildMappings() in d:\Builds\FluentNH\src\FluentNHibernate\PersistenceModel.cs:line 169
   at FluentNHibernate.Automapping.AutoPersistenceModel.BuildMappings() in d:\Builds\FluentNH\src\FluentNHibernate\Automapping\AutoPersistenceModel.cs:line 134
   at FluentNHibernate.PersistenceModel.EnsureMappingsBuilt() in d:\Builds\FluentNH\src\FluentNHibernate\PersistenceModel.cs:line 221
   at FluentNHibernate.PersistenceModel.Configure(Configuration cfg) in d:\Builds\FluentNH\src\FluentNHibernate\PersistenceModel.cs:line 277
   at FluentNHibernate.Automapping.AutoPersistenceModel.Configure(Configuration configuration) in d:\Builds\FluentNH\src\FluentNHibernate\Automapping\AutoPersistenceModel.cs:line 201
   at FluentNHibernate.Cfg.AutoMappingsContainer.Apply(Configuration cfg, PersistenceModel model) in d:\Builds\FluentNH\src\FluentNHibernate\Cfg\AutoMappingsContainer.cs:line 86
   at FluentNHibernate.Cfg.MappingConfiguration.Apply(Configuration cfg) in d:\Builds\FluentNH\src\FluentNHibernate\Cfg\MappingConfiguration.cs:line 80
   at FluentNHibernate.Cfg.FluentConfiguration.BuildConfiguration() in d:\Builds\FluentNH\src\FluentNHibernate\Cfg\FluentConfiguration.cs:line 249
 --- End of inner exception stack trace ---
    at FluentNHibernate.Cfg.FluentConfiguration.BuildConfiguration() in d:\Builds\FluentNH\src\FluentNHibernate\Cfg\FluentConfiguration.cs:line 264
   at FluentNHibernate.Cfg.FluentConfiguration.BuildSessionFactory() in d:\Builds\FluentNH\src\FluentNHibernate\Cfg\FluentConfiguration.cs:line 230
 --- End of inner exception stack trace ---
    at FluentNHibernate.Cfg.FluentConfiguration.BuildSessionFactory() in d:\Builds\FluentNH\src\FluentNHibernate\Cfg\FluentConfiguration.cs:line 235
   at TestProject.NhModelsMapper.GetSessionFactory(String connectionString) in C:\Users\Michael\_CODE\Ienablemuch.ToTheEfnhX\TestProject\NhDbMapper.cs:line 63
   at TestProject.TestTheIRepository.Nh_Can_Orm_Merge_Can_Update() in C:\Users\Michael\_CODE\Ienablemuch.ToTheEfnhX\TestProject\TestTheIRepository.cs:line 788
</StackTrace>
        </ErrorInfo>
      </Output>
    </UnitTestResult>
    <UnitTestResult executionId="4960265a-72e7-48de-ac3a-4bad9080d566" testId="c2e9f01d-6387-7f00-c2a6-71385a796942" testName="Memory_CanSaveHeaderDetail" computerName="MICHAEL-PC" duration="00:00:00.0028399" startTime="2012-06-03T10:13:28.3990000+08:00" endTime="2012-06-03T10:13:28.4100000+08:00" testType="13cdc9d9-ddb5-4fa4-a97d-d965ccfc6d4b" outcome="Passed" testListId="8c84fa94-04c1-424b-9868-57a2d4851a1d" relativeResultsDirectory="4960265a-72e7-48de-ac3a-4bad9080d566">
    </UnitTestResult>
    <UnitTestResult executionId="726e6ed4-3064-4e82-9235-a074210e2d5f" testId="c3da4334-35ea-a9c1-5cbf-c1daa7323978" testName="Ef_CanDelete" computerName="MICHAEL-PC" duration="00:00:00.0393249" startTime="2012-06-03T10:13:28.4280000+08:00" endTime="2012-06-03T10:13:28.4750000+08:00" testType="13cdc9d9-ddb5-4fa4-a97d-d965ccfc6d4b" outcome="Passed" testListId="8c84fa94-04c1-424b-9868-57a2d4851a1d" relativeResultsDirectory="726e6ed4-3064-4e82-9235-a074210e2d5f">
    </UnitTestResult>
    <UnitTestResult executionId="03f4379d-513a-4eac-aab6-8c4bf06ca0ad" testId="c5220795-75d7-ce76-adb5-6a1d661e1fb0" testName="Memory_CanHaveIncrementingKey" computerName="MICHAEL-PC" duration="00:00:00.0067055" startTime="2012-06-03T10:13:28.4840000+08:00" endTime="2012-06-03T10:13:28.5010000+08:00" testType="13cdc9d9-ddb5-4fa4-a97d-d965ccfc6d4b" outcome="Passed" testListId="8c84fa94-04c1-424b-9868-57a2d4851a1d" relativeResultsDirectory="03f4379d-513a-4eac-aab6-8c4bf06ca0ad">
    </UnitTestResult>
    <UnitTestResult executionId="4fa069a8-21d2-423e-a625-dfb1b9554afb" testId="c8cf96fa-83e0-e026-64af-f003abc95103" testName="Fetching_strategies_of_EntityFramework_helper_has_no_problem_on_mocked_IQueryable" computerName="MICHAEL-PC" duration="00:00:00.0081797" startTime="2012-06-03T10:13:28.5160000+08:00" endTime="2012-06-03T10:13:28.5340000+08:00" testType="13cdc9d9-ddb5-4fa4-a97d-d965ccfc6d4b" outcome="Passed" testListId="8c84fa94-04c1-424b-9868-57a2d4851a1d" relativeResultsDirectory="4fa069a8-21d2-423e-a625-dfb1b9554afb">
    </UnitTestResult>
    <UnitTestResult executionId="dc2671ae-d6d3-4cba-9e91-8cc70437cfb1" testId="c8ff8ef9-a95a-0779-90f7-6e8188ebefd1" testName="Nh_CanHaveIncrementingKey" computerName="MICHAEL-PC" duration="00:00:00.0506851" startTime="2012-06-03T10:13:28.5490000+08:00" endTime="2012-06-03T10:13:28.6100000+08:00" testType="13cdc9d9-ddb5-4fa4-a97d-d965ccfc6d4b" outcome="Failed" testListId="8c84fa94-04c1-424b-9868-57a2d4851a1d" relativeResultsDirectory="dc2671ae-d6d3-4cba-9e91-8cc70437cfb1">
      <Output>
        <ErrorInfo>
          <Message>Test method TestProject.TestTheIRepository.Nh_CanHaveIncrementingKey threw exception: 
FluentNHibernate.Cfg.FluentConfigurationException: An invalid or incomplete configuration was used while creating a SessionFactory. Check PotentialReasons collection, and InnerException for more detail.

 ---&gt; FluentNHibernate.Cfg.FluentConfigurationException: An invalid or incomplete configuration was used while creating a SessionFactory. Check PotentialReasons collection, and InnerException for more detail.

 ---&gt; FluentNHibernate.Visitors.ValidationException: The entity 'Question' doesn't have an Id mapped. Use the Id method to map your identity property. For example: Id(x =&gt; x.Id).</Message>
          <StackTrace>    at FluentNHibernate.Visitors.ValidationVisitor.ProcessClass(ClassMapping classMapping) in d:\Builds\FluentNH\src\FluentNHibernate\Visitors\ValidationVisitor.cs:line 20
   at FluentNHibernate.MappingModel.ClassBased.ClassMapping.AcceptVisitor(IMappingModelVisitor visitor) in d:\Builds\FluentNH\src\FluentNHibernate\MappingModel\ClassBased\ClassMapping.cs:line 78
   at FluentNHibernate.Visitors.DefaultMappingModelVisitor.Visit(ClassMapping classMapping) in d:\Builds\FluentNH\src\FluentNHibernate\Visitors\DefaultMappingModelVisitor.cs:line 89
   at FluentNHibernate.MappingModel.HibernateMapping.AcceptVisitor(IMappingModelVisitor visitor) in d:\Builds\FluentNH\src\FluentNHibernate\MappingModel\HibernateMapping.cs:line 37
   at FluentNHibernate.Visitors.DefaultMappingModelVisitor.&lt;Visit&gt;b__0(HibernateMapping x) in d:\Builds\FluentNH\src\FluentNHibernate\Visitors\DefaultMappingModelVisitor.cs:line 79
   at FluentNHibernate.Utils.CollectionExtensions.Each[T](IEnumerable`1 enumerable, Action`1 each) in d:\Builds\FluentNH\src\FluentNHibernate\Utils\CollectionExtensions.cs:line 15
   at FluentNHibernate.Visitors.DefaultMappingModelVisitor.Visit(IEnumerable`1 mappings) in d:\Builds\FluentNH\src\FluentNHibernate\Visitors\DefaultMappingModelVisitor.cs:line 79
   at FluentNHibernate.PersistenceModel.ApplyVisitors(IEnumerable`1 mappings) in d:\Builds\FluentNH\src\FluentNHibernate\PersistenceModel.cs:line 214
   at FluentNHibernate.PersistenceModel.BuildMappings() in d:\Builds\FluentNH\src\FluentNHibernate\PersistenceModel.cs:line 169
   at FluentNHibernate.Automapping.AutoPersistenceModel.BuildMappings() in d:\Builds\FluentNH\src\FluentNHibernate\Automapping\AutoPersistenceModel.cs:line 134
   at FluentNHibernate.PersistenceModel.EnsureMappingsBuilt() in d:\Builds\FluentNH\src\FluentNHibernate\PersistenceModel.cs:line 221
   at FluentNHibernate.PersistenceModel.Configure(Configuration cfg) in d:\Builds\FluentNH\src\FluentNHibernate\PersistenceModel.cs:line 277
   at FluentNHibernate.Automapping.AutoPersistenceModel.Configure(Configuration configuration) in d:\Builds\FluentNH\src\FluentNHibernate\Automapping\AutoPersistenceModel.cs:line 201
   at FluentNHibernate.Cfg.AutoMappingsContainer.Apply(Configuration cfg, PersistenceModel model) in d:\Builds\FluentNH\src\FluentNHibernate\Cfg\AutoMappingsContainer.cs:line 86
   at FluentNHibernate.Cfg.MappingConfiguration.Apply(Configuration cfg) in d:\Builds\FluentNH\src\FluentNHibernate\Cfg\MappingConfiguration.cs:line 80
   at FluentNHibernate.Cfg.FluentConfiguration.BuildConfiguration() in d:\Builds\FluentNH\src\FluentNHibernate\Cfg\FluentConfiguration.cs:line 249
 --- End of inner exception stack trace ---
    at FluentNHibernate.Cfg.FluentConfiguration.BuildConfiguration() in d:\Builds\FluentNH\src\FluentNHibernate\Cfg\FluentConfiguration.cs:line 264
   at FluentNHibernate.Cfg.FluentConfiguration.BuildSessionFactory() in d:\Builds\FluentNH\src\FluentNHibernate\Cfg\FluentConfiguration.cs:line 230
 --- End of inner exception stack trace ---
    at FluentNHibernate.Cfg.FluentConfiguration.BuildSessionFactory() in d:\Builds\FluentNH\src\FluentNHibernate\Cfg\FluentConfiguration.cs:line 235
   at TestProject.NhModelsMapper.GetSessionFactory(String connectionString) in C:\Users\Michael\_CODE\Ienablemuch.ToTheEfnhX\TestProject\NhDbMapper.cs:line 63
   at TestProject.TestTheIRepository.Nh_CanHaveIncrementingKey() in C:\Users\Michael\_CODE\Ienablemuch.ToTheEfnhX\TestProject\TestTheIRepository.cs:line 652
</StackTrace>
        </ErrorInfo>
      </Output>
    </UnitTestResult>
    <UnitTestResult executionId="a243dbd8-157c-4899-9415-05f78d4a16e5" testId="c9750689-b2a7-1965-bbd3-0c2f5eda3fb2" testName="Nh_CanSave" computerName="MICHAEL-PC" duration="00:00:00.0231103" startTime="2012-06-03T10:13:28.6130000+08:00" endTime="2012-06-03T10:13:28.6510000+08:00" testType="13cdc9d9-ddb5-4fa4-a97d-d965ccfc6d4b" outcome="Failed" testListId="8c84fa94-04c1-424b-9868-57a2d4851a1d" relativeResultsDirectory="a243dbd8-157c-4899-9415-05f78d4a16e5">
      <Output>
        <ErrorInfo>
          <Message>Test method TestProject.TestTheIRepository.Nh_CanSave threw exception: 
FluentNHibernate.Cfg.FluentConfigurationException: An invalid or incomplete configuration was used while creating a SessionFactory. Check PotentialReasons collection, and InnerException for more detail.

 ---&gt; FluentNHibernate.Cfg.FluentConfigurationException: An invalid or incomplete configuration was used while creating a SessionFactory. Check PotentialReasons collection, and InnerException for more detail.

 ---&gt; FluentNHibernate.Visitors.ValidationException: The entity 'Question' doesn't have an Id mapped. Use the Id method to map your identity property. For example: Id(x =&gt; x.Id).</Message>
          <StackTrace>    at FluentNHibernate.Visitors.ValidationVisitor.ProcessClass(ClassMapping classMapping) in d:\Builds\FluentNH\src\FluentNHibernate\Visitors\ValidationVisitor.cs:line 20
   at FluentNHibernate.MappingModel.ClassBased.ClassMapping.AcceptVisitor(IMappingModelVisitor visitor) in d:\Builds\FluentNH\src\FluentNHibernate\MappingModel\ClassBased\ClassMapping.cs:line 78
   at FluentNHibernate.Visitors.DefaultMappingModelVisitor.Visit(ClassMapping classMapping) in d:\Builds\FluentNH\src\FluentNHibernate\Visitors\DefaultMappingModelVisitor.cs:line 89
   at FluentNHibernate.MappingModel.HibernateMapping.AcceptVisitor(IMappingModelVisitor visitor) in d:\Builds\FluentNH\src\FluentNHibernate\MappingModel\HibernateMapping.cs:line 37
   at FluentNHibernate.Visitors.DefaultMappingModelVisitor.&lt;Visit&gt;b__0(HibernateMapping x) in d:\Builds\FluentNH\src\FluentNHibernate\Visitors\DefaultMappingModelVisitor.cs:line 79
   at FluentNHibernate.Utils.CollectionExtensions.Each[T](IEnumerable`1 enumerable, Action`1 each) in d:\Builds\FluentNH\src\FluentNHibernate\Utils\CollectionExtensions.cs:line 15
   at FluentNHibernate.Visitors.DefaultMappingModelVisitor.Visit(IEnumerable`1 mappings) in d:\Builds\FluentNH\src\FluentNHibernate\Visitors\DefaultMappingModelVisitor.cs:line 79
   at FluentNHibernate.PersistenceModel.ApplyVisitors(IEnumerable`1 mappings) in d:\Builds\FluentNH\src\FluentNHibernate\PersistenceModel.cs:line 214
   at FluentNHibernate.PersistenceModel.BuildMappings() in d:\Builds\FluentNH\src\FluentNHibernate\PersistenceModel.cs:line 169
   at FluentNHibernate.Automapping.AutoPersistenceModel.BuildMappings() in d:\Builds\FluentNH\src\FluentNHibernate\Automapping\AutoPersistenceModel.cs:line 134
   at FluentNHibernate.PersistenceModel.EnsureMappingsBuilt() in d:\Builds\FluentNH\src\FluentNHibernate\PersistenceModel.cs:line 221
   at FluentNHibernate.PersistenceModel.Configure(Configuration cfg) in d:\Builds\FluentNH\src\FluentNHibernate\PersistenceModel.cs:line 277
   at FluentNHibernate.Automapping.AutoPersistenceModel.Configure(Configuration configuration) in d:\Builds\FluentNH\src\FluentNHibernate\Automapping\AutoPersistenceModel.cs:line 201
   at FluentNHibernate.Cfg.AutoMappingsContainer.Apply(Configuration cfg, PersistenceModel model) in d:\Builds\FluentNH\src\FluentNHibernate\Cfg\AutoMappingsContainer.cs:line 86
   at FluentNHibernate.Cfg.MappingConfiguration.Apply(Configuration cfg) in d:\Builds\FluentNH\src\FluentNHibernate\Cfg\MappingConfiguration.cs:line 80
   at FluentNHibernate.Cfg.FluentConfiguration.BuildConfiguration() in d:\Builds\FluentNH\src\FluentNHibernate\Cfg\FluentConfiguration.cs:line 249
 --- End of inner exception stack trace ---
    at FluentNHibernate.Cfg.FluentConfiguration.BuildConfiguration() in d:\Builds\FluentNH\src\FluentNHibernate\Cfg\FluentConfiguration.cs:line 264
   at FluentNHibernate.Cfg.FluentConfiguration.BuildSessionFactory() in d:\Builds\FluentNH\src\FluentNHibernate\Cfg\FluentConfiguration.cs:line 230
 --- End of inner exception stack trace ---
    at FluentNHibernate.Cfg.FluentConfiguration.BuildSessionFactory() in d:\Builds\FluentNH\src\FluentNHibernate\Cfg\FluentConfiguration.cs:line 235
   at TestProject.NhModelsMapper.GetSessionFactory(String connectionString) in C:\Users\Michael\_CODE\Ienablemuch.ToTheEfnhX\TestProject\NhDbMapper.cs:line 63
   at TestProject.TestTheIRepository.Nh_CanSave() in C:\Users\Michael\_CODE\Ienablemuch.ToTheEfnhX\TestProject\TestTheIRepository.cs:line 95
</StackTrace>
        </ErrorInfo>
      </Output>
    </UnitTestResult>
    <UnitTestResult executionId="7e254d20-7f5b-4bf1-b757-3eb7cf760398" testId="ca3ec696-2df9-55bd-c53c-f732b5c80a68" testName="Ef_CanDetectUpdateConflictingUpdate" computerName="MICHAEL-PC" duration="00:00:00.0385009" startTime="2012-06-03T10:13:28.6540000+08:00" endTime="2012-06-03T10:13:28.6990000+08:00" testType="13cdc9d9-ddb5-4fa4-a97d-d965ccfc6d4b" outcome="Passed" testListId="8c84fa94-04c1-424b-9868-57a2d4851a1d" relativeResultsDirectory="7e254d20-7f5b-4bf1-b757-3eb7cf760398">
    </UnitTestResult>
    <UnitTestResult executionId="2538dcf5-b4dc-4156-b791-eddf1320a448" testId="cdd1ec05-a33a-edaf-1560-6637f27329d2" testName="Ef_CanDetectUpdateConflictingDelete" computerName="MICHAEL-PC" duration="00:00:00.0134841" startTime="2012-06-03T10:13:28.7030000+08:00" endTime="2012-06-03T10:13:28.7210000+08:00" testType="13cdc9d9-ddb5-4fa4-a97d-d965ccfc6d4b" outcome="Passed" testListId="8c84fa94-04c1-424b-9868-57a2d4851a1d" relativeResultsDirectory="2538dcf5-b4dc-4156-b791-eddf1320a448">
    </UnitTestResult>
    <UnitTestResult executionId="ffaf7118-f1d4-414c-9c57-2d5a6dcdd7f3" testId="d14d6d4a-1363-e36e-8cf9-c1c992b9e243" testName="Nh_Can_save_transaction" computerName="MICHAEL-PC" duration="00:00:00.0216038" startTime="2012-06-03T10:13:28.7250000+08:00" endTime="2012-06-03T10:13:28.7520000+08:00" testType="13cdc9d9-ddb5-4fa4-a97d-d965ccfc6d4b" outcome="Failed" testListId="8c84fa94-04c1-424b-9868-57a2d4851a1d" relativeResultsDirectory="ffaf7118-f1d4-414c-9c57-2d5a6dcdd7f3">
      <Output>
        <ErrorInfo>
          <Message>Test method TestProject.TestTheIRepository.Nh_Can_save_transaction threw exception: 
FluentNHibernate.Cfg.FluentConfigurationException: An invalid or incomplete configuration was used while creating a SessionFactory. Check PotentialReasons collection, and InnerException for more detail.

 ---&gt; FluentNHibernate.Cfg.FluentConfigurationException: An invalid or incomplete configuration was used while creating a SessionFactory. Check PotentialReasons collection, and InnerException for more detail.

 ---&gt; FluentNHibernate.Visitors.ValidationException: The entity 'Question' doesn't have an Id mapped. Use the Id method to map your identity property. For example: Id(x =&gt; x.Id).</Message>
          <StackTrace>    at FluentNHibernate.Visitors.ValidationVisitor.ProcessClass(ClassMapping classMapping) in d:\Builds\FluentNH\src\FluentNHibernate\Visitors\ValidationVisitor.cs:line 20
   at FluentNHibernate.MappingModel.ClassBased.ClassMapping.AcceptVisitor(IMappingModelVisitor visitor) in d:\Builds\FluentNH\src\FluentNHibernate\MappingModel\ClassBased\ClassMapping.cs:line 78
   at FluentNHibernate.Visitors.DefaultMappingModelVisitor.Visit(ClassMapping classMapping) in d:\Builds\FluentNH\src\FluentNHibernate\Visitors\DefaultMappingModelVisitor.cs:line 89
   at FluentNHibernate.MappingModel.HibernateMapping.AcceptVisitor(IMappingModelVisitor visitor) in d:\Builds\FluentNH\src\FluentNHibernate\MappingModel\HibernateMapping.cs:line 37
   at FluentNHibernate.Visitors.DefaultMappingModelVisitor.&lt;Visit&gt;b__0(HibernateMapping x) in d:\Builds\FluentNH\src\FluentNHibernate\Visitors\DefaultMappingModelVisitor.cs:line 79
   at FluentNHibernate.Utils.CollectionExtensions.Each[T](IEnumerable`1 enumerable, Action`1 each) in d:\Builds\FluentNH\src\FluentNHibernate\Utils\CollectionExtensions.cs:line 15
   at FluentNHibernate.Visitors.DefaultMappingModelVisitor.Visit(IEnumerable`1 mappings) in d:\Builds\FluentNH\src\FluentNHibernate\Visitors\DefaultMappingModelVisitor.cs:line 79
   at FluentNHibernate.PersistenceModel.ApplyVisitors(IEnumerable`1 mappings) in d:\Builds\FluentNH\src\FluentNHibernate\PersistenceModel.cs:line 214
   at FluentNHibernate.PersistenceModel.BuildMappings() in d:\Builds\FluentNH\src\FluentNHibernate\PersistenceModel.cs:line 169
   at FluentNHibernate.Automapping.AutoPersistenceModel.BuildMappings() in d:\Builds\FluentNH\src\FluentNHibernate\Automapping\AutoPersistenceModel.cs:line 134
   at FluentNHibernate.PersistenceModel.EnsureMappingsBuilt() in d:\Builds\FluentNH\src\FluentNHibernate\PersistenceModel.cs:line 221
   at FluentNHibernate.PersistenceModel.Configure(Configuration cfg) in d:\Builds\FluentNH\src\FluentNHibernate\PersistenceModel.cs:line 277
   at FluentNHibernate.Automapping.AutoPersistenceModel.Configure(Configuration configuration) in d:\Builds\FluentNH\src\FluentNHibernate\Automapping\AutoPersistenceModel.cs:line 201
   at FluentNHibernate.Cfg.AutoMappingsContainer.Apply(Configuration cfg, PersistenceModel model) in d:\Builds\FluentNH\src\FluentNHibernate\Cfg\AutoMappingsContainer.cs:line 86
   at FluentNHibernate.Cfg.MappingConfiguration.Apply(Configuration cfg) in d:\Builds\FluentNH\src\FluentNHibernate\Cfg\MappingConfiguration.cs:line 80
   at FluentNHibernate.Cfg.FluentConfiguration.BuildConfiguration() in d:\Builds\FluentNH\src\FluentNHibernate\Cfg\FluentConfiguration.cs:line 249
 --- End of inner exception stack trace ---
    at FluentNHibernate.Cfg.FluentConfiguration.BuildConfiguration() in d:\Builds\FluentNH\src\FluentNHibernate\Cfg\FluentConfiguration.cs:line 264
   at FluentNHibernate.Cfg.FluentConfiguration.BuildSessionFactory() in d:\Builds\FluentNH\src\FluentNHibernate\Cfg\FluentConfiguration.cs:line 230
 --- End of inner exception stack trace ---
    at FluentNHibernate.Cfg.FluentConfiguration.BuildSessionFactory() in d:\Builds\FluentNH\src\FluentNHibernate\Cfg\FluentConfiguration.cs:line 235
   at TestProject.NhModelsMapper.GetSessionFactory(String connectionString) in C:\Users\Michael\_CODE\Ienablemuch.ToTheEfnhX\TestProject\NhDbMapper.cs:line 63
   at TestProject.TestTheIRepository.Nh_Can_save_transaction() in C:\Users\Michael\_CODE\Ienablemuch.ToTheEfnhX\TestProject\TestTheIRepository.cs:line 1196
</StackTrace>
        </ErrorInfo>
      </Output>
    </UnitTestResult>
    <UnitTestResult executionId="362aec82-ba85-4663-a60d-304f51f19ec6" testId="d409929f-129a-9686-590d-6472fdfa28e4" testName="Memory_CanDetectDeleteConflictingDelete" computerName="MICHAEL-PC" duration="00:00:00.0006665" startTime="2012-06-03T10:13:28.7560000+08:00" endTime="2012-06-03T10:13:28.7630000+08:00" testType="13cdc9d9-ddb5-4fa4-a97d-d965ccfc6d4b" outcome="Passed" testListId="8c84fa94-04c1-424b-9868-57a2d4851a1d" relativeResultsDirectory="362aec82-ba85-4663-a60d-304f51f19ec6">
    </UnitTestResult>
    <UnitTestResult executionId="915ff188-e795-4da1-a910-e0a495b6433f" testId="dad118fb-1088-58a3-350a-fc5e47173fa9" testName="Nh_SessionTransaction_cannot_detect_transaction_commitness" computerName="MICHAEL-PC" duration="00:00:00.0199966" startTime="2012-06-03T10:13:28.7670000+08:00" endTime="2012-06-03T10:13:28.7910000+08:00" testType="13cdc9d9-ddb5-4fa4-a97d-d965ccfc6d4b" outcome="Failed" testListId="8c84fa94-04c1-424b-9868-57a2d4851a1d" relativeResultsDirectory="915ff188-e795-4da1-a910-e0a495b6433f">
      <Output>
        <ErrorInfo>
          <Message>Test method TestProject.TestTheIRepository.Nh_SessionTransaction_cannot_detect_transaction_commitness threw exception: 
FluentNHibernate.Cfg.FluentConfigurationException: An invalid or incomplete configuration was used while creating a SessionFactory. Check PotentialReasons collection, and InnerException for more detail.

 ---&gt; FluentNHibernate.Cfg.FluentConfigurationException: An invalid or incomplete configuration was used while creating a SessionFactory. Check PotentialReasons collection, and InnerException for more detail.

 ---&gt; FluentNHibernate.Visitors.ValidationException: The entity 'Question' doesn't have an Id mapped. Use the Id method to map your identity property. For example: Id(x =&gt; x.Id).</Message>
          <StackTrace>    at FluentNHibernate.Visitors.ValidationVisitor.ProcessClass(ClassMapping classMapping) in d:\Builds\FluentNH\src\FluentNHibernate\Visitors\ValidationVisitor.cs:line 20
   at FluentNHibernate.MappingModel.ClassBased.ClassMapping.AcceptVisitor(IMappingModelVisitor visitor) in d:\Builds\FluentNH\src\FluentNHibernate\MappingModel\ClassBased\ClassMapping.cs:line 78
   at FluentNHibernate.Visitors.DefaultMappingModelVisitor.Visit(ClassMapping classMapping) in d:\Builds\FluentNH\src\FluentNHibernate\Visitors\DefaultMappingModelVisitor.cs:line 89
   at FluentNHibernate.MappingModel.HibernateMapping.AcceptVisitor(IMappingModelVisitor visitor) in d:\Builds\FluentNH\src\FluentNHibernate\MappingModel\HibernateMapping.cs:line 37
   at FluentNHibernate.Visitors.DefaultMappingModelVisitor.&lt;Visit&gt;b__0(HibernateMapping x) in d:\Builds\FluentNH\src\FluentNHibernate\Visitors\DefaultMappingModelVisitor.cs:line 79
   at FluentNHibernate.Utils.CollectionExtensions.Each[T](IEnumerable`1 enumerable, Action`1 each) in d:\Builds\FluentNH\src\FluentNHibernate\Utils\CollectionExtensions.cs:line 15
   at FluentNHibernate.Visitors.DefaultMappingModelVisitor.Visit(IEnumerable`1 mappings) in d:\Builds\FluentNH\src\FluentNHibernate\Visitors\DefaultMappingModelVisitor.cs:line 79
   at FluentNHibernate.PersistenceModel.ApplyVisitors(IEnumerable`1 mappings) in d:\Builds\FluentNH\src\FluentNHibernate\PersistenceModel.cs:line 214
   at FluentNHibernate.PersistenceModel.BuildMappings() in d:\Builds\FluentNH\src\FluentNHibernate\PersistenceModel.cs:line 169
   at FluentNHibernate.Automapping.AutoPersistenceModel.BuildMappings() in d:\Builds\FluentNH\src\FluentNHibernate\Automapping\AutoPersistenceModel.cs:line 134
   at FluentNHibernate.PersistenceModel.EnsureMappingsBuilt() in d:\Builds\FluentNH\src\FluentNHibernate\PersistenceModel.cs:line 221
   at FluentNHibernate.PersistenceModel.Configure(Configuration cfg) in d:\Builds\FluentNH\src\FluentNHibernate\PersistenceModel.cs:line 277
   at FluentNHibernate.Automapping.AutoPersistenceModel.Configure(Configuration configuration) in d:\Builds\FluentNH\src\FluentNHibernate\Automapping\AutoPersistenceModel.cs:line 201
   at FluentNHibernate.Cfg.AutoMappingsContainer.Apply(Configuration cfg, PersistenceModel model) in d:\Builds\FluentNH\src\FluentNHibernate\Cfg\AutoMappingsContainer.cs:line 86
   at FluentNHibernate.Cfg.MappingConfiguration.Apply(Configuration cfg) in d:\Builds\FluentNH\src\FluentNHibernate\Cfg\MappingConfiguration.cs:line 80
   at FluentNHibernate.Cfg.FluentConfiguration.BuildConfiguration() in d:\Builds\FluentNH\src\FluentNHibernate\Cfg\FluentConfiguration.cs:line 249
 --- End of inner exception stack trace ---
    at FluentNHibernate.Cfg.FluentConfiguration.BuildConfiguration() in d:\Builds\FluentNH\src\FluentNHibernate\Cfg\FluentConfiguration.cs:line 264
   at FluentNHibernate.Cfg.FluentConfiguration.BuildSessionFactory() in d:\Builds\FluentNH\src\FluentNHibernate\Cfg\FluentConfiguration.cs:line 230
 --- End of inner exception stack trace ---
    at FluentNHibernate.Cfg.FluentConfiguration.BuildSessionFactory() in d:\Builds\FluentNH\src\FluentNHibernate\Cfg\FluentConfiguration.cs:line 235
   at TestProject.NhModelsMapper.GetSessionFactory(String connectionString) in C:\Users\Michael\_CODE\Ienablemuch.ToTheEfnhX\TestProject\NhDbMapper.cs:line 63
   at TestProject.TestTheIRepository.Nh_SessionTransaction_cannot_detect_transaction_commitness() in C:\Users\Michael\_CODE\Ienablemuch.ToTheEfnhX\TestProject\TestTheIRepository.cs:line 1267
</StackTrace>
        </ErrorInfo>
      </Output>
    </UnitTestResult>
    <UnitTestResult executionId="a1c29acd-b318-49ab-819d-c40fb02a6ea0" testId="e392eca5-e91b-ff0f-619e-8a24d0ecbe68" testName="Ef_CanHaveIncrementingKey" computerName="MICHAEL-PC" duration="00:00:00.0086460" startTime="2012-06-03T10:13:28.7950000+08:00" endTime="2012-06-03T10:13:28.8100000+08:00" testType="13cdc9d9-ddb5-4fa4-a97d-d965ccfc6d4b" outcome="Passed" testListId="8c84fa94-04c1-424b-9868-57a2d4851a1d" relativeResultsDirectory="a1c29acd-b318-49ab-819d-c40fb02a6ea0">
    </UnitTestResult>
    <UnitTestResult executionId="ce5016d6-7e44-4509-8f84-8268c10452a0" testId="e4d36185-e99e-9b3f-8afc-2b7c501afd9a" testName="TestArray" computerName="MICHAEL-PC" duration="00:00:00.0003795" startTime="2012-06-03T10:13:28.8140000+08:00" endTime="2012-06-03T10:13:28.8180000+08:00" testType="13cdc9d9-ddb5-4fa4-a97d-d965ccfc6d4b" outcome="Passed" testListId="8c84fa94-04c1-424b-9868-57a2d4851a1d" relativeResultsDirectory="ce5016d6-7e44-4509-8f84-8268c10452a0">
    </UnitTestResult>
    <UnitTestResult executionId="ae2f4a27-a6ae-4a92-b3d5-3e8b38eedf55" testId="ecf5b477-cdd8-3508-c195-40a64bc26f00" testName="Ef_CanSaveHeaderDetail" computerName="MICHAEL-PC" duration="00:00:00.0716820" startTime="2012-06-03T10:13:28.8230000+08:00" endTime="2012-06-03T10:13:28.8990000+08:00" testType="13cdc9d9-ddb5-4fa4-a97d-d965ccfc6d4b" outcome="Passed" testListId="8c84fa94-04c1-424b-9868-57a2d4851a1d" relativeResultsDirectory="ae2f4a27-a6ae-4a92-b3d5-3e8b38eedf55">
    </UnitTestResult>
    <UnitTestResult executionId="0c6e054b-b7f5-489c-a62c-6d40c4d18373" testId="ef9db0bb-63c6-f8c2-c180-d50d1ce2ca5b" testName="Ef_Can_rollback_transaction" computerName="MICHAEL-PC" duration="00:00:00.0104639" startTime="2012-06-03T10:13:28.9100000+08:00" endTime="2012-06-03T10:13:28.9270000+08:00" testType="13cdc9d9-ddb5-4fa4-a97d-d965ccfc6d4b" outcome="Passed" testListId="8c84fa94-04c1-424b-9868-57a2d4851a1d" relativeResultsDirectory="0c6e054b-b7f5-489c-a62c-6d40c4d18373">
    </UnitTestResult>
    <UnitTestResult executionId="6f938c63-2cfa-4137-bff8-7e15f3b9f992" testId="f3b46671-4362-7dc3-90a0-0fcbe80e34d8" testName="Nh_CanDelete" computerName="MICHAEL-PC" duration="00:00:00.0213882" startTime="2012-06-03T10:13:28.9320000+08:00" endTime="2012-06-03T10:13:28.9560000+08:00" testType="13cdc9d9-ddb5-4fa4-a97d-d965ccfc6d4b" outcome="Failed" testListId="8c84fa94-04c1-424b-9868-57a2d4851a1d" relativeResultsDirectory="6f938c63-2cfa-4137-bff8-7e15f3b9f992">
      <Output>
        <ErrorInfo>
          <Message>Test method TestProject.TestTheIRepository.Nh_CanDelete threw exception: 
FluentNHibernate.Cfg.FluentConfigurationException: An invalid or incomplete configuration was used while creating a SessionFactory. Check PotentialReasons collection, and InnerException for more detail.

 ---&gt; FluentNHibernate.Cfg.FluentConfigurationException: An invalid or incomplete configuration was used while creating a SessionFactory. Check PotentialReasons collection, and InnerException for more detail.

 ---&gt; FluentNHibernate.Visitors.ValidationException: The entity 'Question' doesn't have an Id mapped. Use the Id method to map your identity property. For example: Id(x =&gt; x.Id).</Message>
          <StackTrace>    at FluentNHibernate.Visitors.ValidationVisitor.ProcessClass(ClassMapping classMapping) in d:\Builds\FluentNH\src\FluentNHibernate\Visitors\ValidationVisitor.cs:line 20
   at FluentNHibernate.MappingModel.ClassBased.ClassMapping.AcceptVisitor(IMappingModelVisitor visitor) in d:\Builds\FluentNH\src\FluentNHibernate\MappingModel\ClassBased\ClassMapping.cs:line 78
   at FluentNHibernate.Visitors.DefaultMappingModelVisitor.Visit(ClassMapping classMapping) in d:\Builds\FluentNH\src\FluentNHibernate\Visitors\DefaultMappingModelVisitor.cs:line 89
   at FluentNHibernate.MappingModel.HibernateMapping.AcceptVisitor(IMappingModelVisitor visitor) in d:\Builds\FluentNH\src\FluentNHibernate\MappingModel\HibernateMapping.cs:line 37
   at FluentNHibernate.Visitors.DefaultMappingModelVisitor.&lt;Visit&gt;b__0(HibernateMapping x) in d:\Builds\FluentNH\src\FluentNHibernate\Visitors\DefaultMappingModelVisitor.cs:line 79
   at FluentNHibernate.Utils.CollectionExtensions.Each[T](IEnumerable`1 enumerable, Action`1 each) in d:\Builds\FluentNH\src\FluentNHibernate\Utils\CollectionExtensions.cs:line 15
   at FluentNHibernate.Visitors.DefaultMappingModelVisitor.Visit(IEnumerable`1 mappings) in d:\Builds\FluentNH\src\FluentNHibernate\Visitors\DefaultMappingModelVisitor.cs:line 79
   at FluentNHibernate.PersistenceModel.ApplyVisitors(IEnumerable`1 mappings) in d:\Builds\FluentNH\src\FluentNHibernate\PersistenceModel.cs:line 214
   at FluentNHibernate.PersistenceModel.BuildMappings() in d:\Builds\FluentNH\src\FluentNHibernate\PersistenceModel.cs:line 169
   at FluentNHibernate.Automapping.AutoPersistenceModel.BuildMappings() in d:\Builds\FluentNH\src\FluentNHibernate\Automapping\AutoPersistenceModel.cs:line 134
   at FluentNHibernate.PersistenceModel.EnsureMappingsBuilt() in d:\Builds\FluentNH\src\FluentNHibernate\PersistenceModel.cs:line 221
   at FluentNHibernate.PersistenceModel.Configure(Configuration cfg) in d:\Builds\FluentNH\src\FluentNHibernate\PersistenceModel.cs:line 277
   at FluentNHibernate.Automapping.AutoPersistenceModel.Configure(Configuration configuration) in d:\Builds\FluentNH\src\FluentNHibernate\Automapping\AutoPersistenceModel.cs:line 201
   at FluentNHibernate.Cfg.AutoMappingsContainer.Apply(Configuration cfg, PersistenceModel model) in d:\Builds\FluentNH\src\FluentNHibernate\Cfg\AutoMappingsContainer.cs:line 86
   at FluentNHibernate.Cfg.MappingConfiguration.Apply(Configuration cfg) in d:\Builds\FluentNH\src\FluentNHibernate\Cfg\MappingConfiguration.cs:line 80
   at FluentNHibernate.Cfg.FluentConfiguration.BuildConfiguration() in d:\Builds\FluentNH\src\FluentNHibernate\Cfg\FluentConfiguration.cs:line 249
 --- End of inner exception stack trace ---
    at FluentNHibernate.Cfg.FluentConfiguration.BuildConfiguration() in d:\Builds\FluentNH\src\FluentNHibernate\Cfg\FluentConfiguration.cs:line 264
   at FluentNHibernate.Cfg.FluentConfiguration.BuildSessionFactory() in d:\Builds\FluentNH\src\FluentNHibernate\Cfg\FluentConfiguration.cs:line 230
 --- End of inner exception stack trace ---
    at FluentNHibernate.Cfg.FluentConfiguration.BuildSessionFactory() in d:\Builds\FluentNH\src\FluentNHibernate\Cfg\FluentConfiguration.cs:line 235
   at TestProject.NhModelsMapper.GetSessionFactory(String connectionString) in C:\Users\Michael\_CODE\Ienablemuch.ToTheEfnhX\TestProject\NhDbMapper.cs:line 63
   at TestProject.TestTheIRepository.Nh_CanDelete() in C:\Users\Michael\_CODE\Ienablemuch.ToTheEfnhX\TestProject\TestTheIRepository.cs:line 274
</StackTrace>
        </ErrorInfo>
      </Output>
    </UnitTestResult>
    <UnitTestResult executionId="5bcb2c73-53b5-4caf-b831-58a6f86ca103" testId="f473cffe-6acb-bc8c-3c44-48f67f9567de" testName="Ef_Can_save_transaction" computerName="MICHAEL-PC" duration="00:00:00.0074319" startTime="2012-06-03T10:13:28.9690000+08:00" endTime="2012-06-03T10:13:28.9810000+08:00" testType="13cdc9d9-ddb5-4fa4-a97d-d965ccfc6d4b" outcome="Passed" testListId="8c84fa94-04c1-424b-9868-57a2d4851a1d" relativeResultsDirectory="5bcb2c73-53b5-4caf-b831-58a6f86ca103">
    </UnitTestResult>
    <UnitTestResult executionId="839c2c9b-717c-4cb6-bcee-fe5b34f6ec49" testId="f5049a26-85f5-2d61-7d0d-3fe36d498d57" testName="Memory_CanUpdate" computerName="MICHAEL-PC" duration="00:00:00.0003836" startTime="2012-06-03T10:13:28.9850000+08:00" endTime="2012-06-03T10:13:28.9910000+08:00" testType="13cdc9d9-ddb5-4fa4-a97d-d965ccfc6d4b" outcome="Passed" testListId="8c84fa94-04c1-424b-9868-57a2d4851a1d" relativeResultsDirectory="839c2c9b-717c-4cb6-bcee-fe5b34f6ec49">
    </UnitTestResult>
    <UnitTestResult executionId="1e2a473f-305e-4b19-947e-7da4f0b419d3" testId="f68ad391-23ca-2766-d2b2-8731589ef39b" testName="Nh_CanSaveHeaderDetail" computerName="MICHAEL-PC" duration="00:00:00.0221714" startTime="2012-06-03T10:13:28.9970000+08:00" endTime="2012-06-03T10:13:29.0240000+08:00" testType="13cdc9d9-ddb5-4fa4-a97d-d965ccfc6d4b" outcome="Failed" testListId="8c84fa94-04c1-424b-9868-57a2d4851a1d" relativeResultsDirectory="1e2a473f-305e-4b19-947e-7da4f0b419d3">
      <Output>
        <ErrorInfo>
          <Message>Test method TestProject.TestTheIRepository.Nh_CanSaveHeaderDetail threw exception: 
FluentNHibernate.Cfg.FluentConfigurationException: An invalid or incomplete configuration was used while creating a SessionFactory. Check PotentialReasons collection, and InnerException for more detail.

 ---&gt; FluentNHibernate.Cfg.FluentConfigurationException: An invalid or incomplete configuration was used while creating a SessionFactory. Check PotentialReasons collection, and InnerException for more detail.

 ---&gt; FluentNHibernate.Visitors.ValidationException: The entity 'Question' doesn't have an Id mapped. Use the Id method to map your identity property. For example: Id(x =&gt; x.Id).</Message>
          <StackTrace>    at FluentNHibernate.Visitors.ValidationVisitor.ProcessClass(ClassMapping classMapping) in d:\Builds\FluentNH\src\FluentNHibernate\Visitors\ValidationVisitor.cs:line 20
   at FluentNHibernate.MappingModel.ClassBased.ClassMapping.AcceptVisitor(IMappingModelVisitor visitor) in d:\Builds\FluentNH\src\FluentNHibernate\MappingModel\ClassBased\ClassMapping.cs:line 78
   at FluentNHibernate.Visitors.DefaultMappingModelVisitor.Visit(ClassMapping classMapping) in d:\Builds\FluentNH\src\FluentNHibernate\Visitors\DefaultMappingModelVisitor.cs:line 89
   at FluentNHibernate.MappingModel.HibernateMapping.AcceptVisitor(IMappingModelVisitor visitor) in d:\Builds\FluentNH\src\FluentNHibernate\MappingModel\HibernateMapping.cs:line 37
   at FluentNHibernate.Visitors.DefaultMappingModelVisitor.&lt;Visit&gt;b__0(HibernateMapping x) in d:\Builds\FluentNH\src\FluentNHibernate\Visitors\DefaultMappingModelVisitor.cs:line 79
   at FluentNHibernate.Utils.CollectionExtensions.Each[T](IEnumerable`1 enumerable, Action`1 each) in d:\Builds\FluentNH\src\FluentNHibernate\Utils\CollectionExtensions.cs:line 15
   at FluentNHibernate.Visitors.DefaultMappingModelVisitor.Visit(IEnumerable`1 mappings) in d:\Builds\FluentNH\src\FluentNHibernate\Visitors\DefaultMappingModelVisitor.cs:line 79
   at FluentNHibernate.PersistenceModel.ApplyVisitors(IEnumerable`1 mappings) in d:\Builds\FluentNH\src\FluentNHibernate\PersistenceModel.cs:line 214
   at FluentNHibernate.PersistenceModel.BuildMappings() in d:\Builds\FluentNH\src\FluentNHibernate\PersistenceModel.cs:line 169
   at FluentNHibernate.Automapping.AutoPersistenceModel.BuildMappings() in d:\Builds\FluentNH\src\FluentNHibernate\Automapping\AutoPersistenceModel.cs:line 134
   at FluentNHibernate.PersistenceModel.EnsureMappingsBuilt() in d:\Builds\FluentNH\src\FluentNHibernate\PersistenceModel.cs:line 221
   at FluentNHibernate.PersistenceModel.Configure(Configuration cfg) in d:\Builds\FluentNH\src\FluentNHibernate\PersistenceModel.cs:line 277
   at FluentNHibernate.Automapping.AutoPersistenceModel.Configure(Configuration configuration) in d:\Builds\FluentNH\src\FluentNHibernate\Automapping\AutoPersistenceModel.cs:line 201
   at FluentNHibernate.Cfg.AutoMappingsContainer.Apply(Configuration cfg, PersistenceModel model) in d:\Builds\FluentNH\src\FluentNHibernate\Cfg\AutoMappingsContainer.cs:line 86
   at FluentNHibernate.Cfg.MappingConfiguration.Apply(Configuration cfg) in d:\Builds\FluentNH\src\FluentNHibernate\Cfg\MappingConfiguration.cs:line 80
   at FluentNHibernate.Cfg.FluentConfiguration.BuildConfiguration() in d:\Builds\FluentNH\src\FluentNHibernate\Cfg\FluentConfiguration.cs:line 249
 --- End of inner exception stack trace ---
    at FluentNHibernate.Cfg.FluentConfiguration.BuildConfiguration() in d:\Builds\FluentNH\src\FluentNHibernate\Cfg\FluentConfiguration.cs:line 264
   at FluentNHibernate.Cfg.FluentConfiguration.BuildSessionFactory() in d:\Builds\FluentNH\src\FluentNHibernate\Cfg\FluentConfiguration.cs:line 230
 --- End of inner exception stack trace ---
    at FluentNHibernate.Cfg.FluentConfiguration.BuildSessionFactory() in d:\Builds\FluentNH\src\FluentNHibernate\Cfg\FluentConfiguration.cs:line 235
   at TestProject.NhModelsMapper.GetSessionFactory(String connectionString) in C:\Users\Michael\_CODE\Ienablemuch.ToTheEfnhX\TestProject\NhDbMapper.cs:line 63
   at TestProject.TestTheIRepository.Nh_CanSaveHeaderDetail() in C:\Users\Michael\_CODE\Ienablemuch.ToTheEfnhX\TestProject\TestTheIRepository.cs:line 122
</StackTrace>
        </ErrorInfo>
      </Output>
    </UnitTestResult>
    <UnitTestResult executionId="85e0ca98-30cd-438d-aafb-06db4d74a2dd" testId="f7d7cfdb-4468-5c56-7540-afe0d55e093a" testName="Can_do_deep_clone" computerName="MICHAEL-PC" duration="00:00:00.0022678" startTime="2012-06-03T10:13:29.0290000+08:00" endTime="2012-06-03T10:13:29.0420000+08:00" testType="13cdc9d9-ddb5-4fa4-a97d-d965ccfc6d4b" outcome="Passed" testListId="8c84fa94-04c1-424b-9868-57a2d4851a1d" relativeResultsDirectory="85e0ca98-30cd-438d-aafb-06db4d74a2dd">
    </UnitTestResult>
    <UnitTestResult executionId="dd517907-66fa-4cc2-b044-0b62606533e5" testId="ffcba511-cdf9-ce52-fd62-900fe7820ecc" testName="Ef_Can_queue_changes" computerName="MICHAEL-PC" duration="00:00:00.0050582" startTime="2012-06-03T10:13:29.0460000+08:00" endTime="2012-06-03T10:13:29.0550000+08:00" testType="13cdc9d9-ddb5-4fa4-a97d-d965ccfc6d4b" outcome="Failed" testListId="8c84fa94-04c1-424b-9868-57a2d4851a1d" relativeResultsDirectory="dd517907-66fa-4cc2-b044-0b62606533e5">
      <Output>
        <ErrorInfo>
          <Message>Test method TestProject.TestTheIRepository.Ef_Can_queue_changes threw exception: 
System.MissingMethodException: Method 'TestProject.SampleModel.Question.QuestionId' not found.</Message>
          <StackTrace>    at System.RuntimeType.InvokeMember(String name, BindingFlags bindingFlags, Binder binder, Object target, Object[] providedArgs, ParameterModifier[] modifiers, CultureInfo culture, String[] namedParams)
   at Ienablemuch.ToTheEfnhX.EntityFramework.EfRepository`1.Merge(TEnt ent, Byte[] version) in C:\Users\Michael\_CODE\Ienablemuch.ToTheEfnhX\Ienablemuch.ToTheEfnhX.EntityFramework\EfRepository.cs:line 155
   at TestProject.TestTheIRepository.Refactored_Common_Merge_Arrange_Create(IRepository`1 repo) in C:\Users\Michael\_CODE\Ienablemuch.ToTheEfnhX\TestProject\TestTheIRepository.cs:line 847
   at TestProject.TestTheIRepository.Common_Can_queue_changes(IRepository`1 repo) in C:\Users\Michael\_CODE\Ienablemuch.ToTheEfnhX\TestProject\TestTheIRepository.cs:line 898
   at TestProject.TestTheIRepository.Ef_Can_queue_changes() in C:\Users\Michael\_CODE\Ienablemuch.ToTheEfnhX\TestProject\TestTheIRepository.cs:line 891
</StackTrace>
        </ErrorInfo>
      </Output>
    </UnitTestResult>
  </Results>
</TestRun>