<?xml version="1.0" encoding="UTF-8"?>
<TestRun id="281b0d65-ff3f-4b4b-80b6-b4540e2b9937" name="Michael@MICHAEL-PC 2012-06-07 08:58:30" runUser="Michael-PC\Michael" xmlns="http://microsoft.com/schemas/VisualStudio/TeamTest/2010">
  <TestSettings name="Local" id="7d9e14f4-f525-48ee-bea8-a34d9f4cc18d">
    <Description>These are default test settings for a local test run.</Description>
    <Deployment enabled="false" runDeploymentRoot="Michael_MICHAEL-PC 2012-06-07 08_58_30">
      <DeploymentItem filename="C:\Users\Michael\_CODE\Ienablemuch.ToTheEfnhX\Ienablemuch.ToTheEfnhX.Memory\bin\Release\Ienablemuch.ToTheEfnhX.Memory.dll" />
      <DeploymentItem filename="C:\Users\Michael\_CODE\Ienablemuch.ToTheEfnhX\packages\FluentNHibernate.1.3.0.717\lib\FluentNHibernate.dll" />
      <DeploymentItem filename="C:\Users\Michael\_CODE\Ienablemuch.ToTheEfnhX\packages\Iesi.Collections.3.2.0.4000\lib\Net35\Iesi.Collections.dll" />
      <DeploymentItem filename="C:\Users\Michael\_CODE\Ienablemuch.ToTheEfnhX\Ienablemuch.ToTheEfnhx.CommonExtensions\bin\Release\Ienablemuch.ToTheEfnhx.CommonExtensions.dll" />
      <DeploymentItem filename="C:\Users\Michael\_CODE\Ienablemuch.ToTheEfnhX\packages\NHibernate.3.3.0.4000\lib\Net35\NHibernate.dll" />
      <DeploymentItem filename="C:\Users\Michael\_CODE\Ienablemuch.ToTheEfnhX\packages\EntityFramework.4.3.1\lib\net40\EntityFramework.dll" />
      <DeploymentItem filename="C:\Users\Michael\_CODE\Ienablemuch.ToTheEfnhX\Ienablemuch.ToTheEfnhX.NHibernate\bin\Release\Ienablemuch.ToTheEfnhX.NHibernate.dll" />
      <DeploymentItem filename="C:\Users\Michael\_CODE\Ienablemuch.ToTheEfnhX\Ienablemuch.ToTheEfnhX.EntityFramework\bin\Release\Ienablemuch.ToTheEfnhX.EntityFramework.dll" />
      <DeploymentItem filename="C:\Users\Michael\_CODE\Ienablemuch.ToTheEfnhX\ToTheEfnhX\bin\Release\Ienablemuch.ToTheEfnhX.dll" />
    </Deployment>
    <Execution>
      <TestTypeSpecific />
      <AgentRule name="Execution Agents">
      </AgentRule>
    </Execution>
  </TestSettings>
  <Times creation="2012-06-07T08:58:30.4010000+08:00" queuing="2012-06-07T08:58:30.4620000+08:00" start="2012-06-07T08:58:30.4890000+08:00" finish="2012-06-07T08:58:36.4350000+08:00" />
  <ResultSummary outcome="Completed">
    <Counters total="52" executed="52" passed="52" error="0" failed="0" timeout="0" aborted="0" inconclusive="0" passedButRunAborted="0" notRunnable="0" notExecuted="0" disconnected="0" warning="0" completed="0" inProgress="0" pending="0" />
  </ResultSummary>
  <TestDefinitions>
    <UnitTest name="Nh_CanHaveIncrementingKey" storage="c:\users\michael\_code\ienablemuch.totheefnhx\testproject\bin\release\testproject.dll" id="c8ff8ef9-a95a-0779-90f7-6e8188ebefd1">
      <Execution id="f2e1dfd1-9555-4233-bbe7-eab85bf95153" />
      <TestMethod codeBase="C:/Users/Michael/_CODE/Ienablemuch.ToTheEfnhX/TestProject/bin/Release/TestProject.DLL" adapterTypeName="Microsoft.VisualStudio.TestTools.TestTypes.Unit.UnitTestAdapter, Microsoft.VisualStudio.QualityTools.Tips.UnitTest.Adapter, Version=10.0.0.0, Culture=neutral, PublicKeyToken=b03f5f7f11d50a3a" className="TestProject.TestTheIRepository, TestProject, Version=1.0.0.0, Culture=neutral, PublicKeyToken=null" name="Nh_CanHaveIncrementingKey" />
    </UnitTest>
    <UnitTest name="Nh_SessionTransaction_can_detect_its_own_transaction_commitness_only" storage="c:\users\michael\_code\ienablemuch.totheefnhx\testproject\bin\release\testproject.dll" id="83330a72-51da-0d0d-d2b2-826b2f6cfd00">
      <Execution id="ec92227c-bf98-497c-b485-d26f045cf2be" />
      <TestMethod codeBase="C:/Users/Michael/_CODE/Ienablemuch.ToTheEfnhX/TestProject/bin/Release/TestProject.DLL" adapterTypeName="Microsoft.VisualStudio.TestTools.TestTypes.Unit.UnitTestAdapter, Microsoft.VisualStudio.QualityTools.Tips.UnitTest.Adapter, Version=10.0.0.0, Culture=neutral, PublicKeyToken=b03f5f7f11d50a3a" className="TestProject.TestTheIRepository, TestProject, Version=1.0.0.0, Culture=neutral, PublicKeyToken=null" name="Nh_SessionTransaction_can_detect_its_own_transaction_commitness_only" />
    </UnitTest>
    <UnitTest name="Nh_CanDetectUpdateConflictingDelete" storage="c:\users\michael\_code\ienablemuch.totheefnhx\testproject\bin\release\testproject.dll" id="5d13769c-6ed9-df33-8e6d-b0cc79c073f2">
      <Execution id="e052afd9-afee-450a-a55e-855cce06eba8" />
      <TestMethod codeBase="C:/Users/Michael/_CODE/Ienablemuch.ToTheEfnhX/TestProject/bin/Release/TestProject.DLL" adapterTypeName="Microsoft.VisualStudio.TestTools.TestTypes.Unit.UnitTestAdapter, Microsoft.VisualStudio.QualityTools.Tips.UnitTest.Adapter, Version=10.0.0.0, Culture=neutral, PublicKeyToken=b03f5f7f11d50a3a" className="TestProject.TestTheIRepository, TestProject, Version=1.0.0.0, Culture=neutral, PublicKeyToken=null" name="Nh_CanDetectUpdateConflictingDelete" />
    </UnitTest>
    <UnitTest name="Nh_Can_Orm_Merge_Can_Create" storage="c:\users\michael\_code\ienablemuch.totheefnhx\testproject\bin\release\testproject.dll" id="8af4731e-1204-41e4-f479-73db6099844b">
      <Execution id="287994f3-3361-440d-afde-1347bf9273d6" />
      <TestMethod codeBase="C:/Users/Michael/_CODE/Ienablemuch.ToTheEfnhX/TestProject/bin/Release/TestProject.DLL" adapterTypeName="Microsoft.VisualStudio.TestTools.TestTypes.Unit.UnitTestAdapter, Microsoft.VisualStudio.QualityTools.Tips.UnitTest.Adapter, Version=10.0.0.0, Culture=neutral, PublicKeyToken=b03f5f7f11d50a3a" className="TestProject.TestTheIRepository, TestProject, Version=1.0.0.0, Culture=neutral, PublicKeyToken=null" name="Nh_Can_Orm_Merge_Can_Create" />
    </UnitTest>
    <UnitTest name="Nh_Can_Orm_do_cascaded_deletions" storage="c:\users\michael\_code\ienablemuch.totheefnhx\testproject\bin\release\testproject.dll" id="170c0ff1-28bc-09a2-839b-5ab24853aea8">
      <Execution id="08008fa9-cc85-4a76-ab72-c0939a643bcc" />
      <TestMethod codeBase="C:/Users/Michael/_CODE/Ienablemuch.ToTheEfnhX/TestProject/bin/Release/TestProject.DLL" adapterTypeName="Microsoft.VisualStudio.TestTools.TestTypes.Unit.UnitTestAdapter, Microsoft.VisualStudio.QualityTools.Tips.UnitTest.Adapter, Version=10.0.0.0, Culture=neutral, PublicKeyToken=b03f5f7f11d50a3a" className="TestProject.TestTheIRepository, TestProject, Version=1.0.0.0, Culture=neutral, PublicKeyToken=null" name="Nh_Can_Orm_do_cascaded_deletions" />
    </UnitTest>
    <UnitTest name="Saving_is_ok" storage="c:\users\michael\_code\ienablemuch.totheefnhx\testproject\bin\release\testproject.dll" id="5b9ac5c8-7814-fd36-cd57-f0de0de0fae7">
      <Execution id="2ea18eae-579d-4df2-b1fd-9c07b84d0b83" />
      <TestMethod codeBase="C:/Users/Michael/_CODE/Ienablemuch.ToTheEfnhX/TestProject/bin/Release/TestProject.DLL" adapterTypeName="Microsoft.VisualStudio.TestTools.TestTypes.Unit.UnitTestAdapter, Microsoft.VisualStudio.QualityTools.Tips.UnitTest.Adapter, Version=10.0.0.0, Culture=neutral, PublicKeyToken=b03f5f7f11d50a3a" className="TestProject.TestTheIRepository, TestProject, Version=1.0.0.0, Culture=neutral, PublicKeyToken=null" name="Saving_is_ok" />
    </UnitTest>
    <UnitTest name="Fetching_strategies_of_NHibernate_helper_has_no_problem_on_mocked_IQueryable" storage="c:\users\michael\_code\ienablemuch.totheefnhx\testproject\bin\release\testproject.dll" id="24f780e7-822d-62ed-f13e-e2daddc611e1">
      <Execution id="c889c892-b408-4399-a57b-1a14b6532da8" />
      <TestMethod codeBase="C:/Users/Michael/_CODE/Ienablemuch.ToTheEfnhX/TestProject/bin/Release/TestProject.DLL" adapterTypeName="Microsoft.VisualStudio.TestTools.TestTypes.Unit.UnitTestAdapter, Microsoft.VisualStudio.QualityTools.Tips.UnitTest.Adapter, Version=10.0.0.0, Culture=neutral, PublicKeyToken=b03f5f7f11d50a3a" className="TestProject.TestTheIRepository, TestProject, Version=1.0.0.0, Culture=neutral, PublicKeyToken=null" name="Fetching_strategies_of_NHibernate_helper_has_no_problem_on_mocked_IQueryable" />
    </UnitTest>
    <UnitTest name="Ef_CanDetectUpdateConflictingUpdate" storage="c:\users\michael\_code\ienablemuch.totheefnhx\testproject\bin\release\testproject.dll" id="ca3ec696-2df9-55bd-c53c-f732b5c80a68">
      <Execution id="c0bb2da2-5180-4e1e-bb86-9d7c7f95268a" />
      <TestMethod codeBase="C:/Users/Michael/_CODE/Ienablemuch.ToTheEfnhX/TestProject/bin/Release/TestProject.DLL" adapterTypeName="Microsoft.VisualStudio.TestTools.TestTypes.Unit.UnitTestAdapter, Microsoft.VisualStudio.QualityTools.Tips.UnitTest.Adapter, Version=10.0.0.0, Culture=neutral, PublicKeyToken=b03f5f7f11d50a3a" className="TestProject.TestTheIRepository, TestProject, Version=1.0.0.0, Culture=neutral, PublicKeyToken=null" name="Ef_CanDetectUpdateConflictingUpdate" />
    </UnitTest>
    <UnitTest name="Nh_CanUpdate" storage="c:\users\michael\_code\ienablemuch.totheefnhx\testproject\bin\release\testproject.dll" id="63d9977f-78b2-ba78-f19b-1e84d68eabe8">
      <Execution id="33c6750e-8b51-49fe-9ece-4429aa377a2e" />
      <TestMethod codeBase="C:/Users/Michael/_CODE/Ienablemuch.ToTheEfnhX/TestProject/bin/Release/TestProject.DLL" adapterTypeName="Microsoft.VisualStudio.TestTools.TestTypes.Unit.UnitTestAdapter, Microsoft.VisualStudio.QualityTools.Tips.UnitTest.Adapter, Version=10.0.0.0, Culture=neutral, PublicKeyToken=b03f5f7f11d50a3a" className="TestProject.TestTheIRepository, TestProject, Version=1.0.0.0, Culture=neutral, PublicKeyToken=null" name="Nh_CanUpdate" />
    </UnitTest>
    <UnitTest name="Memory_CanUpdate" storage="c:\users\michael\_code\ienablemuch.totheefnhx\testproject\bin\release\testproject.dll" id="f5049a26-85f5-2d61-7d0d-3fe36d498d57">
      <Execution id="8bf30f73-7b1a-47e7-afc3-6f331f53ac9c" />
      <TestMethod codeBase="C:/Users/Michael/_CODE/Ienablemuch.ToTheEfnhX/TestProject/bin/Release/TestProject.DLL" adapterTypeName="Microsoft.VisualStudio.TestTools.TestTypes.Unit.UnitTestAdapter, Microsoft.VisualStudio.QualityTools.Tips.UnitTest.Adapter, Version=10.0.0.0, Culture=neutral, PublicKeyToken=b03f5f7f11d50a3a" className="TestProject.TestTheIRepository, TestProject, Version=1.0.0.0, Culture=neutral, PublicKeyToken=null" name="Memory_CanUpdate" />
    </UnitTest>
    <UnitTest name="Ef_CanDetectDeleteConflictingDelete" storage="c:\users\michael\_code\ienablemuch.totheefnhx\testproject\bin\release\testproject.dll" id="4bb22a57-9102-06ea-257b-caae673d46d7">
      <Execution id="87188f11-04fb-4cc6-ac7a-47d633767982" />
      <TestMethod codeBase="C:/Users/Michael/_CODE/Ienablemuch.ToTheEfnhX/TestProject/bin/Release/TestProject.DLL" adapterTypeName="Microsoft.VisualStudio.TestTools.TestTypes.Unit.UnitTestAdapter, Microsoft.VisualStudio.QualityTools.Tips.UnitTest.Adapter, Version=10.0.0.0, Culture=neutral, PublicKeyToken=b03f5f7f11d50a3a" className="TestProject.TestTheIRepository, TestProject, Version=1.0.0.0, Culture=neutral, PublicKeyToken=null" name="Ef_CanDetectDeleteConflictingDelete" />
    </UnitTest>
    <UnitTest name="Ef_Can_save_transaction" storage="c:\users\michael\_code\ienablemuch.totheefnhx\testproject\bin\release\testproject.dll" id="f473cffe-6acb-bc8c-3c44-48f67f9567de">
      <Execution id="da50d7aa-5ccb-428d-a5ce-dd3bfb5b655b" />
      <TestMethod codeBase="C:/Users/Michael/_CODE/Ienablemuch.ToTheEfnhX/TestProject/bin/Release/TestProject.DLL" adapterTypeName="Microsoft.VisualStudio.TestTools.TestTypes.Unit.UnitTestAdapter, Microsoft.VisualStudio.QualityTools.Tips.UnitTest.Adapter, Version=10.0.0.0, Culture=neutral, PublicKeyToken=b03f5f7f11d50a3a" className="TestProject.TestTheIRepository, TestProject, Version=1.0.0.0, Culture=neutral, PublicKeyToken=null" name="Ef_Can_save_transaction" />
    </UnitTest>
    <UnitTest name="Memory_CanDetectDeleteConflictingDelete" storage="c:\users\michael\_code\ienablemuch.totheefnhx\testproject\bin\release\testproject.dll" id="d409929f-129a-9686-590d-6472fdfa28e4">
      <Execution id="86b8912d-db46-4987-9d65-380ac135dcc4" />
      <TestMethod codeBase="C:/Users/Michael/_CODE/Ienablemuch.ToTheEfnhX/TestProject/bin/Release/TestProject.DLL" adapterTypeName="Microsoft.VisualStudio.TestTools.TestTypes.Unit.UnitTestAdapter, Microsoft.VisualStudio.QualityTools.Tips.UnitTest.Adapter, Version=10.0.0.0, Culture=neutral, PublicKeyToken=b03f5f7f11d50a3a" className="TestProject.TestTheIRepository, TestProject, Version=1.0.0.0, Culture=neutral, PublicKeyToken=null" name="Memory_CanDetectDeleteConflictingDelete" />
    </UnitTest>
    <UnitTest name="TestArray" storage="c:\users\michael\_code\ienablemuch.totheefnhx\testproject\bin\release\testproject.dll" id="e4d36185-e99e-9b3f-8afc-2b7c501afd9a">
      <Execution id="0f6f4d61-1b02-44f2-947c-8da5facc4358" />
      <TestMethod codeBase="C:/Users/Michael/_CODE/Ienablemuch.ToTheEfnhX/TestProject/bin/Release/TestProject.DLL" adapterTypeName="Microsoft.VisualStudio.TestTools.TestTypes.Unit.UnitTestAdapter, Microsoft.VisualStudio.QualityTools.Tips.UnitTest.Adapter, Version=10.0.0.0, Culture=neutral, PublicKeyToken=b03f5f7f11d50a3a" className="TestProject.TestTheIRepository, TestProject, Version=1.0.0.0, Culture=neutral, PublicKeyToken=null" name="TestArray" />
    </UnitTest>
    <UnitTest name="Ef_CanDetectUpdateConflictingDelete" storage="c:\users\michael\_code\ienablemuch.totheefnhx\testproject\bin\release\testproject.dll" id="cdd1ec05-a33a-edaf-1560-6637f27329d2">
      <Execution id="051c747f-f674-4bc5-81cb-4123b3ee9f67" />
      <TestMethod codeBase="C:/Users/Michael/_CODE/Ienablemuch.ToTheEfnhX/TestProject/bin/Release/TestProject.DLL" adapterTypeName="Microsoft.VisualStudio.TestTools.TestTypes.Unit.UnitTestAdapter, Microsoft.VisualStudio.QualityTools.Tips.UnitTest.Adapter, Version=10.0.0.0, Culture=neutral, PublicKeyToken=b03f5f7f11d50a3a" className="TestProject.TestTheIRepository, TestProject, Version=1.0.0.0, Culture=neutral, PublicKeyToken=null" name="Ef_CanDetectUpdateConflictingDelete" />
    </UnitTest>
    <UnitTest name="Nh_SessionTransaction_cannot_detect_transaction_commitness" storage="c:\users\michael\_code\ienablemuch.totheefnhx\testproject\bin\release\testproject.dll" id="dad118fb-1088-58a3-350a-fc5e47173fa9">
      <Execution id="03fa00f2-5c85-42ab-9018-53f6af5c0595" />
      <TestMethod codeBase="C:/Users/Michael/_CODE/Ienablemuch.ToTheEfnhX/TestProject/bin/Release/TestProject.DLL" adapterTypeName="Microsoft.VisualStudio.TestTools.TestTypes.Unit.UnitTestAdapter, Microsoft.VisualStudio.QualityTools.Tips.UnitTest.Adapter, Version=10.0.0.0, Culture=neutral, PublicKeyToken=b03f5f7f11d50a3a" className="TestProject.TestTheIRepository, TestProject, Version=1.0.0.0, Culture=neutral, PublicKeyToken=null" name="Nh_SessionTransaction_cannot_detect_transaction_commitness" />
    </UnitTest>
    <UnitTest name="Ef_Can_Orm_Merge_Can_Create" storage="c:\users\michael\_code\ienablemuch.totheefnhx\testproject\bin\release\testproject.dll" id="a9ed84c2-917f-5ccb-44a7-7e3cea9cd5e0">
      <Execution id="c461b08d-d182-4531-95cf-8c6cc012c700" />
      <TestMethod codeBase="C:/Users/Michael/_CODE/Ienablemuch.ToTheEfnhX/TestProject/bin/Release/TestProject.DLL" adapterTypeName="Microsoft.VisualStudio.TestTools.TestTypes.Unit.UnitTestAdapter, Microsoft.VisualStudio.QualityTools.Tips.UnitTest.Adapter, Version=10.0.0.0, Culture=neutral, PublicKeyToken=b03f5f7f11d50a3a" className="TestProject.TestTheIRepository, TestProject, Version=1.0.0.0, Culture=neutral, PublicKeyToken=null" name="Ef_Can_Orm_Merge_Can_Create" />
    </UnitTest>
    <UnitTest name="Nh_Can_Orm_Merge_Can_Update" storage="c:\users\michael\_code\ienablemuch.totheefnhx\testproject\bin\release\testproject.dll" id="b9cbda9a-23ca-3458-8bf7-8aa6598f8754">
      <Execution id="fa800e84-3c5e-4412-9e72-e00ccca68993" />
      <TestMethod codeBase="C:/Users/Michael/_CODE/Ienablemuch.ToTheEfnhX/TestProject/bin/Release/TestProject.DLL" adapterTypeName="Microsoft.VisualStudio.TestTools.TestTypes.Unit.UnitTestAdapter, Microsoft.VisualStudio.QualityTools.Tips.UnitTest.Adapter, Version=10.0.0.0, Culture=neutral, PublicKeyToken=b03f5f7f11d50a3a" className="TestProject.TestTheIRepository, TestProject, Version=1.0.0.0, Culture=neutral, PublicKeyToken=null" name="Nh_Can_Orm_Merge_Can_Update" />
    </UnitTest>
    <UnitTest name="Memory_CanSaveHeaderDetail" storage="c:\users\michael\_code\ienablemuch.totheefnhx\testproject\bin\release\testproject.dll" id="c2e9f01d-6387-7f00-c2a6-71385a796942">
      <Execution id="473bc2ae-635a-4ece-8eb8-3dba8bc910c0" />
      <TestMethod codeBase="C:/Users/Michael/_CODE/Ienablemuch.ToTheEfnhX/TestProject/bin/Release/TestProject.DLL" adapterTypeName="Microsoft.VisualStudio.TestTools.TestTypes.Unit.UnitTestAdapter, Microsoft.VisualStudio.QualityTools.Tips.UnitTest.Adapter, Version=10.0.0.0, Culture=neutral, PublicKeyToken=b03f5f7f11d50a3a" className="TestProject.TestTheIRepository, TestProject, Version=1.0.0.0, Culture=neutral, PublicKeyToken=null" name="Memory_CanSaveHeaderDetail" />
    </UnitTest>
    <UnitTest name="Ef_CanSave" storage="c:\users\michael\_code\ienablemuch.totheefnhx\testproject\bin\release\testproject.dll" id="6a52032d-db59-8802-47db-20699e8ef053">
      <Execution id="9a9768c5-c723-49fb-963a-94e71f33e22b" />
      <TestMethod codeBase="C:/Users/Michael/_CODE/Ienablemuch.ToTheEfnhX/TestProject/bin/Release/TestProject.DLL" adapterTypeName="Microsoft.VisualStudio.TestTools.TestTypes.Unit.UnitTestAdapter, Microsoft.VisualStudio.QualityTools.Tips.UnitTest.Adapter, Version=10.0.0.0, Culture=neutral, PublicKeyToken=b03f5f7f11d50a3a" className="TestProject.TestTheIRepository, TestProject, Version=1.0.0.0, Culture=neutral, PublicKeyToken=null" name="Ef_CanSave" />
    </UnitTest>
    <UnitTest name="Ef_HasRowVersion" storage="c:\users\michael\_code\ienablemuch.totheefnhx\testproject\bin\release\testproject.dll" id="86150143-fb0b-c807-6c85-448e509331e0">
      <Execution id="3ae7ae93-c456-43e2-b939-a0896484f924" />
      <TestMethod codeBase="C:/Users/Michael/_CODE/Ienablemuch.ToTheEfnhX/TestProject/bin/Release/TestProject.DLL" adapterTypeName="Microsoft.VisualStudio.TestTools.TestTypes.Unit.UnitTestAdapter, Microsoft.VisualStudio.QualityTools.Tips.UnitTest.Adapter, Version=10.0.0.0, Culture=neutral, PublicKeyToken=b03f5f7f11d50a3a" className="TestProject.TestTheIRepository, TestProject, Version=1.0.0.0, Culture=neutral, PublicKeyToken=null" name="Ef_HasRowVersion" />
    </UnitTest>
    <UnitTest name="Ef_CanUpdate" storage="c:\users\michael\_code\ienablemuch.totheefnhx\testproject\bin\release\testproject.dll" id="9ce2ff54-3bea-2c09-7986-c83994c1d685">
      <Execution id="d1d11e14-5abb-411a-ab08-09709f8d2dfa" />
      <TestMethod codeBase="C:/Users/Michael/_CODE/Ienablemuch.ToTheEfnhX/TestProject/bin/Release/TestProject.DLL" adapterTypeName="Microsoft.VisualStudio.TestTools.TestTypes.Unit.UnitTestAdapter, Microsoft.VisualStudio.QualityTools.Tips.UnitTest.Adapter, Version=10.0.0.0, Culture=neutral, PublicKeyToken=b03f5f7f11d50a3a" className="TestProject.TestTheIRepository, TestProject, Version=1.0.0.0, Culture=neutral, PublicKeyToken=null" name="Ef_CanUpdate" />
    </UnitTest>
    <UnitTest name="Nh_CanDetectDeleteConflictingUpdate" storage="c:\users\michael\_code\ienablemuch.totheefnhx\testproject\bin\release\testproject.dll" id="467d17f0-5ec4-24a5-9089-e15ef18964f7">
      <Execution id="e80afcfa-b122-46ce-864d-9790fa3e6cf6" />
      <TestMethod codeBase="C:/Users/Michael/_CODE/Ienablemuch.ToTheEfnhX/TestProject/bin/Release/TestProject.DLL" adapterTypeName="Microsoft.VisualStudio.TestTools.TestTypes.Unit.UnitTestAdapter, Microsoft.VisualStudio.QualityTools.Tips.UnitTest.Adapter, Version=10.0.0.0, Culture=neutral, PublicKeyToken=b03f5f7f11d50a3a" className="TestProject.TestTheIRepository, TestProject, Version=1.0.0.0, Culture=neutral, PublicKeyToken=null" name="Nh_CanDetectDeleteConflictingUpdate" />
    </UnitTest>
    <UnitTest name="Nh_HasRowVersion" storage="c:\users\michael\_code\ienablemuch.totheefnhx\testproject\bin\release\testproject.dll" id="919c9ab6-d8de-ff18-95fc-25bc030735bd">
      <Execution id="b3656646-fb56-41e7-a226-3f82a973dff7" />
      <TestMethod codeBase="C:/Users/Michael/_CODE/Ienablemuch.ToTheEfnhX/TestProject/bin/Release/TestProject.DLL" adapterTypeName="Microsoft.VisualStudio.TestTools.TestTypes.Unit.UnitTestAdapter, Microsoft.VisualStudio.QualityTools.Tips.UnitTest.Adapter, Version=10.0.0.0, Culture=neutral, PublicKeyToken=b03f5f7f11d50a3a" className="TestProject.TestTheIRepository, TestProject, Version=1.0.0.0, Culture=neutral, PublicKeyToken=null" name="Nh_HasRowVersion" />
    </UnitTest>
    <UnitTest name="Ef_Can_Orm_do_cascaded_deletions" storage="c:\users\michael\_code\ienablemuch.totheefnhx\testproject\bin\release\testproject.dll" id="a2256363-4989-1fab-e208-96edc389fe3c">
      <Execution id="748b0956-2823-4504-8ade-d9e4956bf080" />
      <TestMethod codeBase="C:/Users/Michael/_CODE/Ienablemuch.ToTheEfnhX/TestProject/bin/Release/TestProject.DLL" adapterTypeName="Microsoft.VisualStudio.TestTools.TestTypes.Unit.UnitTestAdapter, Microsoft.VisualStudio.QualityTools.Tips.UnitTest.Adapter, Version=10.0.0.0, Culture=neutral, PublicKeyToken=b03f5f7f11d50a3a" className="TestProject.TestTheIRepository, TestProject, Version=1.0.0.0, Culture=neutral, PublicKeyToken=null" name="Ef_Can_Orm_do_cascaded_deletions" />
    </UnitTest>
    <UnitTest name="Memory_CanSaveTransaction" storage="c:\users\michael\_code\ienablemuch.totheefnhx\testproject\bin\release\testproject.dll" id="6b805790-9c4f-2071-6e55-fbbb337c0021">
      <Execution id="c0d51f71-a637-4944-82ba-95776830d9f6" />
      <TestMethod codeBase="C:/Users/Michael/_CODE/Ienablemuch.ToTheEfnhX/TestProject/bin/Release/TestProject.DLL" adapterTypeName="Microsoft.VisualStudio.TestTools.TestTypes.Unit.UnitTestAdapter, Microsoft.VisualStudio.QualityTools.Tips.UnitTest.Adapter, Version=10.0.0.0, Culture=neutral, PublicKeyToken=b03f5f7f11d50a3a" className="TestProject.TestTheIRepository, TestProject, Version=1.0.0.0, Culture=neutral, PublicKeyToken=null" name="Memory_CanSaveTransaction" />
    </UnitTest>
    <UnitTest name="Ef_Can_Orm_Merge_Can_Update" storage="c:\users\michael\_code\ienablemuch.totheefnhx\testproject\bin\release\testproject.dll" id="3a1e9fe6-a4ce-9adb-c086-11052cee98b6">
      <Execution id="a3878ee5-b70d-4e71-ab0a-202742ea708c" />
      <TestMethod codeBase="C:/Users/Michael/_CODE/Ienablemuch.ToTheEfnhX/TestProject/bin/Release/TestProject.DLL" adapterTypeName="Microsoft.VisualStudio.TestTools.TestTypes.Unit.UnitTestAdapter, Microsoft.VisualStudio.QualityTools.Tips.UnitTest.Adapter, Version=10.0.0.0, Culture=neutral, PublicKeyToken=b03f5f7f11d50a3a" className="TestProject.TestTheIRepository, TestProject, Version=1.0.0.0, Culture=neutral, PublicKeyToken=null" name="Ef_Can_Orm_Merge_Can_Update" />
    </UnitTest>
    <UnitTest name="Ef_CanDelete" storage="c:\users\michael\_code\ienablemuch.totheefnhx\testproject\bin\release\testproject.dll" id="c3da4334-35ea-a9c1-5cbf-c1daa7323978">
      <Execution id="304f31f8-0713-419e-b383-e13ae31b70f7" />
      <TestMethod codeBase="C:/Users/Michael/_CODE/Ienablemuch.ToTheEfnhX/TestProject/bin/Release/TestProject.DLL" adapterTypeName="Microsoft.VisualStudio.TestTools.TestTypes.Unit.UnitTestAdapter, Microsoft.VisualStudio.QualityTools.Tips.UnitTest.Adapter, Version=10.0.0.0, Culture=neutral, PublicKeyToken=b03f5f7f11d50a3a" className="TestProject.TestTheIRepository, TestProject, Version=1.0.0.0, Culture=neutral, PublicKeyToken=null" name="Ef_CanDelete" />
    </UnitTest>
    <UnitTest name="Ef_Can_queue_changes" storage="c:\users\michael\_code\ienablemuch.totheefnhx\testproject\bin\release\testproject.dll" id="ffcba511-cdf9-ce52-fd62-900fe7820ecc">
      <Execution id="eaf53a31-8303-4550-bb7b-1713f9f03d91" />
      <TestMethod codeBase="C:/Users/Michael/_CODE/Ienablemuch.ToTheEfnhX/TestProject/bin/Release/TestProject.DLL" adapterTypeName="Microsoft.VisualStudio.TestTools.TestTypes.Unit.UnitTestAdapter, Microsoft.VisualStudio.QualityTools.Tips.UnitTest.Adapter, Version=10.0.0.0, Culture=neutral, PublicKeyToken=b03f5f7f11d50a3a" className="TestProject.TestTheIRepository, TestProject, Version=1.0.0.0, Culture=neutral, PublicKeyToken=null" name="Ef_Can_queue_changes" />
    </UnitTest>
    <UnitTest name="Fetching_strategies_of_EntityFramework_helper_has_no_problem_on_mocked_IQueryable" storage="c:\users\michael\_code\ienablemuch.totheefnhx\testproject\bin\release\testproject.dll" id="c8cf96fa-83e0-e026-64af-f003abc95103">
      <Execution id="c4c4a828-6c5a-4ecc-b6cd-8a6942cbcfd8" />
      <TestMethod codeBase="C:/Users/Michael/_CODE/Ienablemuch.ToTheEfnhX/TestProject/bin/Release/TestProject.DLL" adapterTypeName="Microsoft.VisualStudio.TestTools.TestTypes.Unit.UnitTestAdapter, Microsoft.VisualStudio.QualityTools.Tips.UnitTest.Adapter, Version=10.0.0.0, Culture=neutral, PublicKeyToken=b03f5f7f11d50a3a" className="TestProject.TestTheIRepository, TestProject, Version=1.0.0.0, Culture=neutral, PublicKeyToken=null" name="Fetching_strategies_of_EntityFramework_helper_has_no_problem_on_mocked_IQueryable" />
    </UnitTest>
    <UnitTest name="Memory_CanDetectUpdateConflictingDelete" storage="c:\users\michael\_code\ienablemuch.totheefnhx\testproject\bin\release\testproject.dll" id="314cd11d-882d-0d0a-f196-b0f474ca8700">
      <Execution id="3c0a10a3-be24-46ee-8e9b-338ad5c6c901" />
      <TestMethod codeBase="C:/Users/Michael/_CODE/Ienablemuch.ToTheEfnhX/TestProject/bin/Release/TestProject.DLL" adapterTypeName="Microsoft.VisualStudio.TestTools.TestTypes.Unit.UnitTestAdapter, Microsoft.VisualStudio.QualityTools.Tips.UnitTest.Adapter, Version=10.0.0.0, Culture=neutral, PublicKeyToken=b03f5f7f11d50a3a" className="TestProject.TestTheIRepository, TestProject, Version=1.0.0.0, Culture=neutral, PublicKeyToken=null" name="Memory_CanDetectUpdateConflictingDelete" />
    </UnitTest>
    <UnitTest name="Nh_Can_queue_changes" storage="c:\users\michael\_code\ienablemuch.totheefnhx\testproject\bin\release\testproject.dll" id="8ae0b4b0-ccc4-fc93-736a-72af24764f70">
      <Execution id="9115ded3-2f15-47a6-935b-4f63354f5a6f" />
      <TestMethod codeBase="C:/Users/Michael/_CODE/Ienablemuch.ToTheEfnhX/TestProject/bin/Release/TestProject.DLL" adapterTypeName="Microsoft.VisualStudio.TestTools.TestTypes.Unit.UnitTestAdapter, Microsoft.VisualStudio.QualityTools.Tips.UnitTest.Adapter, Version=10.0.0.0, Culture=neutral, PublicKeyToken=b03f5f7f11d50a3a" className="TestProject.TestTheIRepository, TestProject, Version=1.0.0.0, Culture=neutral, PublicKeyToken=null" name="Nh_Can_queue_changes" />
    </UnitTest>
    <UnitTest name="Nh_Can_Detect_Transaction_From_Session_Begin_Transaction" storage="c:\users\michael\_code\ienablemuch.totheefnhx\testproject\bin\release\testproject.dll" id="55b9acb6-c8fa-83e2-62ec-c3bb6a6ae6ad">
      <Execution id="5d8b2fc8-770b-4771-81ef-daad4bbd1280" />
      <TestMethod codeBase="C:/Users/Michael/_CODE/Ienablemuch.ToTheEfnhX/TestProject/bin/Release/TestProject.DLL" adapterTypeName="Microsoft.VisualStudio.TestTools.TestTypes.Unit.UnitTestAdapter, Microsoft.VisualStudio.QualityTools.Tips.UnitTest.Adapter, Version=10.0.0.0, Culture=neutral, PublicKeyToken=b03f5f7f11d50a3a" className="TestProject.TestTheIRepository, TestProject, Version=1.0.0.0, Culture=neutral, PublicKeyToken=null" name="Nh_Can_Detect_Transaction_From_Session_Begin_Transaction" />
    </UnitTest>
    <UnitTest name="Nh_CanDetectDeleteConflictingDelete" storage="c:\users\michael\_code\ienablemuch.totheefnhx\testproject\bin\release\testproject.dll" id="8557e6ab-47d2-b8b1-2926-0bb94a2d505d">
      <Execution id="ada7587d-f084-4365-aa65-333ed89bc8dd" />
      <TestMethod codeBase="C:/Users/Michael/_CODE/Ienablemuch.ToTheEfnhX/TestProject/bin/Release/TestProject.DLL" adapterTypeName="Microsoft.VisualStudio.TestTools.TestTypes.Unit.UnitTestAdapter, Microsoft.VisualStudio.QualityTools.Tips.UnitTest.Adapter, Version=10.0.0.0, Culture=neutral, PublicKeyToken=b03f5f7f11d50a3a" className="TestProject.TestTheIRepository, TestProject, Version=1.0.0.0, Culture=neutral, PublicKeyToken=null" name="Nh_CanDetectDeleteConflictingDelete" />
    </UnitTest>
    <UnitTest name="Memory_CanSave" storage="c:\users\michael\_code\ienablemuch.totheefnhx\testproject\bin\release\testproject.dll" id="8c5d9d25-e5b8-63c8-9c42-cebb67787fde">
      <Execution id="a9a843d0-5e83-4edc-a88d-4c5965bbade8" />
      <TestMethod codeBase="C:/Users/Michael/_CODE/Ienablemuch.ToTheEfnhX/TestProject/bin/Release/TestProject.DLL" adapterTypeName="Microsoft.VisualStudio.TestTools.TestTypes.Unit.UnitTestAdapter, Microsoft.VisualStudio.QualityTools.Tips.UnitTest.Adapter, Version=10.0.0.0, Culture=neutral, PublicKeyToken=b03f5f7f11d50a3a" className="TestProject.TestTheIRepository, TestProject, Version=1.0.0.0, Culture=neutral, PublicKeyToken=null" name="Memory_CanSave" />
    </UnitTest>
    <UnitTest name="Can_do_deep_clone" storage="c:\users\michael\_code\ienablemuch.totheefnhx\testproject\bin\release\testproject.dll" id="f7d7cfdb-4468-5c56-7540-afe0d55e093a">
      <Execution id="633a25c2-9835-4dd2-a3bb-2ff1cb27b6b2" />
      <TestMethod codeBase="C:/Users/Michael/_CODE/Ienablemuch.ToTheEfnhX/TestProject/bin/Release/TestProject.DLL" adapterTypeName="Microsoft.VisualStudio.TestTools.TestTypes.Unit.UnitTestAdapter, Microsoft.VisualStudio.QualityTools.Tips.UnitTest.Adapter, Version=10.0.0.0, Culture=neutral, PublicKeyToken=b03f5f7f11d50a3a" className="TestProject.TestTheIRepository, TestProject, Version=1.0.0.0, Culture=neutral, PublicKeyToken=null" name="Can_do_deep_clone" />
    </UnitTest>
    <UnitTest name="Ef_CanDetectDeleteConflictingUpdate" storage="c:\users\michael\_code\ienablemuch.totheefnhx\testproject\bin\release\testproject.dll" id="8bf5c997-85a0-f72e-564a-9d66e659263c">
      <Execution id="8650cf8d-c2f2-4d30-969d-5d8fba981462" />
      <TestMethod codeBase="C:/Users/Michael/_CODE/Ienablemuch.ToTheEfnhX/TestProject/bin/Release/TestProject.DLL" adapterTypeName="Microsoft.VisualStudio.TestTools.TestTypes.Unit.UnitTestAdapter, Microsoft.VisualStudio.QualityTools.Tips.UnitTest.Adapter, Version=10.0.0.0, Culture=neutral, PublicKeyToken=b03f5f7f11d50a3a" className="TestProject.TestTheIRepository, TestProject, Version=1.0.0.0, Culture=neutral, PublicKeyToken=null" name="Ef_CanDetectDeleteConflictingUpdate" />
    </UnitTest>
    <UnitTest name="Memory_CanDelete" storage="c:\users\michael\_code\ienablemuch.totheefnhx\testproject\bin\release\testproject.dll" id="4eb22f5f-6a6e-dede-7dcd-8a02b2b7eecd">
      <Execution id="76515b21-e99e-4715-9417-700fae55d742" />
      <TestMethod codeBase="C:/Users/Michael/_CODE/Ienablemuch.ToTheEfnhX/TestProject/bin/Release/TestProject.DLL" adapterTypeName="Microsoft.VisualStudio.TestTools.TestTypes.Unit.UnitTestAdapter, Microsoft.VisualStudio.QualityTools.Tips.UnitTest.Adapter, Version=10.0.0.0, Culture=neutral, PublicKeyToken=b03f5f7f11d50a3a" className="TestProject.TestTheIRepository, TestProject, Version=1.0.0.0, Culture=neutral, PublicKeyToken=null" name="Memory_CanDelete" />
    </UnitTest>
    <UnitTest name="Memory_CanHaveIncrementingKey" storage="c:\users\michael\_code\ienablemuch.totheefnhx\testproject\bin\release\testproject.dll" id="c5220795-75d7-ce76-adb5-6a1d661e1fb0">
      <Execution id="ffeedf63-8eb1-458f-ac47-007c5a16d7d3" />
      <TestMethod codeBase="C:/Users/Michael/_CODE/Ienablemuch.ToTheEfnhX/TestProject/bin/Release/TestProject.DLL" adapterTypeName="Microsoft.VisualStudio.TestTools.TestTypes.Unit.UnitTestAdapter, Microsoft.VisualStudio.QualityTools.Tips.UnitTest.Adapter, Version=10.0.0.0, Culture=neutral, PublicKeyToken=b03f5f7f11d50a3a" className="TestProject.TestTheIRepository, TestProject, Version=1.0.0.0, Culture=neutral, PublicKeyToken=null" name="Memory_CanHaveIncrementingKey" />
    </UnitTest>
    <UnitTest name="Memory_CanDetectUpdateConflictingUpdate" storage="c:\users\michael\_code\ienablemuch.totheefnhx\testproject\bin\release\testproject.dll" id="385b97ed-767a-46eb-ce77-8402dbdb924a">
      <Execution id="461d63c3-0298-4171-a046-bed484e10aea" />
      <TestMethod codeBase="C:/Users/Michael/_CODE/Ienablemuch.ToTheEfnhX/TestProject/bin/Release/TestProject.DLL" adapterTypeName="Microsoft.VisualStudio.TestTools.TestTypes.Unit.UnitTestAdapter, Microsoft.VisualStudio.QualityTools.Tips.UnitTest.Adapter, Version=10.0.0.0, Culture=neutral, PublicKeyToken=b03f5f7f11d50a3a" className="TestProject.TestTheIRepository, TestProject, Version=1.0.0.0, Culture=neutral, PublicKeyToken=null" name="Memory_CanDetectUpdateConflictingUpdate" />
    </UnitTest>
    <UnitTest name="Ef_Can_rollback_transaction" storage="c:\users\michael\_code\ienablemuch.totheefnhx\testproject\bin\release\testproject.dll" id="ef9db0bb-63c6-f8c2-c180-d50d1ce2ca5b">
      <Execution id="42947868-d49e-465c-b4a4-ae73fb93fc23" />
      <TestMethod codeBase="C:/Users/Michael/_CODE/Ienablemuch.ToTheEfnhX/TestProject/bin/Release/TestProject.DLL" adapterTypeName="Microsoft.VisualStudio.TestTools.TestTypes.Unit.UnitTestAdapter, Microsoft.VisualStudio.QualityTools.Tips.UnitTest.Adapter, Version=10.0.0.0, Culture=neutral, PublicKeyToken=b03f5f7f11d50a3a" className="TestProject.TestTheIRepository, TestProject, Version=1.0.0.0, Culture=neutral, PublicKeyToken=null" name="Ef_Can_rollback_transaction" />
    </UnitTest>
    <UnitTest name="Nh_Can_save_transaction" storage="c:\users\michael\_code\ienablemuch.totheefnhx\testproject\bin\release\testproject.dll" id="d14d6d4a-1363-e36e-8cf9-c1c992b9e243">
      <Execution id="1f49df76-d07d-4768-919a-335786bf6a7b" />
      <TestMethod codeBase="C:/Users/Michael/_CODE/Ienablemuch.ToTheEfnhX/TestProject/bin/Release/TestProject.DLL" adapterTypeName="Microsoft.VisualStudio.TestTools.TestTypes.Unit.UnitTestAdapter, Microsoft.VisualStudio.QualityTools.Tips.UnitTest.Adapter, Version=10.0.0.0, Culture=neutral, PublicKeyToken=b03f5f7f11d50a3a" className="TestProject.TestTheIRepository, TestProject, Version=1.0.0.0, Culture=neutral, PublicKeyToken=null" name="Nh_Can_save_transaction" />
    </UnitTest>
    <UnitTest name="Nh_CanSaveHeaderDetail" storage="c:\users\michael\_code\ienablemuch.totheefnhx\testproject\bin\release\testproject.dll" id="f68ad391-23ca-2766-d2b2-8731589ef39b">
      <Execution id="5b9fe8d6-c469-4f49-8823-c6e0ad9a60ac" />
      <TestMethod codeBase="C:/Users/Michael/_CODE/Ienablemuch.ToTheEfnhX/TestProject/bin/Release/TestProject.DLL" adapterTypeName="Microsoft.VisualStudio.TestTools.TestTypes.Unit.UnitTestAdapter, Microsoft.VisualStudio.QualityTools.Tips.UnitTest.Adapter, Version=10.0.0.0, Culture=neutral, PublicKeyToken=b03f5f7f11d50a3a" className="TestProject.TestTheIRepository, TestProject, Version=1.0.0.0, Culture=neutral, PublicKeyToken=null" name="Nh_CanSaveHeaderDetail" />
    </UnitTest>
    <UnitTest name="Nh_Can_rollback_transaction" storage="c:\users\michael\_code\ienablemuch.totheefnhx\testproject\bin\release\testproject.dll" id="498581d4-9097-59b7-1a75-c07c04a53675">
      <Execution id="fed8e866-bffc-48bd-ab8b-8e612c332c94" />
      <TestMethod codeBase="C:/Users/Michael/_CODE/Ienablemuch.ToTheEfnhX/TestProject/bin/Release/TestProject.DLL" adapterTypeName="Microsoft.VisualStudio.TestTools.TestTypes.Unit.UnitTestAdapter, Microsoft.VisualStudio.QualityTools.Tips.UnitTest.Adapter, Version=10.0.0.0, Culture=neutral, PublicKeyToken=b03f5f7f11d50a3a" className="TestProject.TestTheIRepository, TestProject, Version=1.0.0.0, Culture=neutral, PublicKeyToken=null" name="Nh_Can_rollback_transaction" />
    </UnitTest>
    <UnitTest name="Memory_CanDetectDeleteConflictingUpdate" storage="c:\users\michael\_code\ienablemuch.totheefnhx\testproject\bin\release\testproject.dll" id="9608206a-383a-828f-299c-2c493d95d886">
      <Execution id="b5d5b067-4457-4aa2-ab0e-fef015ccf79e" />
      <TestMethod codeBase="C:/Users/Michael/_CODE/Ienablemuch.ToTheEfnhX/TestProject/bin/Release/TestProject.DLL" adapterTypeName="Microsoft.VisualStudio.TestTools.TestTypes.Unit.UnitTestAdapter, Microsoft.VisualStudio.QualityTools.Tips.UnitTest.Adapter, Version=10.0.0.0, Culture=neutral, PublicKeyToken=b03f5f7f11d50a3a" className="TestProject.TestTheIRepository, TestProject, Version=1.0.0.0, Culture=neutral, PublicKeyToken=null" name="Memory_CanDetectDeleteConflictingUpdate" />
    </UnitTest>
    <UnitTest name="Nh_CanDetectUpdateConflictingUpdate" storage="c:\users\michael\_code\ienablemuch.totheefnhx\testproject\bin\release\testproject.dll" id="7b0e110e-2e6a-879c-359f-7b225fdba37f">
      <Execution id="5aca6a02-edf4-4b37-8574-3d952746a4fe" />
      <TestMethod codeBase="C:/Users/Michael/_CODE/Ienablemuch.ToTheEfnhX/TestProject/bin/Release/TestProject.DLL" adapterTypeName="Microsoft.VisualStudio.TestTools.TestTypes.Unit.UnitTestAdapter, Microsoft.VisualStudio.QualityTools.Tips.UnitTest.Adapter, Version=10.0.0.0, Culture=neutral, PublicKeyToken=b03f5f7f11d50a3a" className="TestProject.TestTheIRepository, TestProject, Version=1.0.0.0, Culture=neutral, PublicKeyToken=null" name="Nh_CanDetectUpdateConflictingUpdate" />
    </UnitTest>
    <UnitTest name="Nh_Can_Detect_Transaction_From_Session_Transaction_Begin" storage="c:\users\michael\_code\ienablemuch.totheefnhx\testproject\bin\release\testproject.dll" id="35cdc240-50c9-1325-cb02-2e20cf8d0e6b">
      <Execution id="448ed715-bae8-4c87-aecc-1cd499b2a4da" />
      <TestMethod codeBase="C:/Users/Michael/_CODE/Ienablemuch.ToTheEfnhX/TestProject/bin/Release/TestProject.DLL" adapterTypeName="Microsoft.VisualStudio.TestTools.TestTypes.Unit.UnitTestAdapter, Microsoft.VisualStudio.QualityTools.Tips.UnitTest.Adapter, Version=10.0.0.0, Culture=neutral, PublicKeyToken=b03f5f7f11d50a3a" className="TestProject.TestTheIRepository, TestProject, Version=1.0.0.0, Culture=neutral, PublicKeyToken=null" name="Nh_Can_Detect_Transaction_From_Session_Transaction_Begin" />
    </UnitTest>
    <UnitTest name="Ef_CanHaveIncrementingKey" storage="c:\users\michael\_code\ienablemuch.totheefnhx\testproject\bin\release\testproject.dll" id="e392eca5-e91b-ff0f-619e-8a24d0ecbe68">
      <Execution id="a670d13a-5442-4cce-a66b-13e87db41c09" />
      <TestMethod codeBase="C:/Users/Michael/_CODE/Ienablemuch.ToTheEfnhX/TestProject/bin/Release/TestProject.DLL" adapterTypeName="Microsoft.VisualStudio.TestTools.TestTypes.Unit.UnitTestAdapter, Microsoft.VisualStudio.QualityTools.Tips.UnitTest.Adapter, Version=10.0.0.0, Culture=neutral, PublicKeyToken=b03f5f7f11d50a3a" className="TestProject.TestTheIRepository, TestProject, Version=1.0.0.0, Culture=neutral, PublicKeyToken=null" name="Ef_CanHaveIncrementingKey" />
    </UnitTest>
    <UnitTest name="Nh_CanSave" storage="c:\users\michael\_code\ienablemuch.totheefnhx\testproject\bin\release\testproject.dll" id="c9750689-b2a7-1965-bbd3-0c2f5eda3fb2">
      <Execution id="d6ab4624-1abd-4e1c-b1c5-68cb59afc695" />
      <TestMethod codeBase="C:/Users/Michael/_CODE/Ienablemuch.ToTheEfnhX/TestProject/bin/Release/TestProject.DLL" adapterTypeName="Microsoft.VisualStudio.TestTools.TestTypes.Unit.UnitTestAdapter, Microsoft.VisualStudio.QualityTools.Tips.UnitTest.Adapter, Version=10.0.0.0, Culture=neutral, PublicKeyToken=b03f5f7f11d50a3a" className="TestProject.TestTheIRepository, TestProject, Version=1.0.0.0, Culture=neutral, PublicKeyToken=null" name="Nh_CanSave" />
    </UnitTest>
    <UnitTest name="Nh_CanDelete" storage="c:\users\michael\_code\ienablemuch.totheefnhx\testproject\bin\release\testproject.dll" id="f3b46671-4362-7dc3-90a0-0fcbe80e34d8">
      <Execution id="dfc6928c-5c1c-405d-8118-96a5801cf8d4" />
      <TestMethod codeBase="C:/Users/Michael/_CODE/Ienablemuch.ToTheEfnhX/TestProject/bin/Release/TestProject.DLL" adapterTypeName="Microsoft.VisualStudio.TestTools.TestTypes.Unit.UnitTestAdapter, Microsoft.VisualStudio.QualityTools.Tips.UnitTest.Adapter, Version=10.0.0.0, Culture=neutral, PublicKeyToken=b03f5f7f11d50a3a" className="TestProject.TestTheIRepository, TestProject, Version=1.0.0.0, Culture=neutral, PublicKeyToken=null" name="Nh_CanDelete" />
    </UnitTest>
    <UnitTest name="Ef_CanSaveHeaderDetail" storage="c:\users\michael\_code\ienablemuch.totheefnhx\testproject\bin\release\testproject.dll" id="ecf5b477-cdd8-3508-c195-40a64bc26f00">
      <Execution id="a4932e86-0479-4705-9c66-121ca06b6f80" />
      <TestMethod codeBase="C:/Users/Michael/_CODE/Ienablemuch.ToTheEfnhX/TestProject/bin/Release/TestProject.DLL" adapterTypeName="Microsoft.VisualStudio.TestTools.TestTypes.Unit.UnitTestAdapter, Microsoft.VisualStudio.QualityTools.Tips.UnitTest.Adapter, Version=10.0.0.0, Culture=neutral, PublicKeyToken=b03f5f7f11d50a3a" className="TestProject.TestTheIRepository, TestProject, Version=1.0.0.0, Culture=neutral, PublicKeyToken=null" name="Ef_CanSaveHeaderDetail" />
    </UnitTest>
    <UnitTest name="Memory_HasRowVersion" storage="c:\users\michael\_code\ienablemuch.totheefnhx\testproject\bin\release\testproject.dll" id="0947b967-fff8-9b8d-6688-507250130b49">
      <Execution id="8e0cce2e-790d-408c-9a21-32e1540fe4f1" />
      <TestMethod codeBase="C:/Users/Michael/_CODE/Ienablemuch.ToTheEfnhX/TestProject/bin/Release/TestProject.DLL" adapterTypeName="Microsoft.VisualStudio.TestTools.TestTypes.Unit.UnitTestAdapter, Microsoft.VisualStudio.QualityTools.Tips.UnitTest.Adapter, Version=10.0.0.0, Culture=neutral, PublicKeyToken=b03f5f7f11d50a3a" className="TestProject.TestTheIRepository, TestProject, Version=1.0.0.0, Culture=neutral, PublicKeyToken=null" name="Memory_HasRowVersion" />
    </UnitTest>
  </TestDefinitions>
  <TestLists>
    <TestList name="Results Not in a List" id="8c84fa94-04c1-424b-9868-57a2d4851a1d" />
    <TestList name="All Loaded Results" id="19431567-8539-422a-85d7-44ee4e166bda" />
  </TestLists>
  <TestEntries>
    <TestEntry testId="0947b967-fff8-9b8d-6688-507250130b49" executionId="8e0cce2e-790d-408c-9a21-32e1540fe4f1" testListId="8c84fa94-04c1-424b-9868-57a2d4851a1d" />
    <TestEntry testId="170c0ff1-28bc-09a2-839b-5ab24853aea8" executionId="08008fa9-cc85-4a76-ab72-c0939a643bcc" testListId="8c84fa94-04c1-424b-9868-57a2d4851a1d" />
    <TestEntry testId="24f780e7-822d-62ed-f13e-e2daddc611e1" executionId="c889c892-b408-4399-a57b-1a14b6532da8" testListId="8c84fa94-04c1-424b-9868-57a2d4851a1d" />
    <TestEntry testId="314cd11d-882d-0d0a-f196-b0f474ca8700" executionId="3c0a10a3-be24-46ee-8e9b-338ad5c6c901" testListId="8c84fa94-04c1-424b-9868-57a2d4851a1d" />
    <TestEntry testId="35cdc240-50c9-1325-cb02-2e20cf8d0e6b" executionId="448ed715-bae8-4c87-aecc-1cd499b2a4da" testListId="8c84fa94-04c1-424b-9868-57a2d4851a1d" />
    <TestEntry testId="385b97ed-767a-46eb-ce77-8402dbdb924a" executionId="461d63c3-0298-4171-a046-bed484e10aea" testListId="8c84fa94-04c1-424b-9868-57a2d4851a1d" />
    <TestEntry testId="3a1e9fe6-a4ce-9adb-c086-11052cee98b6" executionId="a3878ee5-b70d-4e71-ab0a-202742ea708c" testListId="8c84fa94-04c1-424b-9868-57a2d4851a1d" />
    <TestEntry testId="467d17f0-5ec4-24a5-9089-e15ef18964f7" executionId="e80afcfa-b122-46ce-864d-9790fa3e6cf6" testListId="8c84fa94-04c1-424b-9868-57a2d4851a1d" />
    <TestEntry testId="498581d4-9097-59b7-1a75-c07c04a53675" executionId="fed8e866-bffc-48bd-ab8b-8e612c332c94" testListId="8c84fa94-04c1-424b-9868-57a2d4851a1d" />
    <TestEntry testId="4bb22a57-9102-06ea-257b-caae673d46d7" executionId="87188f11-04fb-4cc6-ac7a-47d633767982" testListId="8c84fa94-04c1-424b-9868-57a2d4851a1d" />
    <TestEntry testId="4eb22f5f-6a6e-dede-7dcd-8a02b2b7eecd" executionId="76515b21-e99e-4715-9417-700fae55d742" testListId="8c84fa94-04c1-424b-9868-57a2d4851a1d" />
    <TestEntry testId="55b9acb6-c8fa-83e2-62ec-c3bb6a6ae6ad" executionId="5d8b2fc8-770b-4771-81ef-daad4bbd1280" testListId="8c84fa94-04c1-424b-9868-57a2d4851a1d" />
    <TestEntry testId="5b9ac5c8-7814-fd36-cd57-f0de0de0fae7" executionId="2ea18eae-579d-4df2-b1fd-9c07b84d0b83" testListId="8c84fa94-04c1-424b-9868-57a2d4851a1d" />
    <TestEntry testId="5d13769c-6ed9-df33-8e6d-b0cc79c073f2" executionId="e052afd9-afee-450a-a55e-855cce06eba8" testListId="8c84fa94-04c1-424b-9868-57a2d4851a1d" />
    <TestEntry testId="63d9977f-78b2-ba78-f19b-1e84d68eabe8" executionId="33c6750e-8b51-49fe-9ece-4429aa377a2e" testListId="8c84fa94-04c1-424b-9868-57a2d4851a1d" />
    <TestEntry testId="6a52032d-db59-8802-47db-20699e8ef053" executionId="9a9768c5-c723-49fb-963a-94e71f33e22b" testListId="8c84fa94-04c1-424b-9868-57a2d4851a1d" />
    <TestEntry testId="6b805790-9c4f-2071-6e55-fbbb337c0021" executionId="c0d51f71-a637-4944-82ba-95776830d9f6" testListId="8c84fa94-04c1-424b-9868-57a2d4851a1d" />
    <TestEntry testId="7b0e110e-2e6a-879c-359f-7b225fdba37f" executionId="5aca6a02-edf4-4b37-8574-3d952746a4fe" testListId="8c84fa94-04c1-424b-9868-57a2d4851a1d" />
    <TestEntry testId="83330a72-51da-0d0d-d2b2-826b2f6cfd00" executionId="ec92227c-bf98-497c-b485-d26f045cf2be" testListId="8c84fa94-04c1-424b-9868-57a2d4851a1d" />
    <TestEntry testId="8557e6ab-47d2-b8b1-2926-0bb94a2d505d" executionId="ada7587d-f084-4365-aa65-333ed89bc8dd" testListId="8c84fa94-04c1-424b-9868-57a2d4851a1d" />
    <TestEntry testId="86150143-fb0b-c807-6c85-448e509331e0" executionId="3ae7ae93-c456-43e2-b939-a0896484f924" testListId="8c84fa94-04c1-424b-9868-57a2d4851a1d" />
    <TestEntry testId="8ae0b4b0-ccc4-fc93-736a-72af24764f70" executionId="9115ded3-2f15-47a6-935b-4f63354f5a6f" testListId="8c84fa94-04c1-424b-9868-57a2d4851a1d" />
    <TestEntry testId="8af4731e-1204-41e4-f479-73db6099844b" executionId="287994f3-3361-440d-afde-1347bf9273d6" testListId="8c84fa94-04c1-424b-9868-57a2d4851a1d" />
    <TestEntry testId="8bf5c997-85a0-f72e-564a-9d66e659263c" executionId="8650cf8d-c2f2-4d30-969d-5d8fba981462" testListId="8c84fa94-04c1-424b-9868-57a2d4851a1d" />
    <TestEntry testId="8c5d9d25-e5b8-63c8-9c42-cebb67787fde" executionId="a9a843d0-5e83-4edc-a88d-4c5965bbade8" testListId="8c84fa94-04c1-424b-9868-57a2d4851a1d" />
    <TestEntry testId="919c9ab6-d8de-ff18-95fc-25bc030735bd" executionId="b3656646-fb56-41e7-a226-3f82a973dff7" testListId="8c84fa94-04c1-424b-9868-57a2d4851a1d" />
    <TestEntry testId="9608206a-383a-828f-299c-2c493d95d886" executionId="b5d5b067-4457-4aa2-ab0e-fef015ccf79e" testListId="8c84fa94-04c1-424b-9868-57a2d4851a1d" />
    <TestEntry testId="9ce2ff54-3bea-2c09-7986-c83994c1d685" executionId="d1d11e14-5abb-411a-ab08-09709f8d2dfa" testListId="8c84fa94-04c1-424b-9868-57a2d4851a1d" />
    <TestEntry testId="a2256363-4989-1fab-e208-96edc389fe3c" executionId="748b0956-2823-4504-8ade-d9e4956bf080" testListId="8c84fa94-04c1-424b-9868-57a2d4851a1d" />
    <TestEntry testId="a9ed84c2-917f-5ccb-44a7-7e3cea9cd5e0" executionId="c461b08d-d182-4531-95cf-8c6cc012c700" testListId="8c84fa94-04c1-424b-9868-57a2d4851a1d" />
    <TestEntry testId="b9cbda9a-23ca-3458-8bf7-8aa6598f8754" executionId="fa800e84-3c5e-4412-9e72-e00ccca68993" testListId="8c84fa94-04c1-424b-9868-57a2d4851a1d" />
    <TestEntry testId="c2e9f01d-6387-7f00-c2a6-71385a796942" executionId="473bc2ae-635a-4ece-8eb8-3dba8bc910c0" testListId="8c84fa94-04c1-424b-9868-57a2d4851a1d" />
    <TestEntry testId="c3da4334-35ea-a9c1-5cbf-c1daa7323978" executionId="304f31f8-0713-419e-b383-e13ae31b70f7" testListId="8c84fa94-04c1-424b-9868-57a2d4851a1d" />
    <TestEntry testId="c5220795-75d7-ce76-adb5-6a1d661e1fb0" executionId="ffeedf63-8eb1-458f-ac47-007c5a16d7d3" testListId="8c84fa94-04c1-424b-9868-57a2d4851a1d" />
    <TestEntry testId="c8cf96fa-83e0-e026-64af-f003abc95103" executionId="c4c4a828-6c5a-4ecc-b6cd-8a6942cbcfd8" testListId="8c84fa94-04c1-424b-9868-57a2d4851a1d" />
    <TestEntry testId="c8ff8ef9-a95a-0779-90f7-6e8188ebefd1" executionId="f2e1dfd1-9555-4233-bbe7-eab85bf95153" testListId="8c84fa94-04c1-424b-9868-57a2d4851a1d" />
    <TestEntry testId="c9750689-b2a7-1965-bbd3-0c2f5eda3fb2" executionId="d6ab4624-1abd-4e1c-b1c5-68cb59afc695" testListId="8c84fa94-04c1-424b-9868-57a2d4851a1d" />
    <TestEntry testId="ca3ec696-2df9-55bd-c53c-f732b5c80a68" executionId="c0bb2da2-5180-4e1e-bb86-9d7c7f95268a" testListId="8c84fa94-04c1-424b-9868-57a2d4851a1d" />
    <TestEntry testId="cdd1ec05-a33a-edaf-1560-6637f27329d2" executionId="051c747f-f674-4bc5-81cb-4123b3ee9f67" testListId="8c84fa94-04c1-424b-9868-57a2d4851a1d" />
    <TestEntry testId="d14d6d4a-1363-e36e-8cf9-c1c992b9e243" executionId="1f49df76-d07d-4768-919a-335786bf6a7b" testListId="8c84fa94-04c1-424b-9868-57a2d4851a1d" />
    <TestEntry testId="d409929f-129a-9686-590d-6472fdfa28e4" executionId="86b8912d-db46-4987-9d65-380ac135dcc4" testListId="8c84fa94-04c1-424b-9868-57a2d4851a1d" />
    <TestEntry testId="dad118fb-1088-58a3-350a-fc5e47173fa9" executionId="03fa00f2-5c85-42ab-9018-53f6af5c0595" testListId="8c84fa94-04c1-424b-9868-57a2d4851a1d" />
    <TestEntry testId="e392eca5-e91b-ff0f-619e-8a24d0ecbe68" executionId="a670d13a-5442-4cce-a66b-13e87db41c09" testListId="8c84fa94-04c1-424b-9868-57a2d4851a1d" />
    <TestEntry testId="e4d36185-e99e-9b3f-8afc-2b7c501afd9a" executionId="0f6f4d61-1b02-44f2-947c-8da5facc4358" testListId="8c84fa94-04c1-424b-9868-57a2d4851a1d" />
    <TestEntry testId="ecf5b477-cdd8-3508-c195-40a64bc26f00" executionId="a4932e86-0479-4705-9c66-121ca06b6f80" testListId="8c84fa94-04c1-424b-9868-57a2d4851a1d" />
    <TestEntry testId="ef9db0bb-63c6-f8c2-c180-d50d1ce2ca5b" executionId="42947868-d49e-465c-b4a4-ae73fb93fc23" testListId="8c84fa94-04c1-424b-9868-57a2d4851a1d" />
    <TestEntry testId="f3b46671-4362-7dc3-90a0-0fcbe80e34d8" executionId="dfc6928c-5c1c-405d-8118-96a5801cf8d4" testListId="8c84fa94-04c1-424b-9868-57a2d4851a1d" />
    <TestEntry testId="f473cffe-6acb-bc8c-3c44-48f67f9567de" executionId="da50d7aa-5ccb-428d-a5ce-dd3bfb5b655b" testListId="8c84fa94-04c1-424b-9868-57a2d4851a1d" />
    <TestEntry testId="f5049a26-85f5-2d61-7d0d-3fe36d498d57" executionId="8bf30f73-7b1a-47e7-afc3-6f331f53ac9c" testListId="8c84fa94-04c1-424b-9868-57a2d4851a1d" />
    <TestEntry testId="f68ad391-23ca-2766-d2b2-8731589ef39b" executionId="5b9fe8d6-c469-4f49-8823-c6e0ad9a60ac" testListId="8c84fa94-04c1-424b-9868-57a2d4851a1d" />
    <TestEntry testId="f7d7cfdb-4468-5c56-7540-afe0d55e093a" executionId="633a25c2-9835-4dd2-a3bb-2ff1cb27b6b2" testListId="8c84fa94-04c1-424b-9868-57a2d4851a1d" />
    <TestEntry testId="ffcba511-cdf9-ce52-fd62-900fe7820ecc" executionId="eaf53a31-8303-4550-bb7b-1713f9f03d91" testListId="8c84fa94-04c1-424b-9868-57a2d4851a1d" />
  </TestEntries>
  <Results>
    <UnitTestResult executionId="8e0cce2e-790d-408c-9a21-32e1540fe4f1" testId="0947b967-fff8-9b8d-6688-507250130b49" testName="Memory_HasRowVersion" computerName="MICHAEL-PC" duration="00:00:00.0357392" startTime="2012-06-07T08:58:30.5140000+08:00" endTime="2012-06-07T08:58:30.8230000+08:00" testType="13cdc9d9-ddb5-4fa4-a97d-d965ccfc6d4b" outcome="Passed" testListId="8c84fa94-04c1-424b-9868-57a2d4851a1d" relativeResultsDirectory="8e0cce2e-790d-408c-9a21-32e1540fe4f1">
    </UnitTestResult>
    <UnitTestResult executionId="08008fa9-cc85-4a76-ab72-c0939a643bcc" testId="170c0ff1-28bc-09a2-839b-5ab24853aea8" testName="Nh_Can_Orm_do_cascaded_deletions" computerName="MICHAEL-PC" duration="00:00:02.1881106" startTime="2012-06-07T08:58:30.8330000+08:00" endTime="2012-06-07T08:58:33.0250000+08:00" testType="13cdc9d9-ddb5-4fa4-a97d-d965ccfc6d4b" outcome="Passed" testListId="8c84fa94-04c1-424b-9868-57a2d4851a1d" relativeResultsDirectory="08008fa9-cc85-4a76-ab72-c0939a643bcc">
    </UnitTestResult>
    <UnitTestResult executionId="c889c892-b408-4399-a57b-1a14b6532da8" testId="24f780e7-822d-62ed-f13e-e2daddc611e1" testName="Fetching_strategies_of_NHibernate_helper_has_no_problem_on_mocked_IQueryable" computerName="MICHAEL-PC" duration="00:00:00.0077637" startTime="2012-06-07T08:58:33.0310000+08:00" endTime="2012-06-07T08:58:33.0430000+08:00" testType="13cdc9d9-ddb5-4fa4-a97d-d965ccfc6d4b" outcome="Passed" testListId="8c84fa94-04c1-424b-9868-57a2d4851a1d" relativeResultsDirectory="c889c892-b408-4399-a57b-1a14b6532da8">
    </UnitTestResult>
    <UnitTestResult executionId="3c0a10a3-be24-46ee-8e9b-338ad5c6c901" testId="314cd11d-882d-0d0a-f196-b0f474ca8700" testName="Memory_CanDetectUpdateConflictingDelete" computerName="MICHAEL-PC" duration="00:00:00.0036217" startTime="2012-06-07T08:58:33.0460000+08:00" endTime="2012-06-07T08:58:33.0540000+08:00" testType="13cdc9d9-ddb5-4fa4-a97d-d965ccfc6d4b" outcome="Passed" testListId="8c84fa94-04c1-424b-9868-57a2d4851a1d" relativeResultsDirectory="3c0a10a3-be24-46ee-8e9b-338ad5c6c901">
    </UnitTestResult>
    <UnitTestResult executionId="448ed715-bae8-4c87-aecc-1cd499b2a4da" testId="35cdc240-50c9-1325-cb02-2e20cf8d0e6b" testName="Nh_Can_Detect_Transaction_From_Session_Transaction_Begin" computerName="MICHAEL-PC" duration="00:00:00.0020880" startTime="2012-06-07T08:58:33.0580000+08:00" endTime="2012-06-07T08:58:33.0630000+08:00" testType="13cdc9d9-ddb5-4fa4-a97d-d965ccfc6d4b" outcome="Passed" testListId="8c84fa94-04c1-424b-9868-57a2d4851a1d" relativeResultsDirectory="448ed715-bae8-4c87-aecc-1cd499b2a4da">
    </UnitTestResult>
    <UnitTestResult executionId="461d63c3-0298-4171-a046-bed484e10aea" testId="385b97ed-767a-46eb-ce77-8402dbdb924a" testName="Memory_CanDetectUpdateConflictingUpdate" computerName="MICHAEL-PC" duration="00:00:00.0012040" startTime="2012-06-07T08:58:33.0670000+08:00" endTime="2012-06-07T08:58:33.0720000+08:00" testType="13cdc9d9-ddb5-4fa4-a97d-d965ccfc6d4b" outcome="Passed" testListId="8c84fa94-04c1-424b-9868-57a2d4851a1d" relativeResultsDirectory="461d63c3-0298-4171-a046-bed484e10aea">
    </UnitTestResult>
    <UnitTestResult executionId="a3878ee5-b70d-4e71-ab0a-202742ea708c" testId="3a1e9fe6-a4ce-9adb-c086-11052cee98b6" testName="Ef_Can_Orm_Merge_Can_Update" computerName="MICHAEL-PC" duration="00:00:01.3250539" startTime="2012-06-07T08:58:33.0750000+08:00" endTime="2012-06-07T08:58:34.4040000+08:00" testType="13cdc9d9-ddb5-4fa4-a97d-d965ccfc6d4b" outcome="Passed" testListId="8c84fa94-04c1-424b-9868-57a2d4851a1d" relativeResultsDirectory="a3878ee5-b70d-4e71-ab0a-202742ea708c">
    </UnitTestResult>
    <UnitTestResult executionId="e80afcfa-b122-46ce-864d-9790fa3e6cf6" testId="467d17f0-5ec4-24a5-9089-e15ef18964f7" testName="Nh_CanDetectDeleteConflictingUpdate" computerName="MICHAEL-PC" duration="00:00:00.0548843" startTime="2012-06-07T08:58:34.4100000+08:00" endTime="2012-06-07T08:58:34.4690000+08:00" testType="13cdc9d9-ddb5-4fa4-a97d-d965ccfc6d4b" outcome="Passed" testListId="8c84fa94-04c1-424b-9868-57a2d4851a1d" relativeResultsDirectory="e80afcfa-b122-46ce-864d-9790fa3e6cf6">
    </UnitTestResult>
    <UnitTestResult executionId="fed8e866-bffc-48bd-ab8b-8e612c332c94" testId="498581d4-9097-59b7-1a75-c07c04a53675" testName="Nh_Can_rollback_transaction" computerName="MICHAEL-PC" duration="00:00:00.6444616" startTime="2012-06-07T08:58:34.4730000+08:00" endTime="2012-06-07T08:58:35.1210000+08:00" testType="13cdc9d9-ddb5-4fa4-a97d-d965ccfc6d4b" outcome="Passed" testListId="8c84fa94-04c1-424b-9868-57a2d4851a1d" relativeResultsDirectory="fed8e866-bffc-48bd-ab8b-8e612c332c94">
    </UnitTestResult>
    <UnitTestResult executionId="87188f11-04fb-4cc6-ac7a-47d633767982" testId="4bb22a57-9102-06ea-257b-caae673d46d7" testName="Ef_CanDetectDeleteConflictingDelete" computerName="MICHAEL-PC" duration="00:00:00.0460568" startTime="2012-06-07T08:58:35.1290000+08:00" endTime="2012-06-07T08:58:35.1790000+08:00" testType="13cdc9d9-ddb5-4fa4-a97d-d965ccfc6d4b" outcome="Passed" testListId="8c84fa94-04c1-424b-9868-57a2d4851a1d" relativeResultsDirectory="87188f11-04fb-4cc6-ac7a-47d633767982">
    </UnitTestResult>
    <UnitTestResult executionId="76515b21-e99e-4715-9417-700fae55d742" testId="4eb22f5f-6a6e-dede-7dcd-8a02b2b7eecd" testName="Memory_CanDelete" computerName="MICHAEL-PC" duration="00:00:00.0062350" startTime="2012-06-07T08:58:35.1830000+08:00" endTime="2012-06-07T08:58:35.1920000+08:00" testType="13cdc9d9-ddb5-4fa4-a97d-d965ccfc6d4b" outcome="Passed" testListId="8c84fa94-04c1-424b-9868-57a2d4851a1d" relativeResultsDirectory="76515b21-e99e-4715-9417-700fae55d742">
    </UnitTestResult>
    <UnitTestResult executionId="5d8b2fc8-770b-4771-81ef-daad4bbd1280" testId="55b9acb6-c8fa-83e2-62ec-c3bb6a6ae6ad" testName="Nh_Can_Detect_Transaction_From_Session_Begin_Transaction" computerName="MICHAEL-PC" duration="00:00:00.0021257" startTime="2012-06-07T08:58:35.1970000+08:00" endTime="2012-06-07T08:58:35.2020000+08:00" testType="13cdc9d9-ddb5-4fa4-a97d-d965ccfc6d4b" outcome="Passed" testListId="8c84fa94-04c1-424b-9868-57a2d4851a1d" relativeResultsDirectory="5d8b2fc8-770b-4771-81ef-daad4bbd1280">
    </UnitTestResult>
    <UnitTestResult executionId="2ea18eae-579d-4df2-b1fd-9c07b84d0b83" testId="5b9ac5c8-7814-fd36-cd57-f0de0de0fae7" testName="Saving_is_ok" computerName="MICHAEL-PC" duration="00:00:00.0026228" startTime="2012-06-07T08:58:35.2080000+08:00" endTime="2012-06-07T08:58:35.2140000+08:00" testType="13cdc9d9-ddb5-4fa4-a97d-d965ccfc6d4b" outcome="Passed" testListId="8c84fa94-04c1-424b-9868-57a2d4851a1d" relativeResultsDirectory="2ea18eae-579d-4df2-b1fd-9c07b84d0b83">
    </UnitTestResult>
    <UnitTestResult executionId="e052afd9-afee-450a-a55e-855cce06eba8" testId="5d13769c-6ed9-df33-8e6d-b0cc79c073f2" testName="Nh_CanDetectUpdateConflictingDelete" computerName="MICHAEL-PC" duration="00:00:00.0084438" startTime="2012-06-07T08:58:35.2760000+08:00" endTime="2012-06-07T08:58:35.3000000+08:00" testType="13cdc9d9-ddb5-4fa4-a97d-d965ccfc6d4b" outcome="Passed" testListId="8c84fa94-04c1-424b-9868-57a2d4851a1d" relativeResultsDirectory="e052afd9-afee-450a-a55e-855cce06eba8">
    </UnitTestResult>
    <UnitTestResult executionId="33c6750e-8b51-49fe-9ece-4429aa377a2e" testId="63d9977f-78b2-ba78-f19b-1e84d68eabe8" testName="Nh_CanUpdate" computerName="MICHAEL-PC" duration="00:00:00.0502860" startTime="2012-06-07T08:58:35.3080000+08:00" endTime="2012-06-07T08:58:35.3730000+08:00" testType="13cdc9d9-ddb5-4fa4-a97d-d965ccfc6d4b" outcome="Passed" testListId="8c84fa94-04c1-424b-9868-57a2d4851a1d" relativeResultsDirectory="33c6750e-8b51-49fe-9ece-4429aa377a2e">
    </UnitTestResult>
    <UnitTestResult executionId="9a9768c5-c723-49fb-963a-94e71f33e22b" testId="6a52032d-db59-8802-47db-20699e8ef053" testName="Ef_CanSave" computerName="MICHAEL-PC" duration="00:00:00.0231714" startTime="2012-06-07T08:58:35.3780000+08:00" endTime="2012-06-07T08:58:35.4070000+08:00" testType="13cdc9d9-ddb5-4fa4-a97d-d965ccfc6d4b" outcome="Passed" testListId="8c84fa94-04c1-424b-9868-57a2d4851a1d" relativeResultsDirectory="9a9768c5-c723-49fb-963a-94e71f33e22b">
    </UnitTestResult>
    <UnitTestResult executionId="c0d51f71-a637-4944-82ba-95776830d9f6" testId="6b805790-9c4f-2071-6e55-fbbb337c0021" testName="Memory_CanSaveTransaction" computerName="MICHAEL-PC" duration="00:00:00.0048512" startTime="2012-06-07T08:58:35.4150000+08:00" endTime="2012-06-07T08:58:35.4260000+08:00" testType="13cdc9d9-ddb5-4fa4-a97d-d965ccfc6d4b" outcome="Passed" testListId="8c84fa94-04c1-424b-9868-57a2d4851a1d" relativeResultsDirectory="c0d51f71-a637-4944-82ba-95776830d9f6">
    </UnitTestResult>
    <UnitTestResult executionId="5aca6a02-edf4-4b37-8574-3d952746a4fe" testId="7b0e110e-2e6a-879c-359f-7b225fdba37f" testName="Nh_CanDetectUpdateConflictingUpdate" computerName="MICHAEL-PC" duration="00:00:00.0099262" startTime="2012-06-07T08:58:35.4380000+08:00" endTime="2012-06-07T08:58:35.4560000+08:00" testType="13cdc9d9-ddb5-4fa4-a97d-d965ccfc6d4b" outcome="Passed" testListId="8c84fa94-04c1-424b-9868-57a2d4851a1d" relativeResultsDirectory="5aca6a02-edf4-4b37-8574-3d952746a4fe">
    </UnitTestResult>
    <UnitTestResult executionId="ec92227c-bf98-497c-b485-d26f045cf2be" testId="83330a72-51da-0d0d-d2b2-826b2f6cfd00" testName="Nh_SessionTransaction_can_detect_its_own_transaction_commitness_only" computerName="MICHAEL-PC" duration="00:00:00.0021470" startTime="2012-06-07T08:58:35.4630000+08:00" endTime="2012-06-07T08:58:35.4710000+08:00" testType="13cdc9d9-ddb5-4fa4-a97d-d965ccfc6d4b" outcome="Passed" testListId="8c84fa94-04c1-424b-9868-57a2d4851a1d" relativeResultsDirectory="ec92227c-bf98-497c-b485-d26f045cf2be">
    </UnitTestResult>
    <UnitTestResult executionId="ada7587d-f084-4365-aa65-333ed89bc8dd" testId="8557e6ab-47d2-b8b1-2926-0bb94a2d505d" testName="Nh_CanDetectDeleteConflictingDelete" computerName="MICHAEL-PC" duration="00:00:00.0116560" startTime="2012-06-07T08:58:35.4860000+08:00" endTime="2012-06-07T08:58:35.5040000+08:00" testType="13cdc9d9-ddb5-4fa4-a97d-d965ccfc6d4b" outcome="Passed" testListId="8c84fa94-04c1-424b-9868-57a2d4851a1d" relativeResultsDirectory="ada7587d-f084-4365-aa65-333ed89bc8dd">
    </UnitTestResult>
    <UnitTestResult executionId="3ae7ae93-c456-43e2-b939-a0896484f924" testId="86150143-fb0b-c807-6c85-448e509331e0" testName="Ef_HasRowVersion" computerName="MICHAEL-PC" duration="00:00:00.0113446" startTime="2012-06-07T08:58:35.5100000+08:00" endTime="2012-06-07T08:58:35.5260000+08:00" testType="13cdc9d9-ddb5-4fa4-a97d-d965ccfc6d4b" outcome="Passed" testListId="8c84fa94-04c1-424b-9868-57a2d4851a1d" relativeResultsDirectory="3ae7ae93-c456-43e2-b939-a0896484f924">
    </UnitTestResult>
    <UnitTestResult executionId="9115ded3-2f15-47a6-935b-4f63354f5a6f" testId="8ae0b4b0-ccc4-fc93-736a-72af24764f70" testName="Nh_Can_queue_changes" computerName="MICHAEL-PC" duration="00:00:00.0159220" startTime="2012-06-07T08:58:35.5330000+08:00" endTime="2012-06-07T08:58:35.5540000+08:00" testType="13cdc9d9-ddb5-4fa4-a97d-d965ccfc6d4b" outcome="Passed" testListId="8c84fa94-04c1-424b-9868-57a2d4851a1d" relativeResultsDirectory="9115ded3-2f15-47a6-935b-4f63354f5a6f">
    </UnitTestResult>
    <UnitTestResult executionId="287994f3-3361-440d-afde-1347bf9273d6" testId="8af4731e-1204-41e4-f479-73db6099844b" testName="Nh_Can_Orm_Merge_Can_Create" computerName="MICHAEL-PC" duration="00:00:00.0137827" startTime="2012-06-07T08:58:35.5590000+08:00" endTime="2012-06-07T08:58:35.5770000+08:00" testType="13cdc9d9-ddb5-4fa4-a97d-d965ccfc6d4b" outcome="Passed" testListId="8c84fa94-04c1-424b-9868-57a2d4851a1d" relativeResultsDirectory="287994f3-3361-440d-afde-1347bf9273d6">
    </UnitTestResult>
    <UnitTestResult executionId="8650cf8d-c2f2-4d30-969d-5d8fba981462" testId="8bf5c997-85a0-f72e-564a-9d66e659263c" testName="Ef_CanDetectDeleteConflictingUpdate" computerName="MICHAEL-PC" duration="00:00:00.0089006" startTime="2012-06-07T08:58:35.5800000+08:00" endTime="2012-06-07T08:58:35.5940000+08:00" testType="13cdc9d9-ddb5-4fa4-a97d-d965ccfc6d4b" outcome="Passed" testListId="8c84fa94-04c1-424b-9868-57a2d4851a1d" relativeResultsDirectory="8650cf8d-c2f2-4d30-969d-5d8fba981462">
    </UnitTestResult>
    <UnitTestResult executionId="a9a843d0-5e83-4edc-a88d-4c5965bbade8" testId="8c5d9d25-e5b8-63c8-9c42-cebb67787fde" testName="Memory_CanSave" computerName="MICHAEL-PC" duration="00:00:00.0016058" startTime="2012-06-07T08:58:35.5990000+08:00" endTime="2012-06-07T08:58:35.6040000+08:00" testType="13cdc9d9-ddb5-4fa4-a97d-d965ccfc6d4b" outcome="Passed" testListId="8c84fa94-04c1-424b-9868-57a2d4851a1d" relativeResultsDirectory="a9a843d0-5e83-4edc-a88d-4c5965bbade8">
    </UnitTestResult>
    <UnitTestResult executionId="b3656646-fb56-41e7-a226-3f82a973dff7" testId="919c9ab6-d8de-ff18-95fc-25bc030735bd" testName="Nh_HasRowVersion" computerName="MICHAEL-PC" duration="00:00:00.0036076" startTime="2012-06-07T08:58:35.6090000+08:00" endTime="2012-06-07T08:58:35.6170000+08:00" testType="13cdc9d9-ddb5-4fa4-a97d-d965ccfc6d4b" outcome="Passed" testListId="8c84fa94-04c1-424b-9868-57a2d4851a1d" relativeResultsDirectory="b3656646-fb56-41e7-a226-3f82a973dff7">
    </UnitTestResult>
    <UnitTestResult executionId="b5d5b067-4457-4aa2-ab0e-fef015ccf79e" testId="9608206a-383a-828f-299c-2c493d95d886" testName="Memory_CanDetectDeleteConflictingUpdate" computerName="MICHAEL-PC" duration="00:00:00.0006996" startTime="2012-06-07T08:58:35.6210000+08:00" endTime="2012-06-07T08:58:35.6270000+08:00" testType="13cdc9d9-ddb5-4fa4-a97d-d965ccfc6d4b" outcome="Passed" testListId="8c84fa94-04c1-424b-9868-57a2d4851a1d" relativeResultsDirectory="b5d5b067-4457-4aa2-ab0e-fef015ccf79e">
    </UnitTestResult>
    <UnitTestResult executionId="d1d11e14-5abb-411a-ab08-09709f8d2dfa" testId="9ce2ff54-3bea-2c09-7986-c83994c1d685" testName="Ef_CanUpdate" computerName="MICHAEL-PC" duration="00:00:00.0936927" startTime="2012-06-07T08:58:35.6320000+08:00" endTime="2012-06-07T08:58:35.7300000+08:00" testType="13cdc9d9-ddb5-4fa4-a97d-d965ccfc6d4b" outcome="Passed" testListId="8c84fa94-04c1-424b-9868-57a2d4851a1d" relativeResultsDirectory="d1d11e14-5abb-411a-ab08-09709f8d2dfa">
    </UnitTestResult>
    <UnitTestResult executionId="748b0956-2823-4504-8ade-d9e4956bf080" testId="a2256363-4989-1fab-e208-96edc389fe3c" testName="Ef_Can_Orm_do_cascaded_deletions" computerName="MICHAEL-PC" duration="00:00:00.0436505" startTime="2012-06-07T08:58:35.7350000+08:00" endTime="2012-06-07T08:58:35.7850000+08:00" testType="13cdc9d9-ddb5-4fa4-a97d-d965ccfc6d4b" outcome="Passed" testListId="8c84fa94-04c1-424b-9868-57a2d4851a1d" relativeResultsDirectory="748b0956-2823-4504-8ade-d9e4956bf080">
    </UnitTestResult>
    <UnitTestResult executionId="c461b08d-d182-4531-95cf-8c6cc012c700" testId="a9ed84c2-917f-5ccb-44a7-7e3cea9cd5e0" testName="Ef_Can_Orm_Merge_Can_Create" computerName="MICHAEL-PC" duration="00:00:00.0289565" startTime="2012-06-07T08:58:35.7910000+08:00" endTime="2012-06-07T08:58:35.8260000+08:00" testType="13cdc9d9-ddb5-4fa4-a97d-d965ccfc6d4b" outcome="Passed" testListId="8c84fa94-04c1-424b-9868-57a2d4851a1d" relativeResultsDirectory="c461b08d-d182-4531-95cf-8c6cc012c700">
    </UnitTestResult>
    <UnitTestResult executionId="fa800e84-3c5e-4412-9e72-e00ccca68993" testId="b9cbda9a-23ca-3458-8bf7-8aa6598f8754" testName="Nh_Can_Orm_Merge_Can_Update" computerName="MICHAEL-PC" duration="00:00:00.0126631" startTime="2012-06-07T08:58:35.8320000+08:00" endTime="2012-06-07T08:58:35.8490000+08:00" testType="13cdc9d9-ddb5-4fa4-a97d-d965ccfc6d4b" outcome="Passed" testListId="8c84fa94-04c1-424b-9868-57a2d4851a1d" relativeResultsDirectory="fa800e84-3c5e-4412-9e72-e00ccca68993">
    </UnitTestResult>
    <UnitTestResult executionId="473bc2ae-635a-4ece-8eb8-3dba8bc910c0" testId="c2e9f01d-6387-7f00-c2a6-71385a796942" testName="Memory_CanSaveHeaderDetail" computerName="MICHAEL-PC" duration="00:00:00.0030174" startTime="2012-06-07T08:58:35.8540000+08:00" endTime="2012-06-07T08:58:35.8620000+08:00" testType="13cdc9d9-ddb5-4fa4-a97d-d965ccfc6d4b" outcome="Passed" testListId="8c84fa94-04c1-424b-9868-57a2d4851a1d" relativeResultsDirectory="473bc2ae-635a-4ece-8eb8-3dba8bc910c0">
    </UnitTestResult>
    <UnitTestResult executionId="304f31f8-0713-419e-b383-e13ae31b70f7" testId="c3da4334-35ea-a9c1-5cbf-c1daa7323978" testName="Ef_CanDelete" computerName="MICHAEL-PC" duration="00:00:00.0179592" startTime="2012-06-07T08:58:35.8680000+08:00" endTime="2012-06-07T08:58:35.8910000+08:00" testType="13cdc9d9-ddb5-4fa4-a97d-d965ccfc6d4b" outcome="Passed" testListId="8c84fa94-04c1-424b-9868-57a2d4851a1d" relativeResultsDirectory="304f31f8-0713-419e-b383-e13ae31b70f7">
    </UnitTestResult>
    <UnitTestResult executionId="ffeedf63-8eb1-458f-ac47-007c5a16d7d3" testId="c5220795-75d7-ce76-adb5-6a1d661e1fb0" testName="Memory_CanHaveIncrementingKey" computerName="MICHAEL-PC" duration="00:00:00.0013057" startTime="2012-06-07T08:58:35.8970000+08:00" endTime="2012-06-07T08:58:35.9030000+08:00" testType="13cdc9d9-ddb5-4fa4-a97d-d965ccfc6d4b" outcome="Passed" testListId="8c84fa94-04c1-424b-9868-57a2d4851a1d" relativeResultsDirectory="ffeedf63-8eb1-458f-ac47-007c5a16d7d3">
    </UnitTestResult>
    <UnitTestResult executionId="c4c4a828-6c5a-4ecc-b6cd-8a6942cbcfd8" testId="c8cf96fa-83e0-e026-64af-f003abc95103" testName="Fetching_strategies_of_EntityFramework_helper_has_no_problem_on_mocked_IQueryable" computerName="MICHAEL-PC" duration="00:00:00.0022755" startTime="2012-06-07T08:58:35.9090000+08:00" endTime="2012-06-07T08:58:35.9160000+08:00" testType="13cdc9d9-ddb5-4fa4-a97d-d965ccfc6d4b" outcome="Passed" testListId="8c84fa94-04c1-424b-9868-57a2d4851a1d" relativeResultsDirectory="c4c4a828-6c5a-4ecc-b6cd-8a6942cbcfd8">
    </UnitTestResult>
    <UnitTestResult executionId="f2e1dfd1-9555-4233-bbe7-eab85bf95153" testId="c8ff8ef9-a95a-0779-90f7-6e8188ebefd1" testName="Nh_CanHaveIncrementingKey" computerName="MICHAEL-PC" duration="00:00:00.0053229" startTime="2012-06-07T08:58:35.9230000+08:00" endTime="2012-06-07T08:58:35.9360000+08:00" testType="13cdc9d9-ddb5-4fa4-a97d-d965ccfc6d4b" outcome="Passed" testListId="8c84fa94-04c1-424b-9868-57a2d4851a1d" relativeResultsDirectory="f2e1dfd1-9555-4233-bbe7-eab85bf95153">
    </UnitTestResult>
    <UnitTestResult executionId="d6ab4624-1abd-4e1c-b1c5-68cb59afc695" testId="c9750689-b2a7-1965-bbd3-0c2f5eda3fb2" testName="Nh_CanSave" computerName="MICHAEL-PC" duration="00:00:00.0372465" startTime="2012-06-07T08:58:35.9450000+08:00" endTime="2012-06-07T08:58:35.9860000+08:00" testType="13cdc9d9-ddb5-4fa4-a97d-d965ccfc6d4b" outcome="Passed" testListId="8c84fa94-04c1-424b-9868-57a2d4851a1d" relativeResultsDirectory="d6ab4624-1abd-4e1c-b1c5-68cb59afc695">
    </UnitTestResult>
    <UnitTestResult executionId="c0bb2da2-5180-4e1e-bb86-9d7c7f95268a" testId="ca3ec696-2df9-55bd-c53c-f732b5c80a68" testName="Ef_CanDetectUpdateConflictingUpdate" computerName="MICHAEL-PC" duration="00:00:00.0151674" startTime="2012-06-07T08:58:35.9900000+08:00" endTime="2012-06-07T08:58:36.0170000+08:00" testType="13cdc9d9-ddb5-4fa4-a97d-d965ccfc6d4b" outcome="Passed" testListId="8c84fa94-04c1-424b-9868-57a2d4851a1d" relativeResultsDirectory="c0bb2da2-5180-4e1e-bb86-9d7c7f95268a">
    </UnitTestResult>
    <UnitTestResult executionId="051c747f-f674-4bc5-81cb-4123b3ee9f67" testId="cdd1ec05-a33a-edaf-1560-6637f27329d2" testName="Ef_CanDetectUpdateConflictingDelete" computerName="MICHAEL-PC" duration="00:00:00.0139039" startTime="2012-06-07T08:58:36.0320000+08:00" endTime="2012-06-07T08:58:36.0510000+08:00" testType="13cdc9d9-ddb5-4fa4-a97d-d965ccfc6d4b" outcome="Passed" testListId="8c84fa94-04c1-424b-9868-57a2d4851a1d" relativeResultsDirectory="051c747f-f674-4bc5-81cb-4123b3ee9f67">
    </UnitTestResult>
    <UnitTestResult executionId="1f49df76-d07d-4768-919a-335786bf6a7b" testId="d14d6d4a-1363-e36e-8cf9-c1c992b9e243" testName="Nh_Can_save_transaction" computerName="MICHAEL-PC" duration="00:00:00.0046469" startTime="2012-06-07T08:58:36.0650000+08:00" endTime="2012-06-07T08:58:36.0830000+08:00" testType="13cdc9d9-ddb5-4fa4-a97d-d965ccfc6d4b" outcome="Passed" testListId="8c84fa94-04c1-424b-9868-57a2d4851a1d" relativeResultsDirectory="1f49df76-d07d-4768-919a-335786bf6a7b">
    </UnitTestResult>
    <UnitTestResult executionId="86b8912d-db46-4987-9d65-380ac135dcc4" testId="d409929f-129a-9686-590d-6472fdfa28e4" testName="Memory_CanDetectDeleteConflictingDelete" computerName="MICHAEL-PC" duration="00:00:00.0012998" startTime="2012-06-07T08:58:36.0980000+08:00" endTime="2012-06-07T08:58:36.1040000+08:00" testType="13cdc9d9-ddb5-4fa4-a97d-d965ccfc6d4b" outcome="Passed" testListId="8c84fa94-04c1-424b-9868-57a2d4851a1d" relativeResultsDirectory="86b8912d-db46-4987-9d65-380ac135dcc4">
    </UnitTestResult>
    <UnitTestResult executionId="03fa00f2-5c85-42ab-9018-53f6af5c0595" testId="dad118fb-1088-58a3-350a-fc5e47173fa9" testName="Nh_SessionTransaction_cannot_detect_transaction_commitness" computerName="MICHAEL-PC" duration="00:00:00.0017012" startTime="2012-06-07T08:58:36.1180000+08:00" endTime="2012-06-07T08:58:36.1270000+08:00" testType="13cdc9d9-ddb5-4fa4-a97d-d965ccfc6d4b" outcome="Passed" testListId="8c84fa94-04c1-424b-9868-57a2d4851a1d" relativeResultsDirectory="03fa00f2-5c85-42ab-9018-53f6af5c0595">
    </UnitTestResult>
    <UnitTestResult executionId="a670d13a-5442-4cce-a66b-13e87db41c09" testId="e392eca5-e91b-ff0f-619e-8a24d0ecbe68" testName="Ef_CanHaveIncrementingKey" computerName="MICHAEL-PC" duration="00:00:00.0062536" startTime="2012-06-07T08:58:36.1310000+08:00" endTime="2012-06-07T08:58:36.1420000+08:00" testType="13cdc9d9-ddb5-4fa4-a97d-d965ccfc6d4b" outcome="Passed" testListId="8c84fa94-04c1-424b-9868-57a2d4851a1d" relativeResultsDirectory="a670d13a-5442-4cce-a66b-13e87db41c09">
    </UnitTestResult>
    <UnitTestResult executionId="0f6f4d61-1b02-44f2-947c-8da5facc4358" testId="e4d36185-e99e-9b3f-8afc-2b7c501afd9a" testName="TestArray" computerName="MICHAEL-PC" duration="00:00:00.0002002" startTime="2012-06-07T08:58:36.1460000+08:00" endTime="2012-06-07T08:58:36.1500000+08:00" testType="13cdc9d9-ddb5-4fa4-a97d-d965ccfc6d4b" outcome="Passed" testListId="8c84fa94-04c1-424b-9868-57a2d4851a1d" relativeResultsDirectory="0f6f4d61-1b02-44f2-947c-8da5facc4358">
    </UnitTestResult>
    <UnitTestResult executionId="a4932e86-0479-4705-9c66-121ca06b6f80" testId="ecf5b477-cdd8-3508-c195-40a64bc26f00" testName="Ef_CanSaveHeaderDetail" computerName="MICHAEL-PC" duration="00:00:00.0649246" startTime="2012-06-07T08:58:36.1540000+08:00" endTime="2012-06-07T08:58:36.2230000+08:00" testType="13cdc9d9-ddb5-4fa4-a97d-d965ccfc6d4b" outcome="Passed" testListId="8c84fa94-04c1-424b-9868-57a2d4851a1d" relativeResultsDirectory="a4932e86-0479-4705-9c66-121ca06b6f80">
    </UnitTestResult>
    <UnitTestResult executionId="42947868-d49e-465c-b4a4-ae73fb93fc23" testId="ef9db0bb-63c6-f8c2-c180-d50d1ce2ca5b" testName="Ef_Can_rollback_transaction" computerName="MICHAEL-PC" duration="00:00:00.0097056" startTime="2012-06-07T08:58:36.2280000+08:00" endTime="2012-06-07T08:58:36.2430000+08:00" testType="13cdc9d9-ddb5-4fa4-a97d-d965ccfc6d4b" outcome="Passed" testListId="8c84fa94-04c1-424b-9868-57a2d4851a1d" relativeResultsDirectory="42947868-d49e-465c-b4a4-ae73fb93fc23">
    </UnitTestResult>
    <UnitTestResult executionId="dfc6928c-5c1c-405d-8118-96a5801cf8d4" testId="f3b46671-4362-7dc3-90a0-0fcbe80e34d8" testName="Nh_CanDelete" computerName="MICHAEL-PC" duration="00:00:00.0073388" startTime="2012-06-07T08:58:36.2490000+08:00" endTime="2012-06-07T08:58:36.2620000+08:00" testType="13cdc9d9-ddb5-4fa4-a97d-d965ccfc6d4b" outcome="Passed" testListId="8c84fa94-04c1-424b-9868-57a2d4851a1d" relativeResultsDirectory="dfc6928c-5c1c-405d-8118-96a5801cf8d4">
    </UnitTestResult>
    <UnitTestResult executionId="da50d7aa-5ccb-428d-a5ce-dd3bfb5b655b" testId="f473cffe-6acb-bc8c-3c44-48f67f9567de" testName="Ef_Can_save_transaction" computerName="MICHAEL-PC" duration="00:00:00.0082032" startTime="2012-06-07T08:58:36.2680000+08:00" endTime="2012-06-07T08:58:36.2810000+08:00" testType="13cdc9d9-ddb5-4fa4-a97d-d965ccfc6d4b" outcome="Passed" testListId="8c84fa94-04c1-424b-9868-57a2d4851a1d" relativeResultsDirectory="da50d7aa-5ccb-428d-a5ce-dd3bfb5b655b">
    </UnitTestResult>
    <UnitTestResult executionId="8bf30f73-7b1a-47e7-afc3-6f331f53ac9c" testId="f5049a26-85f5-2d61-7d0d-3fe36d498d57" testName="Memory_CanUpdate" computerName="MICHAEL-PC" duration="00:00:00.0004585" startTime="2012-06-07T08:58:36.2870000+08:00" endTime="2012-06-07T08:58:36.2940000+08:00" testType="13cdc9d9-ddb5-4fa4-a97d-d965ccfc6d4b" outcome="Passed" testListId="8c84fa94-04c1-424b-9868-57a2d4851a1d" relativeResultsDirectory="8bf30f73-7b1a-47e7-afc3-6f331f53ac9c">
    </UnitTestResult>
    <UnitTestResult executionId="5b9fe8d6-c469-4f49-8823-c6e0ad9a60ac" testId="f68ad391-23ca-2766-d2b2-8731589ef39b" testName="Nh_CanSaveHeaderDetail" computerName="MICHAEL-PC" duration="00:00:00.0080606" startTime="2012-06-07T08:58:36.3000000+08:00" endTime="2012-06-07T08:58:36.3150000+08:00" testType="13cdc9d9-ddb5-4fa4-a97d-d965ccfc6d4b" outcome="Passed" testListId="8c84fa94-04c1-424b-9868-57a2d4851a1d" relativeResultsDirectory="5b9fe8d6-c469-4f49-8823-c6e0ad9a60ac">
    </UnitTestResult>
    <UnitTestResult executionId="633a25c2-9835-4dd2-a3bb-2ff1cb27b6b2" testId="f7d7cfdb-4468-5c56-7540-afe0d55e093a" testName="Can_do_deep_clone" computerName="MICHAEL-PC" duration="00:00:00.0056230" startTime="2012-06-07T08:58:36.3210000+08:00" endTime="2012-06-07T08:58:36.3320000+08:00" testType="13cdc9d9-ddb5-4fa4-a97d-d965ccfc6d4b" outcome="Passed" testListId="8c84fa94-04c1-424b-9868-57a2d4851a1d" relativeResultsDirectory="633a25c2-9835-4dd2-a3bb-2ff1cb27b6b2">
    </UnitTestResult>
    <UnitTestResult executionId="eaf53a31-8303-4550-bb7b-1713f9f03d91" testId="ffcba511-cdf9-ce52-fd62-900fe7820ecc" testName="Ef_Can_queue_changes" computerName="MICHAEL-PC" duration="00:00:00.0407466" startTime="2012-06-07T08:58:36.3470000+08:00" endTime="2012-06-07T08:58:36.3930000+08:00" testType="13cdc9d9-ddb5-4fa4-a97d-d965ccfc6d4b" outcome="Passed" testListId="8c84fa94-04c1-424b-9868-57a2d4851a1d" relativeResultsDirectory="eaf53a31-8303-4550-bb7b-1713f9f03d91">
    </UnitTestResult>
  </Results>
</TestRun>