<?xml version="1.0" encoding="UTF-8"?>
<TestRun id="fdf28bb0-f59b-42a2-9430-6fad734be315" name="Michael@MICHAEL-PC 2012-06-03 10:12:24" runUser="Michael-PC\Michael" xmlns="http://microsoft.com/schemas/VisualStudio/TeamTest/2010">
  <TestSettings name="Local" id="7d9e14f4-f525-48ee-bea8-a34d9f4cc18d">
    <Description>These are default test settings for a local test run.</Description>
    <Deployment enabled="false" runDeploymentRoot="Michael_MICHAEL-PC 2012-06-03 10_12_24">
      <DeploymentItem filename="C:\Users\Michael\_CODE\Ienablemuch.ToTheEfnhX\Ienablemuch.ToTheEfnhX.Memory\bin\Release\Ienablemuch.ToTheEfnhX.Memory.dll" />
      <DeploymentItem filename="C:\Users\Michael\_CODE\Ienablemuch.ToTheEfnhX\packages\FluentNHibernate.1.3.0.717\lib\FluentNHibernate.dll" />
      <DeploymentItem filename="C:\Users\Michael\_CODE\Ienablemuch.ToTheEfnhX\packages\Iesi.Collections.3.2.0.4000\lib\Net35\Iesi.Collections.dll" />
      <DeploymentItem filename="C:\Users\Michael\_CODE\Ienablemuch.ToTheEfnhX\Ienablemuch.ToTheEfnhx.CommonExtensions\bin\Release\Ienablemuch.ToTheEfnhx.CommonExtensions.dll" />
      <DeploymentItem filename="C:\Users\Michael\_CODE\Ienablemuch.ToTheEfnhX\packages\NHibernate.3.3.0.4000\lib\Net35\NHibernate.dll" />
      <DeploymentItem filename="C:\Users\Michael\_CODE\Ienablemuch.ToTheEfnhX\packages\EntityFramework.4.3.1\lib\net40\EntityFramework.dll" />
      <DeploymentItem filename="C:\Users\Michael\_CODE\Ienablemuch.ToTheEfnhX\Ienablemuch.ToTheEfnhX.NHibernate\bin\Release\Ienablemuch.ToTheEfnhX.NHibernate.dll" />
      <DeploymentItem filename="C:\Users\Michael\_CODE\Ienablemuch.ToTheEfnhX\Ienablemuch.ToTheEfnhX.EntityFramework\bin\Release\Ienablemuch.ToTheEfnhX.EntityFramework.dll" />
      <DeploymentItem filename="C:\Users\Michael\_CODE\Ienablemuch.ToTheEfnhX\ToTheEfnhX\bin\Release\Ienablemuch.ToTheEfnhX.dll" />
    </Deployment>
    <Execution>
      <TestTypeSpecific />
      <AgentRule name="Execution Agents">
      </AgentRule>
    </Execution>
  </TestSettings>
  <Times creation="2012-06-03T10:12:24.5720000+08:00" queuing="2012-06-03T10:12:24.6540000+08:00" start="2012-06-03T10:12:24.7370000+08:00" finish="2012-06-03T10:12:29.4420000+08:00" />
  <ResultSummary outcome="Failed">
    <Counters total="52" executed="52" passed="4" error="0" failed="48" timeout="0" aborted="0" inconclusive="0" passedButRunAborted="0" notRunnable="0" notExecuted="0" disconnected="0" warning="0" completed="0" inProgress="0" pending="0" />
  </ResultSummary>
  <TestDefinitions>
    <UnitTest name="Nh_CanHaveIncrementingKey" storage="c:\users\michael\_code\ienablemuch.totheefnhx\testproject\bin\release\testproject.dll" id="c8ff8ef9-a95a-0779-90f7-6e8188ebefd1">
      <Execution id="b3431db5-374c-473c-abb9-ef535939cc55" />
      <TestMethod codeBase="C:/Users/Michael/_CODE/Ienablemuch.ToTheEfnhX/TestProject/bin/Release/TestProject.DLL" adapterTypeName="Microsoft.VisualStudio.TestTools.TestTypes.Unit.UnitTestAdapter, Microsoft.VisualStudio.QualityTools.Tips.UnitTest.Adapter, Version=10.0.0.0, Culture=neutral, PublicKeyToken=b03f5f7f11d50a3a" className="TestProject.TestTheIRepository, TestProject, Version=1.0.0.0, Culture=neutral, PublicKeyToken=null" name="Nh_CanHaveIncrementingKey" />
    </UnitTest>
    <UnitTest name="Nh_SessionTransaction_can_detect_its_own_transaction_commitness_only" storage="c:\users\michael\_code\ienablemuch.totheefnhx\testproject\bin\release\testproject.dll" id="83330a72-51da-0d0d-d2b2-826b2f6cfd00">
      <Execution id="f225d488-ded5-464d-899f-70a0bad2390c" />
      <TestMethod codeBase="C:/Users/Michael/_CODE/Ienablemuch.ToTheEfnhX/TestProject/bin/Release/TestProject.DLL" adapterTypeName="Microsoft.VisualStudio.TestTools.TestTypes.Unit.UnitTestAdapter, Microsoft.VisualStudio.QualityTools.Tips.UnitTest.Adapter, Version=10.0.0.0, Culture=neutral, PublicKeyToken=b03f5f7f11d50a3a" className="TestProject.TestTheIRepository, TestProject, Version=1.0.0.0, Culture=neutral, PublicKeyToken=null" name="Nh_SessionTransaction_can_detect_its_own_transaction_commitness_only" />
    </UnitTest>
    <UnitTest name="Nh_CanDetectUpdateConflictingDelete" storage="c:\users\michael\_code\ienablemuch.totheefnhx\testproject\bin\release\testproject.dll" id="5d13769c-6ed9-df33-8e6d-b0cc79c073f2">
      <Execution id="9475a584-63f4-4b50-bcd2-6eb1724f6077" />
      <TestMethod codeBase="C:/Users/Michael/_CODE/Ienablemuch.ToTheEfnhX/TestProject/bin/Release/TestProject.DLL" adapterTypeName="Microsoft.VisualStudio.TestTools.TestTypes.Unit.UnitTestAdapter, Microsoft.VisualStudio.QualityTools.Tips.UnitTest.Adapter, Version=10.0.0.0, Culture=neutral, PublicKeyToken=b03f5f7f11d50a3a" className="TestProject.TestTheIRepository, TestProject, Version=1.0.0.0, Culture=neutral, PublicKeyToken=null" name="Nh_CanDetectUpdateConflictingDelete" />
    </UnitTest>
    <UnitTest name="Nh_Can_Orm_Merge_Can_Create" storage="c:\users\michael\_code\ienablemuch.totheefnhx\testproject\bin\release\testproject.dll" id="8af4731e-1204-41e4-f479-73db6099844b">
      <Execution id="f6aebdf4-d791-4637-bfbf-195b3419dc33" />
      <TestMethod codeBase="C:/Users/Michael/_CODE/Ienablemuch.ToTheEfnhX/TestProject/bin/Release/TestProject.DLL" adapterTypeName="Microsoft.VisualStudio.TestTools.TestTypes.Unit.UnitTestAdapter, Microsoft.VisualStudio.QualityTools.Tips.UnitTest.Adapter, Version=10.0.0.0, Culture=neutral, PublicKeyToken=b03f5f7f11d50a3a" className="TestProject.TestTheIRepository, TestProject, Version=1.0.0.0, Culture=neutral, PublicKeyToken=null" name="Nh_Can_Orm_Merge_Can_Create" />
    </UnitTest>
    <UnitTest name="Nh_Can_Orm_do_cascaded_deletions" storage="c:\users\michael\_code\ienablemuch.totheefnhx\testproject\bin\release\testproject.dll" id="170c0ff1-28bc-09a2-839b-5ab24853aea8">
      <Execution id="d3750302-aab5-4385-a1fc-e148c2da77a3" />
      <TestMethod codeBase="C:/Users/Michael/_CODE/Ienablemuch.ToTheEfnhX/TestProject/bin/Release/TestProject.DLL" adapterTypeName="Microsoft.VisualStudio.TestTools.TestTypes.Unit.UnitTestAdapter, Microsoft.VisualStudio.QualityTools.Tips.UnitTest.Adapter, Version=10.0.0.0, Culture=neutral, PublicKeyToken=b03f5f7f11d50a3a" className="TestProject.TestTheIRepository, TestProject, Version=1.0.0.0, Culture=neutral, PublicKeyToken=null" name="Nh_Can_Orm_do_cascaded_deletions" />
    </UnitTest>
    <UnitTest name="Saving_is_ok" storage="c:\users\michael\_code\ienablemuch.totheefnhx\testproject\bin\release\testproject.dll" id="5b9ac5c8-7814-fd36-cd57-f0de0de0fae7">
      <Execution id="0f811a59-e5b4-4d11-bcf8-f8ff088c4fe3" />
      <TestMethod codeBase="C:/Users/Michael/_CODE/Ienablemuch.ToTheEfnhX/TestProject/bin/Release/TestProject.DLL" adapterTypeName="Microsoft.VisualStudio.TestTools.TestTypes.Unit.UnitTestAdapter, Microsoft.VisualStudio.QualityTools.Tips.UnitTest.Adapter, Version=10.0.0.0, Culture=neutral, PublicKeyToken=b03f5f7f11d50a3a" className="TestProject.TestTheIRepository, TestProject, Version=1.0.0.0, Culture=neutral, PublicKeyToken=null" name="Saving_is_ok" />
    </UnitTest>
    <UnitTest name="Fetching_strategies_of_NHibernate_helper_has_no_problem_on_mocked_IQueryable" storage="c:\users\michael\_code\ienablemuch.totheefnhx\testproject\bin\release\testproject.dll" id="24f780e7-822d-62ed-f13e-e2daddc611e1">
      <Execution id="8db1ea6f-4016-415f-80c6-4177c04aaec7" />
      <TestMethod codeBase="C:/Users/Michael/_CODE/Ienablemuch.ToTheEfnhX/TestProject/bin/Release/TestProject.DLL" adapterTypeName="Microsoft.VisualStudio.TestTools.TestTypes.Unit.UnitTestAdapter, Microsoft.VisualStudio.QualityTools.Tips.UnitTest.Adapter, Version=10.0.0.0, Culture=neutral, PublicKeyToken=b03f5f7f11d50a3a" className="TestProject.TestTheIRepository, TestProject, Version=1.0.0.0, Culture=neutral, PublicKeyToken=null" name="Fetching_strategies_of_NHibernate_helper_has_no_problem_on_mocked_IQueryable" />
    </UnitTest>
    <UnitTest name="Ef_CanDetectUpdateConflictingUpdate" storage="c:\users\michael\_code\ienablemuch.totheefnhx\testproject\bin\release\testproject.dll" id="ca3ec696-2df9-55bd-c53c-f732b5c80a68">
      <Execution id="3600e049-233d-462c-af3b-2de8b3338a71" />
      <TestMethod codeBase="C:/Users/Michael/_CODE/Ienablemuch.ToTheEfnhX/TestProject/bin/Release/TestProject.DLL" adapterTypeName="Microsoft.VisualStudio.TestTools.TestTypes.Unit.UnitTestAdapter, Microsoft.VisualStudio.QualityTools.Tips.UnitTest.Adapter, Version=10.0.0.0, Culture=neutral, PublicKeyToken=b03f5f7f11d50a3a" className="TestProject.TestTheIRepository, TestProject, Version=1.0.0.0, Culture=neutral, PublicKeyToken=null" name="Ef_CanDetectUpdateConflictingUpdate" />
    </UnitTest>
    <UnitTest name="Nh_CanUpdate" storage="c:\users\michael\_code\ienablemuch.totheefnhx\testproject\bin\release\testproject.dll" id="63d9977f-78b2-ba78-f19b-1e84d68eabe8">
      <Execution id="1826d602-6da2-449d-b670-55c6007ea2b1" />
      <TestMethod codeBase="C:/Users/Michael/_CODE/Ienablemuch.ToTheEfnhX/TestProject/bin/Release/TestProject.DLL" adapterTypeName="Microsoft.VisualStudio.TestTools.TestTypes.Unit.UnitTestAdapter, Microsoft.VisualStudio.QualityTools.Tips.UnitTest.Adapter, Version=10.0.0.0, Culture=neutral, PublicKeyToken=b03f5f7f11d50a3a" className="TestProject.TestTheIRepository, TestProject, Version=1.0.0.0, Culture=neutral, PublicKeyToken=null" name="Nh_CanUpdate" />
    </UnitTest>
    <UnitTest name="Memory_CanUpdate" storage="c:\users\michael\_code\ienablemuch.totheefnhx\testproject\bin\release\testproject.dll" id="f5049a26-85f5-2d61-7d0d-3fe36d498d57">
      <Execution id="48fc4eda-3f93-4b72-80a2-b1948168b63d" />
      <TestMethod codeBase="C:/Users/Michael/_CODE/Ienablemuch.ToTheEfnhX/TestProject/bin/Release/TestProject.DLL" adapterTypeName="Microsoft.VisualStudio.TestTools.TestTypes.Unit.UnitTestAdapter, Microsoft.VisualStudio.QualityTools.Tips.UnitTest.Adapter, Version=10.0.0.0, Culture=neutral, PublicKeyToken=b03f5f7f11d50a3a" className="TestProject.TestTheIRepository, TestProject, Version=1.0.0.0, Culture=neutral, PublicKeyToken=null" name="Memory_CanUpdate" />
    </UnitTest>
    <UnitTest name="Ef_CanDetectDeleteConflictingDelete" storage="c:\users\michael\_code\ienablemuch.totheefnhx\testproject\bin\release\testproject.dll" id="4bb22a57-9102-06ea-257b-caae673d46d7">
      <Execution id="46dd01b8-b382-45e9-90a2-663a4a792982" />
      <TestMethod codeBase="C:/Users/Michael/_CODE/Ienablemuch.ToTheEfnhX/TestProject/bin/Release/TestProject.DLL" adapterTypeName="Microsoft.VisualStudio.TestTools.TestTypes.Unit.UnitTestAdapter, Microsoft.VisualStudio.QualityTools.Tips.UnitTest.Adapter, Version=10.0.0.0, Culture=neutral, PublicKeyToken=b03f5f7f11d50a3a" className="TestProject.TestTheIRepository, TestProject, Version=1.0.0.0, Culture=neutral, PublicKeyToken=null" name="Ef_CanDetectDeleteConflictingDelete" />
    </UnitTest>
    <UnitTest name="Ef_Can_save_transaction" storage="c:\users\michael\_code\ienablemuch.totheefnhx\testproject\bin\release\testproject.dll" id="f473cffe-6acb-bc8c-3c44-48f67f9567de">
      <Execution id="d1a1708c-8fda-460f-bda7-ec72f63381c3" />
      <TestMethod codeBase="C:/Users/Michael/_CODE/Ienablemuch.ToTheEfnhX/TestProject/bin/Release/TestProject.DLL" adapterTypeName="Microsoft.VisualStudio.TestTools.TestTypes.Unit.UnitTestAdapter, Microsoft.VisualStudio.QualityTools.Tips.UnitTest.Adapter, Version=10.0.0.0, Culture=neutral, PublicKeyToken=b03f5f7f11d50a3a" className="TestProject.TestTheIRepository, TestProject, Version=1.0.0.0, Culture=neutral, PublicKeyToken=null" name="Ef_Can_save_transaction" />
    </UnitTest>
    <UnitTest name="Memory_CanDetectDeleteConflictingDelete" storage="c:\users\michael\_code\ienablemuch.totheefnhx\testproject\bin\release\testproject.dll" id="d409929f-129a-9686-590d-6472fdfa28e4">
      <Execution id="613b1fb6-0ba2-40a0-ac9f-e213dff93ce6" />
      <TestMethod codeBase="C:/Users/Michael/_CODE/Ienablemuch.ToTheEfnhX/TestProject/bin/Release/TestProject.DLL" adapterTypeName="Microsoft.VisualStudio.TestTools.TestTypes.Unit.UnitTestAdapter, Microsoft.VisualStudio.QualityTools.Tips.UnitTest.Adapter, Version=10.0.0.0, Culture=neutral, PublicKeyToken=b03f5f7f11d50a3a" className="TestProject.TestTheIRepository, TestProject, Version=1.0.0.0, Culture=neutral, PublicKeyToken=null" name="Memory_CanDetectDeleteConflictingDelete" />
    </UnitTest>
    <UnitTest name="TestArray" storage="c:\users\michael\_code\ienablemuch.totheefnhx\testproject\bin\release\testproject.dll" id="e4d36185-e99e-9b3f-8afc-2b7c501afd9a">
      <Execution id="d0a907c7-f3de-4a79-8ffc-219b5867a36a" />
      <TestMethod codeBase="C:/Users/Michael/_CODE/Ienablemuch.ToTheEfnhX/TestProject/bin/Release/TestProject.DLL" adapterTypeName="Microsoft.VisualStudio.TestTools.TestTypes.Unit.UnitTestAdapter, Microsoft.VisualStudio.QualityTools.Tips.UnitTest.Adapter, Version=10.0.0.0, Culture=neutral, PublicKeyToken=b03f5f7f11d50a3a" className="TestProject.TestTheIRepository, TestProject, Version=1.0.0.0, Culture=neutral, PublicKeyToken=null" name="TestArray" />
    </UnitTest>
    <UnitTest name="Ef_CanDetectUpdateConflictingDelete" storage="c:\users\michael\_code\ienablemuch.totheefnhx\testproject\bin\release\testproject.dll" id="cdd1ec05-a33a-edaf-1560-6637f27329d2">
      <Execution id="6fb88d77-55b8-43be-82a1-f9c8c41833b9" />
      <TestMethod codeBase="C:/Users/Michael/_CODE/Ienablemuch.ToTheEfnhX/TestProject/bin/Release/TestProject.DLL" adapterTypeName="Microsoft.VisualStudio.TestTools.TestTypes.Unit.UnitTestAdapter, Microsoft.VisualStudio.QualityTools.Tips.UnitTest.Adapter, Version=10.0.0.0, Culture=neutral, PublicKeyToken=b03f5f7f11d50a3a" className="TestProject.TestTheIRepository, TestProject, Version=1.0.0.0, Culture=neutral, PublicKeyToken=null" name="Ef_CanDetectUpdateConflictingDelete" />
    </UnitTest>
    <UnitTest name="Nh_SessionTransaction_cannot_detect_transaction_commitness" storage="c:\users\michael\_code\ienablemuch.totheefnhx\testproject\bin\release\testproject.dll" id="dad118fb-1088-58a3-350a-fc5e47173fa9">
      <Execution id="1a7b6525-b6ae-4db9-af77-50be5916d4d8" />
      <TestMethod codeBase="C:/Users/Michael/_CODE/Ienablemuch.ToTheEfnhX/TestProject/bin/Release/TestProject.DLL" adapterTypeName="Microsoft.VisualStudio.TestTools.TestTypes.Unit.UnitTestAdapter, Microsoft.VisualStudio.QualityTools.Tips.UnitTest.Adapter, Version=10.0.0.0, Culture=neutral, PublicKeyToken=b03f5f7f11d50a3a" className="TestProject.TestTheIRepository, TestProject, Version=1.0.0.0, Culture=neutral, PublicKeyToken=null" name="Nh_SessionTransaction_cannot_detect_transaction_commitness" />
    </UnitTest>
    <UnitTest name="Ef_Can_Orm_Merge_Can_Create" storage="c:\users\michael\_code\ienablemuch.totheefnhx\testproject\bin\release\testproject.dll" id="a9ed84c2-917f-5ccb-44a7-7e3cea9cd5e0">
      <Execution id="caaddd3f-018d-46ea-bdb1-6430a8c8d05c" />
      <TestMethod codeBase="C:/Users/Michael/_CODE/Ienablemuch.ToTheEfnhX/TestProject/bin/Release/TestProject.DLL" adapterTypeName="Microsoft.VisualStudio.TestTools.TestTypes.Unit.UnitTestAdapter, Microsoft.VisualStudio.QualityTools.Tips.UnitTest.Adapter, Version=10.0.0.0, Culture=neutral, PublicKeyToken=b03f5f7f11d50a3a" className="TestProject.TestTheIRepository, TestProject, Version=1.0.0.0, Culture=neutral, PublicKeyToken=null" name="Ef_Can_Orm_Merge_Can_Create" />
    </UnitTest>
    <UnitTest name="Nh_Can_Orm_Merge_Can_Update" storage="c:\users\michael\_code\ienablemuch.totheefnhx\testproject\bin\release\testproject.dll" id="b9cbda9a-23ca-3458-8bf7-8aa6598f8754">
      <Execution id="10f0d6f7-13f4-4c32-9e4e-e97806204544" />
      <TestMethod codeBase="C:/Users/Michael/_CODE/Ienablemuch.ToTheEfnhX/TestProject/bin/Release/TestProject.DLL" adapterTypeName="Microsoft.VisualStudio.TestTools.TestTypes.Unit.UnitTestAdapter, Microsoft.VisualStudio.QualityTools.Tips.UnitTest.Adapter, Version=10.0.0.0, Culture=neutral, PublicKeyToken=b03f5f7f11d50a3a" className="TestProject.TestTheIRepository, TestProject, Version=1.0.0.0, Culture=neutral, PublicKeyToken=null" name="Nh_Can_Orm_Merge_Can_Update" />
    </UnitTest>
    <UnitTest name="Memory_CanSaveHeaderDetail" storage="c:\users\michael\_code\ienablemuch.totheefnhx\testproject\bin\release\testproject.dll" id="c2e9f01d-6387-7f00-c2a6-71385a796942">
      <Execution id="1608dfb7-e994-436b-9006-5a7a44934018" />
      <TestMethod codeBase="C:/Users/Michael/_CODE/Ienablemuch.ToTheEfnhX/TestProject/bin/Release/TestProject.DLL" adapterTypeName="Microsoft.VisualStudio.TestTools.TestTypes.Unit.UnitTestAdapter, Microsoft.VisualStudio.QualityTools.Tips.UnitTest.Adapter, Version=10.0.0.0, Culture=neutral, PublicKeyToken=b03f5f7f11d50a3a" className="TestProject.TestTheIRepository, TestProject, Version=1.0.0.0, Culture=neutral, PublicKeyToken=null" name="Memory_CanSaveHeaderDetail" />
    </UnitTest>
    <UnitTest name="Ef_CanSave" storage="c:\users\michael\_code\ienablemuch.totheefnhx\testproject\bin\release\testproject.dll" id="6a52032d-db59-8802-47db-20699e8ef053">
      <Execution id="98fdd82e-cc77-4025-8aa7-299f8e6bb962" />
      <TestMethod codeBase="C:/Users/Michael/_CODE/Ienablemuch.ToTheEfnhX/TestProject/bin/Release/TestProject.DLL" adapterTypeName="Microsoft.VisualStudio.TestTools.TestTypes.Unit.UnitTestAdapter, Microsoft.VisualStudio.QualityTools.Tips.UnitTest.Adapter, Version=10.0.0.0, Culture=neutral, PublicKeyToken=b03f5f7f11d50a3a" className="TestProject.TestTheIRepository, TestProject, Version=1.0.0.0, Culture=neutral, PublicKeyToken=null" name="Ef_CanSave" />
    </UnitTest>
    <UnitTest name="Ef_HasRowVersion" storage="c:\users\michael\_code\ienablemuch.totheefnhx\testproject\bin\release\testproject.dll" id="86150143-fb0b-c807-6c85-448e509331e0">
      <Execution id="cffe55c9-a4de-487a-89e6-a4877a201973" />
      <TestMethod codeBase="C:/Users/Michael/_CODE/Ienablemuch.ToTheEfnhX/TestProject/bin/Release/TestProject.DLL" adapterTypeName="Microsoft.VisualStudio.TestTools.TestTypes.Unit.UnitTestAdapter, Microsoft.VisualStudio.QualityTools.Tips.UnitTest.Adapter, Version=10.0.0.0, Culture=neutral, PublicKeyToken=b03f5f7f11d50a3a" className="TestProject.TestTheIRepository, TestProject, Version=1.0.0.0, Culture=neutral, PublicKeyToken=null" name="Ef_HasRowVersion" />
    </UnitTest>
    <UnitTest name="Ef_CanUpdate" storage="c:\users\michael\_code\ienablemuch.totheefnhx\testproject\bin\release\testproject.dll" id="9ce2ff54-3bea-2c09-7986-c83994c1d685">
      <Execution id="da4ae0d0-516c-40df-a927-117327158b19" />
      <TestMethod codeBase="C:/Users/Michael/_CODE/Ienablemuch.ToTheEfnhX/TestProject/bin/Release/TestProject.DLL" adapterTypeName="Microsoft.VisualStudio.TestTools.TestTypes.Unit.UnitTestAdapter, Microsoft.VisualStudio.QualityTools.Tips.UnitTest.Adapter, Version=10.0.0.0, Culture=neutral, PublicKeyToken=b03f5f7f11d50a3a" className="TestProject.TestTheIRepository, TestProject, Version=1.0.0.0, Culture=neutral, PublicKeyToken=null" name="Ef_CanUpdate" />
    </UnitTest>
    <UnitTest name="Nh_CanDetectDeleteConflictingUpdate" storage="c:\users\michael\_code\ienablemuch.totheefnhx\testproject\bin\release\testproject.dll" id="467d17f0-5ec4-24a5-9089-e15ef18964f7">
      <Execution id="1d9fc001-4d59-4caa-af92-a602152e0530" />
      <TestMethod codeBase="C:/Users/Michael/_CODE/Ienablemuch.ToTheEfnhX/TestProject/bin/Release/TestProject.DLL" adapterTypeName="Microsoft.VisualStudio.TestTools.TestTypes.Unit.UnitTestAdapter, Microsoft.VisualStudio.QualityTools.Tips.UnitTest.Adapter, Version=10.0.0.0, Culture=neutral, PublicKeyToken=b03f5f7f11d50a3a" className="TestProject.TestTheIRepository, TestProject, Version=1.0.0.0, Culture=neutral, PublicKeyToken=null" name="Nh_CanDetectDeleteConflictingUpdate" />
    </UnitTest>
    <UnitTest name="Nh_HasRowVersion" storage="c:\users\michael\_code\ienablemuch.totheefnhx\testproject\bin\release\testproject.dll" id="919c9ab6-d8de-ff18-95fc-25bc030735bd">
      <Execution id="12dde928-3697-4f7a-b33a-8fa0a9414839" />
      <TestMethod codeBase="C:/Users/Michael/_CODE/Ienablemuch.ToTheEfnhX/TestProject/bin/Release/TestProject.DLL" adapterTypeName="Microsoft.VisualStudio.TestTools.TestTypes.Unit.UnitTestAdapter, Microsoft.VisualStudio.QualityTools.Tips.UnitTest.Adapter, Version=10.0.0.0, Culture=neutral, PublicKeyToken=b03f5f7f11d50a3a" className="TestProject.TestTheIRepository, TestProject, Version=1.0.0.0, Culture=neutral, PublicKeyToken=null" name="Nh_HasRowVersion" />
    </UnitTest>
    <UnitTest name="Ef_Can_Orm_do_cascaded_deletions" storage="c:\users\michael\_code\ienablemuch.totheefnhx\testproject\bin\release\testproject.dll" id="a2256363-4989-1fab-e208-96edc389fe3c">
      <Execution id="a8712ef5-2622-4f40-84d6-4d98de7ad758" />
      <TestMethod codeBase="C:/Users/Michael/_CODE/Ienablemuch.ToTheEfnhX/TestProject/bin/Release/TestProject.DLL" adapterTypeName="Microsoft.VisualStudio.TestTools.TestTypes.Unit.UnitTestAdapter, Microsoft.VisualStudio.QualityTools.Tips.UnitTest.Adapter, Version=10.0.0.0, Culture=neutral, PublicKeyToken=b03f5f7f11d50a3a" className="TestProject.TestTheIRepository, TestProject, Version=1.0.0.0, Culture=neutral, PublicKeyToken=null" name="Ef_Can_Orm_do_cascaded_deletions" />
    </UnitTest>
    <UnitTest name="Memory_CanSaveTransaction" storage="c:\users\michael\_code\ienablemuch.totheefnhx\testproject\bin\release\testproject.dll" id="6b805790-9c4f-2071-6e55-fbbb337c0021">
      <Execution id="88649be6-a7ed-43d7-83ea-cd167e754efd" />
      <TestMethod codeBase="C:/Users/Michael/_CODE/Ienablemuch.ToTheEfnhX/TestProject/bin/Release/TestProject.DLL" adapterTypeName="Microsoft.VisualStudio.TestTools.TestTypes.Unit.UnitTestAdapter, Microsoft.VisualStudio.QualityTools.Tips.UnitTest.Adapter, Version=10.0.0.0, Culture=neutral, PublicKeyToken=b03f5f7f11d50a3a" className="TestProject.TestTheIRepository, TestProject, Version=1.0.0.0, Culture=neutral, PublicKeyToken=null" name="Memory_CanSaveTransaction" />
    </UnitTest>
    <UnitTest name="Ef_Can_Orm_Merge_Can_Update" storage="c:\users\michael\_code\ienablemuch.totheefnhx\testproject\bin\release\testproject.dll" id="3a1e9fe6-a4ce-9adb-c086-11052cee98b6">
      <Execution id="c277e8bb-0eb3-4e90-b813-c3585119b325" />
      <TestMethod codeBase="C:/Users/Michael/_CODE/Ienablemuch.ToTheEfnhX/TestProject/bin/Release/TestProject.DLL" adapterTypeName="Microsoft.VisualStudio.TestTools.TestTypes.Unit.UnitTestAdapter, Microsoft.VisualStudio.QualityTools.Tips.UnitTest.Adapter, Version=10.0.0.0, Culture=neutral, PublicKeyToken=b03f5f7f11d50a3a" className="TestProject.TestTheIRepository, TestProject, Version=1.0.0.0, Culture=neutral, PublicKeyToken=null" name="Ef_Can_Orm_Merge_Can_Update" />
    </UnitTest>
    <UnitTest name="Ef_CanDelete" storage="c:\users\michael\_code\ienablemuch.totheefnhx\testproject\bin\release\testproject.dll" id="c3da4334-35ea-a9c1-5cbf-c1daa7323978">
      <Execution id="e6e31cca-a3a5-412b-9530-556778773414" />
      <TestMethod codeBase="C:/Users/Michael/_CODE/Ienablemuch.ToTheEfnhX/TestProject/bin/Release/TestProject.DLL" adapterTypeName="Microsoft.VisualStudio.TestTools.TestTypes.Unit.UnitTestAdapter, Microsoft.VisualStudio.QualityTools.Tips.UnitTest.Adapter, Version=10.0.0.0, Culture=neutral, PublicKeyToken=b03f5f7f11d50a3a" className="TestProject.TestTheIRepository, TestProject, Version=1.0.0.0, Culture=neutral, PublicKeyToken=null" name="Ef_CanDelete" />
    </UnitTest>
    <UnitTest name="Ef_Can_queue_changes" storage="c:\users\michael\_code\ienablemuch.totheefnhx\testproject\bin\release\testproject.dll" id="ffcba511-cdf9-ce52-fd62-900fe7820ecc">
      <Execution id="3c242e13-71dd-4141-ba3b-3162703cfd47" />
      <TestMethod codeBase="C:/Users/Michael/_CODE/Ienablemuch.ToTheEfnhX/TestProject/bin/Release/TestProject.DLL" adapterTypeName="Microsoft.VisualStudio.TestTools.TestTypes.Unit.UnitTestAdapter, Microsoft.VisualStudio.QualityTools.Tips.UnitTest.Adapter, Version=10.0.0.0, Culture=neutral, PublicKeyToken=b03f5f7f11d50a3a" className="TestProject.TestTheIRepository, TestProject, Version=1.0.0.0, Culture=neutral, PublicKeyToken=null" name="Ef_Can_queue_changes" />
    </UnitTest>
    <UnitTest name="Fetching_strategies_of_EntityFramework_helper_has_no_problem_on_mocked_IQueryable" storage="c:\users\michael\_code\ienablemuch.totheefnhx\testproject\bin\release\testproject.dll" id="c8cf96fa-83e0-e026-64af-f003abc95103">
      <Execution id="24d43b69-09b0-423d-9e34-19e1f3022cac" />
      <TestMethod codeBase="C:/Users/Michael/_CODE/Ienablemuch.ToTheEfnhX/TestProject/bin/Release/TestProject.DLL" adapterTypeName="Microsoft.VisualStudio.TestTools.TestTypes.Unit.UnitTestAdapter, Microsoft.VisualStudio.QualityTools.Tips.UnitTest.Adapter, Version=10.0.0.0, Culture=neutral, PublicKeyToken=b03f5f7f11d50a3a" className="TestProject.TestTheIRepository, TestProject, Version=1.0.0.0, Culture=neutral, PublicKeyToken=null" name="Fetching_strategies_of_EntityFramework_helper_has_no_problem_on_mocked_IQueryable" />
    </UnitTest>
    <UnitTest name="Memory_CanDetectUpdateConflictingDelete" storage="c:\users\michael\_code\ienablemuch.totheefnhx\testproject\bin\release\testproject.dll" id="314cd11d-882d-0d0a-f196-b0f474ca8700">
      <Execution id="3604a32a-548c-4fdd-b129-717630ad01c4" />
      <TestMethod codeBase="C:/Users/Michael/_CODE/Ienablemuch.ToTheEfnhX/TestProject/bin/Release/TestProject.DLL" adapterTypeName="Microsoft.VisualStudio.TestTools.TestTypes.Unit.UnitTestAdapter, Microsoft.VisualStudio.QualityTools.Tips.UnitTest.Adapter, Version=10.0.0.0, Culture=neutral, PublicKeyToken=b03f5f7f11d50a3a" className="TestProject.TestTheIRepository, TestProject, Version=1.0.0.0, Culture=neutral, PublicKeyToken=null" name="Memory_CanDetectUpdateConflictingDelete" />
    </UnitTest>
    <UnitTest name="Nh_Can_queue_changes" storage="c:\users\michael\_code\ienablemuch.totheefnhx\testproject\bin\release\testproject.dll" id="8ae0b4b0-ccc4-fc93-736a-72af24764f70">
      <Execution id="84f21e82-ca8c-4aa6-8136-9ce4a4fcda24" />
      <TestMethod codeBase="C:/Users/Michael/_CODE/Ienablemuch.ToTheEfnhX/TestProject/bin/Release/TestProject.DLL" adapterTypeName="Microsoft.VisualStudio.TestTools.TestTypes.Unit.UnitTestAdapter, Microsoft.VisualStudio.QualityTools.Tips.UnitTest.Adapter, Version=10.0.0.0, Culture=neutral, PublicKeyToken=b03f5f7f11d50a3a" className="TestProject.TestTheIRepository, TestProject, Version=1.0.0.0, Culture=neutral, PublicKeyToken=null" name="Nh_Can_queue_changes" />
    </UnitTest>
    <UnitTest name="Nh_Can_Detect_Transaction_From_Session_Begin_Transaction" storage="c:\users\michael\_code\ienablemuch.totheefnhx\testproject\bin\release\testproject.dll" id="55b9acb6-c8fa-83e2-62ec-c3bb6a6ae6ad">
      <Execution id="8b33a992-f3ec-4b27-bf8a-ebd429eee18d" />
      <TestMethod codeBase="C:/Users/Michael/_CODE/Ienablemuch.ToTheEfnhX/TestProject/bin/Release/TestProject.DLL" adapterTypeName="Microsoft.VisualStudio.TestTools.TestTypes.Unit.UnitTestAdapter, Microsoft.VisualStudio.QualityTools.Tips.UnitTest.Adapter, Version=10.0.0.0, Culture=neutral, PublicKeyToken=b03f5f7f11d50a3a" className="TestProject.TestTheIRepository, TestProject, Version=1.0.0.0, Culture=neutral, PublicKeyToken=null" name="Nh_Can_Detect_Transaction_From_Session_Begin_Transaction" />
    </UnitTest>
    <UnitTest name="Nh_CanDetectDeleteConflictingDelete" storage="c:\users\michael\_code\ienablemuch.totheefnhx\testproject\bin\release\testproject.dll" id="8557e6ab-47d2-b8b1-2926-0bb94a2d505d">
      <Execution id="5974a2e8-b508-4cef-80e2-4b31bb61c595" />
      <TestMethod codeBase="C:/Users/Michael/_CODE/Ienablemuch.ToTheEfnhX/TestProject/bin/Release/TestProject.DLL" adapterTypeName="Microsoft.VisualStudio.TestTools.TestTypes.Unit.UnitTestAdapter, Microsoft.VisualStudio.QualityTools.Tips.UnitTest.Adapter, Version=10.0.0.0, Culture=neutral, PublicKeyToken=b03f5f7f11d50a3a" className="TestProject.TestTheIRepository, TestProject, Version=1.0.0.0, Culture=neutral, PublicKeyToken=null" name="Nh_CanDetectDeleteConflictingDelete" />
    </UnitTest>
    <UnitTest name="Memory_CanSave" storage="c:\users\michael\_code\ienablemuch.totheefnhx\testproject\bin\release\testproject.dll" id="8c5d9d25-e5b8-63c8-9c42-cebb67787fde">
      <Execution id="6bdc9616-887c-47a2-a14c-9dfbfe1a697f" />
      <TestMethod codeBase="C:/Users/Michael/_CODE/Ienablemuch.ToTheEfnhX/TestProject/bin/Release/TestProject.DLL" adapterTypeName="Microsoft.VisualStudio.TestTools.TestTypes.Unit.UnitTestAdapter, Microsoft.VisualStudio.QualityTools.Tips.UnitTest.Adapter, Version=10.0.0.0, Culture=neutral, PublicKeyToken=b03f5f7f11d50a3a" className="TestProject.TestTheIRepository, TestProject, Version=1.0.0.0, Culture=neutral, PublicKeyToken=null" name="Memory_CanSave" />
    </UnitTest>
    <UnitTest name="Can_do_deep_clone" storage="c:\users\michael\_code\ienablemuch.totheefnhx\testproject\bin\release\testproject.dll" id="f7d7cfdb-4468-5c56-7540-afe0d55e093a">
      <Execution id="fd4de1fd-84bc-4806-9c0a-0d50ffc7cc84" />
      <TestMethod codeBase="C:/Users/Michael/_CODE/Ienablemuch.ToTheEfnhX/TestProject/bin/Release/TestProject.DLL" adapterTypeName="Microsoft.VisualStudio.TestTools.TestTypes.Unit.UnitTestAdapter, Microsoft.VisualStudio.QualityTools.Tips.UnitTest.Adapter, Version=10.0.0.0, Culture=neutral, PublicKeyToken=b03f5f7f11d50a3a" className="TestProject.TestTheIRepository, TestProject, Version=1.0.0.0, Culture=neutral, PublicKeyToken=null" name="Can_do_deep_clone" />
    </UnitTest>
    <UnitTest name="Ef_CanDetectDeleteConflictingUpdate" storage="c:\users\michael\_code\ienablemuch.totheefnhx\testproject\bin\release\testproject.dll" id="8bf5c997-85a0-f72e-564a-9d66e659263c">
      <Execution id="531e2358-ed66-4205-86ee-479e341b85cf" />
      <TestMethod codeBase="C:/Users/Michael/_CODE/Ienablemuch.ToTheEfnhX/TestProject/bin/Release/TestProject.DLL" adapterTypeName="Microsoft.VisualStudio.TestTools.TestTypes.Unit.UnitTestAdapter, Microsoft.VisualStudio.QualityTools.Tips.UnitTest.Adapter, Version=10.0.0.0, Culture=neutral, PublicKeyToken=b03f5f7f11d50a3a" className="TestProject.TestTheIRepository, TestProject, Version=1.0.0.0, Culture=neutral, PublicKeyToken=null" name="Ef_CanDetectDeleteConflictingUpdate" />
    </UnitTest>
    <UnitTest name="Memory_CanDelete" storage="c:\users\michael\_code\ienablemuch.totheefnhx\testproject\bin\release\testproject.dll" id="4eb22f5f-6a6e-dede-7dcd-8a02b2b7eecd">
      <Execution id="c89f3eff-24b1-4fc3-8ed4-415ab289534b" />
      <TestMethod codeBase="C:/Users/Michael/_CODE/Ienablemuch.ToTheEfnhX/TestProject/bin/Release/TestProject.DLL" adapterTypeName="Microsoft.VisualStudio.TestTools.TestTypes.Unit.UnitTestAdapter, Microsoft.VisualStudio.QualityTools.Tips.UnitTest.Adapter, Version=10.0.0.0, Culture=neutral, PublicKeyToken=b03f5f7f11d50a3a" className="TestProject.TestTheIRepository, TestProject, Version=1.0.0.0, Culture=neutral, PublicKeyToken=null" name="Memory_CanDelete" />
    </UnitTest>
    <UnitTest name="Memory_CanHaveIncrementingKey" storage="c:\users\michael\_code\ienablemuch.totheefnhx\testproject\bin\release\testproject.dll" id="c5220795-75d7-ce76-adb5-6a1d661e1fb0">
      <Execution id="ef07def9-b29a-428d-b53f-ecbbbd780b6c" />
      <TestMethod codeBase="C:/Users/Michael/_CODE/Ienablemuch.ToTheEfnhX/TestProject/bin/Release/TestProject.DLL" adapterTypeName="Microsoft.VisualStudio.TestTools.TestTypes.Unit.UnitTestAdapter, Microsoft.VisualStudio.QualityTools.Tips.UnitTest.Adapter, Version=10.0.0.0, Culture=neutral, PublicKeyToken=b03f5f7f11d50a3a" className="TestProject.TestTheIRepository, TestProject, Version=1.0.0.0, Culture=neutral, PublicKeyToken=null" name="Memory_CanHaveIncrementingKey" />
    </UnitTest>
    <UnitTest name="Memory_CanDetectUpdateConflictingUpdate" storage="c:\users\michael\_code\ienablemuch.totheefnhx\testproject\bin\release\testproject.dll" id="385b97ed-767a-46eb-ce77-8402dbdb924a">
      <Execution id="0106f4ce-40ef-469c-82ab-c772be65cc6c" />
      <TestMethod codeBase="C:/Users/Michael/_CODE/Ienablemuch.ToTheEfnhX/TestProject/bin/Release/TestProject.DLL" adapterTypeName="Microsoft.VisualStudio.TestTools.TestTypes.Unit.UnitTestAdapter, Microsoft.VisualStudio.QualityTools.Tips.UnitTest.Adapter, Version=10.0.0.0, Culture=neutral, PublicKeyToken=b03f5f7f11d50a3a" className="TestProject.TestTheIRepository, TestProject, Version=1.0.0.0, Culture=neutral, PublicKeyToken=null" name="Memory_CanDetectUpdateConflictingUpdate" />
    </UnitTest>
    <UnitTest name="Ef_Can_rollback_transaction" storage="c:\users\michael\_code\ienablemuch.totheefnhx\testproject\bin\release\testproject.dll" id="ef9db0bb-63c6-f8c2-c180-d50d1ce2ca5b">
      <Execution id="8b453ff7-4231-4bb4-aedd-993a8282a1c5" />
      <TestMethod codeBase="C:/Users/Michael/_CODE/Ienablemuch.ToTheEfnhX/TestProject/bin/Release/TestProject.DLL" adapterTypeName="Microsoft.VisualStudio.TestTools.TestTypes.Unit.UnitTestAdapter, Microsoft.VisualStudio.QualityTools.Tips.UnitTest.Adapter, Version=10.0.0.0, Culture=neutral, PublicKeyToken=b03f5f7f11d50a3a" className="TestProject.TestTheIRepository, TestProject, Version=1.0.0.0, Culture=neutral, PublicKeyToken=null" name="Ef_Can_rollback_transaction" />
    </UnitTest>
    <UnitTest name="Nh_Can_save_transaction" storage="c:\users\michael\_code\ienablemuch.totheefnhx\testproject\bin\release\testproject.dll" id="d14d6d4a-1363-e36e-8cf9-c1c992b9e243">
      <Execution id="a8f91429-a5f1-464d-a0cb-f1c1dcf885ee" />
      <TestMethod codeBase="C:/Users/Michael/_CODE/Ienablemuch.ToTheEfnhX/TestProject/bin/Release/TestProject.DLL" adapterTypeName="Microsoft.VisualStudio.TestTools.TestTypes.Unit.UnitTestAdapter, Microsoft.VisualStudio.QualityTools.Tips.UnitTest.Adapter, Version=10.0.0.0, Culture=neutral, PublicKeyToken=b03f5f7f11d50a3a" className="TestProject.TestTheIRepository, TestProject, Version=1.0.0.0, Culture=neutral, PublicKeyToken=null" name="Nh_Can_save_transaction" />
    </UnitTest>
    <UnitTest name="Nh_CanSaveHeaderDetail" storage="c:\users\michael\_code\ienablemuch.totheefnhx\testproject\bin\release\testproject.dll" id="f68ad391-23ca-2766-d2b2-8731589ef39b">
      <Execution id="2867eed3-e1cf-4699-8006-a6db66684091" />
      <TestMethod codeBase="C:/Users/Michael/_CODE/Ienablemuch.ToTheEfnhX/TestProject/bin/Release/TestProject.DLL" adapterTypeName="Microsoft.VisualStudio.TestTools.TestTypes.Unit.UnitTestAdapter, Microsoft.VisualStudio.QualityTools.Tips.UnitTest.Adapter, Version=10.0.0.0, Culture=neutral, PublicKeyToken=b03f5f7f11d50a3a" className="TestProject.TestTheIRepository, TestProject, Version=1.0.0.0, Culture=neutral, PublicKeyToken=null" name="Nh_CanSaveHeaderDetail" />
    </UnitTest>
    <UnitTest name="Nh_Can_rollback_transaction" storage="c:\users\michael\_code\ienablemuch.totheefnhx\testproject\bin\release\testproject.dll" id="498581d4-9097-59b7-1a75-c07c04a53675">
      <Execution id="a05ae0bd-b160-462d-9e07-995bf3fb13e0" />
      <TestMethod codeBase="C:/Users/Michael/_CODE/Ienablemuch.ToTheEfnhX/TestProject/bin/Release/TestProject.DLL" adapterTypeName="Microsoft.VisualStudio.TestTools.TestTypes.Unit.UnitTestAdapter, Microsoft.VisualStudio.QualityTools.Tips.UnitTest.Adapter, Version=10.0.0.0, Culture=neutral, PublicKeyToken=b03f5f7f11d50a3a" className="TestProject.TestTheIRepository, TestProject, Version=1.0.0.0, Culture=neutral, PublicKeyToken=null" name="Nh_Can_rollback_transaction" />
    </UnitTest>
    <UnitTest name="Memory_CanDetectDeleteConflictingUpdate" storage="c:\users\michael\_code\ienablemuch.totheefnhx\testproject\bin\release\testproject.dll" id="9608206a-383a-828f-299c-2c493d95d886">
      <Execution id="c77aab23-dc40-48be-963f-19b21f9ebd37" />
      <TestMethod codeBase="C:/Users/Michael/_CODE/Ienablemuch.ToTheEfnhX/TestProject/bin/Release/TestProject.DLL" adapterTypeName="Microsoft.VisualStudio.TestTools.TestTypes.Unit.UnitTestAdapter, Microsoft.VisualStudio.QualityTools.Tips.UnitTest.Adapter, Version=10.0.0.0, Culture=neutral, PublicKeyToken=b03f5f7f11d50a3a" className="TestProject.TestTheIRepository, TestProject, Version=1.0.0.0, Culture=neutral, PublicKeyToken=null" name="Memory_CanDetectDeleteConflictingUpdate" />
    </UnitTest>
    <UnitTest name="Nh_CanDetectUpdateConflictingUpdate" storage="c:\users\michael\_code\ienablemuch.totheefnhx\testproject\bin\release\testproject.dll" id="7b0e110e-2e6a-879c-359f-7b225fdba37f">
      <Execution id="6f3e91f5-e9b0-41cd-809e-124e7d1871b4" />
      <TestMethod codeBase="C:/Users/Michael/_CODE/Ienablemuch.ToTheEfnhX/TestProject/bin/Release/TestProject.DLL" adapterTypeName="Microsoft.VisualStudio.TestTools.TestTypes.Unit.UnitTestAdapter, Microsoft.VisualStudio.QualityTools.Tips.UnitTest.Adapter, Version=10.0.0.0, Culture=neutral, PublicKeyToken=b03f5f7f11d50a3a" className="TestProject.TestTheIRepository, TestProject, Version=1.0.0.0, Culture=neutral, PublicKeyToken=null" name="Nh_CanDetectUpdateConflictingUpdate" />
    </UnitTest>
    <UnitTest name="Nh_Can_Detect_Transaction_From_Session_Transaction_Begin" storage="c:\users\michael\_code\ienablemuch.totheefnhx\testproject\bin\release\testproject.dll" id="35cdc240-50c9-1325-cb02-2e20cf8d0e6b">
      <Execution id="34416280-0b35-43f8-9968-77f1d8e023e4" />
      <TestMethod codeBase="C:/Users/Michael/_CODE/Ienablemuch.ToTheEfnhX/TestProject/bin/Release/TestProject.DLL" adapterTypeName="Microsoft.VisualStudio.TestTools.TestTypes.Unit.UnitTestAdapter, Microsoft.VisualStudio.QualityTools.Tips.UnitTest.Adapter, Version=10.0.0.0, Culture=neutral, PublicKeyToken=b03f5f7f11d50a3a" className="TestProject.TestTheIRepository, TestProject, Version=1.0.0.0, Culture=neutral, PublicKeyToken=null" name="Nh_Can_Detect_Transaction_From_Session_Transaction_Begin" />
    </UnitTest>
    <UnitTest name="Ef_CanHaveIncrementingKey" storage="c:\users\michael\_code\ienablemuch.totheefnhx\testproject\bin\release\testproject.dll" id="e392eca5-e91b-ff0f-619e-8a24d0ecbe68">
      <Execution id="6278ca87-3153-4911-8439-acf61247240c" />
      <TestMethod codeBase="C:/Users/Michael/_CODE/Ienablemuch.ToTheEfnhX/TestProject/bin/Release/TestProject.DLL" adapterTypeName="Microsoft.VisualStudio.TestTools.TestTypes.Unit.UnitTestAdapter, Microsoft.VisualStudio.QualityTools.Tips.UnitTest.Adapter, Version=10.0.0.0, Culture=neutral, PublicKeyToken=b03f5f7f11d50a3a" className="TestProject.TestTheIRepository, TestProject, Version=1.0.0.0, Culture=neutral, PublicKeyToken=null" name="Ef_CanHaveIncrementingKey" />
    </UnitTest>
    <UnitTest name="Nh_CanSave" storage="c:\users\michael\_code\ienablemuch.totheefnhx\testproject\bin\release\testproject.dll" id="c9750689-b2a7-1965-bbd3-0c2f5eda3fb2">
      <Execution id="3c9619cc-1b5e-460c-903b-5a8eea454aa2" />
      <TestMethod codeBase="C:/Users/Michael/_CODE/Ienablemuch.ToTheEfnhX/TestProject/bin/Release/TestProject.DLL" adapterTypeName="Microsoft.VisualStudio.TestTools.TestTypes.Unit.UnitTestAdapter, Microsoft.VisualStudio.QualityTools.Tips.UnitTest.Adapter, Version=10.0.0.0, Culture=neutral, PublicKeyToken=b03f5f7f11d50a3a" className="TestProject.TestTheIRepository, TestProject, Version=1.0.0.0, Culture=neutral, PublicKeyToken=null" name="Nh_CanSave" />
    </UnitTest>
    <UnitTest name="Nh_CanDelete" storage="c:\users\michael\_code\ienablemuch.totheefnhx\testproject\bin\release\testproject.dll" id="f3b46671-4362-7dc3-90a0-0fcbe80e34d8">
      <Execution id="d7ff1850-46d7-4622-9464-0cd48e841f98" />
      <TestMethod codeBase="C:/Users/Michael/_CODE/Ienablemuch.ToTheEfnhX/TestProject/bin/Release/TestProject.DLL" adapterTypeName="Microsoft.VisualStudio.TestTools.TestTypes.Unit.UnitTestAdapter, Microsoft.VisualStudio.QualityTools.Tips.UnitTest.Adapter, Version=10.0.0.0, Culture=neutral, PublicKeyToken=b03f5f7f11d50a3a" className="TestProject.TestTheIRepository, TestProject, Version=1.0.0.0, Culture=neutral, PublicKeyToken=null" name="Nh_CanDelete" />
    </UnitTest>
    <UnitTest name="Ef_CanSaveHeaderDetail" storage="c:\users\michael\_code\ienablemuch.totheefnhx\testproject\bin\release\testproject.dll" id="ecf5b477-cdd8-3508-c195-40a64bc26f00">
      <Execution id="41c1556f-dd35-4275-ab9c-0136ebe1dd3a" />
      <TestMethod codeBase="C:/Users/Michael/_CODE/Ienablemuch.ToTheEfnhX/TestProject/bin/Release/TestProject.DLL" adapterTypeName="Microsoft.VisualStudio.TestTools.TestTypes.Unit.UnitTestAdapter, Microsoft.VisualStudio.QualityTools.Tips.UnitTest.Adapter, Version=10.0.0.0, Culture=neutral, PublicKeyToken=b03f5f7f11d50a3a" className="TestProject.TestTheIRepository, TestProject, Version=1.0.0.0, Culture=neutral, PublicKeyToken=null" name="Ef_CanSaveHeaderDetail" />
    </UnitTest>
    <UnitTest name="Memory_HasRowVersion" storage="c:\users\michael\_code\ienablemuch.totheefnhx\testproject\bin\release\testproject.dll" id="0947b967-fff8-9b8d-6688-507250130b49">
      <Execution id="4f8e07be-58a0-46ed-9c45-81cf9e736f5b" />
      <TestMethod codeBase="C:/Users/Michael/_CODE/Ienablemuch.ToTheEfnhX/TestProject/bin/Release/TestProject.DLL" adapterTypeName="Microsoft.VisualStudio.TestTools.TestTypes.Unit.UnitTestAdapter, Microsoft.VisualStudio.QualityTools.Tips.UnitTest.Adapter, Version=10.0.0.0, Culture=neutral, PublicKeyToken=b03f5f7f11d50a3a" className="TestProject.TestTheIRepository, TestProject, Version=1.0.0.0, Culture=neutral, PublicKeyToken=null" name="Memory_HasRowVersion" />
    </UnitTest>
  </TestDefinitions>
  <TestLists>
    <TestList name="Results Not in a List" id="8c84fa94-04c1-424b-9868-57a2d4851a1d" />
    <TestList name="All Loaded Results" id="19431567-8539-422a-85d7-44ee4e166bda" />
  </TestLists>
  <TestEntries>
    <TestEntry testId="0947b967-fff8-9b8d-6688-507250130b49" executionId="4f8e07be-58a0-46ed-9c45-81cf9e736f5b" testListId="8c84fa94-04c1-424b-9868-57a2d4851a1d" />
    <TestEntry testId="170c0ff1-28bc-09a2-839b-5ab24853aea8" executionId="d3750302-aab5-4385-a1fc-e148c2da77a3" testListId="8c84fa94-04c1-424b-9868-57a2d4851a1d" />
    <TestEntry testId="24f780e7-822d-62ed-f13e-e2daddc611e1" executionId="8db1ea6f-4016-415f-80c6-4177c04aaec7" testListId="8c84fa94-04c1-424b-9868-57a2d4851a1d" />
    <TestEntry testId="314cd11d-882d-0d0a-f196-b0f474ca8700" executionId="3604a32a-548c-4fdd-b129-717630ad01c4" testListId="8c84fa94-04c1-424b-9868-57a2d4851a1d" />
    <TestEntry testId="35cdc240-50c9-1325-cb02-2e20cf8d0e6b" executionId="34416280-0b35-43f8-9968-77f1d8e023e4" testListId="8c84fa94-04c1-424b-9868-57a2d4851a1d" />
    <TestEntry testId="385b97ed-767a-46eb-ce77-8402dbdb924a" executionId="0106f4ce-40ef-469c-82ab-c772be65cc6c" testListId="8c84fa94-04c1-424b-9868-57a2d4851a1d" />
    <TestEntry testId="3a1e9fe6-a4ce-9adb-c086-11052cee98b6" executionId="c277e8bb-0eb3-4e90-b813-c3585119b325" testListId="8c84fa94-04c1-424b-9868-57a2d4851a1d" />
    <TestEntry testId="467d17f0-5ec4-24a5-9089-e15ef18964f7" executionId="1d9fc001-4d59-4caa-af92-a602152e0530" testListId="8c84fa94-04c1-424b-9868-57a2d4851a1d" />
    <TestEntry testId="498581d4-9097-59b7-1a75-c07c04a53675" executionId="a05ae0bd-b160-462d-9e07-995bf3fb13e0" testListId="8c84fa94-04c1-424b-9868-57a2d4851a1d" />
    <TestEntry testId="4bb22a57-9102-06ea-257b-caae673d46d7" executionId="46dd01b8-b382-45e9-90a2-663a4a792982" testListId="8c84fa94-04c1-424b-9868-57a2d4851a1d" />
    <TestEntry testId="4eb22f5f-6a6e-dede-7dcd-8a02b2b7eecd" executionId="c89f3eff-24b1-4fc3-8ed4-415ab289534b" testListId="8c84fa94-04c1-424b-9868-57a2d4851a1d" />
    <TestEntry testId="55b9acb6-c8fa-83e2-62ec-c3bb6a6ae6ad" executionId="8b33a992-f3ec-4b27-bf8a-ebd429eee18d" testListId="8c84fa94-04c1-424b-9868-57a2d4851a1d" />
    <TestEntry testId="5b9ac5c8-7814-fd36-cd57-f0de0de0fae7" executionId="0f811a59-e5b4-4d11-bcf8-f8ff088c4fe3" testListId="8c84fa94-04c1-424b-9868-57a2d4851a1d" />
    <TestEntry testId="5d13769c-6ed9-df33-8e6d-b0cc79c073f2" executionId="9475a584-63f4-4b50-bcd2-6eb1724f6077" testListId="8c84fa94-04c1-424b-9868-57a2d4851a1d" />
    <TestEntry testId="63d9977f-78b2-ba78-f19b-1e84d68eabe8" executionId="1826d602-6da2-449d-b670-55c6007ea2b1" testListId="8c84fa94-04c1-424b-9868-57a2d4851a1d" />
    <TestEntry testId="6a52032d-db59-8802-47db-20699e8ef053" executionId="98fdd82e-cc77-4025-8aa7-299f8e6bb962" testListId="8c84fa94-04c1-424b-9868-57a2d4851a1d" />
    <TestEntry testId="6b805790-9c4f-2071-6e55-fbbb337c0021" executionId="88649be6-a7ed-43d7-83ea-cd167e754efd" testListId="8c84fa94-04c1-424b-9868-57a2d4851a1d" />
    <TestEntry testId="7b0e110e-2e6a-879c-359f-7b225fdba37f" executionId="6f3e91f5-e9b0-41cd-809e-124e7d1871b4" testListId="8c84fa94-04c1-424b-9868-57a2d4851a1d" />
    <TestEntry testId="83330a72-51da-0d0d-d2b2-826b2f6cfd00" executionId="f225d488-ded5-464d-899f-70a0bad2390c" testListId="8c84fa94-04c1-424b-9868-57a2d4851a1d" />
    <TestEntry testId="8557e6ab-47d2-b8b1-2926-0bb94a2d505d" executionId="5974a2e8-b508-4cef-80e2-4b31bb61c595" testListId="8c84fa94-04c1-424b-9868-57a2d4851a1d" />
    <TestEntry testId="86150143-fb0b-c807-6c85-448e509331e0" executionId="cffe55c9-a4de-487a-89e6-a4877a201973" testListId="8c84fa94-04c1-424b-9868-57a2d4851a1d" />
    <TestEntry testId="8ae0b4b0-ccc4-fc93-736a-72af24764f70" executionId="84f21e82-ca8c-4aa6-8136-9ce4a4fcda24" testListId="8c84fa94-04c1-424b-9868-57a2d4851a1d" />
    <TestEntry testId="8af4731e-1204-41e4-f479-73db6099844b" executionId="f6aebdf4-d791-4637-bfbf-195b3419dc33" testListId="8c84fa94-04c1-424b-9868-57a2d4851a1d" />
    <TestEntry testId="8bf5c997-85a0-f72e-564a-9d66e659263c" executionId="531e2358-ed66-4205-86ee-479e341b85cf" testListId="8c84fa94-04c1-424b-9868-57a2d4851a1d" />
    <TestEntry testId="8c5d9d25-e5b8-63c8-9c42-cebb67787fde" executionId="6bdc9616-887c-47a2-a14c-9dfbfe1a697f" testListId="8c84fa94-04c1-424b-9868-57a2d4851a1d" />
    <TestEntry testId="919c9ab6-d8de-ff18-95fc-25bc030735bd" executionId="12dde928-3697-4f7a-b33a-8fa0a9414839" testListId="8c84fa94-04c1-424b-9868-57a2d4851a1d" />
    <TestEntry testId="9608206a-383a-828f-299c-2c493d95d886" executionId="c77aab23-dc40-48be-963f-19b21f9ebd37" testListId="8c84fa94-04c1-424b-9868-57a2d4851a1d" />
    <TestEntry testId="9ce2ff54-3bea-2c09-7986-c83994c1d685" executionId="da4ae0d0-516c-40df-a927-117327158b19" testListId="8c84fa94-04c1-424b-9868-57a2d4851a1d" />
    <TestEntry testId="a2256363-4989-1fab-e208-96edc389fe3c" executionId="a8712ef5-2622-4f40-84d6-4d98de7ad758" testListId="8c84fa94-04c1-424b-9868-57a2d4851a1d" />
    <TestEntry testId="a9ed84c2-917f-5ccb-44a7-7e3cea9cd5e0" executionId="caaddd3f-018d-46ea-bdb1-6430a8c8d05c" testListId="8c84fa94-04c1-424b-9868-57a2d4851a1d" />
    <TestEntry testId="b9cbda9a-23ca-3458-8bf7-8aa6598f8754" executionId="10f0d6f7-13f4-4c32-9e4e-e97806204544" testListId="8c84fa94-04c1-424b-9868-57a2d4851a1d" />
    <TestEntry testId="c2e9f01d-6387-7f00-c2a6-71385a796942" executionId="1608dfb7-e994-436b-9006-5a7a44934018" testListId="8c84fa94-04c1-424b-9868-57a2d4851a1d" />
    <TestEntry testId="c3da4334-35ea-a9c1-5cbf-c1daa7323978" executionId="e6e31cca-a3a5-412b-9530-556778773414" testListId="8c84fa94-04c1-424b-9868-57a2d4851a1d" />
    <TestEntry testId="c5220795-75d7-ce76-adb5-6a1d661e1fb0" executionId="ef07def9-b29a-428d-b53f-ecbbbd780b6c" testListId="8c84fa94-04c1-424b-9868-57a2d4851a1d" />
    <TestEntry testId="c8cf96fa-83e0-e026-64af-f003abc95103" executionId="24d43b69-09b0-423d-9e34-19e1f3022cac" testListId="8c84fa94-04c1-424b-9868-57a2d4851a1d" />
    <TestEntry testId="c8ff8ef9-a95a-0779-90f7-6e8188ebefd1" executionId="b3431db5-374c-473c-abb9-ef535939cc55" testListId="8c84fa94-04c1-424b-9868-57a2d4851a1d" />
    <TestEntry testId="c9750689-b2a7-1965-bbd3-0c2f5eda3fb2" executionId="3c9619cc-1b5e-460c-903b-5a8eea454aa2" testListId="8c84fa94-04c1-424b-9868-57a2d4851a1d" />
    <TestEntry testId="ca3ec696-2df9-55bd-c53c-f732b5c80a68" executionId="3600e049-233d-462c-af3b-2de8b3338a71" testListId="8c84fa94-04c1-424b-9868-57a2d4851a1d" />
    <TestEntry testId="cdd1ec05-a33a-edaf-1560-6637f27329d2" executionId="6fb88d77-55b8-43be-82a1-f9c8c41833b9" testListId="8c84fa94-04c1-424b-9868-57a2d4851a1d" />
    <TestEntry testId="d14d6d4a-1363-e36e-8cf9-c1c992b9e243" executionId="a8f91429-a5f1-464d-a0cb-f1c1dcf885ee" testListId="8c84fa94-04c1-424b-9868-57a2d4851a1d" />
    <TestEntry testId="d409929f-129a-9686-590d-6472fdfa28e4" executionId="613b1fb6-0ba2-40a0-ac9f-e213dff93ce6" testListId="8c84fa94-04c1-424b-9868-57a2d4851a1d" />
    <TestEntry testId="dad118fb-1088-58a3-350a-fc5e47173fa9" executionId="1a7b6525-b6ae-4db9-af77-50be5916d4d8" testListId="8c84fa94-04c1-424b-9868-57a2d4851a1d" />
    <TestEntry testId="e392eca5-e91b-ff0f-619e-8a24d0ecbe68" executionId="6278ca87-3153-4911-8439-acf61247240c" testListId="8c84fa94-04c1-424b-9868-57a2d4851a1d" />
    <TestEntry testId="e4d36185-e99e-9b3f-8afc-2b7c501afd9a" executionId="d0a907c7-f3de-4a79-8ffc-219b5867a36a" testListId="8c84fa94-04c1-424b-9868-57a2d4851a1d" />
    <TestEntry testId="ecf5b477-cdd8-3508-c195-40a64bc26f00" executionId="41c1556f-dd35-4275-ab9c-0136ebe1dd3a" testListId="8c84fa94-04c1-424b-9868-57a2d4851a1d" />
    <TestEntry testId="ef9db0bb-63c6-f8c2-c180-d50d1ce2ca5b" executionId="8b453ff7-4231-4bb4-aedd-993a8282a1c5" testListId="8c84fa94-04c1-424b-9868-57a2d4851a1d" />
    <TestEntry testId="f3b46671-4362-7dc3-90a0-0fcbe80e34d8" executionId="d7ff1850-46d7-4622-9464-0cd48e841f98" testListId="8c84fa94-04c1-424b-9868-57a2d4851a1d" />
    <TestEntry testId="f473cffe-6acb-bc8c-3c44-48f67f9567de" executionId="d1a1708c-8fda-460f-bda7-ec72f63381c3" testListId="8c84fa94-04c1-424b-9868-57a2d4851a1d" />
    <TestEntry testId="f5049a26-85f5-2d61-7d0d-3fe36d498d57" executionId="48fc4eda-3f93-4b72-80a2-b1948168b63d" testListId="8c84fa94-04c1-424b-9868-57a2d4851a1d" />
    <TestEntry testId="f68ad391-23ca-2766-d2b2-8731589ef39b" executionId="2867eed3-e1cf-4699-8006-a6db66684091" testListId="8c84fa94-04c1-424b-9868-57a2d4851a1d" />
    <TestEntry testId="f7d7cfdb-4468-5c56-7540-afe0d55e093a" executionId="fd4de1fd-84bc-4806-9c0a-0d50ffc7cc84" testListId="8c84fa94-04c1-424b-9868-57a2d4851a1d" />
    <TestEntry testId="ffcba511-cdf9-ce52-fd62-900fe7820ecc" executionId="3c242e13-71dd-4141-ba3b-3162703cfd47" testListId="8c84fa94-04c1-424b-9868-57a2d4851a1d" />
  </TestEntries>
  <Results>
    <UnitTestResult executionId="4f8e07be-58a0-46ed-9c45-81cf9e736f5b" testId="0947b967-fff8-9b8d-6688-507250130b49" testName="Memory_HasRowVersion" computerName="MICHAEL-PC" duration="00:00:00.1324365" startTime="2012-06-03T10:12:24.7530000+08:00" endTime="2012-06-03T10:12:25.2550000+08:00" testType="13cdc9d9-ddb5-4fa4-a97d-d965ccfc6d4b" outcome="Failed" testListId="8c84fa94-04c1-424b-9868-57a2d4851a1d" relativeResultsDirectory="4f8e07be-58a0-46ed-9c45-81cf9e736f5b">
      <Output>
        <ErrorInfo>
          <Message>Test method TestProject.TestTheIRepository.Memory_HasRowVersion threw exception: 
System.MissingMethodException: Method 'TestProject.SampleModel.Product.ProductId' not found.</Message>
          <StackTrace>    at System.RuntimeType.InvokeMember(String name, BindingFlags bindingFlags, Binder binder, Object target, Object[] providedArgs, ParameterModifier[] modifiers, CultureInfo culture, String[] namedParams)
   at Ienablemuch.ToTheEfnhX.Memory.MemoryRepository`1.Save(Ent ent, Byte[] version) in C:\Users\Michael\_CODE\Ienablemuch.ToTheEfnhX\Ienablemuch.ToTheEfnhX.Memory\MemoryRepository.cs:line 41
   at TestProject.TestTheIRepository.Common_HasRowVersion(IRepository`1 db) in C:\Users\Michael\_CODE\Ienablemuch.ToTheEfnhX\TestProject\TestTheIRepository.cs:line 431
   at TestProject.TestTheIRepository.Memory_HasRowVersion() in C:\Users\Michael\_CODE\Ienablemuch.ToTheEfnhX\TestProject\TestTheIRepository.cs:line 406
</StackTrace>
        </ErrorInfo>
      </Output>
    </UnitTestResult>
    <UnitTestResult executionId="d3750302-aab5-4385-a1fc-e148c2da77a3" testId="170c0ff1-28bc-09a2-839b-5ab24853aea8" testName="Nh_Can_Orm_do_cascaded_deletions" computerName="MICHAEL-PC" duration="00:00:01.2713651" startTime="2012-06-03T10:12:25.2760000+08:00" endTime="2012-06-03T10:12:26.5520000+08:00" testType="13cdc9d9-ddb5-4fa4-a97d-d965ccfc6d4b" outcome="Failed" testListId="8c84fa94-04c1-424b-9868-57a2d4851a1d" relativeResultsDirectory="d3750302-aab5-4385-a1fc-e148c2da77a3">
      <Output>
        <ErrorInfo>
          <Message>Test method TestProject.TestTheIRepository.Nh_Can_Orm_do_cascaded_deletions threw exception: 
FluentNHibernate.Cfg.FluentConfigurationException: An invalid or incomplete configuration was used while creating a SessionFactory. Check PotentialReasons collection, and InnerException for more detail.

 ---&gt; FluentNHibernate.Cfg.FluentConfigurationException: An invalid or incomplete configuration was used while creating a SessionFactory. Check PotentialReasons collection, and InnerException for more detail.

 ---&gt; FluentNHibernate.Visitors.ValidationException: The entity 'Answer' doesn't have an Id mapped. Use the Id method to map your identity property. For example: Id(x =&gt; x.Id).</Message>
          <StackTrace>    at FluentNHibernate.Visitors.ValidationVisitor.ProcessClass(ClassMapping classMapping) in d:\Builds\FluentNH\src\FluentNHibernate\Visitors\ValidationVisitor.cs:line 20
   at FluentNHibernate.MappingModel.ClassBased.ClassMapping.AcceptVisitor(IMappingModelVisitor visitor) in d:\Builds\FluentNH\src\FluentNHibernate\MappingModel\ClassBased\ClassMapping.cs:line 78
   at FluentNHibernate.Visitors.DefaultMappingModelVisitor.Visit(ClassMapping classMapping) in d:\Builds\FluentNH\src\FluentNHibernate\Visitors\DefaultMappingModelVisitor.cs:line 89
   at FluentNHibernate.MappingModel.HibernateMapping.AcceptVisitor(IMappingModelVisitor visitor) in d:\Builds\FluentNH\src\FluentNHibernate\MappingModel\HibernateMapping.cs:line 37
   at FluentNHibernate.Visitors.DefaultMappingModelVisitor.&lt;Visit&gt;b__0(HibernateMapping x) in d:\Builds\FluentNH\src\FluentNHibernate\Visitors\DefaultMappingModelVisitor.cs:line 79
   at FluentNHibernate.Utils.CollectionExtensions.Each[T](IEnumerable`1 enumerable, Action`1 each) in d:\Builds\FluentNH\src\FluentNHibernate\Utils\CollectionExtensions.cs:line 15
   at FluentNHibernate.Visitors.DefaultMappingModelVisitor.Visit(IEnumerable`1 mappings) in d:\Builds\FluentNH\src\FluentNHibernate\Visitors\DefaultMappingModelVisitor.cs:line 79
   at FluentNHibernate.PersistenceModel.ApplyVisitors(IEnumerable`1 mappings) in d:\Builds\FluentNH\src\FluentNHibernate\PersistenceModel.cs:line 214
   at FluentNHibernate.PersistenceModel.BuildMappings() in d:\Builds\FluentNH\src\FluentNHibernate\PersistenceModel.cs:line 169
   at FluentNHibernate.Automapping.AutoPersistenceModel.BuildMappings() in d:\Builds\FluentNH\src\FluentNHibernate\Automapping\AutoPersistenceModel.cs:line 134
   at FluentNHibernate.PersistenceModel.EnsureMappingsBuilt() in d:\Builds\FluentNH\src\FluentNHibernate\PersistenceModel.cs:line 221
   at FluentNHibernate.PersistenceModel.Configure(Configuration cfg) in d:\Builds\FluentNH\src\FluentNHibernate\PersistenceModel.cs:line 277
   at FluentNHibernate.Automapping.AutoPersistenceModel.Configure(Configuration configuration) in d:\Builds\FluentNH\src\FluentNHibernate\Automapping\AutoPersistenceModel.cs:line 201
   at FluentNHibernate.Cfg.AutoMappingsContainer.Apply(Configuration cfg, PersistenceModel model) in d:\Builds\FluentNH\src\FluentNHibernate\Cfg\AutoMappingsContainer.cs:line 86
   at FluentNHibernate.Cfg.MappingConfiguration.Apply(Configuration cfg) in d:\Builds\FluentNH\src\FluentNHibernate\Cfg\MappingConfiguration.cs:line 80
   at FluentNHibernate.Cfg.FluentConfiguration.BuildConfiguration() in d:\Builds\FluentNH\src\FluentNHibernate\Cfg\FluentConfiguration.cs:line 249
 --- End of inner exception stack trace ---
    at FluentNHibernate.Cfg.FluentConfiguration.BuildConfiguration() in d:\Builds\FluentNH\src\FluentNHibernate\Cfg\FluentConfiguration.cs:line 264
   at FluentNHibernate.Cfg.FluentConfiguration.BuildSessionFactory() in d:\Builds\FluentNH\src\FluentNHibernate\Cfg\FluentConfiguration.cs:line 230
 --- End of inner exception stack trace ---
    at FluentNHibernate.Cfg.FluentConfiguration.BuildSessionFactory() in d:\Builds\FluentNH\src\FluentNHibernate\Cfg\FluentConfiguration.cs:line 235
   at TestProject.NhModelsMapper.GetSessionFactory(String connectionString) in C:\Users\Michael\_CODE\Ienablemuch.ToTheEfnhX\TestProject\NhDbMapper.cs:line 63
   at TestProject.TestTheIRepository.Nh_Can_Orm_do_cascaded_deletions() in C:\Users\Michael\_CODE\Ienablemuch.ToTheEfnhX\TestProject\TestTheIRepository.cs:line 998
</StackTrace>
        </ErrorInfo>
      </Output>
    </UnitTestResult>
    <UnitTestResult executionId="8db1ea6f-4016-415f-80c6-4177c04aaec7" testId="24f780e7-822d-62ed-f13e-e2daddc611e1" testName="Fetching_strategies_of_NHibernate_helper_has_no_problem_on_mocked_IQueryable" computerName="MICHAEL-PC" duration="00:00:00.0297232" startTime="2012-06-03T10:12:26.5670000+08:00" endTime="2012-06-03T10:12:26.6220000+08:00" testType="13cdc9d9-ddb5-4fa4-a97d-d965ccfc6d4b" outcome="Passed" testListId="8c84fa94-04c1-424b-9868-57a2d4851a1d" relativeResultsDirectory="8db1ea6f-4016-415f-80c6-4177c04aaec7">
    </UnitTestResult>
    <UnitTestResult executionId="3604a32a-548c-4fdd-b129-717630ad01c4" testId="314cd11d-882d-0d0a-f196-b0f474ca8700" testName="Memory_CanDetectUpdateConflictingDelete" computerName="MICHAEL-PC" duration="00:00:00.0082078" startTime="2012-06-03T10:12:26.6280000+08:00" endTime="2012-06-03T10:12:26.6440000+08:00" testType="13cdc9d9-ddb5-4fa4-a97d-d965ccfc6d4b" outcome="Failed" testListId="8c84fa94-04c1-424b-9868-57a2d4851a1d" relativeResultsDirectory="3604a32a-548c-4fdd-b129-717630ad01c4">
      <Output>
        <ErrorInfo>
          <Message>Test method TestProject.TestTheIRepository.Memory_CanDetectUpdateConflictingDelete threw exception System.MissingMethodException, but exception Ienablemuch.ToTheEfnhX.DbChangesConcurrencyException was expected. Exception message: System.MissingMethodException: Method 'TestProject.SampleModel.Product.ProductId' not found.</Message>
          <StackTrace>    at System.RuntimeType.InvokeMember(String name, BindingFlags bindingFlags, Binder binder, Object target, Object[] providedArgs, ParameterModifier[] modifiers, CultureInfo culture, String[] namedParams)
   at Ienablemuch.ToTheEfnhX.Memory.MemoryRepository`1.Save(Ent ent, Byte[] version) in C:\Users\Michael\_CODE\Ienablemuch.ToTheEfnhX\Ienablemuch.ToTheEfnhX.Memory\MemoryRepository.cs:line 41
   at TestProject.TestTheIRepository.Common_CanDetectUpdateConflictingDelete(IRepository`1 db) in C:\Users\Michael\_CODE\Ienablemuch.ToTheEfnhX\TestProject\TestTheIRepository.cs:line 522
   at TestProject.TestTheIRepository.Memory_CanDetectUpdateConflictingDelete() in C:\Users\Michael\_CODE\Ienablemuch.ToTheEfnhX\TestProject\TestTheIRepository.cs:line 495
</StackTrace>
        </ErrorInfo>
      </Output>
    </UnitTestResult>
    <UnitTestResult executionId="34416280-0b35-43f8-9968-77f1d8e023e4" testId="35cdc240-50c9-1325-cb02-2e20cf8d0e6b" testName="Nh_Can_Detect_Transaction_From_Session_Transaction_Begin" computerName="MICHAEL-PC" duration="00:00:00.0275112" startTime="2012-06-03T10:12:26.6600000+08:00" endTime="2012-06-03T10:12:26.7170000+08:00" testType="13cdc9d9-ddb5-4fa4-a97d-d965ccfc6d4b" outcome="Failed" testListId="8c84fa94-04c1-424b-9868-57a2d4851a1d" relativeResultsDirectory="34416280-0b35-43f8-9968-77f1d8e023e4">
      <Output>
        <ErrorInfo>
          <Message>Test method TestProject.TestTheIRepository.Nh_Can_Detect_Transaction_From_Session_Transaction_Begin threw exception: 
FluentNHibernate.Cfg.FluentConfigurationException: An invalid or incomplete configuration was used while creating a SessionFactory. Check PotentialReasons collection, and InnerException for more detail.

 ---&gt; FluentNHibernate.Cfg.FluentConfigurationException: An invalid or incomplete configuration was used while creating a SessionFactory. Check PotentialReasons collection, and InnerException for more detail.

 ---&gt; FluentNHibernate.Visitors.ValidationException: The entity 'Answer' doesn't have an Id mapped. Use the Id method to map your identity property. For example: Id(x =&gt; x.Id).</Message>
          <StackTrace>    at FluentNHibernate.Visitors.ValidationVisitor.ProcessClass(ClassMapping classMapping) in d:\Builds\FluentNH\src\FluentNHibernate\Visitors\ValidationVisitor.cs:line 20
   at FluentNHibernate.MappingModel.ClassBased.ClassMapping.AcceptVisitor(IMappingModelVisitor visitor) in d:\Builds\FluentNH\src\FluentNHibernate\MappingModel\ClassBased\ClassMapping.cs:line 78
   at FluentNHibernate.Visitors.DefaultMappingModelVisitor.Visit(ClassMapping classMapping) in d:\Builds\FluentNH\src\FluentNHibernate\Visitors\DefaultMappingModelVisitor.cs:line 89
   at FluentNHibernate.MappingModel.HibernateMapping.AcceptVisitor(IMappingModelVisitor visitor) in d:\Builds\FluentNH\src\FluentNHibernate\MappingModel\HibernateMapping.cs:line 37
   at FluentNHibernate.Visitors.DefaultMappingModelVisitor.&lt;Visit&gt;b__0(HibernateMapping x) in d:\Builds\FluentNH\src\FluentNHibernate\Visitors\DefaultMappingModelVisitor.cs:line 79
   at FluentNHibernate.Utils.CollectionExtensions.Each[T](IEnumerable`1 enumerable, Action`1 each) in d:\Builds\FluentNH\src\FluentNHibernate\Utils\CollectionExtensions.cs:line 15
   at FluentNHibernate.Visitors.DefaultMappingModelVisitor.Visit(IEnumerable`1 mappings) in d:\Builds\FluentNH\src\FluentNHibernate\Visitors\DefaultMappingModelVisitor.cs:line 79
   at FluentNHibernate.PersistenceModel.ApplyVisitors(IEnumerable`1 mappings) in d:\Builds\FluentNH\src\FluentNHibernate\PersistenceModel.cs:line 214
   at FluentNHibernate.PersistenceModel.BuildMappings() in d:\Builds\FluentNH\src\FluentNHibernate\PersistenceModel.cs:line 169
   at FluentNHibernate.Automapping.AutoPersistenceModel.BuildMappings() in d:\Builds\FluentNH\src\FluentNHibernate\Automapping\AutoPersistenceModel.cs:line 134
   at FluentNHibernate.PersistenceModel.EnsureMappingsBuilt() in d:\Builds\FluentNH\src\FluentNHibernate\PersistenceModel.cs:line 221
   at FluentNHibernate.PersistenceModel.Configure(Configuration cfg) in d:\Builds\FluentNH\src\FluentNHibernate\PersistenceModel.cs:line 277
   at FluentNHibernate.Automapping.AutoPersistenceModel.Configure(Configuration configuration) in d:\Builds\FluentNH\src\FluentNHibernate\Automapping\AutoPersistenceModel.cs:line 201
   at FluentNHibernate.Cfg.AutoMappingsContainer.Apply(Configuration cfg, PersistenceModel model) in d:\Builds\FluentNH\src\FluentNHibernate\Cfg\AutoMappingsContainer.cs:line 86
   at FluentNHibernate.Cfg.MappingConfiguration.Apply(Configuration cfg) in d:\Builds\FluentNH\src\FluentNHibernate\Cfg\MappingConfiguration.cs:line 80
   at FluentNHibernate.Cfg.FluentConfiguration.BuildConfiguration() in d:\Builds\FluentNH\src\FluentNHibernate\Cfg\FluentConfiguration.cs:line 249
 --- End of inner exception stack trace ---
    at FluentNHibernate.Cfg.FluentConfiguration.BuildConfiguration() in d:\Builds\FluentNH\src\FluentNHibernate\Cfg\FluentConfiguration.cs:line 264
   at FluentNHibernate.Cfg.FluentConfiguration.BuildSessionFactory() in d:\Builds\FluentNH\src\FluentNHibernate\Cfg\FluentConfiguration.cs:line 230
 --- End of inner exception stack trace ---
    at FluentNHibernate.Cfg.FluentConfiguration.BuildSessionFactory() in d:\Builds\FluentNH\src\FluentNHibernate\Cfg\FluentConfiguration.cs:line 235
   at TestProject.NhModelsMapper.GetSessionFactory(String connectionString) in C:\Users\Michael\_CODE\Ienablemuch.ToTheEfnhX\TestProject\NhDbMapper.cs:line 63
   at TestProject.TestTheIRepository.Nh_Can_Detect_Transaction_From_Session_Transaction_Begin() in C:\Users\Michael\_CODE\Ienablemuch.ToTheEfnhX\TestProject\TestTheIRepository.cs:line 1307
</StackTrace>
        </ErrorInfo>
      </Output>
    </UnitTestResult>
    <UnitTestResult executionId="0106f4ce-40ef-469c-82ab-c772be65cc6c" testId="385b97ed-767a-46eb-ce77-8402dbdb924a" testName="Memory_CanDetectUpdateConflictingUpdate" computerName="MICHAEL-PC" duration="00:00:00.0022701" startTime="2012-06-03T10:12:26.7220000+08:00" endTime="2012-06-03T10:12:26.7310000+08:00" testType="13cdc9d9-ddb5-4fa4-a97d-d965ccfc6d4b" outcome="Failed" testListId="8c84fa94-04c1-424b-9868-57a2d4851a1d" relativeResultsDirectory="0106f4ce-40ef-469c-82ab-c772be65cc6c">
      <Output>
        <ErrorInfo>
          <Message>Test method TestProject.TestTheIRepository.Memory_CanDetectUpdateConflictingUpdate threw exception System.MissingMethodException, but exception Ienablemuch.ToTheEfnhX.DbChangesConcurrencyException was expected. Exception message: System.MissingMethodException: Method 'TestProject.SampleModel.Product.ProductId' not found.</Message>
          <StackTrace>    at System.RuntimeType.InvokeMember(String name, BindingFlags bindingFlags, Binder binder, Object target, Object[] providedArgs, ParameterModifier[] modifiers, CultureInfo culture, String[] namedParams)
   at Ienablemuch.ToTheEfnhX.Memory.MemoryRepository`1.Save(Ent ent, Byte[] version) in C:\Users\Michael\_CODE\Ienablemuch.ToTheEfnhX\Ienablemuch.ToTheEfnhX.Memory\MemoryRepository.cs:line 41
   at TestProject.TestTheIRepository.Common_CanDetectUpdateConflictingUpdate(IRepository`1 db) in C:\Users\Michael\_CODE\Ienablemuch.ToTheEfnhX\TestProject\TestTheIRepository.cs:line 474
   at TestProject.TestTheIRepository.Memory_CanDetectUpdateConflictingUpdate() in C:\Users\Michael\_CODE\Ienablemuch.ToTheEfnhX\TestProject\TestTheIRepository.cs:line 449
</StackTrace>
        </ErrorInfo>
      </Output>
    </UnitTestResult>
    <UnitTestResult executionId="c277e8bb-0eb3-4e90-b813-c3585119b325" testId="3a1e9fe6-a4ce-9adb-c086-11052cee98b6" testName="Ef_Can_Orm_Merge_Can_Update" computerName="MICHAEL-PC" duration="00:00:00.0599844" startTime="2012-06-03T10:12:26.7350000+08:00" endTime="2012-06-03T10:12:26.8020000+08:00" testType="13cdc9d9-ddb5-4fa4-a97d-d965ccfc6d4b" outcome="Failed" testListId="8c84fa94-04c1-424b-9868-57a2d4851a1d" relativeResultsDirectory="c277e8bb-0eb3-4e90-b813-c3585119b325">
      <Output>
        <ErrorInfo>
          <Message>Test method TestProject.TestTheIRepository.Ef_Can_Orm_Merge_Can_Update threw exception: 
System.MissingMethodException: Method 'TestProject.SampleModel.Question.QuestionId' not found.</Message>
          <StackTrace>    at System.RuntimeType.InvokeMember(String name, BindingFlags bindingFlags, Binder binder, Object target, Object[] providedArgs, ParameterModifier[] modifiers, CultureInfo culture, String[] namedParams)
   at Ienablemuch.ToTheEfnhX.EntityFramework.EfRepository`1.Merge(TEnt ent, Byte[] version) in C:\Users\Michael\_CODE\Ienablemuch.ToTheEfnhX\Ienablemuch.ToTheEfnhX.EntityFramework\EfRepository.cs:line 155
   at TestProject.TestTheIRepository.Refactored_Common_Merge_Arrange_Create(IRepository`1 repo) in C:\Users\Michael\_CODE\Ienablemuch.ToTheEfnhX\TestProject\TestTheIRepository.cs:line 847
   at TestProject.TestTheIRepository.Common_Orm_Merge_Can_Update(IRepository`1 repo) in C:\Users\Michael\_CODE\Ienablemuch.ToTheEfnhX\TestProject\TestTheIRepository.cs:line 799
   at TestProject.TestTheIRepository.Ef_Can_Orm_Merge_Can_Update() in C:\Users\Michael\_CODE\Ienablemuch.ToTheEfnhX\TestProject\TestTheIRepository.cs:line 780
</StackTrace>
        </ErrorInfo>
      </Output>
    </UnitTestResult>
    <UnitTestResult executionId="1d9fc001-4d59-4caa-af92-a602152e0530" testId="467d17f0-5ec4-24a5-9089-e15ef18964f7" testName="Nh_CanDetectDeleteConflictingUpdate" computerName="MICHAEL-PC" duration="00:00:00.0213065" startTime="2012-06-03T10:12:26.8110000+08:00" endTime="2012-06-03T10:12:26.8360000+08:00" testType="13cdc9d9-ddb5-4fa4-a97d-d965ccfc6d4b" outcome="Failed" testListId="8c84fa94-04c1-424b-9868-57a2d4851a1d" relativeResultsDirectory="1d9fc001-4d59-4caa-af92-a602152e0530">
      <Output>
        <ErrorInfo>
          <Message>Test method TestProject.TestTheIRepository.Nh_CanDetectDeleteConflictingUpdate threw exception FluentNHibernate.Cfg.FluentConfigurationException, but exception Ienablemuch.ToTheEfnhX.DbChangesConcurrencyException was expected. Exception message: FluentNHibernate.Cfg.FluentConfigurationException: An invalid or incomplete configuration was used while creating a SessionFactory. Check PotentialReasons collection, and InnerException for more detail.

 ---&gt; FluentNHibernate.Cfg.FluentConfigurationException: An invalid or incomplete configuration was used while creating a SessionFactory. Check PotentialReasons collection, and InnerException for more detail.

 ---&gt; FluentNHibernate.Visitors.ValidationException: The entity 'Answer' doesn't have an Id mapped. Use the Id method to map your identity property. For example: Id(x =&gt; x.Id).</Message>
          <StackTrace>    at FluentNHibernate.Visitors.ValidationVisitor.ProcessClass(ClassMapping classMapping) in d:\Builds\FluentNH\src\FluentNHibernate\Visitors\ValidationVisitor.cs:line 20
   at FluentNHibernate.MappingModel.ClassBased.ClassMapping.AcceptVisitor(IMappingModelVisitor visitor) in d:\Builds\FluentNH\src\FluentNHibernate\MappingModel\ClassBased\ClassMapping.cs:line 78
   at FluentNHibernate.Visitors.DefaultMappingModelVisitor.Visit(ClassMapping classMapping) in d:\Builds\FluentNH\src\FluentNHibernate\Visitors\DefaultMappingModelVisitor.cs:line 89
   at FluentNHibernate.MappingModel.HibernateMapping.AcceptVisitor(IMappingModelVisitor visitor) in d:\Builds\FluentNH\src\FluentNHibernate\MappingModel\HibernateMapping.cs:line 37
   at FluentNHibernate.Visitors.DefaultMappingModelVisitor.&lt;Visit&gt;b__0(HibernateMapping x) in d:\Builds\FluentNH\src\FluentNHibernate\Visitors\DefaultMappingModelVisitor.cs:line 79
   at FluentNHibernate.Utils.CollectionExtensions.Each[T](IEnumerable`1 enumerable, Action`1 each) in d:\Builds\FluentNH\src\FluentNHibernate\Utils\CollectionExtensions.cs:line 15
   at FluentNHibernate.Visitors.DefaultMappingModelVisitor.Visit(IEnumerable`1 mappings) in d:\Builds\FluentNH\src\FluentNHibernate\Visitors\DefaultMappingModelVisitor.cs:line 79
   at FluentNHibernate.PersistenceModel.ApplyVisitors(IEnumerable`1 mappings) in d:\Builds\FluentNH\src\FluentNHibernate\PersistenceModel.cs:line 214
   at FluentNHibernate.PersistenceModel.BuildMappings() in d:\Builds\FluentNH\src\FluentNHibernate\PersistenceModel.cs:line 169
   at FluentNHibernate.Automapping.AutoPersistenceModel.BuildMappings() in d:\Builds\FluentNH\src\FluentNHibernate\Automapping\AutoPersistenceModel.cs:line 134
   at FluentNHibernate.PersistenceModel.EnsureMappingsBuilt() in d:\Builds\FluentNH\src\FluentNHibernate\PersistenceModel.cs:line 221
   at FluentNHibernate.PersistenceModel.Configure(Configuration cfg) in d:\Builds\FluentNH\src\FluentNHibernate\PersistenceModel.cs:line 277
   at FluentNHibernate.Automapping.AutoPersistenceModel.Configure(Configuration configuration) in d:\Builds\FluentNH\src\FluentNHibernate\Automapping\AutoPersistenceModel.cs:line 201
   at FluentNHibernate.Cfg.AutoMappingsContainer.Apply(Configuration cfg, PersistenceModel model) in d:\Builds\FluentNH\src\FluentNHibernate\Cfg\AutoMappingsContainer.cs:line 86
   at FluentNHibernate.Cfg.MappingConfiguration.Apply(Configuration cfg) in d:\Builds\FluentNH\src\FluentNHibernate\Cfg\MappingConfiguration.cs:line 80
   at FluentNHibernate.Cfg.FluentConfiguration.BuildConfiguration() in d:\Builds\FluentNH\src\FluentNHibernate\Cfg\FluentConfiguration.cs:line 249
 --- End of inner exception stack trace ---
    at FluentNHibernate.Cfg.FluentConfiguration.BuildConfiguration() in d:\Builds\FluentNH\src\FluentNHibernate\Cfg\FluentConfiguration.cs:line 264
   at FluentNHibernate.Cfg.FluentConfiguration.BuildSessionFactory() in d:\Builds\FluentNH\src\FluentNHibernate\Cfg\FluentConfiguration.cs:line 230
 --- End of inner exception stack trace ---
    at FluentNHibernate.Cfg.FluentConfiguration.BuildSessionFactory() in d:\Builds\FluentNH\src\FluentNHibernate\Cfg\FluentConfiguration.cs:line 235
   at TestProject.NhModelsMapper.GetSessionFactory(String connectionString) in C:\Users\Michael\_CODE\Ienablemuch.ToTheEfnhX\TestProject\NhDbMapper.cs:line 63
   at TestProject.TestTheIRepository.Nh_CanDetectDeleteConflictingUpdate() in C:\Users\Michael\_CODE\Ienablemuch.ToTheEfnhX\TestProject\TestTheIRepository.cs:line 561
</StackTrace>
        </ErrorInfo>
      </Output>
    </UnitTestResult>
    <UnitTestResult executionId="a05ae0bd-b160-462d-9e07-995bf3fb13e0" testId="498581d4-9097-59b7-1a75-c07c04a53675" testName="Nh_Can_rollback_transaction" computerName="MICHAEL-PC" duration="00:00:00.0234631" startTime="2012-06-03T10:12:26.8430000+08:00" endTime="2012-06-03T10:12:26.8710000+08:00" testType="13cdc9d9-ddb5-4fa4-a97d-d965ccfc6d4b" outcome="Failed" testListId="8c84fa94-04c1-424b-9868-57a2d4851a1d" relativeResultsDirectory="a05ae0bd-b160-462d-9e07-995bf3fb13e0">
      <Output>
        <ErrorInfo>
          <Message>Test method TestProject.TestTheIRepository.Nh_Can_rollback_transaction threw exception: 
FluentNHibernate.Cfg.FluentConfigurationException: An invalid or incomplete configuration was used while creating a SessionFactory. Check PotentialReasons collection, and InnerException for more detail.

 ---&gt; FluentNHibernate.Cfg.FluentConfigurationException: An invalid or incomplete configuration was used while creating a SessionFactory. Check PotentialReasons collection, and InnerException for more detail.

 ---&gt; FluentNHibernate.Visitors.ValidationException: The entity 'Answer' doesn't have an Id mapped. Use the Id method to map your identity property. For example: Id(x =&gt; x.Id).</Message>
          <StackTrace>    at FluentNHibernate.Visitors.ValidationVisitor.ProcessClass(ClassMapping classMapping) in d:\Builds\FluentNH\src\FluentNHibernate\Visitors\ValidationVisitor.cs:line 20
   at FluentNHibernate.MappingModel.ClassBased.ClassMapping.AcceptVisitor(IMappingModelVisitor visitor) in d:\Builds\FluentNH\src\FluentNHibernate\MappingModel\ClassBased\ClassMapping.cs:line 78
   at FluentNHibernate.Visitors.DefaultMappingModelVisitor.Visit(ClassMapping classMapping) in d:\Builds\FluentNH\src\FluentNHibernate\Visitors\DefaultMappingModelVisitor.cs:line 89
   at FluentNHibernate.MappingModel.HibernateMapping.AcceptVisitor(IMappingModelVisitor visitor) in d:\Builds\FluentNH\src\FluentNHibernate\MappingModel\HibernateMapping.cs:line 37
   at FluentNHibernate.Visitors.DefaultMappingModelVisitor.&lt;Visit&gt;b__0(HibernateMapping x) in d:\Builds\FluentNH\src\FluentNHibernate\Visitors\DefaultMappingModelVisitor.cs:line 79
   at FluentNHibernate.Utils.CollectionExtensions.Each[T](IEnumerable`1 enumerable, Action`1 each) in d:\Builds\FluentNH\src\FluentNHibernate\Utils\CollectionExtensions.cs:line 15
   at FluentNHibernate.Visitors.DefaultMappingModelVisitor.Visit(IEnumerable`1 mappings) in d:\Builds\FluentNH\src\FluentNHibernate\Visitors\DefaultMappingModelVisitor.cs:line 79
   at FluentNHibernate.PersistenceModel.ApplyVisitors(IEnumerable`1 mappings) in d:\Builds\FluentNH\src\FluentNHibernate\PersistenceModel.cs:line 214
   at FluentNHibernate.PersistenceModel.BuildMappings() in d:\Builds\FluentNH\src\FluentNHibernate\PersistenceModel.cs:line 169
   at FluentNHibernate.Automapping.AutoPersistenceModel.BuildMappings() in d:\Builds\FluentNH\src\FluentNHibernate\Automapping\AutoPersistenceModel.cs:line 134
   at FluentNHibernate.PersistenceModel.EnsureMappingsBuilt() in d:\Builds\FluentNH\src\FluentNHibernate\PersistenceModel.cs:line 221
   at FluentNHibernate.PersistenceModel.Configure(Configuration cfg) in d:\Builds\FluentNH\src\FluentNHibernate\PersistenceModel.cs:line 277
   at FluentNHibernate.Automapping.AutoPersistenceModel.Configure(Configuration configuration) in d:\Builds\FluentNH\src\FluentNHibernate\Automapping\AutoPersistenceModel.cs:line 201
   at FluentNHibernate.Cfg.AutoMappingsContainer.Apply(Configuration cfg, PersistenceModel model) in d:\Builds\FluentNH\src\FluentNHibernate\Cfg\AutoMappingsContainer.cs:line 86
   at FluentNHibernate.Cfg.MappingConfiguration.Apply(Configuration cfg) in d:\Builds\FluentNH\src\FluentNHibernate\Cfg\MappingConfiguration.cs:line 80
   at FluentNHibernate.Cfg.FluentConfiguration.BuildConfiguration() in d:\Builds\FluentNH\src\FluentNHibernate\Cfg\FluentConfiguration.cs:line 249
 --- End of inner exception stack trace ---
    at FluentNHibernate.Cfg.FluentConfiguration.BuildConfiguration() in d:\Builds\FluentNH\src\FluentNHibernate\Cfg\FluentConfiguration.cs:line 264
   at FluentNHibernate.Cfg.FluentConfiguration.BuildSessionFactory() in d:\Builds\FluentNH\src\FluentNHibernate\Cfg\FluentConfiguration.cs:line 230
 --- End of inner exception stack trace ---
    at FluentNHibernate.Cfg.FluentConfiguration.BuildSessionFactory() in d:\Builds\FluentNH\src\FluentNHibernate\Cfg\FluentConfiguration.cs:line 235
   at TestProject.NhModelsMapper.GetSessionFactory(String connectionString) in C:\Users\Michael\_CODE\Ienablemuch.ToTheEfnhX\TestProject\NhDbMapper.cs:line 63
   at TestProject.TestTheIRepository.Nh_Can_rollback_transaction() in C:\Users\Michael\_CODE\Ienablemuch.ToTheEfnhX\TestProject\TestTheIRepository.cs:line 1131
</StackTrace>
        </ErrorInfo>
      </Output>
    </UnitTestResult>
    <UnitTestResult executionId="46dd01b8-b382-45e9-90a2-663a4a792982" testId="4bb22a57-9102-06ea-257b-caae673d46d7" testName="Ef_CanDetectDeleteConflictingDelete" computerName="MICHAEL-PC" duration="00:00:00.0086024" startTime="2012-06-03T10:12:26.8780000+08:00" endTime="2012-06-03T10:12:26.8920000+08:00" testType="13cdc9d9-ddb5-4fa4-a97d-d965ccfc6d4b" outcome="Failed" testListId="8c84fa94-04c1-424b-9868-57a2d4851a1d" relativeResultsDirectory="46dd01b8-b382-45e9-90a2-663a4a792982">
      <Output>
        <ErrorInfo>
          <Message>Test method TestProject.TestTheIRepository.Ef_CanDetectDeleteConflictingDelete threw exception System.MissingMethodException, but exception Ienablemuch.ToTheEfnhX.DbChangesConcurrencyException was expected. Exception message: System.MissingMethodException: Method 'TestProject.SampleModel.Product.ProductId' not found.</Message>
          <StackTrace>    at System.RuntimeType.InvokeMember(String name, BindingFlags bindingFlags, Binder binder, Object target, Object[] providedArgs, ParameterModifier[] modifiers, CultureInfo culture, String[] namedParams)
   at Ienablemuch.ToTheEfnhX.EntityFramework.EfRepository`1.Save(TEnt ent, Byte[] version) in C:\Users\Michael\_CODE\Ienablemuch.ToTheEfnhX\Ienablemuch.ToTheEfnhX.EntityFramework\EfRepository.cs:line 47
   at TestProject.TestTheIRepository.Common_CanDetectDeleteConflictingDelete(IRepository`1 db) in C:\Users\Michael\_CODE\Ienablemuch.ToTheEfnhX\TestProject\TestTheIRepository.cs:line 620
   at TestProject.TestTheIRepository.Ef_CanDetectDeleteConflictingDelete() in C:\Users\Michael\_CODE\Ienablemuch.ToTheEfnhX\TestProject\TestTheIRepository.cs:line 602
</StackTrace>
        </ErrorInfo>
      </Output>
    </UnitTestResult>
    <UnitTestResult executionId="c89f3eff-24b1-4fc3-8ed4-415ab289534b" testId="4eb22f5f-6a6e-dede-7dcd-8a02b2b7eecd" testName="Memory_CanDelete" computerName="MICHAEL-PC" duration="00:00:00.0051264" startTime="2012-06-03T10:12:26.9070000+08:00" endTime="2012-06-03T10:12:26.9270000+08:00" testType="13cdc9d9-ddb5-4fa4-a97d-d965ccfc6d4b" outcome="Failed" testListId="8c84fa94-04c1-424b-9868-57a2d4851a1d" relativeResultsDirectory="c89f3eff-24b1-4fc3-8ed4-415ab289534b">
      <Output>
        <ErrorInfo>
          <Message>Test method TestProject.TestTheIRepository.Memory_CanDelete threw exception: 
System.MissingMethodException: Method 'TestProject.SampleModel.Product.ProductId' not found.</Message>
          <StackTrace>    at System.RuntimeType.InvokeMember(String name, BindingFlags bindingFlags, Binder binder, Object target, Object[] providedArgs, ParameterModifier[] modifiers, CultureInfo culture, String[] namedParams)
   at Ienablemuch.ToTheEfnhX.Memory.MemoryRepository`1.Save(Ent ent, Byte[] version) in C:\Users\Michael\_CODE\Ienablemuch.ToTheEfnhX\Ienablemuch.ToTheEfnhX.Memory\MemoryRepository.cs:line 41
   at TestProject.TestTheIRepository.Common_CanDelete(IRepository`1 db) in C:\Users\Michael\_CODE\Ienablemuch.ToTheEfnhX\TestProject\TestTheIRepository.cs:line 280
   at TestProject.TestTheIRepository.Memory_CanDelete() in C:\Users\Michael\_CODE\Ienablemuch.ToTheEfnhX\TestProject\TestTheIRepository.cs:line 259
</StackTrace>
        </ErrorInfo>
      </Output>
    </UnitTestResult>
    <UnitTestResult executionId="8b33a992-f3ec-4b27-bf8a-ebd429eee18d" testId="55b9acb6-c8fa-83e2-62ec-c3bb6a6ae6ad" testName="Nh_Can_Detect_Transaction_From_Session_Begin_Transaction" computerName="MICHAEL-PC" duration="00:00:00.0253936" startTime="2012-06-03T10:12:26.9300000+08:00" endTime="2012-06-03T10:12:26.9690000+08:00" testType="13cdc9d9-ddb5-4fa4-a97d-d965ccfc6d4b" outcome="Failed" testListId="8c84fa94-04c1-424b-9868-57a2d4851a1d" relativeResultsDirectory="8b33a992-f3ec-4b27-bf8a-ebd429eee18d">
      <Output>
        <ErrorInfo>
          <Message>Test method TestProject.TestTheIRepository.Nh_Can_Detect_Transaction_From_Session_Begin_Transaction threw exception: 
FluentNHibernate.Cfg.FluentConfigurationException: An invalid or incomplete configuration was used while creating a SessionFactory. Check PotentialReasons collection, and InnerException for more detail.

 ---&gt; FluentNHibernate.Cfg.FluentConfigurationException: An invalid or incomplete configuration was used while creating a SessionFactory. Check PotentialReasons collection, and InnerException for more detail.

 ---&gt; FluentNHibernate.Visitors.ValidationException: The entity 'Answer' doesn't have an Id mapped. Use the Id method to map your identity property. For example: Id(x =&gt; x.Id).</Message>
          <StackTrace>    at FluentNHibernate.Visitors.ValidationVisitor.ProcessClass(ClassMapping classMapping) in d:\Builds\FluentNH\src\FluentNHibernate\Visitors\ValidationVisitor.cs:line 20
   at FluentNHibernate.MappingModel.ClassBased.ClassMapping.AcceptVisitor(IMappingModelVisitor visitor) in d:\Builds\FluentNH\src\FluentNHibernate\MappingModel\ClassBased\ClassMapping.cs:line 78
   at FluentNHibernate.Visitors.DefaultMappingModelVisitor.Visit(ClassMapping classMapping) in d:\Builds\FluentNH\src\FluentNHibernate\Visitors\DefaultMappingModelVisitor.cs:line 89
   at FluentNHibernate.MappingModel.HibernateMapping.AcceptVisitor(IMappingModelVisitor visitor) in d:\Builds\FluentNH\src\FluentNHibernate\MappingModel\HibernateMapping.cs:line 37
   at FluentNHibernate.Visitors.DefaultMappingModelVisitor.&lt;Visit&gt;b__0(HibernateMapping x) in d:\Builds\FluentNH\src\FluentNHibernate\Visitors\DefaultMappingModelVisitor.cs:line 79
   at FluentNHibernate.Utils.CollectionExtensions.Each[T](IEnumerable`1 enumerable, Action`1 each) in d:\Builds\FluentNH\src\FluentNHibernate\Utils\CollectionExtensions.cs:line 15
   at FluentNHibernate.Visitors.DefaultMappingModelVisitor.Visit(IEnumerable`1 mappings) in d:\Builds\FluentNH\src\FluentNHibernate\Visitors\DefaultMappingModelVisitor.cs:line 79
   at FluentNHibernate.PersistenceModel.ApplyVisitors(IEnumerable`1 mappings) in d:\Builds\FluentNH\src\FluentNHibernate\PersistenceModel.cs:line 214
   at FluentNHibernate.PersistenceModel.BuildMappings() in d:\Builds\FluentNH\src\FluentNHibernate\PersistenceModel.cs:line 169
   at FluentNHibernate.Automapping.AutoPersistenceModel.BuildMappings() in d:\Builds\FluentNH\src\FluentNHibernate\Automapping\AutoPersistenceModel.cs:line 134
   at FluentNHibernate.PersistenceModel.EnsureMappingsBuilt() in d:\Builds\FluentNH\src\FluentNHibernate\PersistenceModel.cs:line 221
   at FluentNHibernate.PersistenceModel.Configure(Configuration cfg) in d:\Builds\FluentNH\src\FluentNHibernate\PersistenceModel.cs:line 277
   at FluentNHibernate.Automapping.AutoPersistenceModel.Configure(Configuration configuration) in d:\Builds\FluentNH\src\FluentNHibernate\Automapping\AutoPersistenceModel.cs:line 201
   at FluentNHibernate.Cfg.AutoMappingsContainer.Apply(Configuration cfg, PersistenceModel model) in d:\Builds\FluentNH\src\FluentNHibernate\Cfg\AutoMappingsContainer.cs:line 86
   at FluentNHibernate.Cfg.MappingConfiguration.Apply(Configuration cfg) in d:\Builds\FluentNH\src\FluentNHibernate\Cfg\MappingConfiguration.cs:line 80
   at FluentNHibernate.Cfg.FluentConfiguration.BuildConfiguration() in d:\Builds\FluentNH\src\FluentNHibernate\Cfg\FluentConfiguration.cs:line 249
 --- End of inner exception stack trace ---
    at FluentNHibernate.Cfg.FluentConfiguration.BuildConfiguration() in d:\Builds\FluentNH\src\FluentNHibernate\Cfg\FluentConfiguration.cs:line 264
   at FluentNHibernate.Cfg.FluentConfiguration.BuildSessionFactory() in d:\Builds\FluentNH\src\FluentNHibernate\Cfg\FluentConfiguration.cs:line 230
 --- End of inner exception stack trace ---
    at FluentNHibernate.Cfg.FluentConfiguration.BuildSessionFactory() in d:\Builds\FluentNH\src\FluentNHibernate\Cfg\FluentConfiguration.cs:line 235
   at TestProject.NhModelsMapper.GetSessionFactory(String connectionString) in C:\Users\Michael\_CODE\Ienablemuch.ToTheEfnhX\TestProject\NhDbMapper.cs:line 63
   at TestProject.TestTheIRepository.Nh_Can_Detect_Transaction_From_Session_Begin_Transaction() in C:\Users\Michael\_CODE\Ienablemuch.ToTheEfnhX\TestProject\TestTheIRepository.cs:line 1239
</StackTrace>
        </ErrorInfo>
      </Output>
    </UnitTestResult>
    <UnitTestResult executionId="0f811a59-e5b4-4d11-bcf8-f8ff088c4fe3" testId="5b9ac5c8-7814-fd36-cd57-f0de0de0fae7" testName="Saving_is_ok" computerName="MICHAEL-PC" duration="00:00:00.0049788" startTime="2012-06-03T10:12:26.9740000+08:00" endTime="2012-06-03T10:12:26.9930000+08:00" testType="13cdc9d9-ddb5-4fa4-a97d-d965ccfc6d4b" outcome="Failed" testListId="8c84fa94-04c1-424b-9868-57a2d4851a1d" relativeResultsDirectory="0f811a59-e5b4-4d11-bcf8-f8ff088c4fe3">
      <Output>
        <ErrorInfo>
          <Message>Test method TestProject.TestTheIRepository.Saving_is_ok threw exception: 
System.MissingMethodException: Method 'TestProject.SampleModel.Product.ProductId' not found.</Message>
          <StackTrace>    at System.RuntimeType.InvokeMember(String name, BindingFlags bindingFlags, Binder binder, Object target, Object[] providedArgs, ParameterModifier[] modifiers, CultureInfo culture, String[] namedParams)
   at Ienablemuch.ToTheEfnhX.Memory.MemoryRepository`1.Save(Ent ent, Byte[] version) in C:\Users\Michael\_CODE\Ienablemuch.ToTheEfnhX\Ienablemuch.ToTheEfnhX.Memory\MemoryRepository.cs:line 41
   at TestProject.TestTheIRepository.Saving_is_ok() in C:\Users\Michael\_CODE\Ienablemuch.ToTheEfnhX\TestProject\TestTheIRepository.cs:line 231
</StackTrace>
        </ErrorInfo>
      </Output>
    </UnitTestResult>
    <UnitTestResult executionId="9475a584-63f4-4b50-bcd2-6eb1724f6077" testId="5d13769c-6ed9-df33-8e6d-b0cc79c073f2" testName="Nh_CanDetectUpdateConflictingDelete" computerName="MICHAEL-PC" duration="00:00:00.0253418" startTime="2012-06-03T10:12:26.9960000+08:00" endTime="2012-06-03T10:12:27.0330000+08:00" testType="13cdc9d9-ddb5-4fa4-a97d-d965ccfc6d4b" outcome="Failed" testListId="8c84fa94-04c1-424b-9868-57a2d4851a1d" relativeResultsDirectory="9475a584-63f4-4b50-bcd2-6eb1724f6077">
      <Output>
        <ErrorInfo>
          <Message>Test method TestProject.TestTheIRepository.Nh_CanDetectUpdateConflictingDelete threw exception FluentNHibernate.Cfg.FluentConfigurationException, but exception Ienablemuch.ToTheEfnhX.DbChangesConcurrencyException was expected. Exception message: FluentNHibernate.Cfg.FluentConfigurationException: An invalid or incomplete configuration was used while creating a SessionFactory. Check PotentialReasons collection, and InnerException for more detail.

 ---&gt; FluentNHibernate.Cfg.FluentConfigurationException: An invalid or incomplete configuration was used while creating a SessionFactory. Check PotentialReasons collection, and InnerException for more detail.

 ---&gt; FluentNHibernate.Visitors.ValidationException: The entity 'Answer' doesn't have an Id mapped. Use the Id method to map your identity property. For example: Id(x =&gt; x.Id).</Message>
          <StackTrace>    at FluentNHibernate.Visitors.ValidationVisitor.ProcessClass(ClassMapping classMapping) in d:\Builds\FluentNH\src\FluentNHibernate\Visitors\ValidationVisitor.cs:line 20
   at FluentNHibernate.MappingModel.ClassBased.ClassMapping.AcceptVisitor(IMappingModelVisitor visitor) in d:\Builds\FluentNH\src\FluentNHibernate\MappingModel\ClassBased\ClassMapping.cs:line 78
   at FluentNHibernate.Visitors.DefaultMappingModelVisitor.Visit(ClassMapping classMapping) in d:\Builds\FluentNH\src\FluentNHibernate\Visitors\DefaultMappingModelVisitor.cs:line 89
   at FluentNHibernate.MappingModel.HibernateMapping.AcceptVisitor(IMappingModelVisitor visitor) in d:\Builds\FluentNH\src\FluentNHibernate\MappingModel\HibernateMapping.cs:line 37
   at FluentNHibernate.Visitors.DefaultMappingModelVisitor.&lt;Visit&gt;b__0(HibernateMapping x) in d:\Builds\FluentNH\src\FluentNHibernate\Visitors\DefaultMappingModelVisitor.cs:line 79
   at FluentNHibernate.Utils.CollectionExtensions.Each[T](IEnumerable`1 enumerable, Action`1 each) in d:\Builds\FluentNH\src\FluentNHibernate\Utils\CollectionExtensions.cs:line 15
   at FluentNHibernate.Visitors.DefaultMappingModelVisitor.Visit(IEnumerable`1 mappings) in d:\Builds\FluentNH\src\FluentNHibernate\Visitors\DefaultMappingModelVisitor.cs:line 79
   at FluentNHibernate.PersistenceModel.ApplyVisitors(IEnumerable`1 mappings) in d:\Builds\FluentNH\src\FluentNHibernate\PersistenceModel.cs:line 214
   at FluentNHibernate.PersistenceModel.BuildMappings() in d:\Builds\FluentNH\src\FluentNHibernate\PersistenceModel.cs:line 169
   at FluentNHibernate.Automapping.AutoPersistenceModel.BuildMappings() in d:\Builds\FluentNH\src\FluentNHibernate\Automapping\AutoPersistenceModel.cs:line 134
   at FluentNHibernate.PersistenceModel.EnsureMappingsBuilt() in d:\Builds\FluentNH\src\FluentNHibernate\PersistenceModel.cs:line 221
   at FluentNHibernate.PersistenceModel.Configure(Configuration cfg) in d:\Builds\FluentNH\src\FluentNHibernate\PersistenceModel.cs:line 277
   at FluentNHibernate.Automapping.AutoPersistenceModel.Configure(Configuration configuration) in d:\Builds\FluentNH\src\FluentNHibernate\Automapping\AutoPersistenceModel.cs:line 201
   at FluentNHibernate.Cfg.AutoMappingsContainer.Apply(Configuration cfg, PersistenceModel model) in d:\Builds\FluentNH\src\FluentNHibernate\Cfg\AutoMappingsContainer.cs:line 86
   at FluentNHibernate.Cfg.MappingConfiguration.Apply(Configuration cfg) in d:\Builds\FluentNH\src\FluentNHibernate\Cfg\MappingConfiguration.cs:line 80
   at FluentNHibernate.Cfg.FluentConfiguration.BuildConfiguration() in d:\Builds\FluentNH\src\FluentNHibernate\Cfg\FluentConfiguration.cs:line 249
 --- End of inner exception stack trace ---
    at FluentNHibernate.Cfg.FluentConfiguration.BuildConfiguration() in d:\Builds\FluentNH\src\FluentNHibernate\Cfg\FluentConfiguration.cs:line 264
   at FluentNHibernate.Cfg.FluentConfiguration.BuildSessionFactory() in d:\Builds\FluentNH\src\FluentNHibernate\Cfg\FluentConfiguration.cs:line 230
 --- End of inner exception stack trace ---
    at FluentNHibernate.Cfg.FluentConfiguration.BuildSessionFactory() in d:\Builds\FluentNH\src\FluentNHibernate\Cfg\FluentConfiguration.cs:line 235
   at TestProject.NhModelsMapper.GetSessionFactory(String connectionString) in C:\Users\Michael\_CODE\Ienablemuch.ToTheEfnhX\TestProject\NhDbMapper.cs:line 63
   at TestProject.TestTheIRepository.Nh_CanDetectUpdateConflictingDelete() in C:\Users\Michael\_CODE\Ienablemuch.ToTheEfnhX\TestProject\TestTheIRepository.cs:line 510
</StackTrace>
        </ErrorInfo>
      </Output>
    </UnitTestResult>
    <UnitTestResult executionId="1826d602-6da2-449d-b670-55c6007ea2b1" testId="63d9977f-78b2-ba78-f19b-1e84d68eabe8" testName="Nh_CanUpdate" computerName="MICHAEL-PC" duration="00:00:00.0251689" startTime="2012-06-03T10:12:27.0370000+08:00" endTime="2012-06-03T10:12:27.0770000+08:00" testType="13cdc9d9-ddb5-4fa4-a97d-d965ccfc6d4b" outcome="Failed" testListId="8c84fa94-04c1-424b-9868-57a2d4851a1d" relativeResultsDirectory="1826d602-6da2-449d-b670-55c6007ea2b1">
      <Output>
        <ErrorInfo>
          <Message>Test method TestProject.TestTheIRepository.Nh_CanUpdate threw exception: 
FluentNHibernate.Cfg.FluentConfigurationException: An invalid or incomplete configuration was used while creating a SessionFactory. Check PotentialReasons collection, and InnerException for more detail.

 ---&gt; FluentNHibernate.Cfg.FluentConfigurationException: An invalid or incomplete configuration was used while creating a SessionFactory. Check PotentialReasons collection, and InnerException for more detail.

 ---&gt; FluentNHibernate.Visitors.ValidationException: The entity 'Answer' doesn't have an Id mapped. Use the Id method to map your identity property. For example: Id(x =&gt; x.Id).</Message>
          <StackTrace>    at FluentNHibernate.Visitors.ValidationVisitor.ProcessClass(ClassMapping classMapping) in d:\Builds\FluentNH\src\FluentNHibernate\Visitors\ValidationVisitor.cs:line 20
   at FluentNHibernate.MappingModel.ClassBased.ClassMapping.AcceptVisitor(IMappingModelVisitor visitor) in d:\Builds\FluentNH\src\FluentNHibernate\MappingModel\ClassBased\ClassMapping.cs:line 78
   at FluentNHibernate.Visitors.DefaultMappingModelVisitor.Visit(ClassMapping classMapping) in d:\Builds\FluentNH\src\FluentNHibernate\Visitors\DefaultMappingModelVisitor.cs:line 89
   at FluentNHibernate.MappingModel.HibernateMapping.AcceptVisitor(IMappingModelVisitor visitor) in d:\Builds\FluentNH\src\FluentNHibernate\MappingModel\HibernateMapping.cs:line 37
   at FluentNHibernate.Visitors.DefaultMappingModelVisitor.&lt;Visit&gt;b__0(HibernateMapping x) in d:\Builds\FluentNH\src\FluentNHibernate\Visitors\DefaultMappingModelVisitor.cs:line 79
   at FluentNHibernate.Utils.CollectionExtensions.Each[T](IEnumerable`1 enumerable, Action`1 each) in d:\Builds\FluentNH\src\FluentNHibernate\Utils\CollectionExtensions.cs:line 15
   at FluentNHibernate.Visitors.DefaultMappingModelVisitor.Visit(IEnumerable`1 mappings) in d:\Builds\FluentNH\src\FluentNHibernate\Visitors\DefaultMappingModelVisitor.cs:line 79
   at FluentNHibernate.PersistenceModel.ApplyVisitors(IEnumerable`1 mappings) in d:\Builds\FluentNH\src\FluentNHibernate\PersistenceModel.cs:line 214
   at FluentNHibernate.PersistenceModel.BuildMappings() in d:\Builds\FluentNH\src\FluentNHibernate\PersistenceModel.cs:line 169
   at FluentNHibernate.Automapping.AutoPersistenceModel.BuildMappings() in d:\Builds\FluentNH\src\FluentNHibernate\Automapping\AutoPersistenceModel.cs:line 134
   at FluentNHibernate.PersistenceModel.EnsureMappingsBuilt() in d:\Builds\FluentNH\src\FluentNHibernate\PersistenceModel.cs:line 221
   at FluentNHibernate.PersistenceModel.Configure(Configuration cfg) in d:\Builds\FluentNH\src\FluentNHibernate\PersistenceModel.cs:line 277
   at FluentNHibernate.Automapping.AutoPersistenceModel.Configure(Configuration configuration) in d:\Builds\FluentNH\src\FluentNHibernate\Automapping\AutoPersistenceModel.cs:line 201
   at FluentNHibernate.Cfg.AutoMappingsContainer.Apply(Configuration cfg, PersistenceModel model) in d:\Builds\FluentNH\src\FluentNHibernate\Cfg\AutoMappingsContainer.cs:line 86
   at FluentNHibernate.Cfg.MappingConfiguration.Apply(Configuration cfg) in d:\Builds\FluentNH\src\FluentNHibernate\Cfg\MappingConfiguration.cs:line 80
   at FluentNHibernate.Cfg.FluentConfiguration.BuildConfiguration() in d:\Builds\FluentNH\src\FluentNHibernate\Cfg\FluentConfiguration.cs:line 249
 --- End of inner exception stack trace ---
    at FluentNHibernate.Cfg.FluentConfiguration.BuildConfiguration() in d:\Builds\FluentNH\src\FluentNHibernate\Cfg\FluentConfiguration.cs:line 264
   at FluentNHibernate.Cfg.FluentConfiguration.BuildSessionFactory() in d:\Builds\FluentNH\src\FluentNHibernate\Cfg\FluentConfiguration.cs:line 230
 --- End of inner exception stack trace ---
    at FluentNHibernate.Cfg.FluentConfiguration.BuildSessionFactory() in d:\Builds\FluentNH\src\FluentNHibernate\Cfg\FluentConfiguration.cs:line 235
   at TestProject.NhModelsMapper.GetSessionFactory(String connectionString) in C:\Users\Michael\_CODE\Ienablemuch.ToTheEfnhX\TestProject\NhDbMapper.cs:line 63
   at TestProject.TestTheIRepository.Nh_CanUpdate() in C:\Users\Michael\_CODE\Ienablemuch.ToTheEfnhX\TestProject\TestTheIRepository.cs:line 312
</StackTrace>
        </ErrorInfo>
      </Output>
    </UnitTestResult>
    <UnitTestResult executionId="98fdd82e-cc77-4025-8aa7-299f8e6bb962" testId="6a52032d-db59-8802-47db-20699e8ef053" testName="Ef_CanSave" computerName="MICHAEL-PC" duration="00:00:00.0058056" startTime="2012-06-03T10:12:27.0950000+08:00" endTime="2012-06-03T10:12:27.1130000+08:00" testType="13cdc9d9-ddb5-4fa4-a97d-d965ccfc6d4b" outcome="Failed" testListId="8c84fa94-04c1-424b-9868-57a2d4851a1d" relativeResultsDirectory="98fdd82e-cc77-4025-8aa7-299f8e6bb962">
      <Output>
        <ErrorInfo>
          <Message>Test method TestProject.TestTheIRepository.Ef_CanSave threw exception: 
System.MissingMethodException: Method 'TestProject.SampleModel.Product.ProductId' not found.</Message>
          <StackTrace>    at System.RuntimeType.InvokeMember(String name, BindingFlags bindingFlags, Binder binder, Object target, Object[] providedArgs, ParameterModifier[] modifiers, CultureInfo culture, String[] namedParams)
   at Ienablemuch.ToTheEfnhX.EntityFramework.EfRepository`1.Save(TEnt ent, Byte[] version) in C:\Users\Michael\_CODE\Ienablemuch.ToTheEfnhX\Ienablemuch.ToTheEfnhX.EntityFramework\EfRepository.cs:line 47
   at TestProject.TestTheIRepository.Common_CanSave(IRepository`1 db) in C:\Users\Michael\_CODE\Ienablemuch.ToTheEfnhX\TestProject\TestTheIRepository.cs:line 106
   at TestProject.TestTheIRepository.Ef_CanSave() in C:\Users\Michael\_CODE\Ienablemuch.ToTheEfnhX\TestProject\TestTheIRepository.cs:line 89
</StackTrace>
        </ErrorInfo>
      </Output>
    </UnitTestResult>
    <UnitTestResult executionId="88649be6-a7ed-43d7-83ea-cd167e754efd" testId="6b805790-9c4f-2071-6e55-fbbb337c0021" testName="Memory_CanSaveTransaction" computerName="MICHAEL-PC" duration="00:00:00.0069824" startTime="2012-06-03T10:12:27.1230000+08:00" endTime="2012-06-03T10:12:27.1360000+08:00" testType="13cdc9d9-ddb5-4fa4-a97d-d965ccfc6d4b" outcome="Failed" testListId="8c84fa94-04c1-424b-9868-57a2d4851a1d" relativeResultsDirectory="88649be6-a7ed-43d7-83ea-cd167e754efd">
      <Output>
        <ErrorInfo>
          <Message>Test method TestProject.TestTheIRepository.Memory_CanSaveTransaction threw exception: 
System.MissingMethodException: Method 'TestProject.SampleModel.Product.ProductId' not found.</Message>
          <StackTrace>    at System.RuntimeType.InvokeMember(String name, BindingFlags bindingFlags, Binder binder, Object target, Object[] providedArgs, ParameterModifier[] modifiers, CultureInfo culture, String[] namedParams)
   at Ienablemuch.ToTheEfnhX.Memory.MemoryRepository`1.Save(Ent ent, Byte[] version) in C:\Users\Michael\_CODE\Ienablemuch.ToTheEfnhX\Ienablemuch.ToTheEfnhX.Memory\MemoryRepository.cs:line 41
   at TestProject.TestTheIRepository.Common_Can_save_transaction(ITransactionBoundFactory xf, IRepository`1 p, IRepository`1 q) in C:\Users\Michael\_CODE\Ienablemuch.ToTheEfnhX\TestProject\TestTheIRepository.cs:line 1225
   at TestProject.TestTheIRepository.Memory_CanSaveTransaction() in C:\Users\Michael\_CODE\Ienablemuch.ToTheEfnhX\TestProject\TestTheIRepository.cs:line 1217
</StackTrace>
        </ErrorInfo>
      </Output>
    </UnitTestResult>
    <UnitTestResult executionId="6f3e91f5-e9b0-41cd-809e-124e7d1871b4" testId="7b0e110e-2e6a-879c-359f-7b225fdba37f" testName="Nh_CanDetectUpdateConflictingUpdate" computerName="MICHAEL-PC" duration="00:00:00.0227257" startTime="2012-06-03T10:12:27.1410000+08:00" endTime="2012-06-03T10:12:27.1690000+08:00" testType="13cdc9d9-ddb5-4fa4-a97d-d965ccfc6d4b" outcome="Failed" testListId="8c84fa94-04c1-424b-9868-57a2d4851a1d" relativeResultsDirectory="6f3e91f5-e9b0-41cd-809e-124e7d1871b4">
      <Output>
        <ErrorInfo>
          <Message>Test method TestProject.TestTheIRepository.Nh_CanDetectUpdateConflictingUpdate threw exception FluentNHibernate.Cfg.FluentConfigurationException, but exception Ienablemuch.ToTheEfnhX.DbChangesConcurrencyException was expected. Exception message: FluentNHibernate.Cfg.FluentConfigurationException: An invalid or incomplete configuration was used while creating a SessionFactory. Check PotentialReasons collection, and InnerException for more detail.

 ---&gt; FluentNHibernate.Cfg.FluentConfigurationException: An invalid or incomplete configuration was used while creating a SessionFactory. Check PotentialReasons collection, and InnerException for more detail.

 ---&gt; FluentNHibernate.Visitors.ValidationException: The entity 'Answer' doesn't have an Id mapped. Use the Id method to map your identity property. For example: Id(x =&gt; x.Id).</Message>
          <StackTrace>    at FluentNHibernate.Visitors.ValidationVisitor.ProcessClass(ClassMapping classMapping) in d:\Builds\FluentNH\src\FluentNHibernate\Visitors\ValidationVisitor.cs:line 20
   at FluentNHibernate.MappingModel.ClassBased.ClassMapping.AcceptVisitor(IMappingModelVisitor visitor) in d:\Builds\FluentNH\src\FluentNHibernate\MappingModel\ClassBased\ClassMapping.cs:line 78
   at FluentNHibernate.Visitors.DefaultMappingModelVisitor.Visit(ClassMapping classMapping) in d:\Builds\FluentNH\src\FluentNHibernate\Visitors\DefaultMappingModelVisitor.cs:line 89
   at FluentNHibernate.MappingModel.HibernateMapping.AcceptVisitor(IMappingModelVisitor visitor) in d:\Builds\FluentNH\src\FluentNHibernate\MappingModel\HibernateMapping.cs:line 37
   at FluentNHibernate.Visitors.DefaultMappingModelVisitor.&lt;Visit&gt;b__0(HibernateMapping x) in d:\Builds\FluentNH\src\FluentNHibernate\Visitors\DefaultMappingModelVisitor.cs:line 79
   at FluentNHibernate.Utils.CollectionExtensions.Each[T](IEnumerable`1 enumerable, Action`1 each) in d:\Builds\FluentNH\src\FluentNHibernate\Utils\CollectionExtensions.cs:line 15
   at FluentNHibernate.Visitors.DefaultMappingModelVisitor.Visit(IEnumerable`1 mappings) in d:\Builds\FluentNH\src\FluentNHibernate\Visitors\DefaultMappingModelVisitor.cs:line 79
   at FluentNHibernate.PersistenceModel.ApplyVisitors(IEnumerable`1 mappings) in d:\Builds\FluentNH\src\FluentNHibernate\PersistenceModel.cs:line 214
   at FluentNHibernate.PersistenceModel.BuildMappings() in d:\Builds\FluentNH\src\FluentNHibernate\PersistenceModel.cs:line 169
   at FluentNHibernate.Automapping.AutoPersistenceModel.BuildMappings() in d:\Builds\FluentNH\src\FluentNHibernate\Automapping\AutoPersistenceModel.cs:line 134
   at FluentNHibernate.PersistenceModel.EnsureMappingsBuilt() in d:\Builds\FluentNH\src\FluentNHibernate\PersistenceModel.cs:line 221
   at FluentNHibernate.PersistenceModel.Configure(Configuration cfg) in d:\Builds\FluentNH\src\FluentNHibernate\PersistenceModel.cs:line 277
   at FluentNHibernate.Automapping.AutoPersistenceModel.Configure(Configuration configuration) in d:\Builds\FluentNH\src\FluentNHibernate\Automapping\AutoPersistenceModel.cs:line 201
   at FluentNHibernate.Cfg.AutoMappingsContainer.Apply(Configuration cfg, PersistenceModel model) in d:\Builds\FluentNH\src\FluentNHibernate\Cfg\AutoMappingsContainer.cs:line 86
   at FluentNHibernate.Cfg.MappingConfiguration.Apply(Configuration cfg) in d:\Builds\FluentNH\src\FluentNHibernate\Cfg\MappingConfiguration.cs:line 80
   at FluentNHibernate.Cfg.FluentConfiguration.BuildConfiguration() in d:\Builds\FluentNH\src\FluentNHibernate\Cfg\FluentConfiguration.cs:line 249
 --- End of inner exception stack trace ---
    at FluentNHibernate.Cfg.FluentConfiguration.BuildConfiguration() in d:\Builds\FluentNH\src\FluentNHibernate\Cfg\FluentConfiguration.cs:line 264
   at FluentNHibernate.Cfg.FluentConfiguration.BuildSessionFactory() in d:\Builds\FluentNH\src\FluentNHibernate\Cfg\FluentConfiguration.cs:line 230
 --- End of inner exception stack trace ---
    at FluentNHibernate.Cfg.FluentConfiguration.BuildSessionFactory() in d:\Builds\FluentNH\src\FluentNHibernate\Cfg\FluentConfiguration.cs:line 235
   at TestProject.NhModelsMapper.GetSessionFactory(String connectionString) in C:\Users\Michael\_CODE\Ienablemuch.ToTheEfnhX\TestProject\NhDbMapper.cs:line 63
   at TestProject.TestTheIRepository.Nh_CanDetectUpdateConflictingUpdate() in C:\Users\Michael\_CODE\Ienablemuch.ToTheEfnhX\TestProject\TestTheIRepository.cs:line 464
</StackTrace>
        </ErrorInfo>
      </Output>
    </UnitTestResult>
    <UnitTestResult executionId="f225d488-ded5-464d-899f-70a0bad2390c" testId="83330a72-51da-0d0d-d2b2-826b2f6cfd00" testName="Nh_SessionTransaction_can_detect_its_own_transaction_commitness_only" computerName="MICHAEL-PC" duration="00:00:00.0300406" startTime="2012-06-03T10:12:27.1770000+08:00" endTime="2012-06-03T10:12:27.2240000+08:00" testType="13cdc9d9-ddb5-4fa4-a97d-d965ccfc6d4b" outcome="Failed" testListId="8c84fa94-04c1-424b-9868-57a2d4851a1d" relativeResultsDirectory="f225d488-ded5-464d-899f-70a0bad2390c">
      <Output>
        <ErrorInfo>
          <Message>Test method TestProject.TestTheIRepository.Nh_SessionTransaction_can_detect_its_own_transaction_commitness_only threw exception: 
FluentNHibernate.Cfg.FluentConfigurationException: An invalid or incomplete configuration was used while creating a SessionFactory. Check PotentialReasons collection, and InnerException for more detail.

 ---&gt; FluentNHibernate.Cfg.FluentConfigurationException: An invalid or incomplete configuration was used while creating a SessionFactory. Check PotentialReasons collection, and InnerException for more detail.

 ---&gt; FluentNHibernate.Visitors.ValidationException: The entity 'Answer' doesn't have an Id mapped. Use the Id method to map your identity property. For example: Id(x =&gt; x.Id).</Message>
          <StackTrace>    at FluentNHibernate.Visitors.ValidationVisitor.ProcessClass(ClassMapping classMapping) in d:\Builds\FluentNH\src\FluentNHibernate\Visitors\ValidationVisitor.cs:line 20
   at FluentNHibernate.MappingModel.ClassBased.ClassMapping.AcceptVisitor(IMappingModelVisitor visitor) in d:\Builds\FluentNH\src\FluentNHibernate\MappingModel\ClassBased\ClassMapping.cs:line 78
   at FluentNHibernate.Visitors.DefaultMappingModelVisitor.Visit(ClassMapping classMapping) in d:\Builds\FluentNH\src\FluentNHibernate\Visitors\DefaultMappingModelVisitor.cs:line 89
   at FluentNHibernate.MappingModel.HibernateMapping.AcceptVisitor(IMappingModelVisitor visitor) in d:\Builds\FluentNH\src\FluentNHibernate\MappingModel\HibernateMapping.cs:line 37
   at FluentNHibernate.Visitors.DefaultMappingModelVisitor.&lt;Visit&gt;b__0(HibernateMapping x) in d:\Builds\FluentNH\src\FluentNHibernate\Visitors\DefaultMappingModelVisitor.cs:line 79
   at FluentNHibernate.Utils.CollectionExtensions.Each[T](IEnumerable`1 enumerable, Action`1 each) in d:\Builds\FluentNH\src\FluentNHibernate\Utils\CollectionExtensions.cs:line 15
   at FluentNHibernate.Visitors.DefaultMappingModelVisitor.Visit(IEnumerable`1 mappings) in d:\Builds\FluentNH\src\FluentNHibernate\Visitors\DefaultMappingModelVisitor.cs:line 79
   at FluentNHibernate.PersistenceModel.ApplyVisitors(IEnumerable`1 mappings) in d:\Builds\FluentNH\src\FluentNHibernate\PersistenceModel.cs:line 214
   at FluentNHibernate.PersistenceModel.BuildMappings() in d:\Builds\FluentNH\src\FluentNHibernate\PersistenceModel.cs:line 169
   at FluentNHibernate.Automapping.AutoPersistenceModel.BuildMappings() in d:\Builds\FluentNH\src\FluentNHibernate\Automapping\AutoPersistenceModel.cs:line 134
   at FluentNHibernate.PersistenceModel.EnsureMappingsBuilt() in d:\Builds\FluentNH\src\FluentNHibernate\PersistenceModel.cs:line 221
   at FluentNHibernate.PersistenceModel.Configure(Configuration cfg) in d:\Builds\FluentNH\src\FluentNHibernate\PersistenceModel.cs:line 277
   at FluentNHibernate.Automapping.AutoPersistenceModel.Configure(Configuration configuration) in d:\Builds\FluentNH\src\FluentNHibernate\Automapping\AutoPersistenceModel.cs:line 201
   at FluentNHibernate.Cfg.AutoMappingsContainer.Apply(Configuration cfg, PersistenceModel model) in d:\Builds\FluentNH\src\FluentNHibernate\Cfg\AutoMappingsContainer.cs:line 86
   at FluentNHibernate.Cfg.MappingConfiguration.Apply(Configuration cfg) in d:\Builds\FluentNH\src\FluentNHibernate\Cfg\MappingConfiguration.cs:line 80
   at FluentNHibernate.Cfg.FluentConfiguration.BuildConfiguration() in d:\Builds\FluentNH\src\FluentNHibernate\Cfg\FluentConfiguration.cs:line 249
 --- End of inner exception stack trace ---
    at FluentNHibernate.Cfg.FluentConfiguration.BuildConfiguration() in d:\Builds\FluentNH\src\FluentNHibernate\Cfg\FluentConfiguration.cs:line 264
   at FluentNHibernate.Cfg.FluentConfiguration.BuildSessionFactory() in d:\Builds\FluentNH\src\FluentNHibernate\Cfg\FluentConfiguration.cs:line 230
 --- End of inner exception stack trace ---
    at FluentNHibernate.Cfg.FluentConfiguration.BuildSessionFactory() in d:\Builds\FluentNH\src\FluentNHibernate\Cfg\FluentConfiguration.cs:line 235
   at TestProject.NhModelsMapper.GetSessionFactory(String connectionString) in C:\Users\Michael\_CODE\Ienablemuch.ToTheEfnhX\TestProject\NhDbMapper.cs:line 63
   at TestProject.TestTheIRepository.Nh_SessionTransaction_can_detect_its_own_transaction_commitness_only() in C:\Users\Michael\_CODE\Ienablemuch.ToTheEfnhX\TestProject\TestTheIRepository.cs:line 1292
</StackTrace>
        </ErrorInfo>
      </Output>
    </UnitTestResult>
    <UnitTestResult executionId="5974a2e8-b508-4cef-80e2-4b31bb61c595" testId="8557e6ab-47d2-b8b1-2926-0bb94a2d505d" testName="Nh_CanDetectDeleteConflictingDelete" computerName="MICHAEL-PC" duration="00:00:00.0337027" startTime="2012-06-03T10:12:27.2550000+08:00" endTime="2012-06-03T10:12:27.3030000+08:00" testType="13cdc9d9-ddb5-4fa4-a97d-d965ccfc6d4b" outcome="Failed" testListId="8c84fa94-04c1-424b-9868-57a2d4851a1d" relativeResultsDirectory="5974a2e8-b508-4cef-80e2-4b31bb61c595">
      <Output>
        <ErrorInfo>
          <Message>Test method TestProject.TestTheIRepository.Nh_CanDetectDeleteConflictingDelete threw exception FluentNHibernate.Cfg.FluentConfigurationException, but exception Ienablemuch.ToTheEfnhX.DbChangesConcurrencyException was expected. Exception message: FluentNHibernate.Cfg.FluentConfigurationException: An invalid or incomplete configuration was used while creating a SessionFactory. Check PotentialReasons collection, and InnerException for more detail.

 ---&gt; FluentNHibernate.Cfg.FluentConfigurationException: An invalid or incomplete configuration was used while creating a SessionFactory. Check PotentialReasons collection, and InnerException for more detail.

 ---&gt; FluentNHibernate.Visitors.ValidationException: The entity 'Answer' doesn't have an Id mapped. Use the Id method to map your identity property. For example: Id(x =&gt; x.Id).</Message>
          <StackTrace>    at FluentNHibernate.Visitors.ValidationVisitor.ProcessClass(ClassMapping classMapping) in d:\Builds\FluentNH\src\FluentNHibernate\Visitors\ValidationVisitor.cs:line 20
   at FluentNHibernate.MappingModel.ClassBased.ClassMapping.AcceptVisitor(IMappingModelVisitor visitor) in d:\Builds\FluentNH\src\FluentNHibernate\MappingModel\ClassBased\ClassMapping.cs:line 78
   at FluentNHibernate.Visitors.DefaultMappingModelVisitor.Visit(ClassMapping classMapping) in d:\Builds\FluentNH\src\FluentNHibernate\Visitors\DefaultMappingModelVisitor.cs:line 89
   at FluentNHibernate.MappingModel.HibernateMapping.AcceptVisitor(IMappingModelVisitor visitor) in d:\Builds\FluentNH\src\FluentNHibernate\MappingModel\HibernateMapping.cs:line 37
   at FluentNHibernate.Visitors.DefaultMappingModelVisitor.&lt;Visit&gt;b__0(HibernateMapping x) in d:\Builds\FluentNH\src\FluentNHibernate\Visitors\DefaultMappingModelVisitor.cs:line 79
   at FluentNHibernate.Utils.CollectionExtensions.Each[T](IEnumerable`1 enumerable, Action`1 each) in d:\Builds\FluentNH\src\FluentNHibernate\Utils\CollectionExtensions.cs:line 15
   at FluentNHibernate.Visitors.DefaultMappingModelVisitor.Visit(IEnumerable`1 mappings) in d:\Builds\FluentNH\src\FluentNHibernate\Visitors\DefaultMappingModelVisitor.cs:line 79
   at FluentNHibernate.PersistenceModel.ApplyVisitors(IEnumerable`1 mappings) in d:\Builds\FluentNH\src\FluentNHibernate\PersistenceModel.cs:line 214
   at FluentNHibernate.PersistenceModel.BuildMappings() in d:\Builds\FluentNH\src\FluentNHibernate\PersistenceModel.cs:line 169
   at FluentNHibernate.Automapping.AutoPersistenceModel.BuildMappings() in d:\Builds\FluentNH\src\FluentNHibernate\Automapping\AutoPersistenceModel.cs:line 134
   at FluentNHibernate.PersistenceModel.EnsureMappingsBuilt() in d:\Builds\FluentNH\src\FluentNHibernate\PersistenceModel.cs:line 221
   at FluentNHibernate.PersistenceModel.Configure(Configuration cfg) in d:\Builds\FluentNH\src\FluentNHibernate\PersistenceModel.cs:line 277
   at FluentNHibernate.Automapping.AutoPersistenceModel.Configure(Configuration configuration) in d:\Builds\FluentNH\src\FluentNHibernate\Automapping\AutoPersistenceModel.cs:line 201
   at FluentNHibernate.Cfg.AutoMappingsContainer.Apply(Configuration cfg, PersistenceModel model) in d:\Builds\FluentNH\src\FluentNHibernate\Cfg\AutoMappingsContainer.cs:line 86
   at FluentNHibernate.Cfg.MappingConfiguration.Apply(Configuration cfg) in d:\Builds\FluentNH\src\FluentNHibernate\Cfg\MappingConfiguration.cs:line 80
   at FluentNHibernate.Cfg.FluentConfiguration.BuildConfiguration() in d:\Builds\FluentNH\src\FluentNHibernate\Cfg\FluentConfiguration.cs:line 249
 --- End of inner exception stack trace ---
    at FluentNHibernate.Cfg.FluentConfiguration.BuildConfiguration() in d:\Builds\FluentNH\src\FluentNHibernate\Cfg\FluentConfiguration.cs:line 264
   at FluentNHibernate.Cfg.FluentConfiguration.BuildSessionFactory() in d:\Builds\FluentNH\src\FluentNHibernate\Cfg\FluentConfiguration.cs:line 230
 --- End of inner exception stack trace ---
    at FluentNHibernate.Cfg.FluentConfiguration.BuildSessionFactory() in d:\Builds\FluentNH\src\FluentNHibernate\Cfg\FluentConfiguration.cs:line 235
   at TestProject.NhModelsMapper.GetSessionFactory(String connectionString) in C:\Users\Michael\_CODE\Ienablemuch.ToTheEfnhX\TestProject\NhDbMapper.cs:line 63
   at TestProject.TestTheIRepository.Nh_CanDetectDeleteConflictingDelete() in C:\Users\Michael\_CODE\Ienablemuch.ToTheEfnhX\TestProject\TestTheIRepository.cs:line 609
</StackTrace>
        </ErrorInfo>
      </Output>
    </UnitTestResult>
    <UnitTestResult executionId="cffe55c9-a4de-487a-89e6-a4877a201973" testId="86150143-fb0b-c807-6c85-448e509331e0" testName="Ef_HasRowVersion" computerName="MICHAEL-PC" duration="00:00:00.0037979" startTime="2012-06-03T10:12:27.3110000+08:00" endTime="2012-06-03T10:12:27.3190000+08:00" testType="13cdc9d9-ddb5-4fa4-a97d-d965ccfc6d4b" outcome="Failed" testListId="8c84fa94-04c1-424b-9868-57a2d4851a1d" relativeResultsDirectory="cffe55c9-a4de-487a-89e6-a4877a201973">
      <Output>
        <ErrorInfo>
          <Message>Test method TestProject.TestTheIRepository.Ef_HasRowVersion threw exception: 
System.MissingMethodException: Method 'TestProject.SampleModel.Product.ProductId' not found.</Message>
          <StackTrace>    at System.RuntimeType.InvokeMember(String name, BindingFlags bindingFlags, Binder binder, Object target, Object[] providedArgs, ParameterModifier[] modifiers, CultureInfo culture, String[] namedParams)
   at Ienablemuch.ToTheEfnhX.EntityFramework.EfRepository`1.Save(TEnt ent, Byte[] version) in C:\Users\Michael\_CODE\Ienablemuch.ToTheEfnhX\Ienablemuch.ToTheEfnhX.EntityFramework\EfRepository.cs:line 47
   at TestProject.TestTheIRepository.Common_HasRowVersion(IRepository`1 db) in C:\Users\Michael\_CODE\Ienablemuch.ToTheEfnhX\TestProject\TestTheIRepository.cs:line 431
   at TestProject.TestTheIRepository.Ef_HasRowVersion() in C:\Users\Michael\_CODE\Ienablemuch.ToTheEfnhX\TestProject\TestTheIRepository.cs:line 413
</StackTrace>
        </ErrorInfo>
      </Output>
    </UnitTestResult>
    <UnitTestResult executionId="84f21e82-ca8c-4aa6-8136-9ce4a4fcda24" testId="8ae0b4b0-ccc4-fc93-736a-72af24764f70" testName="Nh_Can_queue_changes" computerName="MICHAEL-PC" duration="00:00:00.0204188" startTime="2012-06-03T10:12:27.3230000+08:00" endTime="2012-06-03T10:12:27.3510000+08:00" testType="13cdc9d9-ddb5-4fa4-a97d-d965ccfc6d4b" outcome="Failed" testListId="8c84fa94-04c1-424b-9868-57a2d4851a1d" relativeResultsDirectory="84f21e82-ca8c-4aa6-8136-9ce4a4fcda24">
      <Output>
        <ErrorInfo>
          <Message>Test method TestProject.TestTheIRepository.Nh_Can_queue_changes threw exception: 
FluentNHibernate.Cfg.FluentConfigurationException: An invalid or incomplete configuration was used while creating a SessionFactory. Check PotentialReasons collection, and InnerException for more detail.

 ---&gt; FluentNHibernate.Cfg.FluentConfigurationException: An invalid or incomplete configuration was used while creating a SessionFactory. Check PotentialReasons collection, and InnerException for more detail.

 ---&gt; FluentNHibernate.Visitors.ValidationException: The entity 'Answer' doesn't have an Id mapped. Use the Id method to map your identity property. For example: Id(x =&gt; x.Id).</Message>
          <StackTrace>    at FluentNHibernate.Visitors.ValidationVisitor.ProcessClass(ClassMapping classMapping) in d:\Builds\FluentNH\src\FluentNHibernate\Visitors\ValidationVisitor.cs:line 20
   at FluentNHibernate.MappingModel.ClassBased.ClassMapping.AcceptVisitor(IMappingModelVisitor visitor) in d:\Builds\FluentNH\src\FluentNHibernate\MappingModel\ClassBased\ClassMapping.cs:line 78
   at FluentNHibernate.Visitors.DefaultMappingModelVisitor.Visit(ClassMapping classMapping) in d:\Builds\FluentNH\src\FluentNHibernate\Visitors\DefaultMappingModelVisitor.cs:line 89
   at FluentNHibernate.MappingModel.HibernateMapping.AcceptVisitor(IMappingModelVisitor visitor) in d:\Builds\FluentNH\src\FluentNHibernate\MappingModel\HibernateMapping.cs:line 37
   at FluentNHibernate.Visitors.DefaultMappingModelVisitor.&lt;Visit&gt;b__0(HibernateMapping x) in d:\Builds\FluentNH\src\FluentNHibernate\Visitors\DefaultMappingModelVisitor.cs:line 79
   at FluentNHibernate.Utils.CollectionExtensions.Each[T](IEnumerable`1 enumerable, Action`1 each) in d:\Builds\FluentNH\src\FluentNHibernate\Utils\CollectionExtensions.cs:line 15
   at FluentNHibernate.Visitors.DefaultMappingModelVisitor.Visit(IEnumerable`1 mappings) in d:\Builds\FluentNH\src\FluentNHibernate\Visitors\DefaultMappingModelVisitor.cs:line 79
   at FluentNHibernate.PersistenceModel.ApplyVisitors(IEnumerable`1 mappings) in d:\Builds\FluentNH\src\FluentNHibernate\PersistenceModel.cs:line 214
   at FluentNHibernate.PersistenceModel.BuildMappings() in d:\Builds\FluentNH\src\FluentNHibernate\PersistenceModel.cs:line 169
   at FluentNHibernate.Automapping.AutoPersistenceModel.BuildMappings() in d:\Builds\FluentNH\src\FluentNHibernate\Automapping\AutoPersistenceModel.cs:line 134
   at FluentNHibernate.PersistenceModel.EnsureMappingsBuilt() in d:\Builds\FluentNH\src\FluentNHibernate\PersistenceModel.cs:line 221
   at FluentNHibernate.PersistenceModel.Configure(Configuration cfg) in d:\Builds\FluentNH\src\FluentNHibernate\PersistenceModel.cs:line 277
   at FluentNHibernate.Automapping.AutoPersistenceModel.Configure(Configuration configuration) in d:\Builds\FluentNH\src\FluentNHibernate\Automapping\AutoPersistenceModel.cs:line 201
   at FluentNHibernate.Cfg.AutoMappingsContainer.Apply(Configuration cfg, PersistenceModel model) in d:\Builds\FluentNH\src\FluentNHibernate\Cfg\AutoMappingsContainer.cs:line 86
   at FluentNHibernate.Cfg.MappingConfiguration.Apply(Configuration cfg) in d:\Builds\FluentNH\src\FluentNHibernate\Cfg\MappingConfiguration.cs:line 80
   at FluentNHibernate.Cfg.FluentConfiguration.BuildConfiguration() in d:\Builds\FluentNH\src\FluentNHibernate\Cfg\FluentConfiguration.cs:line 249
 --- End of inner exception stack trace ---
    at FluentNHibernate.Cfg.FluentConfiguration.BuildConfiguration() in d:\Builds\FluentNH\src\FluentNHibernate\Cfg\FluentConfiguration.cs:line 264
   at FluentNHibernate.Cfg.FluentConfiguration.BuildSessionFactory() in d:\Builds\FluentNH\src\FluentNHibernate\Cfg\FluentConfiguration.cs:line 230
 --- End of inner exception stack trace ---
    at FluentNHibernate.Cfg.FluentConfiguration.BuildSessionFactory() in d:\Builds\FluentNH\src\FluentNHibernate\Cfg\FluentConfiguration.cs:line 235
   at TestProject.NhModelsMapper.GetSessionFactory(String connectionString) in C:\Users\Michael\_CODE\Ienablemuch.ToTheEfnhX\TestProject\NhDbMapper.cs:line 63
   at TestProject.TestTheIRepository.Nh_Can_queue_changes() in C:\Users\Michael\_CODE\Ienablemuch.ToTheEfnhX\TestProject\TestTheIRepository.cs:line 881
</StackTrace>
        </ErrorInfo>
      </Output>
    </UnitTestResult>
    <UnitTestResult executionId="f6aebdf4-d791-4637-bfbf-195b3419dc33" testId="8af4731e-1204-41e4-f479-73db6099844b" testName="Nh_Can_Orm_Merge_Can_Create" computerName="MICHAEL-PC" duration="00:00:00.0213673" startTime="2012-06-03T10:12:27.3570000+08:00" endTime="2012-06-03T10:12:27.3830000+08:00" testType="13cdc9d9-ddb5-4fa4-a97d-d965ccfc6d4b" outcome="Failed" testListId="8c84fa94-04c1-424b-9868-57a2d4851a1d" relativeResultsDirectory="f6aebdf4-d791-4637-bfbf-195b3419dc33">
      <Output>
        <ErrorInfo>
          <Message>Test method TestProject.TestTheIRepository.Nh_Can_Orm_Merge_Can_Create threw exception: 
FluentNHibernate.Cfg.FluentConfigurationException: An invalid or incomplete configuration was used while creating a SessionFactory. Check PotentialReasons collection, and InnerException for more detail.

 ---&gt; FluentNHibernate.Cfg.FluentConfigurationException: An invalid or incomplete configuration was used while creating a SessionFactory. Check PotentialReasons collection, and InnerException for more detail.

 ---&gt; FluentNHibernate.Visitors.ValidationException: The entity 'Answer' doesn't have an Id mapped. Use the Id method to map your identity property. For example: Id(x =&gt; x.Id).</Message>
          <StackTrace>    at FluentNHibernate.Visitors.ValidationVisitor.ProcessClass(ClassMapping classMapping) in d:\Builds\FluentNH\src\FluentNHibernate\Visitors\ValidationVisitor.cs:line 20
   at FluentNHibernate.MappingModel.ClassBased.ClassMapping.AcceptVisitor(IMappingModelVisitor visitor) in d:\Builds\FluentNH\src\FluentNHibernate\MappingModel\ClassBased\ClassMapping.cs:line 78
   at FluentNHibernate.Visitors.DefaultMappingModelVisitor.Visit(ClassMapping classMapping) in d:\Builds\FluentNH\src\FluentNHibernate\Visitors\DefaultMappingModelVisitor.cs:line 89
   at FluentNHibernate.MappingModel.HibernateMapping.AcceptVisitor(IMappingModelVisitor visitor) in d:\Builds\FluentNH\src\FluentNHibernate\MappingModel\HibernateMapping.cs:line 37
   at FluentNHibernate.Visitors.DefaultMappingModelVisitor.&lt;Visit&gt;b__0(HibernateMapping x) in d:\Builds\FluentNH\src\FluentNHibernate\Visitors\DefaultMappingModelVisitor.cs:line 79
   at FluentNHibernate.Utils.CollectionExtensions.Each[T](IEnumerable`1 enumerable, Action`1 each) in d:\Builds\FluentNH\src\FluentNHibernate\Utils\CollectionExtensions.cs:line 15
   at FluentNHibernate.Visitors.DefaultMappingModelVisitor.Visit(IEnumerable`1 mappings) in d:\Builds\FluentNH\src\FluentNHibernate\Visitors\DefaultMappingModelVisitor.cs:line 79
   at FluentNHibernate.PersistenceModel.ApplyVisitors(IEnumerable`1 mappings) in d:\Builds\FluentNH\src\FluentNHibernate\PersistenceModel.cs:line 214
   at FluentNHibernate.PersistenceModel.BuildMappings() in d:\Builds\FluentNH\src\FluentNHibernate\PersistenceModel.cs:line 169
   at FluentNHibernate.Automapping.AutoPersistenceModel.BuildMappings() in d:\Builds\FluentNH\src\FluentNHibernate\Automapping\AutoPersistenceModel.cs:line 134
   at FluentNHibernate.PersistenceModel.EnsureMappingsBuilt() in d:\Builds\FluentNH\src\FluentNHibernate\PersistenceModel.cs:line 221
   at FluentNHibernate.PersistenceModel.Configure(Configuration cfg) in d:\Builds\FluentNH\src\FluentNHibernate\PersistenceModel.cs:line 277
   at FluentNHibernate.Automapping.AutoPersistenceModel.Configure(Configuration configuration) in d:\Builds\FluentNH\src\FluentNHibernate\Automapping\AutoPersistenceModel.cs:line 201
   at FluentNHibernate.Cfg.AutoMappingsContainer.Apply(Configuration cfg, PersistenceModel model) in d:\Builds\FluentNH\src\FluentNHibernate\Cfg\AutoMappingsContainer.cs:line 86
   at FluentNHibernate.Cfg.MappingConfiguration.Apply(Configuration cfg) in d:\Builds\FluentNH\src\FluentNHibernate\Cfg\MappingConfiguration.cs:line 80
   at FluentNHibernate.Cfg.FluentConfiguration.BuildConfiguration() in d:\Builds\FluentNH\src\FluentNHibernate\Cfg\FluentConfiguration.cs:line 249
 --- End of inner exception stack trace ---
    at FluentNHibernate.Cfg.FluentConfiguration.BuildConfiguration() in d:\Builds\FluentNH\src\FluentNHibernate\Cfg\FluentConfiguration.cs:line 264
   at FluentNHibernate.Cfg.FluentConfiguration.BuildSessionFactory() in d:\Builds\FluentNH\src\FluentNHibernate\Cfg\FluentConfiguration.cs:line 230
 --- End of inner exception stack trace ---
    at FluentNHibernate.Cfg.FluentConfiguration.BuildSessionFactory() in d:\Builds\FluentNH\src\FluentNHibernate\Cfg\FluentConfiguration.cs:line 235
   at TestProject.NhModelsMapper.GetSessionFactory(String connectionString) in C:\Users\Michael\_CODE\Ienablemuch.ToTheEfnhX\TestProject\NhDbMapper.cs:line 63
   at TestProject.TestTheIRepository.Nh_Can_Orm_Merge_Can_Create() in C:\Users\Michael\_CODE\Ienablemuch.ToTheEfnhX\TestProject\TestTheIRepository.cs:line 719
</StackTrace>
        </ErrorInfo>
      </Output>
    </UnitTestResult>
    <UnitTestResult executionId="531e2358-ed66-4205-86ee-479e341b85cf" testId="8bf5c997-85a0-f72e-564a-9d66e659263c" testName="Ef_CanDetectDeleteConflictingUpdate" computerName="MICHAEL-PC" duration="00:00:00.0073797" startTime="2012-06-03T10:12:27.3910000+08:00" endTime="2012-06-03T10:12:27.4050000+08:00" testType="13cdc9d9-ddb5-4fa4-a97d-d965ccfc6d4b" outcome="Failed" testListId="8c84fa94-04c1-424b-9868-57a2d4851a1d" relativeResultsDirectory="531e2358-ed66-4205-86ee-479e341b85cf">
      <Output>
        <ErrorInfo>
          <Message>Test method TestProject.TestTheIRepository.Ef_CanDetectDeleteConflictingUpdate threw exception System.MissingMethodException, but exception Ienablemuch.ToTheEfnhX.DbChangesConcurrencyException was expected. Exception message: System.MissingMethodException: Method 'TestProject.SampleModel.Product.ProductId' not found.</Message>
          <StackTrace>    at System.RuntimeType.InvokeMember(String name, BindingFlags bindingFlags, Binder binder, Object target, Object[] providedArgs, ParameterModifier[] modifiers, CultureInfo culture, String[] namedParams)
   at Ienablemuch.ToTheEfnhX.EntityFramework.EfRepository`1.Save(TEnt ent, Byte[] version) in C:\Users\Michael\_CODE\Ienablemuch.ToTheEfnhX\Ienablemuch.ToTheEfnhX.EntityFramework\EfRepository.cs:line 47
   at TestProject.TestTheIRepository.Common_CanDetectDeleteConflictingUpdate(IRepository`1 db) in C:\Users\Michael\_CODE\Ienablemuch.ToTheEfnhX\TestProject\TestTheIRepository.cs:line 572
   at TestProject.TestTheIRepository.Ef_CanDetectDeleteConflictingUpdate() in C:\Users\Michael\_CODE\Ienablemuch.ToTheEfnhX\TestProject\TestTheIRepository.cs:line 554
</StackTrace>
        </ErrorInfo>
      </Output>
    </UnitTestResult>
    <UnitTestResult executionId="6bdc9616-887c-47a2-a14c-9dfbfe1a697f" testId="8c5d9d25-e5b8-63c8-9c42-cebb67787fde" testName="Memory_CanSave" computerName="MICHAEL-PC" duration="00:00:00.0021479" startTime="2012-06-03T10:12:27.4100000+08:00" endTime="2012-06-03T10:12:27.4200000+08:00" testType="13cdc9d9-ddb5-4fa4-a97d-d965ccfc6d4b" outcome="Failed" testListId="8c84fa94-04c1-424b-9868-57a2d4851a1d" relativeResultsDirectory="6bdc9616-887c-47a2-a14c-9dfbfe1a697f">
      <Output>
        <ErrorInfo>
          <Message>Test method TestProject.TestTheIRepository.Memory_CanSave threw exception: 
System.MissingMethodException: Method 'TestProject.SampleModel.Product.ProductId' not found.</Message>
          <StackTrace>    at System.RuntimeType.InvokeMember(String name, BindingFlags bindingFlags, Binder binder, Object target, Object[] providedArgs, ParameterModifier[] modifiers, CultureInfo culture, String[] namedParams)
   at Ienablemuch.ToTheEfnhX.Memory.MemoryRepository`1.Save(Ent ent, Byte[] version) in C:\Users\Michael\_CODE\Ienablemuch.ToTheEfnhX\Ienablemuch.ToTheEfnhX.Memory\MemoryRepository.cs:line 41
   at TestProject.TestTheIRepository.Common_CanSave(IRepository`1 db) in C:\Users\Michael\_CODE\Ienablemuch.ToTheEfnhX\TestProject\TestTheIRepository.cs:line 106
   at TestProject.TestTheIRepository.Memory_CanSave() in C:\Users\Michael\_CODE\Ienablemuch.ToTheEfnhX\TestProject\TestTheIRepository.cs:line 82
</StackTrace>
        </ErrorInfo>
      </Output>
    </UnitTestResult>
    <UnitTestResult executionId="12dde928-3697-4f7a-b33a-8fa0a9414839" testId="919c9ab6-d8de-ff18-95fc-25bc030735bd" testName="Nh_HasRowVersion" computerName="MICHAEL-PC" duration="00:00:00.0208079" startTime="2012-06-03T10:12:27.4250000+08:00" endTime="2012-06-03T10:12:27.4560000+08:00" testType="13cdc9d9-ddb5-4fa4-a97d-d965ccfc6d4b" outcome="Failed" testListId="8c84fa94-04c1-424b-9868-57a2d4851a1d" relativeResultsDirectory="12dde928-3697-4f7a-b33a-8fa0a9414839">
      <Output>
        <ErrorInfo>
          <Message>Test method TestProject.TestTheIRepository.Nh_HasRowVersion threw exception: 
FluentNHibernate.Cfg.FluentConfigurationException: An invalid or incomplete configuration was used while creating a SessionFactory. Check PotentialReasons collection, and InnerException for more detail.

 ---&gt; FluentNHibernate.Cfg.FluentConfigurationException: An invalid or incomplete configuration was used while creating a SessionFactory. Check PotentialReasons collection, and InnerException for more detail.

 ---&gt; FluentNHibernate.Visitors.ValidationException: The entity 'Answer' doesn't have an Id mapped. Use the Id method to map your identity property. For example: Id(x =&gt; x.Id).</Message>
          <StackTrace>    at FluentNHibernate.Visitors.ValidationVisitor.ProcessClass(ClassMapping classMapping) in d:\Builds\FluentNH\src\FluentNHibernate\Visitors\ValidationVisitor.cs:line 20
   at FluentNHibernate.MappingModel.ClassBased.ClassMapping.AcceptVisitor(IMappingModelVisitor visitor) in d:\Builds\FluentNH\src\FluentNHibernate\MappingModel\ClassBased\ClassMapping.cs:line 78
   at FluentNHibernate.Visitors.DefaultMappingModelVisitor.Visit(ClassMapping classMapping) in d:\Builds\FluentNH\src\FluentNHibernate\Visitors\DefaultMappingModelVisitor.cs:line 89
   at FluentNHibernate.MappingModel.HibernateMapping.AcceptVisitor(IMappingModelVisitor visitor) in d:\Builds\FluentNH\src\FluentNHibernate\MappingModel\HibernateMapping.cs:line 37
   at FluentNHibernate.Visitors.DefaultMappingModelVisitor.&lt;Visit&gt;b__0(HibernateMapping x) in d:\Builds\FluentNH\src\FluentNHibernate\Visitors\DefaultMappingModelVisitor.cs:line 79
   at FluentNHibernate.Utils.CollectionExtensions.Each[T](IEnumerable`1 enumerable, Action`1 each) in d:\Builds\FluentNH\src\FluentNHibernate\Utils\CollectionExtensions.cs:line 15
   at FluentNHibernate.Visitors.DefaultMappingModelVisitor.Visit(IEnumerable`1 mappings) in d:\Builds\FluentNH\src\FluentNHibernate\Visitors\DefaultMappingModelVisitor.cs:line 79
   at FluentNHibernate.PersistenceModel.ApplyVisitors(IEnumerable`1 mappings) in d:\Builds\FluentNH\src\FluentNHibernate\PersistenceModel.cs:line 214
   at FluentNHibernate.PersistenceModel.BuildMappings() in d:\Builds\FluentNH\src\FluentNHibernate\PersistenceModel.cs:line 169
   at FluentNHibernate.Automapping.AutoPersistenceModel.BuildMappings() in d:\Builds\FluentNH\src\FluentNHibernate\Automapping\AutoPersistenceModel.cs:line 134
   at FluentNHibernate.PersistenceModel.EnsureMappingsBuilt() in d:\Builds\FluentNH\src\FluentNHibernate\PersistenceModel.cs:line 221
   at FluentNHibernate.PersistenceModel.Configure(Configuration cfg) in d:\Builds\FluentNH\src\FluentNHibernate\PersistenceModel.cs:line 277
   at FluentNHibernate.Automapping.AutoPersistenceModel.Configure(Configuration configuration) in d:\Builds\FluentNH\src\FluentNHibernate\Automapping\AutoPersistenceModel.cs:line 201
   at FluentNHibernate.Cfg.AutoMappingsContainer.Apply(Configuration cfg, PersistenceModel model) in d:\Builds\FluentNH\src\FluentNHibernate\Cfg\AutoMappingsContainer.cs:line 86
   at FluentNHibernate.Cfg.MappingConfiguration.Apply(Configuration cfg) in d:\Builds\FluentNH\src\FluentNHibernate\Cfg\MappingConfiguration.cs:line 80
   at FluentNHibernate.Cfg.FluentConfiguration.BuildConfiguration() in d:\Builds\FluentNH\src\FluentNHibernate\Cfg\FluentConfiguration.cs:line 249
 --- End of inner exception stack trace ---
    at FluentNHibernate.Cfg.FluentConfiguration.BuildConfiguration() in d:\Builds\FluentNH\src\FluentNHibernate\Cfg\FluentConfiguration.cs:line 264
   at FluentNHibernate.Cfg.FluentConfiguration.BuildSessionFactory() in d:\Builds\FluentNH\src\FluentNHibernate\Cfg\FluentConfiguration.cs:line 230
 --- End of inner exception stack trace ---
    at FluentNHibernate.Cfg.FluentConfiguration.BuildSessionFactory() in d:\Builds\FluentNH\src\FluentNHibernate\Cfg\FluentConfiguration.cs:line 235
   at TestProject.NhModelsMapper.GetSessionFactory(String connectionString) in C:\Users\Michael\_CODE\Ienablemuch.ToTheEfnhX\TestProject\NhDbMapper.cs:line 63
   at TestProject.TestTheIRepository.Nh_HasRowVersion() in C:\Users\Michael\_CODE\Ienablemuch.ToTheEfnhX\TestProject\TestTheIRepository.cs:line 419
</StackTrace>
        </ErrorInfo>
      </Output>
    </UnitTestResult>
    <UnitTestResult executionId="c77aab23-dc40-48be-963f-19b21f9ebd37" testId="9608206a-383a-828f-299c-2c493d95d886" testName="Memory_CanDetectDeleteConflictingUpdate" computerName="MICHAEL-PC" duration="00:00:00.0017407" startTime="2012-06-03T10:12:27.4620000+08:00" endTime="2012-06-03T10:12:27.4680000+08:00" testType="13cdc9d9-ddb5-4fa4-a97d-d965ccfc6d4b" outcome="Failed" testListId="8c84fa94-04c1-424b-9868-57a2d4851a1d" relativeResultsDirectory="c77aab23-dc40-48be-963f-19b21f9ebd37">
      <Output>
        <ErrorInfo>
          <Message>Test method TestProject.TestTheIRepository.Memory_CanDetectDeleteConflictingUpdate threw exception System.MissingMethodException, but exception Ienablemuch.ToTheEfnhX.DbChangesConcurrencyException was expected. Exception message: System.MissingMethodException: Method 'TestProject.SampleModel.Product.ProductId' not found.</Message>
          <StackTrace>    at System.RuntimeType.InvokeMember(String name, BindingFlags bindingFlags, Binder binder, Object target, Object[] providedArgs, ParameterModifier[] modifiers, CultureInfo culture, String[] namedParams)
   at Ienablemuch.ToTheEfnhX.Memory.MemoryRepository`1.Save(Ent ent, Byte[] version) in C:\Users\Michael\_CODE\Ienablemuch.ToTheEfnhX\Ienablemuch.ToTheEfnhX.Memory\MemoryRepository.cs:line 41
   at TestProject.TestTheIRepository.Common_CanDetectDeleteConflictingUpdate(IRepository`1 db) in C:\Users\Michael\_CODE\Ienablemuch.ToTheEfnhX\TestProject\TestTheIRepository.cs:line 572
   at TestProject.TestTheIRepository.Memory_CanDetectDeleteConflictingUpdate() in C:\Users\Michael\_CODE\Ienablemuch.ToTheEfnhX\TestProject\TestTheIRepository.cs:line 546
</StackTrace>
        </ErrorInfo>
      </Output>
    </UnitTestResult>
    <UnitTestResult executionId="da4ae0d0-516c-40df-a927-117327158b19" testId="9ce2ff54-3bea-2c09-7986-c83994c1d685" testName="Ef_CanUpdate" computerName="MICHAEL-PC" duration="00:00:00.0099431" startTime="2012-06-03T10:12:27.4730000+08:00" endTime="2012-06-03T10:12:27.5010000+08:00" testType="13cdc9d9-ddb5-4fa4-a97d-d965ccfc6d4b" outcome="Failed" testListId="8c84fa94-04c1-424b-9868-57a2d4851a1d" relativeResultsDirectory="da4ae0d0-516c-40df-a927-117327158b19">
      <Output>
        <ErrorInfo>
          <Message>Test method TestProject.TestTheIRepository.Ef_CanUpdate threw exception: 
System.MissingMethodException: Method 'TestProject.SampleModel.Product.ProductId' not found.</Message>
          <StackTrace>    at System.RuntimeType.InvokeMember(String name, BindingFlags bindingFlags, Binder binder, Object target, Object[] providedArgs, ParameterModifier[] modifiers, CultureInfo culture, String[] namedParams)
   at Ienablemuch.ToTheEfnhX.EntityFramework.EfRepository`1.Merge(TEnt ent, Byte[] version) in C:\Users\Michael\_CODE\Ienablemuch.ToTheEfnhX\Ienablemuch.ToTheEfnhX.EntityFramework\EfRepository.cs:line 155
   at TestProject.TestTheIRepository.Common_CanUpdate(IRepository`1 db) in C:\Users\Michael\_CODE\Ienablemuch.ToTheEfnhX\TestProject\TestTheIRepository.cs:line 342
   at TestProject.TestTheIRepository.Ef_CanUpdate() in C:\Users\Michael\_CODE\Ienablemuch.ToTheEfnhX\TestProject\TestTheIRepository.cs:line 306
</StackTrace>
        </ErrorInfo>
      </Output>
    </UnitTestResult>
    <UnitTestResult executionId="a8712ef5-2622-4f40-84d6-4d98de7ad758" testId="a2256363-4989-1fab-e208-96edc389fe3c" testName="Ef_Can_Orm_do_cascaded_deletions" computerName="MICHAEL-PC" duration="00:00:00.0054755" startTime="2012-06-03T10:12:27.5190000+08:00" endTime="2012-06-03T10:12:27.5510000+08:00" testType="13cdc9d9-ddb5-4fa4-a97d-d965ccfc6d4b" outcome="Failed" testListId="8c84fa94-04c1-424b-9868-57a2d4851a1d" relativeResultsDirectory="a8712ef5-2622-4f40-84d6-4d98de7ad758">
      <Output>
        <ErrorInfo>
          <Message>Test method TestProject.TestTheIRepository.Ef_Can_Orm_do_cascaded_deletions threw exception: 
System.MissingMethodException: Method 'TestProject.SampleModel.Question.QuestionId' not found.</Message>
          <StackTrace>    at System.RuntimeType.InvokeMember(String name, BindingFlags bindingFlags, Binder binder, Object target, Object[] providedArgs, ParameterModifier[] modifiers, CultureInfo culture, String[] namedParams)
   at Ienablemuch.ToTheEfnhX.EntityFramework.EfRepository`1.Merge(TEnt ent, Byte[] version) in C:\Users\Michael\_CODE\Ienablemuch.ToTheEfnhX\Ienablemuch.ToTheEfnhX.EntityFramework\EfRepository.cs:line 155
   at TestProject.TestTheIRepository.Refactored_Common_Merge_Arrange_Create(IRepository`1 repo) in C:\Users\Michael\_CODE\Ienablemuch.ToTheEfnhX\TestProject\TestTheIRepository.cs:line 847
   at TestProject.TestTheIRepository.Common_Can_Orm_do_cascaded_deletions(IRepository`1 db) in C:\Users\Michael\_CODE\Ienablemuch.ToTheEfnhX\TestProject\TestTheIRepository.cs:line 1012
   at TestProject.TestTheIRepository.Ef_Can_Orm_do_cascaded_deletions() in C:\Users\Michael\_CODE\Ienablemuch.ToTheEfnhX\TestProject\TestTheIRepository.cs:line 1007
</StackTrace>
        </ErrorInfo>
      </Output>
    </UnitTestResult>
    <UnitTestResult executionId="caaddd3f-018d-46ea-bdb1-6430a8c8d05c" testId="a9ed84c2-917f-5ccb-44a7-7e3cea9cd5e0" testName="Ef_Can_Orm_Merge_Can_Create" computerName="MICHAEL-PC" duration="00:00:00.0453144" startTime="2012-06-03T10:12:27.5610000+08:00" endTime="2012-06-03T10:12:27.6480000+08:00" testType="13cdc9d9-ddb5-4fa4-a97d-d965ccfc6d4b" outcome="Failed" testListId="8c84fa94-04c1-424b-9868-57a2d4851a1d" relativeResultsDirectory="caaddd3f-018d-46ea-bdb1-6430a8c8d05c">
      <Output>
        <ErrorInfo>
          <Message>Test method TestProject.TestTheIRepository.Ef_Can_Orm_Merge_Can_Create threw exception: 
System.MissingMethodException: Method 'TestProject.SampleModel.Question.QuestionId' not found.</Message>
          <StackTrace>    at System.RuntimeType.InvokeMember(String name, BindingFlags bindingFlags, Binder binder, Object target, Object[] providedArgs, ParameterModifier[] modifiers, CultureInfo culture, String[] namedParams)
   at Ienablemuch.ToTheEfnhX.EntityFramework.EfRepository`1.Merge(TEnt ent, Byte[] version) in C:\Users\Michael\_CODE\Ienablemuch.ToTheEfnhX\Ienablemuch.ToTheEfnhX.EntityFramework\EfRepository.cs:line 155
   at TestProject.TestTheIRepository.Refactored_Common_Merge_Arrange_Create(IRepository`1 repo) in C:\Users\Michael\_CODE\Ienablemuch.ToTheEfnhX\TestProject\TestTheIRepository.cs:line 847
   at TestProject.TestTheIRepository.Common_Can_Orm_Merge_Can_Create(IRepository`1 repo) in C:\Users\Michael\_CODE\Ienablemuch.ToTheEfnhX\TestProject\TestTheIRepository.cs:line 728
   at TestProject.TestTheIRepository.Ef_Can_Orm_Merge_Can_Create() in C:\Users\Michael\_CODE\Ienablemuch.ToTheEfnhX\TestProject\TestTheIRepository.cs:line 708
</StackTrace>
        </ErrorInfo>
      </Output>
    </UnitTestResult>
    <UnitTestResult executionId="10f0d6f7-13f4-4c32-9e4e-e97806204544" testId="b9cbda9a-23ca-3458-8bf7-8aa6598f8754" testName="Nh_Can_Orm_Merge_Can_Update" computerName="MICHAEL-PC" duration="00:00:00.0310939" startTime="2012-06-03T10:12:27.6590000+08:00" endTime="2012-06-03T10:12:27.7160000+08:00" testType="13cdc9d9-ddb5-4fa4-a97d-d965ccfc6d4b" outcome="Failed" testListId="8c84fa94-04c1-424b-9868-57a2d4851a1d" relativeResultsDirectory="10f0d6f7-13f4-4c32-9e4e-e97806204544">
      <Output>
        <ErrorInfo>
          <Message>Test method TestProject.TestTheIRepository.Nh_Can_Orm_Merge_Can_Update threw exception: 
FluentNHibernate.Cfg.FluentConfigurationException: An invalid or incomplete configuration was used while creating a SessionFactory. Check PotentialReasons collection, and InnerException for more detail.

 ---&gt; FluentNHibernate.Cfg.FluentConfigurationException: An invalid or incomplete configuration was used while creating a SessionFactory. Check PotentialReasons collection, and InnerException for more detail.

 ---&gt; FluentNHibernate.Visitors.ValidationException: The entity 'Answer' doesn't have an Id mapped. Use the Id method to map your identity property. For example: Id(x =&gt; x.Id).</Message>
          <StackTrace>    at FluentNHibernate.Visitors.ValidationVisitor.ProcessClass(ClassMapping classMapping) in d:\Builds\FluentNH\src\FluentNHibernate\Visitors\ValidationVisitor.cs:line 20
   at FluentNHibernate.MappingModel.ClassBased.ClassMapping.AcceptVisitor(IMappingModelVisitor visitor) in d:\Builds\FluentNH\src\FluentNHibernate\MappingModel\ClassBased\ClassMapping.cs:line 78
   at FluentNHibernate.Visitors.DefaultMappingModelVisitor.Visit(ClassMapping classMapping) in d:\Builds\FluentNH\src\FluentNHibernate\Visitors\DefaultMappingModelVisitor.cs:line 89
   at FluentNHibernate.MappingModel.HibernateMapping.AcceptVisitor(IMappingModelVisitor visitor) in d:\Builds\FluentNH\src\FluentNHibernate\MappingModel\HibernateMapping.cs:line 37
   at FluentNHibernate.Visitors.DefaultMappingModelVisitor.&lt;Visit&gt;b__0(HibernateMapping x) in d:\Builds\FluentNH\src\FluentNHibernate\Visitors\DefaultMappingModelVisitor.cs:line 79
   at FluentNHibernate.Utils.CollectionExtensions.Each[T](IEnumerable`1 enumerable, Action`1 each) in d:\Builds\FluentNH\src\FluentNHibernate\Utils\CollectionExtensions.cs:line 15
   at FluentNHibernate.Visitors.DefaultMappingModelVisitor.Visit(IEnumerable`1 mappings) in d:\Builds\FluentNH\src\FluentNHibernate\Visitors\DefaultMappingModelVisitor.cs:line 79
   at FluentNHibernate.PersistenceModel.ApplyVisitors(IEnumerable`1 mappings) in d:\Builds\FluentNH\src\FluentNHibernate\PersistenceModel.cs:line 214
   at FluentNHibernate.PersistenceModel.BuildMappings() in d:\Builds\FluentNH\src\FluentNHibernate\PersistenceModel.cs:line 169
   at FluentNHibernate.Automapping.AutoPersistenceModel.BuildMappings() in d:\Builds\FluentNH\src\FluentNHibernate\Automapping\AutoPersistenceModel.cs:line 134
   at FluentNHibernate.PersistenceModel.EnsureMappingsBuilt() in d:\Builds\FluentNH\src\FluentNHibernate\PersistenceModel.cs:line 221
   at FluentNHibernate.PersistenceModel.Configure(Configuration cfg) in d:\Builds\FluentNH\src\FluentNHibernate\PersistenceModel.cs:line 277
   at FluentNHibernate.Automapping.AutoPersistenceModel.Configure(Configuration configuration) in d:\Builds\FluentNH\src\FluentNHibernate\Automapping\AutoPersistenceModel.cs:line 201
   at FluentNHibernate.Cfg.AutoMappingsContainer.Apply(Configuration cfg, PersistenceModel model) in d:\Builds\FluentNH\src\FluentNHibernate\Cfg\AutoMappingsContainer.cs:line 86
   at FluentNHibernate.Cfg.MappingConfiguration.Apply(Configuration cfg) in d:\Builds\FluentNH\src\FluentNHibernate\Cfg\MappingConfiguration.cs:line 80
   at FluentNHibernate.Cfg.FluentConfiguration.BuildConfiguration() in d:\Builds\FluentNH\src\FluentNHibernate\Cfg\FluentConfiguration.cs:line 249
 --- End of inner exception stack trace ---
    at FluentNHibernate.Cfg.FluentConfiguration.BuildConfiguration() in d:\Builds\FluentNH\src\FluentNHibernate\Cfg\FluentConfiguration.cs:line 264
   at FluentNHibernate.Cfg.FluentConfiguration.BuildSessionFactory() in d:\Builds\FluentNH\src\FluentNHibernate\Cfg\FluentConfiguration.cs:line 230
 --- End of inner exception stack trace ---
    at FluentNHibernate.Cfg.FluentConfiguration.BuildSessionFactory() in d:\Builds\FluentNH\src\FluentNHibernate\Cfg\FluentConfiguration.cs:line 235
   at TestProject.NhModelsMapper.GetSessionFactory(String connectionString) in C:\Users\Michael\_CODE\Ienablemuch.ToTheEfnhX\TestProject\NhDbMapper.cs:line 63
   at TestProject.TestTheIRepository.Nh_Can_Orm_Merge_Can_Update() in C:\Users\Michael\_CODE\Ienablemuch.ToTheEfnhX\TestProject\TestTheIRepository.cs:line 788
</StackTrace>
        </ErrorInfo>
      </Output>
    </UnitTestResult>
    <UnitTestResult executionId="1608dfb7-e994-436b-9006-5a7a44934018" testId="c2e9f01d-6387-7f00-c2a6-71385a796942" testName="Memory_CanSaveHeaderDetail" computerName="MICHAEL-PC" duration="00:00:00.0042419" startTime="2012-06-03T10:12:27.7410000+08:00" endTime="2012-06-03T10:12:27.7510000+08:00" testType="13cdc9d9-ddb5-4fa4-a97d-d965ccfc6d4b" outcome="Failed" testListId="8c84fa94-04c1-424b-9868-57a2d4851a1d" relativeResultsDirectory="1608dfb7-e994-436b-9006-5a7a44934018">
      <Output>
        <ErrorInfo>
          <Message>Test method TestProject.TestTheIRepository.Memory_CanSaveHeaderDetail threw exception: 
System.MissingMethodException: Method 'TestProject.SampleModel.Product.ProductId' not found.</Message>
          <StackTrace>    at System.RuntimeType.InvokeMember(String name, BindingFlags bindingFlags, Binder binder, Object target, Object[] providedArgs, ParameterModifier[] modifiers, CultureInfo culture, String[] namedParams)
   at Ienablemuch.ToTheEfnhX.Memory.MemoryRepository`1.Save(Ent ent, Byte[] version) in C:\Users\Michael\_CODE\Ienablemuch.ToTheEfnhX\Ienablemuch.ToTheEfnhX.Memory\MemoryRepository.cs:line 41
   at Ienablemuch.ToTheEfnhX.Memory.MemoryRepository`1.Merge(Ent ent, Byte[] version) in C:\Users\Michael\_CODE\Ienablemuch.ToTheEfnhX\Ienablemuch.ToTheEfnhX.Memory\MemoryRepository.cs:line 197
   at TestProject.TestTheIRepository.Common_CanSaveHeaderDetail(IRepository`1 db) in C:\Users\Michael\_CODE\Ienablemuch.ToTheEfnhX\TestProject\TestTheIRepository.cs:line 171
   at TestProject.TestTheIRepository.Memory_CanSaveHeaderDetail() in C:\Users\Michael\_CODE\Ienablemuch.ToTheEfnhX\TestProject\TestTheIRepository.cs:line 144
</StackTrace>
        </ErrorInfo>
      </Output>
    </UnitTestResult>
    <UnitTestResult executionId="e6e31cca-a3a5-412b-9530-556778773414" testId="c3da4334-35ea-a9c1-5cbf-c1daa7323978" testName="Ef_CanDelete" computerName="MICHAEL-PC" duration="00:00:00.0033330" startTime="2012-06-03T10:12:27.7580000+08:00" endTime="2012-06-03T10:12:27.7670000+08:00" testType="13cdc9d9-ddb5-4fa4-a97d-d965ccfc6d4b" outcome="Failed" testListId="8c84fa94-04c1-424b-9868-57a2d4851a1d" relativeResultsDirectory="e6e31cca-a3a5-412b-9530-556778773414">
      <Output>
        <ErrorInfo>
          <Message>Test method TestProject.TestTheIRepository.Ef_CanDelete threw exception: 
System.MissingMethodException: Method 'TestProject.SampleModel.Product.ProductId' not found.</Message>
          <StackTrace>    at System.RuntimeType.InvokeMember(String name, BindingFlags bindingFlags, Binder binder, Object target, Object[] providedArgs, ParameterModifier[] modifiers, CultureInfo culture, String[] namedParams)
   at Ienablemuch.ToTheEfnhX.EntityFramework.EfRepository`1.Save(TEnt ent, Byte[] version) in C:\Users\Michael\_CODE\Ienablemuch.ToTheEfnhX\Ienablemuch.ToTheEfnhX.EntityFramework\EfRepository.cs:line 47
   at TestProject.TestTheIRepository.Common_CanDelete(IRepository`1 db) in C:\Users\Michael\_CODE\Ienablemuch.ToTheEfnhX\TestProject\TestTheIRepository.cs:line 280
   at TestProject.TestTheIRepository.Ef_CanDelete() in C:\Users\Michael\_CODE\Ienablemuch.ToTheEfnhX\TestProject\TestTheIRepository.cs:line 268
</StackTrace>
        </ErrorInfo>
      </Output>
    </UnitTestResult>
    <UnitTestResult executionId="ef07def9-b29a-428d-b53f-ecbbbd780b6c" testId="c5220795-75d7-ce76-adb5-6a1d661e1fb0" testName="Memory_CanHaveIncrementingKey" computerName="MICHAEL-PC" duration="00:00:00.0026823" startTime="2012-06-03T10:12:27.7720000+08:00" endTime="2012-06-03T10:12:27.7830000+08:00" testType="13cdc9d9-ddb5-4fa4-a97d-d965ccfc6d4b" outcome="Failed" testListId="8c84fa94-04c1-424b-9868-57a2d4851a1d" relativeResultsDirectory="ef07def9-b29a-428d-b53f-ecbbbd780b6c">
      <Output>
        <ErrorInfo>
          <Message>Test method TestProject.TestTheIRepository.Memory_CanHaveIncrementingKey threw exception: 
System.MissingMethodException: Method 'TestProject.SampleModel.Product.ProductId' not found.</Message>
          <StackTrace>    at System.RuntimeType.InvokeMember(String name, BindingFlags bindingFlags, Binder binder, Object target, Object[] providedArgs, ParameterModifier[] modifiers, CultureInfo culture, String[] namedParams)
   at Ienablemuch.ToTheEfnhX.Memory.MemoryRepository`1.Save(Ent ent, Byte[] version) in C:\Users\Michael\_CODE\Ienablemuch.ToTheEfnhX\Ienablemuch.ToTheEfnhX.Memory\MemoryRepository.cs:line 41
   at TestProject.TestTheIRepository.Common_CanHaveIncrementingKey(IRepository`1 db) in C:\Users\Michael\_CODE\Ienablemuch.ToTheEfnhX\TestProject\TestTheIRepository.cs:line 674
   at TestProject.TestTheIRepository.Memory_CanHaveIncrementingKey() in C:\Users\Michael\_CODE\Ienablemuch.ToTheEfnhX\TestProject\TestTheIRepository.cs:line 639
</StackTrace>
        </ErrorInfo>
      </Output>
    </UnitTestResult>
    <UnitTestResult executionId="24d43b69-09b0-423d-9e34-19e1f3022cac" testId="c8cf96fa-83e0-e026-64af-f003abc95103" testName="Fetching_strategies_of_EntityFramework_helper_has_no_problem_on_mocked_IQueryable" computerName="MICHAEL-PC" duration="00:00:00.0020467" startTime="2012-06-03T10:12:27.7900000+08:00" endTime="2012-06-03T10:12:27.7950000+08:00" testType="13cdc9d9-ddb5-4fa4-a97d-d965ccfc6d4b" outcome="Passed" testListId="8c84fa94-04c1-424b-9868-57a2d4851a1d" relativeResultsDirectory="24d43b69-09b0-423d-9e34-19e1f3022cac">
    </UnitTestResult>
    <UnitTestResult executionId="b3431db5-374c-473c-abb9-ef535939cc55" testId="c8ff8ef9-a95a-0779-90f7-6e8188ebefd1" testName="Nh_CanHaveIncrementingKey" computerName="MICHAEL-PC" duration="00:00:00.0245623" startTime="2012-06-03T10:12:27.8000000+08:00" endTime="2012-06-03T10:12:27.8370000+08:00" testType="13cdc9d9-ddb5-4fa4-a97d-d965ccfc6d4b" outcome="Failed" testListId="8c84fa94-04c1-424b-9868-57a2d4851a1d" relativeResultsDirectory="b3431db5-374c-473c-abb9-ef535939cc55">
      <Output>
        <ErrorInfo>
          <Message>Test method TestProject.TestTheIRepository.Nh_CanHaveIncrementingKey threw exception: 
FluentNHibernate.Cfg.FluentConfigurationException: An invalid or incomplete configuration was used while creating a SessionFactory. Check PotentialReasons collection, and InnerException for more detail.

 ---&gt; FluentNHibernate.Cfg.FluentConfigurationException: An invalid or incomplete configuration was used while creating a SessionFactory. Check PotentialReasons collection, and InnerException for more detail.

 ---&gt; FluentNHibernate.Visitors.ValidationException: The entity 'Answer' doesn't have an Id mapped. Use the Id method to map your identity property. For example: Id(x =&gt; x.Id).</Message>
          <StackTrace>    at FluentNHibernate.Visitors.ValidationVisitor.ProcessClass(ClassMapping classMapping) in d:\Builds\FluentNH\src\FluentNHibernate\Visitors\ValidationVisitor.cs:line 20
   at FluentNHibernate.MappingModel.ClassBased.ClassMapping.AcceptVisitor(IMappingModelVisitor visitor) in d:\Builds\FluentNH\src\FluentNHibernate\MappingModel\ClassBased\ClassMapping.cs:line 78
   at FluentNHibernate.Visitors.DefaultMappingModelVisitor.Visit(ClassMapping classMapping) in d:\Builds\FluentNH\src\FluentNHibernate\Visitors\DefaultMappingModelVisitor.cs:line 89
   at FluentNHibernate.MappingModel.HibernateMapping.AcceptVisitor(IMappingModelVisitor visitor) in d:\Builds\FluentNH\src\FluentNHibernate\MappingModel\HibernateMapping.cs:line 37
   at FluentNHibernate.Visitors.DefaultMappingModelVisitor.&lt;Visit&gt;b__0(HibernateMapping x) in d:\Builds\FluentNH\src\FluentNHibernate\Visitors\DefaultMappingModelVisitor.cs:line 79
   at FluentNHibernate.Utils.CollectionExtensions.Each[T](IEnumerable`1 enumerable, Action`1 each) in d:\Builds\FluentNH\src\FluentNHibernate\Utils\CollectionExtensions.cs:line 15
   at FluentNHibernate.Visitors.DefaultMappingModelVisitor.Visit(IEnumerable`1 mappings) in d:\Builds\FluentNH\src\FluentNHibernate\Visitors\DefaultMappingModelVisitor.cs:line 79
   at FluentNHibernate.PersistenceModel.ApplyVisitors(IEnumerable`1 mappings) in d:\Builds\FluentNH\src\FluentNHibernate\PersistenceModel.cs:line 214
   at FluentNHibernate.PersistenceModel.BuildMappings() in d:\Builds\FluentNH\src\FluentNHibernate\PersistenceModel.cs:line 169
   at FluentNHibernate.Automapping.AutoPersistenceModel.BuildMappings() in d:\Builds\FluentNH\src\FluentNHibernate\Automapping\AutoPersistenceModel.cs:line 134
   at FluentNHibernate.PersistenceModel.EnsureMappingsBuilt() in d:\Builds\FluentNH\src\FluentNHibernate\PersistenceModel.cs:line 221
   at FluentNHibernate.PersistenceModel.Configure(Configuration cfg) in d:\Builds\FluentNH\src\FluentNHibernate\PersistenceModel.cs:line 277
   at FluentNHibernate.Automapping.AutoPersistenceModel.Configure(Configuration configuration) in d:\Builds\FluentNH\src\FluentNHibernate\Automapping\AutoPersistenceModel.cs:line 201
   at FluentNHibernate.Cfg.AutoMappingsContainer.Apply(Configuration cfg, PersistenceModel model) in d:\Builds\FluentNH\src\FluentNHibernate\Cfg\AutoMappingsContainer.cs:line 86
   at FluentNHibernate.Cfg.MappingConfiguration.Apply(Configuration cfg) in d:\Builds\FluentNH\src\FluentNHibernate\Cfg\MappingConfiguration.cs:line 80
   at FluentNHibernate.Cfg.FluentConfiguration.BuildConfiguration() in d:\Builds\FluentNH\src\FluentNHibernate\Cfg\FluentConfiguration.cs:line 249
 --- End of inner exception stack trace ---
    at FluentNHibernate.Cfg.FluentConfiguration.BuildConfiguration() in d:\Builds\FluentNH\src\FluentNHibernate\Cfg\FluentConfiguration.cs:line 264
   at FluentNHibernate.Cfg.FluentConfiguration.BuildSessionFactory() in d:\Builds\FluentNH\src\FluentNHibernate\Cfg\FluentConfiguration.cs:line 230
 --- End of inner exception stack trace ---
    at FluentNHibernate.Cfg.FluentConfiguration.BuildSessionFactory() in d:\Builds\FluentNH\src\FluentNHibernate\Cfg\FluentConfiguration.cs:line 235
   at TestProject.NhModelsMapper.GetSessionFactory(String connectionString) in C:\Users\Michael\_CODE\Ienablemuch.ToTheEfnhX\TestProject\NhDbMapper.cs:line 63
   at TestProject.TestTheIRepository.Nh_CanHaveIncrementingKey() in C:\Users\Michael\_CODE\Ienablemuch.ToTheEfnhX\TestProject\TestTheIRepository.cs:line 652
</StackTrace>
        </ErrorInfo>
      </Output>
    </UnitTestResult>
    <UnitTestResult executionId="3c9619cc-1b5e-460c-903b-5a8eea454aa2" testId="c9750689-b2a7-1965-bbd3-0c2f5eda3fb2" testName="Nh_CanSave" computerName="MICHAEL-PC" duration="00:00:00.0277532" startTime="2012-06-03T10:12:27.8550000+08:00" endTime="2012-06-03T10:12:27.9040000+08:00" testType="13cdc9d9-ddb5-4fa4-a97d-d965ccfc6d4b" outcome="Failed" testListId="8c84fa94-04c1-424b-9868-57a2d4851a1d" relativeResultsDirectory="3c9619cc-1b5e-460c-903b-5a8eea454aa2">
      <Output>
        <ErrorInfo>
          <Message>Test method TestProject.TestTheIRepository.Nh_CanSave threw exception: 
FluentNHibernate.Cfg.FluentConfigurationException: An invalid or incomplete configuration was used while creating a SessionFactory. Check PotentialReasons collection, and InnerException for more detail.

 ---&gt; FluentNHibernate.Cfg.FluentConfigurationException: An invalid or incomplete configuration was used while creating a SessionFactory. Check PotentialReasons collection, and InnerException for more detail.

 ---&gt; FluentNHibernate.Visitors.ValidationException: The entity 'Answer' doesn't have an Id mapped. Use the Id method to map your identity property. For example: Id(x =&gt; x.Id).</Message>
          <StackTrace>    at FluentNHibernate.Visitors.ValidationVisitor.ProcessClass(ClassMapping classMapping) in d:\Builds\FluentNH\src\FluentNHibernate\Visitors\ValidationVisitor.cs:line 20
   at FluentNHibernate.MappingModel.ClassBased.ClassMapping.AcceptVisitor(IMappingModelVisitor visitor) in d:\Builds\FluentNH\src\FluentNHibernate\MappingModel\ClassBased\ClassMapping.cs:line 78
   at FluentNHibernate.Visitors.DefaultMappingModelVisitor.Visit(ClassMapping classMapping) in d:\Builds\FluentNH\src\FluentNHibernate\Visitors\DefaultMappingModelVisitor.cs:line 89
   at FluentNHibernate.MappingModel.HibernateMapping.AcceptVisitor(IMappingModelVisitor visitor) in d:\Builds\FluentNH\src\FluentNHibernate\MappingModel\HibernateMapping.cs:line 37
   at FluentNHibernate.Visitors.DefaultMappingModelVisitor.&lt;Visit&gt;b__0(HibernateMapping x) in d:\Builds\FluentNH\src\FluentNHibernate\Visitors\DefaultMappingModelVisitor.cs:line 79
   at FluentNHibernate.Utils.CollectionExtensions.Each[T](IEnumerable`1 enumerable, Action`1 each) in d:\Builds\FluentNH\src\FluentNHibernate\Utils\CollectionExtensions.cs:line 15
   at FluentNHibernate.Visitors.DefaultMappingModelVisitor.Visit(IEnumerable`1 mappings) in d:\Builds\FluentNH\src\FluentNHibernate\Visitors\DefaultMappingModelVisitor.cs:line 79
   at FluentNHibernate.PersistenceModel.ApplyVisitors(IEnumerable`1 mappings) in d:\Builds\FluentNH\src\FluentNHibernate\PersistenceModel.cs:line 214
   at FluentNHibernate.PersistenceModel.BuildMappings() in d:\Builds\FluentNH\src\FluentNHibernate\PersistenceModel.cs:line 169
   at FluentNHibernate.Automapping.AutoPersistenceModel.BuildMappings() in d:\Builds\FluentNH\src\FluentNHibernate\Automapping\AutoPersistenceModel.cs:line 134
   at FluentNHibernate.PersistenceModel.EnsureMappingsBuilt() in d:\Builds\FluentNH\src\FluentNHibernate\PersistenceModel.cs:line 221
   at FluentNHibernate.PersistenceModel.Configure(Configuration cfg) in d:\Builds\FluentNH\src\FluentNHibernate\PersistenceModel.cs:line 277
   at FluentNHibernate.Automapping.AutoPersistenceModel.Configure(Configuration configuration) in d:\Builds\FluentNH\src\FluentNHibernate\Automapping\AutoPersistenceModel.cs:line 201
   at FluentNHibernate.Cfg.AutoMappingsContainer.Apply(Configuration cfg, PersistenceModel model) in d:\Builds\FluentNH\src\FluentNHibernate\Cfg\AutoMappingsContainer.cs:line 86
   at FluentNHibernate.Cfg.MappingConfiguration.Apply(Configuration cfg) in d:\Builds\FluentNH\src\FluentNHibernate\Cfg\MappingConfiguration.cs:line 80
   at FluentNHibernate.Cfg.FluentConfiguration.BuildConfiguration() in d:\Builds\FluentNH\src\FluentNHibernate\Cfg\FluentConfiguration.cs:line 249
 --- End of inner exception stack trace ---
    at FluentNHibernate.Cfg.FluentConfiguration.BuildConfiguration() in d:\Builds\FluentNH\src\FluentNHibernate\Cfg\FluentConfiguration.cs:line 264
   at FluentNHibernate.Cfg.FluentConfiguration.BuildSessionFactory() in d:\Builds\FluentNH\src\FluentNHibernate\Cfg\FluentConfiguration.cs:line 230
 --- End of inner exception stack trace ---
    at FluentNHibernate.Cfg.FluentConfiguration.BuildSessionFactory() in d:\Builds\FluentNH\src\FluentNHibernate\Cfg\FluentConfiguration.cs:line 235
   at TestProject.NhModelsMapper.GetSessionFactory(String connectionString) in C:\Users\Michael\_CODE\Ienablemuch.ToTheEfnhX\TestProject\NhDbMapper.cs:line 63
   at TestProject.TestTheIRepository.Nh_CanSave() in C:\Users\Michael\_CODE\Ienablemuch.ToTheEfnhX\TestProject\TestTheIRepository.cs:line 95
</StackTrace>
        </ErrorInfo>
      </Output>
    </UnitTestResult>
    <UnitTestResult executionId="3600e049-233d-462c-af3b-2de8b3338a71" testId="ca3ec696-2df9-55bd-c53c-f732b5c80a68" testName="Ef_CanDetectUpdateConflictingUpdate" computerName="MICHAEL-PC" duration="00:00:00.0084857" startTime="2012-06-03T10:12:27.9080000+08:00" endTime="2012-06-03T10:12:27.9330000+08:00" testType="13cdc9d9-ddb5-4fa4-a97d-d965ccfc6d4b" outcome="Failed" testListId="8c84fa94-04c1-424b-9868-57a2d4851a1d" relativeResultsDirectory="3600e049-233d-462c-af3b-2de8b3338a71">
      <Output>
        <ErrorInfo>
          <Message>Test method TestProject.TestTheIRepository.Ef_CanDetectUpdateConflictingUpdate threw exception System.MissingMethodException, but exception Ienablemuch.ToTheEfnhX.DbChangesConcurrencyException was expected. Exception message: System.MissingMethodException: Method 'TestProject.SampleModel.Product.ProductId' not found.</Message>
          <StackTrace>    at System.RuntimeType.InvokeMember(String name, BindingFlags bindingFlags, Binder binder, Object target, Object[] providedArgs, ParameterModifier[] modifiers, CultureInfo culture, String[] namedParams)
   at Ienablemuch.ToTheEfnhX.EntityFramework.EfRepository`1.Save(TEnt ent, Byte[] version) in C:\Users\Michael\_CODE\Ienablemuch.ToTheEfnhX\Ienablemuch.ToTheEfnhX.EntityFramework\EfRepository.cs:line 47
   at TestProject.TestTheIRepository.Common_CanDetectUpdateConflictingUpdate(IRepository`1 db) in C:\Users\Michael\_CODE\Ienablemuch.ToTheEfnhX\TestProject\TestTheIRepository.cs:line 474
   at TestProject.TestTheIRepository.Ef_CanDetectUpdateConflictingUpdate() in C:\Users\Michael\_CODE\Ienablemuch.ToTheEfnhX\TestProject\TestTheIRepository.cs:line 457
</StackTrace>
        </ErrorInfo>
      </Output>
    </UnitTestResult>
    <UnitTestResult executionId="6fb88d77-55b8-43be-82a1-f9c8c41833b9" testId="cdd1ec05-a33a-edaf-1560-6637f27329d2" testName="Ef_CanDetectUpdateConflictingDelete" computerName="MICHAEL-PC" duration="00:00:00.0902021" startTime="2012-06-03T10:12:27.9480000+08:00" endTime="2012-06-03T10:12:28.0670000+08:00" testType="13cdc9d9-ddb5-4fa4-a97d-d965ccfc6d4b" outcome="Failed" testListId="8c84fa94-04c1-424b-9868-57a2d4851a1d" relativeResultsDirectory="6fb88d77-55b8-43be-82a1-f9c8c41833b9">
      <Output>
        <ErrorInfo>
          <Message>Test method TestProject.TestTheIRepository.Ef_CanDetectUpdateConflictingDelete threw exception System.MissingMethodException, but exception Ienablemuch.ToTheEfnhX.DbChangesConcurrencyException was expected. Exception message: System.MissingMethodException: Method 'TestProject.SampleModel.Product.ProductId' not found.</Message>
          <StackTrace>    at System.RuntimeType.InvokeMember(String name, BindingFlags bindingFlags, Binder binder, Object target, Object[] providedArgs, ParameterModifier[] modifiers, CultureInfo culture, String[] namedParams)
   at Ienablemuch.ToTheEfnhX.EntityFramework.EfRepository`1.Save(TEnt ent, Byte[] version) in C:\Users\Michael\_CODE\Ienablemuch.ToTheEfnhX\Ienablemuch.ToTheEfnhX.EntityFramework\EfRepository.cs:line 47
   at TestProject.TestTheIRepository.Common_CanDetectUpdateConflictingDelete(IRepository`1 db) in C:\Users\Michael\_CODE\Ienablemuch.ToTheEfnhX\TestProject\TestTheIRepository.cs:line 522
   at TestProject.TestTheIRepository.Ef_CanDetectUpdateConflictingDelete() in C:\Users\Michael\_CODE\Ienablemuch.ToTheEfnhX\TestProject\TestTheIRepository.cs:line 503
</StackTrace>
        </ErrorInfo>
      </Output>
    </UnitTestResult>
    <UnitTestResult executionId="a8f91429-a5f1-464d-a0cb-f1c1dcf885ee" testId="d14d6d4a-1363-e36e-8cf9-c1c992b9e243" testName="Nh_Can_save_transaction" computerName="MICHAEL-PC" duration="00:00:00.0209323" startTime="2012-06-03T10:12:28.0800000+08:00" endTime="2012-06-03T10:12:28.1040000+08:00" testType="13cdc9d9-ddb5-4fa4-a97d-d965ccfc6d4b" outcome="Failed" testListId="8c84fa94-04c1-424b-9868-57a2d4851a1d" relativeResultsDirectory="a8f91429-a5f1-464d-a0cb-f1c1dcf885ee">
      <Output>
        <ErrorInfo>
          <Message>Test method TestProject.TestTheIRepository.Nh_Can_save_transaction threw exception: 
FluentNHibernate.Cfg.FluentConfigurationException: An invalid or incomplete configuration was used while creating a SessionFactory. Check PotentialReasons collection, and InnerException for more detail.

 ---&gt; FluentNHibernate.Cfg.FluentConfigurationException: An invalid or incomplete configuration was used while creating a SessionFactory. Check PotentialReasons collection, and InnerException for more detail.

 ---&gt; FluentNHibernate.Visitors.ValidationException: The entity 'Answer' doesn't have an Id mapped. Use the Id method to map your identity property. For example: Id(x =&gt; x.Id).</Message>
          <StackTrace>    at FluentNHibernate.Visitors.ValidationVisitor.ProcessClass(ClassMapping classMapping) in d:\Builds\FluentNH\src\FluentNHibernate\Visitors\ValidationVisitor.cs:line 20
   at FluentNHibernate.MappingModel.ClassBased.ClassMapping.AcceptVisitor(IMappingModelVisitor visitor) in d:\Builds\FluentNH\src\FluentNHibernate\MappingModel\ClassBased\ClassMapping.cs:line 78
   at FluentNHibernate.Visitors.DefaultMappingModelVisitor.Visit(ClassMapping classMapping) in d:\Builds\FluentNH\src\FluentNHibernate\Visitors\DefaultMappingModelVisitor.cs:line 89
   at FluentNHibernate.MappingModel.HibernateMapping.AcceptVisitor(IMappingModelVisitor visitor) in d:\Builds\FluentNH\src\FluentNHibernate\MappingModel\HibernateMapping.cs:line 37
   at FluentNHibernate.Visitors.DefaultMappingModelVisitor.&lt;Visit&gt;b__0(HibernateMapping x) in d:\Builds\FluentNH\src\FluentNHibernate\Visitors\DefaultMappingModelVisitor.cs:line 79
   at FluentNHibernate.Utils.CollectionExtensions.Each[T](IEnumerable`1 enumerable, Action`1 each) in d:\Builds\FluentNH\src\FluentNHibernate\Utils\CollectionExtensions.cs:line 15
   at FluentNHibernate.Visitors.DefaultMappingModelVisitor.Visit(IEnumerable`1 mappings) in d:\Builds\FluentNH\src\FluentNHibernate\Visitors\DefaultMappingModelVisitor.cs:line 79
   at FluentNHibernate.PersistenceModel.ApplyVisitors(IEnumerable`1 mappings) in d:\Builds\FluentNH\src\FluentNHibernate\PersistenceModel.cs:line 214
   at FluentNHibernate.PersistenceModel.BuildMappings() in d:\Builds\FluentNH\src\FluentNHibernate\PersistenceModel.cs:line 169
   at FluentNHibernate.Automapping.AutoPersistenceModel.BuildMappings() in d:\Builds\FluentNH\src\FluentNHibernate\Automapping\AutoPersistenceModel.cs:line 134
   at FluentNHibernate.PersistenceModel.EnsureMappingsBuilt() in d:\Builds\FluentNH\src\FluentNHibernate\PersistenceModel.cs:line 221
   at FluentNHibernate.PersistenceModel.Configure(Configuration cfg) in d:\Builds\FluentNH\src\FluentNHibernate\PersistenceModel.cs:line 277
   at FluentNHibernate.Automapping.AutoPersistenceModel.Configure(Configuration configuration) in d:\Builds\FluentNH\src\FluentNHibernate\Automapping\AutoPersistenceModel.cs:line 201
   at FluentNHibernate.Cfg.AutoMappingsContainer.Apply(Configuration cfg, PersistenceModel model) in d:\Builds\FluentNH\src\FluentNHibernate\Cfg\AutoMappingsContainer.cs:line 86
   at FluentNHibernate.Cfg.MappingConfiguration.Apply(Configuration cfg) in d:\Builds\FluentNH\src\FluentNHibernate\Cfg\MappingConfiguration.cs:line 80
   at FluentNHibernate.Cfg.FluentConfiguration.BuildConfiguration() in d:\Builds\FluentNH\src\FluentNHibernate\Cfg\FluentConfiguration.cs:line 249
 --- End of inner exception stack trace ---
    at FluentNHibernate.Cfg.FluentConfiguration.BuildConfiguration() in d:\Builds\FluentNH\src\FluentNHibernate\Cfg\FluentConfiguration.cs:line 264
   at FluentNHibernate.Cfg.FluentConfiguration.BuildSessionFactory() in d:\Builds\FluentNH\src\FluentNHibernate\Cfg\FluentConfiguration.cs:line 230
 --- End of inner exception stack trace ---
    at FluentNHibernate.Cfg.FluentConfiguration.BuildSessionFactory() in d:\Builds\FluentNH\src\FluentNHibernate\Cfg\FluentConfiguration.cs:line 235
   at TestProject.NhModelsMapper.GetSessionFactory(String connectionString) in C:\Users\Michael\_CODE\Ienablemuch.ToTheEfnhX\TestProject\NhDbMapper.cs:line 63
   at TestProject.TestTheIRepository.Nh_Can_save_transaction() in C:\Users\Michael\_CODE\Ienablemuch.ToTheEfnhX\TestProject\TestTheIRepository.cs:line 1196
</StackTrace>
        </ErrorInfo>
      </Output>
    </UnitTestResult>
    <UnitTestResult executionId="613b1fb6-0ba2-40a0-ac9f-e213dff93ce6" testId="d409929f-129a-9686-590d-6472fdfa28e4" testName="Memory_CanDetectDeleteConflictingDelete" computerName="MICHAEL-PC" duration="00:00:00.0016994" startTime="2012-06-03T10:12:28.1070000+08:00" endTime="2012-06-03T10:12:28.1220000+08:00" testType="13cdc9d9-ddb5-4fa4-a97d-d965ccfc6d4b" outcome="Failed" testListId="8c84fa94-04c1-424b-9868-57a2d4851a1d" relativeResultsDirectory="613b1fb6-0ba2-40a0-ac9f-e213dff93ce6">
      <Output>
        <ErrorInfo>
          <Message>Test method TestProject.TestTheIRepository.Memory_CanDetectDeleteConflictingDelete threw exception System.MissingMethodException, but exception Ienablemuch.ToTheEfnhX.DbChangesConcurrencyException was expected. Exception message: System.MissingMethodException: Method 'TestProject.SampleModel.Product.ProductId' not found.</Message>
          <StackTrace>    at System.RuntimeType.InvokeMember(String name, BindingFlags bindingFlags, Binder binder, Object target, Object[] providedArgs, ParameterModifier[] modifiers, CultureInfo culture, String[] namedParams)
   at Ienablemuch.ToTheEfnhX.Memory.MemoryRepository`1.Save(Ent ent, Byte[] version) in C:\Users\Michael\_CODE\Ienablemuch.ToTheEfnhX\Ienablemuch.ToTheEfnhX.Memory\MemoryRepository.cs:line 41
   at TestProject.TestTheIRepository.Common_CanDetectDeleteConflictingDelete(IRepository`1 db) in C:\Users\Michael\_CODE\Ienablemuch.ToTheEfnhX\TestProject\TestTheIRepository.cs:line 620
   at TestProject.TestTheIRepository.Memory_CanDetectDeleteConflictingDelete() in C:\Users\Michael\_CODE\Ienablemuch.ToTheEfnhX\TestProject\TestTheIRepository.cs:line 592
</StackTrace>
        </ErrorInfo>
      </Output>
    </UnitTestResult>
    <UnitTestResult executionId="1a7b6525-b6ae-4db9-af77-50be5916d4d8" testId="dad118fb-1088-58a3-350a-fc5e47173fa9" testName="Nh_SessionTransaction_cannot_detect_transaction_commitness" computerName="MICHAEL-PC" duration="00:00:00.0249073" startTime="2012-06-03T10:12:28.1270000+08:00" endTime="2012-06-03T10:12:28.1580000+08:00" testType="13cdc9d9-ddb5-4fa4-a97d-d965ccfc6d4b" outcome="Failed" testListId="8c84fa94-04c1-424b-9868-57a2d4851a1d" relativeResultsDirectory="1a7b6525-b6ae-4db9-af77-50be5916d4d8">
      <Output>
        <ErrorInfo>
          <Message>Test method TestProject.TestTheIRepository.Nh_SessionTransaction_cannot_detect_transaction_commitness threw exception: 
FluentNHibernate.Cfg.FluentConfigurationException: An invalid or incomplete configuration was used while creating a SessionFactory. Check PotentialReasons collection, and InnerException for more detail.

 ---&gt; FluentNHibernate.Cfg.FluentConfigurationException: An invalid or incomplete configuration was used while creating a SessionFactory. Check PotentialReasons collection, and InnerException for more detail.

 ---&gt; FluentNHibernate.Visitors.ValidationException: The entity 'Answer' doesn't have an Id mapped. Use the Id method to map your identity property. For example: Id(x =&gt; x.Id).</Message>
          <StackTrace>    at FluentNHibernate.Visitors.ValidationVisitor.ProcessClass(ClassMapping classMapping) in d:\Builds\FluentNH\src\FluentNHibernate\Visitors\ValidationVisitor.cs:line 20
   at FluentNHibernate.MappingModel.ClassBased.ClassMapping.AcceptVisitor(IMappingModelVisitor visitor) in d:\Builds\FluentNH\src\FluentNHibernate\MappingModel\ClassBased\ClassMapping.cs:line 78
   at FluentNHibernate.Visitors.DefaultMappingModelVisitor.Visit(ClassMapping classMapping) in d:\Builds\FluentNH\src\FluentNHibernate\Visitors\DefaultMappingModelVisitor.cs:line 89
   at FluentNHibernate.MappingModel.HibernateMapping.AcceptVisitor(IMappingModelVisitor visitor) in d:\Builds\FluentNH\src\FluentNHibernate\MappingModel\HibernateMapping.cs:line 37
   at FluentNHibernate.Visitors.DefaultMappingModelVisitor.&lt;Visit&gt;b__0(HibernateMapping x) in d:\Builds\FluentNH\src\FluentNHibernate\Visitors\DefaultMappingModelVisitor.cs:line 79
   at FluentNHibernate.Utils.CollectionExtensions.Each[T](IEnumerable`1 enumerable, Action`1 each) in d:\Builds\FluentNH\src\FluentNHibernate\Utils\CollectionExtensions.cs:line 15
   at FluentNHibernate.Visitors.DefaultMappingModelVisitor.Visit(IEnumerable`1 mappings) in d:\Builds\FluentNH\src\FluentNHibernate\Visitors\DefaultMappingModelVisitor.cs:line 79
   at FluentNHibernate.PersistenceModel.ApplyVisitors(IEnumerable`1 mappings) in d:\Builds\FluentNH\src\FluentNHibernate\PersistenceModel.cs:line 214
   at FluentNHibernate.PersistenceModel.BuildMappings() in d:\Builds\FluentNH\src\FluentNHibernate\PersistenceModel.cs:line 169
   at FluentNHibernate.Automapping.AutoPersistenceModel.BuildMappings() in d:\Builds\FluentNH\src\FluentNHibernate\Automapping\AutoPersistenceModel.cs:line 134
   at FluentNHibernate.PersistenceModel.EnsureMappingsBuilt() in d:\Builds\FluentNH\src\FluentNHibernate\PersistenceModel.cs:line 221
   at FluentNHibernate.PersistenceModel.Configure(Configuration cfg) in d:\Builds\FluentNH\src\FluentNHibernate\PersistenceModel.cs:line 277
   at FluentNHibernate.Automapping.AutoPersistenceModel.Configure(Configuration configuration) in d:\Builds\FluentNH\src\FluentNHibernate\Automapping\AutoPersistenceModel.cs:line 201
   at FluentNHibernate.Cfg.AutoMappingsContainer.Apply(Configuration cfg, PersistenceModel model) in d:\Builds\FluentNH\src\FluentNHibernate\Cfg\AutoMappingsContainer.cs:line 86
   at FluentNHibernate.Cfg.MappingConfiguration.Apply(Configuration cfg) in d:\Builds\FluentNH\src\FluentNHibernate\Cfg\MappingConfiguration.cs:line 80
   at FluentNHibernate.Cfg.FluentConfiguration.BuildConfiguration() in d:\Builds\FluentNH\src\FluentNHibernate\Cfg\FluentConfiguration.cs:line 249
 --- End of inner exception stack trace ---
    at FluentNHibernate.Cfg.FluentConfiguration.BuildConfiguration() in d:\Builds\FluentNH\src\FluentNHibernate\Cfg\FluentConfiguration.cs:line 264
   at FluentNHibernate.Cfg.FluentConfiguration.BuildSessionFactory() in d:\Builds\FluentNH\src\FluentNHibernate\Cfg\FluentConfiguration.cs:line 230
 --- End of inner exception stack trace ---
    at FluentNHibernate.Cfg.FluentConfiguration.BuildSessionFactory() in d:\Builds\FluentNH\src\FluentNHibernate\Cfg\FluentConfiguration.cs:line 235
   at TestProject.NhModelsMapper.GetSessionFactory(String connectionString) in C:\Users\Michael\_CODE\Ienablemuch.ToTheEfnhX\TestProject\NhDbMapper.cs:line 63
   at TestProject.TestTheIRepository.Nh_SessionTransaction_cannot_detect_transaction_commitness() in C:\Users\Michael\_CODE\Ienablemuch.ToTheEfnhX\TestProject\TestTheIRepository.cs:line 1267
</StackTrace>
        </ErrorInfo>
      </Output>
    </UnitTestResult>
    <UnitTestResult executionId="6278ca87-3153-4911-8439-acf61247240c" testId="e392eca5-e91b-ff0f-619e-8a24d0ecbe68" testName="Ef_CanHaveIncrementingKey" computerName="MICHAEL-PC" duration="00:00:00.0042283" startTime="2012-06-03T10:12:28.1620000+08:00" endTime="2012-06-03T10:12:28.1760000+08:00" testType="13cdc9d9-ddb5-4fa4-a97d-d965ccfc6d4b" outcome="Failed" testListId="8c84fa94-04c1-424b-9868-57a2d4851a1d" relativeResultsDirectory="6278ca87-3153-4911-8439-acf61247240c">
      <Output>
        <ErrorInfo>
          <Message>Test method TestProject.TestTheIRepository.Ef_CanHaveIncrementingKey threw exception: 
System.MissingMethodException: Method 'TestProject.SampleModel.Product.ProductId' not found.</Message>
          <StackTrace>    at System.RuntimeType.InvokeMember(String name, BindingFlags bindingFlags, Binder binder, Object target, Object[] providedArgs, ParameterModifier[] modifiers, CultureInfo culture, String[] namedParams)
   at Ienablemuch.ToTheEfnhX.EntityFramework.EfRepository`1.Save(TEnt ent, Byte[] version) in C:\Users\Michael\_CODE\Ienablemuch.ToTheEfnhX\Ienablemuch.ToTheEfnhX.EntityFramework\EfRepository.cs:line 47
   at TestProject.TestTheIRepository.Common_CanHaveIncrementingKey(IRepository`1 db) in C:\Users\Michael\_CODE\Ienablemuch.ToTheEfnhX\TestProject\TestTheIRepository.cs:line 674
   at TestProject.TestTheIRepository.Ef_CanHaveIncrementingKey() in C:\Users\Michael\_CODE\Ienablemuch.ToTheEfnhX\TestProject\TestTheIRepository.cs:line 646
</StackTrace>
        </ErrorInfo>
      </Output>
    </UnitTestResult>
    <UnitTestResult executionId="d0a907c7-f3de-4a79-8ffc-219b5867a36a" testId="e4d36185-e99e-9b3f-8afc-2b7c501afd9a" testName="TestArray" computerName="MICHAEL-PC" duration="00:00:00.0002215" startTime="2012-06-03T10:12:28.1850000+08:00" endTime="2012-06-03T10:12:28.1890000+08:00" testType="13cdc9d9-ddb5-4fa4-a97d-d965ccfc6d4b" outcome="Passed" testListId="8c84fa94-04c1-424b-9868-57a2d4851a1d" relativeResultsDirectory="d0a907c7-f3de-4a79-8ffc-219b5867a36a">
    </UnitTestResult>
    <UnitTestResult executionId="41c1556f-dd35-4275-ab9c-0136ebe1dd3a" testId="ecf5b477-cdd8-3508-c195-40a64bc26f00" testName="Ef_CanSaveHeaderDetail" computerName="MICHAEL-PC" duration="00:00:00.0044807" startTime="2012-06-03T10:12:28.1930000+08:00" endTime="2012-06-03T10:12:28.2080000+08:00" testType="13cdc9d9-ddb5-4fa4-a97d-d965ccfc6d4b" outcome="Failed" testListId="8c84fa94-04c1-424b-9868-57a2d4851a1d" relativeResultsDirectory="41c1556f-dd35-4275-ab9c-0136ebe1dd3a">
      <Output>
        <ErrorInfo>
          <Message>Test method TestProject.TestTheIRepository.Ef_CanSaveHeaderDetail threw exception: 
System.MissingMethodException: Method 'TestProject.SampleModel.Product.ProductId' not found.</Message>
          <StackTrace>    at System.RuntimeType.InvokeMember(String name, BindingFlags bindingFlags, Binder binder, Object target, Object[] providedArgs, ParameterModifier[] modifiers, CultureInfo culture, String[] namedParams)
   at Ienablemuch.ToTheEfnhX.EntityFramework.EfRepository`1.Merge(TEnt ent, Byte[] version) in C:\Users\Michael\_CODE\Ienablemuch.ToTheEfnhX\Ienablemuch.ToTheEfnhX.EntityFramework\EfRepository.cs:line 155
   at TestProject.TestTheIRepository.Common_CanSaveHeaderDetail(IRepository`1 db) in C:\Users\Michael\_CODE\Ienablemuch.ToTheEfnhX\TestProject\TestTheIRepository.cs:line 171
   at TestProject.TestTheIRepository.Ef_CanSaveHeaderDetail() in C:\Users\Michael\_CODE\Ienablemuch.ToTheEfnhX\TestProject\TestTheIRepository.cs:line 133
</StackTrace>
        </ErrorInfo>
      </Output>
    </UnitTestResult>
    <UnitTestResult executionId="8b453ff7-4231-4bb4-aedd-993a8282a1c5" testId="ef9db0bb-63c6-f8c2-c180-d50d1ce2ca5b" testName="Ef_Can_rollback_transaction" computerName="MICHAEL-PC" duration="00:00:01.0168316" startTime="2012-06-03T10:12:28.2150000+08:00" endTime="2012-06-03T10:12:29.2410000+08:00" testType="13cdc9d9-ddb5-4fa4-a97d-d965ccfc6d4b" outcome="Failed" testListId="8c84fa94-04c1-424b-9868-57a2d4851a1d" relativeResultsDirectory="8b453ff7-4231-4bb4-aedd-993a8282a1c5">
      <Output>
        <ErrorInfo>
          <Message>Test method TestProject.TestTheIRepository.Ef_Can_rollback_transaction threw exception: 
System.MissingMethodException: Method 'TestProject.SampleModel.Product.ProductId' not found.</Message>
          <StackTrace>    at System.RuntimeType.InvokeMember(String name, BindingFlags bindingFlags, Binder binder, Object target, Object[] providedArgs, ParameterModifier[] modifiers, CultureInfo culture, String[] namedParams)
   at Ienablemuch.ToTheEfnhX.EntityFramework.EfRepository`1.Save(TEnt ent, Byte[] version) in C:\Users\Michael\_CODE\Ienablemuch.ToTheEfnhX\Ienablemuch.ToTheEfnhX.EntityFramework\EfRepository.cs:line 47
   at TestProject.TestTheIRepository.Common_Can_rollback_transaction(ITransactionBoundFactory xf, IRepository`1 p, IRepository`1 q) in C:\Users\Michael\_CODE\Ienablemuch.ToTheEfnhX\TestProject\TestTheIRepository.cs:line 1150
   at TestProject.TestTheIRepository.Ef_Can_rollback_transaction() in C:\Users\Michael\_CODE\Ienablemuch.ToTheEfnhX\TestProject\TestTheIRepository.cs:line 1123
</StackTrace>
        </ErrorInfo>
      </Output>
    </UnitTestResult>
    <UnitTestResult executionId="d7ff1850-46d7-4622-9464-0cd48e841f98" testId="f3b46671-4362-7dc3-90a0-0fcbe80e34d8" testName="Nh_CanDelete" computerName="MICHAEL-PC" duration="00:00:00.0264460" startTime="2012-06-03T10:12:29.2450000+08:00" endTime="2012-06-03T10:12:29.2800000+08:00" testType="13cdc9d9-ddb5-4fa4-a97d-d965ccfc6d4b" outcome="Failed" testListId="8c84fa94-04c1-424b-9868-57a2d4851a1d" relativeResultsDirectory="d7ff1850-46d7-4622-9464-0cd48e841f98">
      <Output>
        <ErrorInfo>
          <Message>Test method TestProject.TestTheIRepository.Nh_CanDelete threw exception: 
FluentNHibernate.Cfg.FluentConfigurationException: An invalid or incomplete configuration was used while creating a SessionFactory. Check PotentialReasons collection, and InnerException for more detail.

 ---&gt; FluentNHibernate.Cfg.FluentConfigurationException: An invalid or incomplete configuration was used while creating a SessionFactory. Check PotentialReasons collection, and InnerException for more detail.

 ---&gt; FluentNHibernate.Visitors.ValidationException: The entity 'Answer' doesn't have an Id mapped. Use the Id method to map your identity property. For example: Id(x =&gt; x.Id).</Message>
          <StackTrace>    at FluentNHibernate.Visitors.ValidationVisitor.ProcessClass(ClassMapping classMapping) in d:\Builds\FluentNH\src\FluentNHibernate\Visitors\ValidationVisitor.cs:line 20
   at FluentNHibernate.MappingModel.ClassBased.ClassMapping.AcceptVisitor(IMappingModelVisitor visitor) in d:\Builds\FluentNH\src\FluentNHibernate\MappingModel\ClassBased\ClassMapping.cs:line 78
   at FluentNHibernate.Visitors.DefaultMappingModelVisitor.Visit(ClassMapping classMapping) in d:\Builds\FluentNH\src\FluentNHibernate\Visitors\DefaultMappingModelVisitor.cs:line 89
   at FluentNHibernate.MappingModel.HibernateMapping.AcceptVisitor(IMappingModelVisitor visitor) in d:\Builds\FluentNH\src\FluentNHibernate\MappingModel\HibernateMapping.cs:line 37
   at FluentNHibernate.Visitors.DefaultMappingModelVisitor.&lt;Visit&gt;b__0(HibernateMapping x) in d:\Builds\FluentNH\src\FluentNHibernate\Visitors\DefaultMappingModelVisitor.cs:line 79
   at FluentNHibernate.Utils.CollectionExtensions.Each[T](IEnumerable`1 enumerable, Action`1 each) in d:\Builds\FluentNH\src\FluentNHibernate\Utils\CollectionExtensions.cs:line 15
   at FluentNHibernate.Visitors.DefaultMappingModelVisitor.Visit(IEnumerable`1 mappings) in d:\Builds\FluentNH\src\FluentNHibernate\Visitors\DefaultMappingModelVisitor.cs:line 79
   at FluentNHibernate.PersistenceModel.ApplyVisitors(IEnumerable`1 mappings) in d:\Builds\FluentNH\src\FluentNHibernate\PersistenceModel.cs:line 214
   at FluentNHibernate.PersistenceModel.BuildMappings() in d:\Builds\FluentNH\src\FluentNHibernate\PersistenceModel.cs:line 169
   at FluentNHibernate.Automapping.AutoPersistenceModel.BuildMappings() in d:\Builds\FluentNH\src\FluentNHibernate\Automapping\AutoPersistenceModel.cs:line 134
   at FluentNHibernate.PersistenceModel.EnsureMappingsBuilt() in d:\Builds\FluentNH\src\FluentNHibernate\PersistenceModel.cs:line 221
   at FluentNHibernate.PersistenceModel.Configure(Configuration cfg) in d:\Builds\FluentNH\src\FluentNHibernate\PersistenceModel.cs:line 277
   at FluentNHibernate.Automapping.AutoPersistenceModel.Configure(Configuration configuration) in d:\Builds\FluentNH\src\FluentNHibernate\Automapping\AutoPersistenceModel.cs:line 201
   at FluentNHibernate.Cfg.AutoMappingsContainer.Apply(Configuration cfg, PersistenceModel model) in d:\Builds\FluentNH\src\FluentNHibernate\Cfg\AutoMappingsContainer.cs:line 86
   at FluentNHibernate.Cfg.MappingConfiguration.Apply(Configuration cfg) in d:\Builds\FluentNH\src\FluentNHibernate\Cfg\MappingConfiguration.cs:line 80
   at FluentNHibernate.Cfg.FluentConfiguration.BuildConfiguration() in d:\Builds\FluentNH\src\FluentNHibernate\Cfg\FluentConfiguration.cs:line 249
 --- End of inner exception stack trace ---
    at FluentNHibernate.Cfg.FluentConfiguration.BuildConfiguration() in d:\Builds\FluentNH\src\FluentNHibernate\Cfg\FluentConfiguration.cs:line 264
   at FluentNHibernate.Cfg.FluentConfiguration.BuildSessionFactory() in d:\Builds\FluentNH\src\FluentNHibernate\Cfg\FluentConfiguration.cs:line 230
 --- End of inner exception stack trace ---
    at FluentNHibernate.Cfg.FluentConfiguration.BuildSessionFactory() in d:\Builds\FluentNH\src\FluentNHibernate\Cfg\FluentConfiguration.cs:line 235
   at TestProject.NhModelsMapper.GetSessionFactory(String connectionString) in C:\Users\Michael\_CODE\Ienablemuch.ToTheEfnhX\TestProject\NhDbMapper.cs:line 63
   at TestProject.TestTheIRepository.Nh_CanDelete() in C:\Users\Michael\_CODE\Ienablemuch.ToTheEfnhX\TestProject\TestTheIRepository.cs:line 274
</StackTrace>
        </ErrorInfo>
      </Output>
    </UnitTestResult>
    <UnitTestResult executionId="d1a1708c-8fda-460f-bda7-ec72f63381c3" testId="f473cffe-6acb-bc8c-3c44-48f67f9567de" testName="Ef_Can_save_transaction" computerName="MICHAEL-PC" duration="00:00:00.0044589" startTime="2012-06-03T10:12:29.2840000+08:00" endTime="2012-06-03T10:12:29.2960000+08:00" testType="13cdc9d9-ddb5-4fa4-a97d-d965ccfc6d4b" outcome="Failed" testListId="8c84fa94-04c1-424b-9868-57a2d4851a1d" relativeResultsDirectory="d1a1708c-8fda-460f-bda7-ec72f63381c3">
      <Output>
        <ErrorInfo>
          <Message>Test method TestProject.TestTheIRepository.Ef_Can_save_transaction threw exception: 
System.MissingMethodException: Method 'TestProject.SampleModel.Product.ProductId' not found.</Message>
          <StackTrace>    at System.RuntimeType.InvokeMember(String name, BindingFlags bindingFlags, Binder binder, Object target, Object[] providedArgs, ParameterModifier[] modifiers, CultureInfo culture, String[] namedParams)
   at Ienablemuch.ToTheEfnhX.EntityFramework.EfRepository`1.Save(TEnt ent, Byte[] version) in C:\Users\Michael\_CODE\Ienablemuch.ToTheEfnhX\Ienablemuch.ToTheEfnhX.EntityFramework\EfRepository.cs:line 47
   at TestProject.TestTheIRepository.Common_Can_save_transaction(ITransactionBoundFactory xf, IRepository`1 p, IRepository`1 q) in C:\Users\Michael\_CODE\Ienablemuch.ToTheEfnhX\TestProject\TestTheIRepository.cs:line 1225
   at TestProject.TestTheIRepository.Ef_Can_save_transaction() in C:\Users\Michael\_CODE\Ienablemuch.ToTheEfnhX\TestProject\TestTheIRepository.cs:line 1188
</StackTrace>
        </ErrorInfo>
      </Output>
    </UnitTestResult>
    <UnitTestResult executionId="48fc4eda-3f93-4b72-80a2-b1948168b63d" testId="f5049a26-85f5-2d61-7d0d-3fe36d498d57" testName="Memory_CanUpdate" computerName="MICHAEL-PC" duration="00:00:00.0252846" startTime="2012-06-03T10:12:29.3050000+08:00" endTime="2012-06-03T10:12:29.3340000+08:00" testType="13cdc9d9-ddb5-4fa4-a97d-d965ccfc6d4b" outcome="Failed" testListId="8c84fa94-04c1-424b-9868-57a2d4851a1d" relativeResultsDirectory="48fc4eda-3f93-4b72-80a2-b1948168b63d">
      <Output>
        <ErrorInfo>
          <Message>Test method TestProject.TestTheIRepository.Memory_CanUpdate threw exception: 
System.MissingMethodException: Method 'TestProject.SampleModel.Product.ProductId' not found.</Message>
          <StackTrace>    at System.RuntimeType.InvokeMember(String name, BindingFlags bindingFlags, Binder binder, Object target, Object[] providedArgs, ParameterModifier[] modifiers, CultureInfo culture, String[] namedParams)
   at Ienablemuch.ToTheEfnhX.Memory.MemoryRepository`1.Save(Ent ent, Byte[] version) in C:\Users\Michael\_CODE\Ienablemuch.ToTheEfnhX\Ienablemuch.ToTheEfnhX.Memory\MemoryRepository.cs:line 41
   at Ienablemuch.ToTheEfnhX.Memory.MemoryRepository`1.Merge(Ent ent, Byte[] version) in C:\Users\Michael\_CODE\Ienablemuch.ToTheEfnhX\Ienablemuch.ToTheEfnhX.Memory\MemoryRepository.cs:line 197
   at TestProject.TestTheIRepository.Common_CanUpdate(IRepository`1 db) in C:\Users\Michael\_CODE\Ienablemuch.ToTheEfnhX\TestProject\TestTheIRepository.cs:line 342
   at TestProject.TestTheIRepository.Memory_CanUpdate() in C:\Users\Michael\_CODE\Ienablemuch.ToTheEfnhX\TestProject\TestTheIRepository.cs:line 299
</StackTrace>
        </ErrorInfo>
      </Output>
    </UnitTestResult>
    <UnitTestResult executionId="2867eed3-e1cf-4699-8006-a6db66684091" testId="f68ad391-23ca-2766-d2b2-8731589ef39b" testName="Nh_CanSaveHeaderDetail" computerName="MICHAEL-PC" duration="00:00:00.0242426" startTime="2012-06-03T10:12:29.3400000+08:00" endTime="2012-06-03T10:12:29.3710000+08:00" testType="13cdc9d9-ddb5-4fa4-a97d-d965ccfc6d4b" outcome="Failed" testListId="8c84fa94-04c1-424b-9868-57a2d4851a1d" relativeResultsDirectory="2867eed3-e1cf-4699-8006-a6db66684091">
      <Output>
        <ErrorInfo>
          <Message>Test method TestProject.TestTheIRepository.Nh_CanSaveHeaderDetail threw exception: 
FluentNHibernate.Cfg.FluentConfigurationException: An invalid or incomplete configuration was used while creating a SessionFactory. Check PotentialReasons collection, and InnerException for more detail.

 ---&gt; FluentNHibernate.Cfg.FluentConfigurationException: An invalid or incomplete configuration was used while creating a SessionFactory. Check PotentialReasons collection, and InnerException for more detail.

 ---&gt; FluentNHibernate.Visitors.ValidationException: The entity 'Answer' doesn't have an Id mapped. Use the Id method to map your identity property. For example: Id(x =&gt; x.Id).</Message>
          <StackTrace>    at FluentNHibernate.Visitors.ValidationVisitor.ProcessClass(ClassMapping classMapping) in d:\Builds\FluentNH\src\FluentNHibernate\Visitors\ValidationVisitor.cs:line 20
   at FluentNHibernate.MappingModel.ClassBased.ClassMapping.AcceptVisitor(IMappingModelVisitor visitor) in d:\Builds\FluentNH\src\FluentNHibernate\MappingModel\ClassBased\ClassMapping.cs:line 78
   at FluentNHibernate.Visitors.DefaultMappingModelVisitor.Visit(ClassMapping classMapping) in d:\Builds\FluentNH\src\FluentNHibernate\Visitors\DefaultMappingModelVisitor.cs:line 89
   at FluentNHibernate.MappingModel.HibernateMapping.AcceptVisitor(IMappingModelVisitor visitor) in d:\Builds\FluentNH\src\FluentNHibernate\MappingModel\HibernateMapping.cs:line 37
   at FluentNHibernate.Visitors.DefaultMappingModelVisitor.&lt;Visit&gt;b__0(HibernateMapping x) in d:\Builds\FluentNH\src\FluentNHibernate\Visitors\DefaultMappingModelVisitor.cs:line 79
   at FluentNHibernate.Utils.CollectionExtensions.Each[T](IEnumerable`1 enumerable, Action`1 each) in d:\Builds\FluentNH\src\FluentNHibernate\Utils\CollectionExtensions.cs:line 15
   at FluentNHibernate.Visitors.DefaultMappingModelVisitor.Visit(IEnumerable`1 mappings) in d:\Builds\FluentNH\src\FluentNHibernate\Visitors\DefaultMappingModelVisitor.cs:line 79
   at FluentNHibernate.PersistenceModel.ApplyVisitors(IEnumerable`1 mappings) in d:\Builds\FluentNH\src\FluentNHibernate\PersistenceModel.cs:line 214
   at FluentNHibernate.PersistenceModel.BuildMappings() in d:\Builds\FluentNH\src\FluentNHibernate\PersistenceModel.cs:line 169
   at FluentNHibernate.Automapping.AutoPersistenceModel.BuildMappings() in d:\Builds\FluentNH\src\FluentNHibernate\Automapping\AutoPersistenceModel.cs:line 134
   at FluentNHibernate.PersistenceModel.EnsureMappingsBuilt() in d:\Builds\FluentNH\src\FluentNHibernate\PersistenceModel.cs:line 221
   at FluentNHibernate.PersistenceModel.Configure(Configuration cfg) in d:\Builds\FluentNH\src\FluentNHibernate\PersistenceModel.cs:line 277
   at FluentNHibernate.Automapping.AutoPersistenceModel.Configure(Configuration configuration) in d:\Builds\FluentNH\src\FluentNHibernate\Automapping\AutoPersistenceModel.cs:line 201
   at FluentNHibernate.Cfg.AutoMappingsContainer.Apply(Configuration cfg, PersistenceModel model) in d:\Builds\FluentNH\src\FluentNHibernate\Cfg\AutoMappingsContainer.cs:line 86
   at FluentNHibernate.Cfg.MappingConfiguration.Apply(Configuration cfg) in d:\Builds\FluentNH\src\FluentNHibernate\Cfg\MappingConfiguration.cs:line 80
   at FluentNHibernate.Cfg.FluentConfiguration.BuildConfiguration() in d:\Builds\FluentNH\src\FluentNHibernate\Cfg\FluentConfiguration.cs:line 249
 --- End of inner exception stack trace ---
    at FluentNHibernate.Cfg.FluentConfiguration.BuildConfiguration() in d:\Builds\FluentNH\src\FluentNHibernate\Cfg\FluentConfiguration.cs:line 264
   at FluentNHibernate.Cfg.FluentConfiguration.BuildSessionFactory() in d:\Builds\FluentNH\src\FluentNHibernate\Cfg\FluentConfiguration.cs:line 230
 --- End of inner exception stack trace ---
    at FluentNHibernate.Cfg.FluentConfiguration.BuildSessionFactory() in d:\Builds\FluentNH\src\FluentNHibernate\Cfg\FluentConfiguration.cs:line 235
   at TestProject.NhModelsMapper.GetSessionFactory(String connectionString) in C:\Users\Michael\_CODE\Ienablemuch.ToTheEfnhX\TestProject\NhDbMapper.cs:line 63
   at TestProject.TestTheIRepository.Nh_CanSaveHeaderDetail() in C:\Users\Michael\_CODE\Ienablemuch.ToTheEfnhX\TestProject\TestTheIRepository.cs:line 122
</StackTrace>
        </ErrorInfo>
      </Output>
    </UnitTestResult>
    <UnitTestResult executionId="fd4de1fd-84bc-4806-9c0a-0d50ffc7cc84" testId="f7d7cfdb-4468-5c56-7540-afe0d55e093a" testName="Can_do_deep_clone" computerName="MICHAEL-PC" duration="00:00:00.0022882" startTime="2012-06-03T10:12:29.3790000+08:00" endTime="2012-06-03T10:12:29.3850000+08:00" testType="13cdc9d9-ddb5-4fa4-a97d-d965ccfc6d4b" outcome="Passed" testListId="8c84fa94-04c1-424b-9868-57a2d4851a1d" relativeResultsDirectory="fd4de1fd-84bc-4806-9c0a-0d50ffc7cc84">
    </UnitTestResult>
    <UnitTestResult executionId="3c242e13-71dd-4141-ba3b-3162703cfd47" testId="ffcba511-cdf9-ce52-fd62-900fe7820ecc" testName="Ef_Can_queue_changes" computerName="MICHAEL-PC" duration="00:00:00.0051391" startTime="2012-06-03T10:12:29.3900000+08:00" endTime="2012-06-03T10:12:29.3990000+08:00" testType="13cdc9d9-ddb5-4fa4-a97d-d965ccfc6d4b" outcome="Failed" testListId="8c84fa94-04c1-424b-9868-57a2d4851a1d" relativeResultsDirectory="3c242e13-71dd-4141-ba3b-3162703cfd47">
      <Output>
        <ErrorInfo>
          <Message>Test method TestProject.TestTheIRepository.Ef_Can_queue_changes threw exception: 
System.MissingMethodException: Method 'TestProject.SampleModel.Question.QuestionId' not found.</Message>
          <StackTrace>    at System.RuntimeType.InvokeMember(String name, BindingFlags bindingFlags, Binder binder, Object target, Object[] providedArgs, ParameterModifier[] modifiers, CultureInfo culture, String[] namedParams)
   at Ienablemuch.ToTheEfnhX.EntityFramework.EfRepository`1.Merge(TEnt ent, Byte[] version) in C:\Users\Michael\_CODE\Ienablemuch.ToTheEfnhX\Ienablemuch.ToTheEfnhX.EntityFramework\EfRepository.cs:line 155
   at TestProject.TestTheIRepository.Refactored_Common_Merge_Arrange_Create(IRepository`1 repo) in C:\Users\Michael\_CODE\Ienablemuch.ToTheEfnhX\TestProject\TestTheIRepository.cs:line 847
   at TestProject.TestTheIRepository.Common_Can_queue_changes(IRepository`1 repo) in C:\Users\Michael\_CODE\Ienablemuch.ToTheEfnhX\TestProject\TestTheIRepository.cs:line 898
   at TestProject.TestTheIRepository.Ef_Can_queue_changes() in C:\Users\Michael\_CODE\Ienablemuch.ToTheEfnhX\TestProject\TestTheIRepository.cs:line 891
</StackTrace>
        </ErrorInfo>
      </Output>
    </UnitTestResult>
  </Results>
</TestRun>