<?xml version="1.0" encoding="UTF-8"?>
<TestRun id="0f069cf2-b33d-4e26-a08f-88da1dde4ef5" name="Michael@MICHAEL-PC 2012-06-12 19:29:18" runUser="Michael-PC\Michael" xmlns="http://microsoft.com/schemas/VisualStudio/TeamTest/2010">
  <TestSettings name="Local" id="7d9e14f4-f525-48ee-bea8-a34d9f4cc18d">
    <Description>These are default test settings for a local test run.</Description>
    <Deployment enabled="false" runDeploymentRoot="Michael_MICHAEL-PC 2012-06-12 19_29_18">
      <DeploymentItem filename="C:\Users\Michael\_CODE\Ienablemuch.ToTheEfnhX\Ienablemuch.ToTheEfnhX.Memory\bin\Release\Ienablemuch.ToTheEfnhX.Memory.dll" />
      <DeploymentItem filename="C:\Users\Michael\_CODE\Ienablemuch.ToTheEfnhX\packages\FluentNHibernate.1.3.0.717\lib\FluentNHibernate.dll" />
      <DeploymentItem filename="C:\Users\Michael\_CODE\Ienablemuch.ToTheEfnhX\packages\Iesi.Collections.3.2.0.4000\lib\Net35\Iesi.Collections.dll" />
      <DeploymentItem filename="C:\Users\Michael\_CODE\Ienablemuch.ToTheEfnhX\Ienablemuch.ToTheEfnhx.CommonExtensions\bin\Release\Ienablemuch.ToTheEfnhx.CommonExtensions.dll" />
      <DeploymentItem filename="C:\Users\Michael\_CODE\Ienablemuch.ToTheEfnhX\packages\NHibernate.3.3.0.4000\lib\Net35\NHibernate.dll" />
      <DeploymentItem filename="C:\Users\Michael\_CODE\Ienablemuch.ToTheEfnhX\packages\EntityFramework.4.3.1\lib\net40\EntityFramework.dll" />
      <DeploymentItem filename="C:\Users\Michael\_CODE\Ienablemuch.ToTheEfnhX\Ienablemuch.ToTheEfnhX.NHibernate\bin\Release\Ienablemuch.ToTheEfnhX.NHibernate.dll" />
      <DeploymentItem filename="C:\Users\Michael\_CODE\Ienablemuch.ToTheEfnhX\Ienablemuch.ToTheEfnhX.EntityFramework\bin\Release\Ienablemuch.ToTheEfnhX.EntityFramework.dll" />
      <DeploymentItem filename="C:\Users\Michael\_CODE\Ienablemuch.ToTheEfnhX\ToTheEfnhX\bin\Release\Ienablemuch.ToTheEfnhX.dll" />
    </Deployment>
    <Execution>
      <TestTypeSpecific />
      <AgentRule name="Execution Agents">
      </AgentRule>
    </Execution>
  </TestSettings>
  <Times creation="2012-06-12T19:29:18.3220000+08:00" queuing="2012-06-12T19:29:18.4050000+08:00" start="2012-06-12T19:29:18.4620000+08:00" finish="2012-06-12T19:29:25.1590000+08:00" />
  <ResultSummary outcome="Completed">
    <Counters total="58" executed="58" passed="58" error="0" failed="0" timeout="0" aborted="0" inconclusive="0" passedButRunAborted="0" notRunnable="0" notExecuted="0" disconnected="0" warning="0" completed="0" inProgress="0" pending="0" />
  </ResultSummary>
  <TestDefinitions>
    <UnitTest name="Nh_CanHaveIncrementingKey" storage="c:\users\michael\_code\ienablemuch.totheefnhx\testproject\bin\release\testproject.dll" id="c8ff8ef9-a95a-0779-90f7-6e8188ebefd1">
      <Execution id="e735f7ce-3479-49bb-80e3-2e185583af36" />
      <TestMethod codeBase="C:/Users/Michael/_CODE/Ienablemuch.ToTheEfnhX/TestProject/bin/Release/TestProject.DLL" adapterTypeName="Microsoft.VisualStudio.TestTools.TestTypes.Unit.UnitTestAdapter, Microsoft.VisualStudio.QualityTools.Tips.UnitTest.Adapter, Version=10.0.0.0, Culture=neutral, PublicKeyToken=b03f5f7f11d50a3a" className="TestProject.TestTheIRepository, TestProject, Version=1.0.0.0, Culture=neutral, PublicKeyToken=null" name="Nh_CanHaveIncrementingKey" />
    </UnitTest>
    <UnitTest name="Nh_SessionTransaction_can_detect_its_own_transaction_commitness_only" storage="c:\users\michael\_code\ienablemuch.totheefnhx\testproject\bin\release\testproject.dll" id="83330a72-51da-0d0d-d2b2-826b2f6cfd00">
      <Execution id="7956f7e4-f389-4959-9dbd-2c82b90b9da6" />
      <TestMethod codeBase="C:/Users/Michael/_CODE/Ienablemuch.ToTheEfnhX/TestProject/bin/Release/TestProject.DLL" adapterTypeName="Microsoft.VisualStudio.TestTools.TestTypes.Unit.UnitTestAdapter, Microsoft.VisualStudio.QualityTools.Tips.UnitTest.Adapter, Version=10.0.0.0, Culture=neutral, PublicKeyToken=b03f5f7f11d50a3a" className="TestProject.TestTheIRepository, TestProject, Version=1.0.0.0, Culture=neutral, PublicKeyToken=null" name="Nh_SessionTransaction_can_detect_its_own_transaction_commitness_only" />
    </UnitTest>
    <UnitTest name="Nh_CanDetectUpdateConflictingDelete" storage="c:\users\michael\_code\ienablemuch.totheefnhx\testproject\bin\release\testproject.dll" id="5d13769c-6ed9-df33-8e6d-b0cc79c073f2">
      <Execution id="9367b02a-776b-4d92-9429-8401d08f148f" />
      <TestMethod codeBase="C:/Users/Michael/_CODE/Ienablemuch.ToTheEfnhX/TestProject/bin/Release/TestProject.DLL" adapterTypeName="Microsoft.VisualStudio.TestTools.TestTypes.Unit.UnitTestAdapter, Microsoft.VisualStudio.QualityTools.Tips.UnitTest.Adapter, Version=10.0.0.0, Culture=neutral, PublicKeyToken=b03f5f7f11d50a3a" className="TestProject.TestTheIRepository, TestProject, Version=1.0.0.0, Culture=neutral, PublicKeyToken=null" name="Nh_CanDetectUpdateConflictingDelete" />
    </UnitTest>
    <UnitTest name="Nh_Can_Orm_do_cascaded_deletions" storage="c:\users\michael\_code\ienablemuch.totheefnhx\testproject\bin\release\testproject.dll" id="170c0ff1-28bc-09a2-839b-5ab24853aea8">
      <Execution id="b2767806-5dcc-49b6-871b-0578d75da933" />
      <TestMethod codeBase="C:/Users/Michael/_CODE/Ienablemuch.ToTheEfnhX/TestProject/bin/Release/TestProject.DLL" adapterTypeName="Microsoft.VisualStudio.TestTools.TestTypes.Unit.UnitTestAdapter, Microsoft.VisualStudio.QualityTools.Tips.UnitTest.Adapter, Version=10.0.0.0, Culture=neutral, PublicKeyToken=b03f5f7f11d50a3a" className="TestProject.TestTheIRepository, TestProject, Version=1.0.0.0, Culture=neutral, PublicKeyToken=null" name="Nh_Can_Orm_do_cascaded_deletions" />
    </UnitTest>
    <UnitTest name="Saving_is_ok" storage="c:\users\michael\_code\ienablemuch.totheefnhx\testproject\bin\release\testproject.dll" id="5b9ac5c8-7814-fd36-cd57-f0de0de0fae7">
      <Execution id="82fa7233-92a0-4f37-92e1-d9b807d94af9" />
      <TestMethod codeBase="C:/Users/Michael/_CODE/Ienablemuch.ToTheEfnhX/TestProject/bin/Release/TestProject.DLL" adapterTypeName="Microsoft.VisualStudio.TestTools.TestTypes.Unit.UnitTestAdapter, Microsoft.VisualStudio.QualityTools.Tips.UnitTest.Adapter, Version=10.0.0.0, Culture=neutral, PublicKeyToken=b03f5f7f11d50a3a" className="TestProject.TestTheIRepository, TestProject, Version=1.0.0.0, Culture=neutral, PublicKeyToken=null" name="Saving_is_ok" />
    </UnitTest>
    <UnitTest name="Fetching_strategies_of_NHibernate_helper_has_no_problem_on_mocked_IQueryable" storage="c:\users\michael\_code\ienablemuch.totheefnhx\testproject\bin\release\testproject.dll" id="24f780e7-822d-62ed-f13e-e2daddc611e1">
      <Execution id="f32f4be2-7f85-41eb-b800-2be5cdbaa7b7" />
      <TestMethod codeBase="C:/Users/Michael/_CODE/Ienablemuch.ToTheEfnhX/TestProject/bin/Release/TestProject.DLL" adapterTypeName="Microsoft.VisualStudio.TestTools.TestTypes.Unit.UnitTestAdapter, Microsoft.VisualStudio.QualityTools.Tips.UnitTest.Adapter, Version=10.0.0.0, Culture=neutral, PublicKeyToken=b03f5f7f11d50a3a" className="TestProject.TestTheIRepository, TestProject, Version=1.0.0.0, Culture=neutral, PublicKeyToken=null" name="Fetching_strategies_of_NHibernate_helper_has_no_problem_on_mocked_IQueryable" />
    </UnitTest>
    <UnitTest name="Test_Ef_Get_PK_via_dynamic" storage="c:\users\michael\_code\ienablemuch.totheefnhx\testproject\bin\release\testproject.dll" id="a5e54779-0e2e-17fd-60ad-0caf532866a2">
      <Execution id="c542c293-528b-4f3d-8bd8-35a953bf47e9" />
      <TestMethod codeBase="C:/Users/Michael/_CODE/Ienablemuch.ToTheEfnhX/TestProject/bin/Release/TestProject.DLL" adapterTypeName="Microsoft.VisualStudio.TestTools.TestTypes.Unit.UnitTestAdapter, Microsoft.VisualStudio.QualityTools.Tips.UnitTest.Adapter, Version=10.0.0.0, Culture=neutral, PublicKeyToken=b03f5f7f11d50a3a" className="TestProject.TestTheIRepository, TestProject, Version=1.0.0.0, Culture=neutral, PublicKeyToken=null" name="Test_Ef_Get_PK_via_dynamic" />
    </UnitTest>
    <UnitTest name="Nh_CanUpdate" storage="c:\users\michael\_code\ienablemuch.totheefnhx\testproject\bin\release\testproject.dll" id="63d9977f-78b2-ba78-f19b-1e84d68eabe8">
      <Execution id="a6aa2d90-93db-4714-8320-c9cb4b3e0363" />
      <TestMethod codeBase="C:/Users/Michael/_CODE/Ienablemuch.ToTheEfnhX/TestProject/bin/Release/TestProject.DLL" adapterTypeName="Microsoft.VisualStudio.TestTools.TestTypes.Unit.UnitTestAdapter, Microsoft.VisualStudio.QualityTools.Tips.UnitTest.Adapter, Version=10.0.0.0, Culture=neutral, PublicKeyToken=b03f5f7f11d50a3a" className="TestProject.TestTheIRepository, TestProject, Version=1.0.0.0, Culture=neutral, PublicKeyToken=null" name="Nh_CanUpdate" />
    </UnitTest>
    <UnitTest name="Nh_Can_Orm_SaveGraph_Can_Update" storage="c:\users\michael\_code\ienablemuch.totheefnhx\testproject\bin\release\testproject.dll" id="2c5bd9dd-112e-27f2-907e-74a104a18d8d">
      <Execution id="93534784-8184-4f58-bf6c-ff03441bb240" />
      <TestMethod codeBase="C:/Users/Michael/_CODE/Ienablemuch.ToTheEfnhX/TestProject/bin/Release/TestProject.DLL" adapterTypeName="Microsoft.VisualStudio.TestTools.TestTypes.Unit.UnitTestAdapter, Microsoft.VisualStudio.QualityTools.Tips.UnitTest.Adapter, Version=10.0.0.0, Culture=neutral, PublicKeyToken=b03f5f7f11d50a3a" className="TestProject.TestTheIRepository, TestProject, Version=1.0.0.0, Culture=neutral, PublicKeyToken=null" name="Nh_Can_Orm_SaveGraph_Can_Update" />
    </UnitTest>
    <UnitTest name="Memory_CanUpdate" storage="c:\users\michael\_code\ienablemuch.totheefnhx\testproject\bin\release\testproject.dll" id="f5049a26-85f5-2d61-7d0d-3fe36d498d57">
      <Execution id="37573df7-a112-4e91-a60c-b54ebae58f11" />
      <TestMethod codeBase="C:/Users/Michael/_CODE/Ienablemuch.ToTheEfnhX/TestProject/bin/Release/TestProject.DLL" adapterTypeName="Microsoft.VisualStudio.TestTools.TestTypes.Unit.UnitTestAdapter, Microsoft.VisualStudio.QualityTools.Tips.UnitTest.Adapter, Version=10.0.0.0, Culture=neutral, PublicKeyToken=b03f5f7f11d50a3a" className="TestProject.TestTheIRepository, TestProject, Version=1.0.0.0, Culture=neutral, PublicKeyToken=null" name="Memory_CanUpdate" />
    </UnitTest>
    <UnitTest name="Ef_CanDetectDeleteConflictingDelete" storage="c:\users\michael\_code\ienablemuch.totheefnhx\testproject\bin\release\testproject.dll" id="4bb22a57-9102-06ea-257b-caae673d46d7">
      <Execution id="1b008ad2-75f9-4f02-aaff-4f37bc144f49" />
      <TestMethod codeBase="C:/Users/Michael/_CODE/Ienablemuch.ToTheEfnhX/TestProject/bin/Release/TestProject.DLL" adapterTypeName="Microsoft.VisualStudio.TestTools.TestTypes.Unit.UnitTestAdapter, Microsoft.VisualStudio.QualityTools.Tips.UnitTest.Adapter, Version=10.0.0.0, Culture=neutral, PublicKeyToken=b03f5f7f11d50a3a" className="TestProject.TestTheIRepository, TestProject, Version=1.0.0.0, Culture=neutral, PublicKeyToken=null" name="Ef_CanDetectDeleteConflictingDelete" />
    </UnitTest>
    <UnitTest name="Ef_Can_save_transaction" storage="c:\users\michael\_code\ienablemuch.totheefnhx\testproject\bin\release\testproject.dll" id="f473cffe-6acb-bc8c-3c44-48f67f9567de">
      <Execution id="f9ea8ac9-63d3-4162-85c9-b5c9ed6acc3e" />
      <TestMethod codeBase="C:/Users/Michael/_CODE/Ienablemuch.ToTheEfnhX/TestProject/bin/Release/TestProject.DLL" adapterTypeName="Microsoft.VisualStudio.TestTools.TestTypes.Unit.UnitTestAdapter, Microsoft.VisualStudio.QualityTools.Tips.UnitTest.Adapter, Version=10.0.0.0, Culture=neutral, PublicKeyToken=b03f5f7f11d50a3a" className="TestProject.TestTheIRepository, TestProject, Version=1.0.0.0, Culture=neutral, PublicKeyToken=null" name="Ef_Can_save_transaction" />
    </UnitTest>
    <UnitTest name="Memory_CanDetectDeleteConflictingDelete" storage="c:\users\michael\_code\ienablemuch.totheefnhx\testproject\bin\release\testproject.dll" id="d409929f-129a-9686-590d-6472fdfa28e4">
      <Execution id="7ad502d6-5862-42a1-a290-8ddd999612fe" />
      <TestMethod codeBase="C:/Users/Michael/_CODE/Ienablemuch.ToTheEfnhX/TestProject/bin/Release/TestProject.DLL" adapterTypeName="Microsoft.VisualStudio.TestTools.TestTypes.Unit.UnitTestAdapter, Microsoft.VisualStudio.QualityTools.Tips.UnitTest.Adapter, Version=10.0.0.0, Culture=neutral, PublicKeyToken=b03f5f7f11d50a3a" className="TestProject.TestTheIRepository, TestProject, Version=1.0.0.0, Culture=neutral, PublicKeyToken=null" name="Memory_CanDetectDeleteConflictingDelete" />
    </UnitTest>
    <UnitTest name="Ef_CanSaveHeaderDetail" storage="c:\users\michael\_code\ienablemuch.totheefnhx\testproject\bin\release\testproject.dll" id="ecf5b477-cdd8-3508-c195-40a64bc26f00">
      <Execution id="6fc092a3-78c6-43f8-83a2-31d5371b44eb" />
      <TestMethod codeBase="C:/Users/Michael/_CODE/Ienablemuch.ToTheEfnhX/TestProject/bin/Release/TestProject.DLL" adapterTypeName="Microsoft.VisualStudio.TestTools.TestTypes.Unit.UnitTestAdapter, Microsoft.VisualStudio.QualityTools.Tips.UnitTest.Adapter, Version=10.0.0.0, Culture=neutral, PublicKeyToken=b03f5f7f11d50a3a" className="TestProject.TestTheIRepository, TestProject, Version=1.0.0.0, Culture=neutral, PublicKeyToken=null" name="Ef_CanSaveHeaderDetail" />
    </UnitTest>
    <UnitTest name="Nh_Can_Orm_SaveGraph_Can_Create" storage="c:\users\michael\_code\ienablemuch.totheefnhx\testproject\bin\release\testproject.dll" id="13f7d7c6-d8db-1750-7cfe-dc506ff46655">
      <Execution id="e9285713-a254-489e-93c0-cf4b60f62f0f" />
      <TestMethod codeBase="C:/Users/Michael/_CODE/Ienablemuch.ToTheEfnhX/TestProject/bin/Release/TestProject.DLL" adapterTypeName="Microsoft.VisualStudio.TestTools.TestTypes.Unit.UnitTestAdapter, Microsoft.VisualStudio.QualityTools.Tips.UnitTest.Adapter, Version=10.0.0.0, Culture=neutral, PublicKeyToken=b03f5f7f11d50a3a" className="TestProject.TestTheIRepository, TestProject, Version=1.0.0.0, Culture=neutral, PublicKeyToken=null" name="Nh_Can_Orm_SaveGraph_Can_Create" />
    </UnitTest>
    <UnitTest name="Ef_Can_Orm_SaveGraph_Can_Create" storage="c:\users\michael\_code\ienablemuch.totheefnhx\testproject\bin\release\testproject.dll" id="bc6bd775-f005-e7a2-7238-5a88173c9263">
      <Execution id="937b44c9-ad84-4d96-a4c0-d800526dc4f0" />
      <TestMethod codeBase="C:/Users/Michael/_CODE/Ienablemuch.ToTheEfnhX/TestProject/bin/Release/TestProject.DLL" adapterTypeName="Microsoft.VisualStudio.TestTools.TestTypes.Unit.UnitTestAdapter, Microsoft.VisualStudio.QualityTools.Tips.UnitTest.Adapter, Version=10.0.0.0, Culture=neutral, PublicKeyToken=b03f5f7f11d50a3a" className="TestProject.TestTheIRepository, TestProject, Version=1.0.0.0, Culture=neutral, PublicKeyToken=null" name="Ef_Can_Orm_SaveGraph_Can_Create" />
    </UnitTest>
    <UnitTest name="Ef_CanDetectUpdateConflictingUpdate" storage="c:\users\michael\_code\ienablemuch.totheefnhx\testproject\bin\release\testproject.dll" id="ca3ec696-2df9-55bd-c53c-f732b5c80a68">
      <Execution id="a508f8ce-e491-4725-82b9-cd4e2cfa0388" />
      <TestMethod codeBase="C:/Users/Michael/_CODE/Ienablemuch.ToTheEfnhX/TestProject/bin/Release/TestProject.DLL" adapterTypeName="Microsoft.VisualStudio.TestTools.TestTypes.Unit.UnitTestAdapter, Microsoft.VisualStudio.QualityTools.Tips.UnitTest.Adapter, Version=10.0.0.0, Culture=neutral, PublicKeyToken=b03f5f7f11d50a3a" className="TestProject.TestTheIRepository, TestProject, Version=1.0.0.0, Culture=neutral, PublicKeyToken=null" name="Ef_CanDetectUpdateConflictingUpdate" />
    </UnitTest>
    <UnitTest name="Ef_Can_Save_Then_Update" storage="c:\users\michael\_code\ienablemuch.totheefnhx\testproject\bin\release\testproject.dll" id="9076dd47-28a7-196a-e653-7fb55dfa55a8">
      <Execution id="d274addf-c26c-47f9-82b9-933b3c349fde" />
      <TestMethod codeBase="C:/Users/Michael/_CODE/Ienablemuch.ToTheEfnhX/TestProject/bin/Release/TestProject.DLL" adapterTypeName="Microsoft.VisualStudio.TestTools.TestTypes.Unit.UnitTestAdapter, Microsoft.VisualStudio.QualityTools.Tips.UnitTest.Adapter, Version=10.0.0.0, Culture=neutral, PublicKeyToken=b03f5f7f11d50a3a" className="TestProject.TestTheIRepository, TestProject, Version=1.0.0.0, Culture=neutral, PublicKeyToken=null" name="Ef_Can_Save_Then_Update" />
    </UnitTest>
    <UnitTest name="Nh_SessionTransaction_cannot_detect_transaction_commitness" storage="c:\users\michael\_code\ienablemuch.totheefnhx\testproject\bin\release\testproject.dll" id="dad118fb-1088-58a3-350a-fc5e47173fa9">
      <Execution id="0f68be05-317f-42ab-9142-b5ab2ad4e378" />
      <TestMethod codeBase="C:/Users/Michael/_CODE/Ienablemuch.ToTheEfnhX/TestProject/bin/Release/TestProject.DLL" adapterTypeName="Microsoft.VisualStudio.TestTools.TestTypes.Unit.UnitTestAdapter, Microsoft.VisualStudio.QualityTools.Tips.UnitTest.Adapter, Version=10.0.0.0, Culture=neutral, PublicKeyToken=b03f5f7f11d50a3a" className="TestProject.TestTheIRepository, TestProject, Version=1.0.0.0, Culture=neutral, PublicKeyToken=null" name="Nh_SessionTransaction_cannot_detect_transaction_commitness" />
    </UnitTest>
    <UnitTest name="Ef_CanSaveHeaderDetail_ThenHeaderOnly" storage="c:\users\michael\_code\ienablemuch.totheefnhx\testproject\bin\release\testproject.dll" id="0ea817b0-89e9-afde-2a90-f0a2148b5b86">
      <Execution id="ad8ab05a-6f83-492a-b6d2-e4c8a19391f4" />
      <TestMethod codeBase="C:/Users/Michael/_CODE/Ienablemuch.ToTheEfnhX/TestProject/bin/Release/TestProject.DLL" adapterTypeName="Microsoft.VisualStudio.TestTools.TestTypes.Unit.UnitTestAdapter, Microsoft.VisualStudio.QualityTools.Tips.UnitTest.Adapter, Version=10.0.0.0, Culture=neutral, PublicKeyToken=b03f5f7f11d50a3a" className="TestProject.TestTheIRepository, TestProject, Version=1.0.0.0, Culture=neutral, PublicKeyToken=null" name="Ef_CanSaveHeaderDetail_ThenHeaderOnly" />
    </UnitTest>
    <UnitTest name="Memory_CanSaveHeaderDetail" storage="c:\users\michael\_code\ienablemuch.totheefnhx\testproject\bin\release\testproject.dll" id="c2e9f01d-6387-7f00-c2a6-71385a796942">
      <Execution id="9c387ee4-e4f0-49df-9379-dba8026e107a" />
      <TestMethod codeBase="C:/Users/Michael/_CODE/Ienablemuch.ToTheEfnhX/TestProject/bin/Release/TestProject.DLL" adapterTypeName="Microsoft.VisualStudio.TestTools.TestTypes.Unit.UnitTestAdapter, Microsoft.VisualStudio.QualityTools.Tips.UnitTest.Adapter, Version=10.0.0.0, Culture=neutral, PublicKeyToken=b03f5f7f11d50a3a" className="TestProject.TestTheIRepository, TestProject, Version=1.0.0.0, Culture=neutral, PublicKeyToken=null" name="Memory_CanSaveHeaderDetail" />
    </UnitTest>
    <UnitTest name="Ef_CanSave" storage="c:\users\michael\_code\ienablemuch.totheefnhx\testproject\bin\release\testproject.dll" id="6a52032d-db59-8802-47db-20699e8ef053">
      <Execution id="050d1e8a-b673-4f17-95e6-91b20362d208" />
      <TestMethod codeBase="C:/Users/Michael/_CODE/Ienablemuch.ToTheEfnhX/TestProject/bin/Release/TestProject.DLL" adapterTypeName="Microsoft.VisualStudio.TestTools.TestTypes.Unit.UnitTestAdapter, Microsoft.VisualStudio.QualityTools.Tips.UnitTest.Adapter, Version=10.0.0.0, Culture=neutral, PublicKeyToken=b03f5f7f11d50a3a" className="TestProject.TestTheIRepository, TestProject, Version=1.0.0.0, Culture=neutral, PublicKeyToken=null" name="Ef_CanSave" />
    </UnitTest>
    <UnitTest name="Ef_HasRowVersion" storage="c:\users\michael\_code\ienablemuch.totheefnhx\testproject\bin\release\testproject.dll" id="86150143-fb0b-c807-6c85-448e509331e0">
      <Execution id="df954080-4ed9-4f85-b252-9cffa4f75db0" />
      <TestMethod codeBase="C:/Users/Michael/_CODE/Ienablemuch.ToTheEfnhX/TestProject/bin/Release/TestProject.DLL" adapterTypeName="Microsoft.VisualStudio.TestTools.TestTypes.Unit.UnitTestAdapter, Microsoft.VisualStudio.QualityTools.Tips.UnitTest.Adapter, Version=10.0.0.0, Culture=neutral, PublicKeyToken=b03f5f7f11d50a3a" className="TestProject.TestTheIRepository, TestProject, Version=1.0.0.0, Culture=neutral, PublicKeyToken=null" name="Ef_HasRowVersion" />
    </UnitTest>
    <UnitTest name="Test_Ef_Get_Pk_via_pure_reflection" storage="c:\users\michael\_code\ienablemuch.totheefnhx\testproject\bin\release\testproject.dll" id="d6948249-9c33-5900-b906-67a9c3f3e0f6">
      <Execution id="ce98453d-14fc-4d60-a531-b937f633baf0" />
      <TestMethod codeBase="C:/Users/Michael/_CODE/Ienablemuch.ToTheEfnhX/TestProject/bin/Release/TestProject.DLL" adapterTypeName="Microsoft.VisualStudio.TestTools.TestTypes.Unit.UnitTestAdapter, Microsoft.VisualStudio.QualityTools.Tips.UnitTest.Adapter, Version=10.0.0.0, Culture=neutral, PublicKeyToken=b03f5f7f11d50a3a" className="TestProject.TestTheIRepository, TestProject, Version=1.0.0.0, Culture=neutral, PublicKeyToken=null" name="Test_Ef_Get_Pk_via_pure_reflection" />
    </UnitTest>
    <UnitTest name="Nh_CanSaveHeaderDetail_ThenHeaderOnly" storage="c:\users\michael\_code\ienablemuch.totheefnhx\testproject\bin\release\testproject.dll" id="80519bd9-73a3-a605-5d67-813603142393">
      <Execution id="f4b0d14f-fd4f-46d4-a6cf-069022e24c22" />
      <TestMethod codeBase="C:/Users/Michael/_CODE/Ienablemuch.ToTheEfnhX/TestProject/bin/Release/TestProject.DLL" adapterTypeName="Microsoft.VisualStudio.TestTools.TestTypes.Unit.UnitTestAdapter, Microsoft.VisualStudio.QualityTools.Tips.UnitTest.Adapter, Version=10.0.0.0, Culture=neutral, PublicKeyToken=b03f5f7f11d50a3a" className="TestProject.TestTheIRepository, TestProject, Version=1.0.0.0, Culture=neutral, PublicKeyToken=null" name="Nh_CanSaveHeaderDetail_ThenHeaderOnly" />
    </UnitTest>
    <UnitTest name="Nh_CanDetectDeleteConflictingUpdate" storage="c:\users\michael\_code\ienablemuch.totheefnhx\testproject\bin\release\testproject.dll" id="467d17f0-5ec4-24a5-9089-e15ef18964f7">
      <Execution id="f18377a4-767f-4c90-928c-a73c8727d22a" />
      <TestMethod codeBase="C:/Users/Michael/_CODE/Ienablemuch.ToTheEfnhX/TestProject/bin/Release/TestProject.DLL" adapterTypeName="Microsoft.VisualStudio.TestTools.TestTypes.Unit.UnitTestAdapter, Microsoft.VisualStudio.QualityTools.Tips.UnitTest.Adapter, Version=10.0.0.0, Culture=neutral, PublicKeyToken=b03f5f7f11d50a3a" className="TestProject.TestTheIRepository, TestProject, Version=1.0.0.0, Culture=neutral, PublicKeyToken=null" name="Nh_CanDetectDeleteConflictingUpdate" />
    </UnitTest>
    <UnitTest name="Nh_HasRowVersion" storage="c:\users\michael\_code\ienablemuch.totheefnhx\testproject\bin\release\testproject.dll" id="919c9ab6-d8de-ff18-95fc-25bc030735bd">
      <Execution id="69a9ca70-b4be-4bdb-8940-44888285a295" />
      <TestMethod codeBase="C:/Users/Michael/_CODE/Ienablemuch.ToTheEfnhX/TestProject/bin/Release/TestProject.DLL" adapterTypeName="Microsoft.VisualStudio.TestTools.TestTypes.Unit.UnitTestAdapter, Microsoft.VisualStudio.QualityTools.Tips.UnitTest.Adapter, Version=10.0.0.0, Culture=neutral, PublicKeyToken=b03f5f7f11d50a3a" className="TestProject.TestTheIRepository, TestProject, Version=1.0.0.0, Culture=neutral, PublicKeyToken=null" name="Nh_HasRowVersion" />
    </UnitTest>
    <UnitTest name="Ef_Can_Orm_do_cascaded_deletions" storage="c:\users\michael\_code\ienablemuch.totheefnhx\testproject\bin\release\testproject.dll" id="a2256363-4989-1fab-e208-96edc389fe3c">
      <Execution id="87ad0641-c9c7-4575-8088-344f301c308a" />
      <TestMethod codeBase="C:/Users/Michael/_CODE/Ienablemuch.ToTheEfnhX/TestProject/bin/Release/TestProject.DLL" adapterTypeName="Microsoft.VisualStudio.TestTools.TestTypes.Unit.UnitTestAdapter, Microsoft.VisualStudio.QualityTools.Tips.UnitTest.Adapter, Version=10.0.0.0, Culture=neutral, PublicKeyToken=b03f5f7f11d50a3a" className="TestProject.TestTheIRepository, TestProject, Version=1.0.0.0, Culture=neutral, PublicKeyToken=null" name="Ef_Can_Orm_do_cascaded_deletions" />
    </UnitTest>
    <UnitTest name="Memory_CanSaveTransaction" storage="c:\users\michael\_code\ienablemuch.totheefnhx\testproject\bin\release\testproject.dll" id="6b805790-9c4f-2071-6e55-fbbb337c0021">
      <Execution id="ca687766-bee6-4097-805d-2c93f9850bfb" />
      <TestMethod codeBase="C:/Users/Michael/_CODE/Ienablemuch.ToTheEfnhX/TestProject/bin/Release/TestProject.DLL" adapterTypeName="Microsoft.VisualStudio.TestTools.TestTypes.Unit.UnitTestAdapter, Microsoft.VisualStudio.QualityTools.Tips.UnitTest.Adapter, Version=10.0.0.0, Culture=neutral, PublicKeyToken=b03f5f7f11d50a3a" className="TestProject.TestTheIRepository, TestProject, Version=1.0.0.0, Culture=neutral, PublicKeyToken=null" name="Memory_CanSaveTransaction" />
    </UnitTest>
    <UnitTest name="Ef_CanDetectUpdateConflictingDelete" storage="c:\users\michael\_code\ienablemuch.totheefnhx\testproject\bin\release\testproject.dll" id="cdd1ec05-a33a-edaf-1560-6637f27329d2">
      <Execution id="af5d3c7a-4266-450e-a8c0-1214c6fc369a" />
      <TestMethod codeBase="C:/Users/Michael/_CODE/Ienablemuch.ToTheEfnhX/TestProject/bin/Release/TestProject.DLL" adapterTypeName="Microsoft.VisualStudio.TestTools.TestTypes.Unit.UnitTestAdapter, Microsoft.VisualStudio.QualityTools.Tips.UnitTest.Adapter, Version=10.0.0.0, Culture=neutral, PublicKeyToken=b03f5f7f11d50a3a" className="TestProject.TestTheIRepository, TestProject, Version=1.0.0.0, Culture=neutral, PublicKeyToken=null" name="Ef_CanDetectUpdateConflictingDelete" />
    </UnitTest>
    <UnitTest name="Ef_CanDelete" storage="c:\users\michael\_code\ienablemuch.totheefnhx\testproject\bin\release\testproject.dll" id="c3da4334-35ea-a9c1-5cbf-c1daa7323978">
      <Execution id="fd79684c-1b6a-4349-bc07-d33e62f813f6" />
      <TestMethod codeBase="C:/Users/Michael/_CODE/Ienablemuch.ToTheEfnhX/TestProject/bin/Release/TestProject.DLL" adapterTypeName="Microsoft.VisualStudio.TestTools.TestTypes.Unit.UnitTestAdapter, Microsoft.VisualStudio.QualityTools.Tips.UnitTest.Adapter, Version=10.0.0.0, Culture=neutral, PublicKeyToken=b03f5f7f11d50a3a" className="TestProject.TestTheIRepository, TestProject, Version=1.0.0.0, Culture=neutral, PublicKeyToken=null" name="Ef_CanDelete" />
    </UnitTest>
    <UnitTest name="Ef_Can_queue_changes" storage="c:\users\michael\_code\ienablemuch.totheefnhx\testproject\bin\release\testproject.dll" id="ffcba511-cdf9-ce52-fd62-900fe7820ecc">
      <Execution id="51f81216-0cbd-463a-a80c-1d3cbec5123a" />
      <TestMethod codeBase="C:/Users/Michael/_CODE/Ienablemuch.ToTheEfnhX/TestProject/bin/Release/TestProject.DLL" adapterTypeName="Microsoft.VisualStudio.TestTools.TestTypes.Unit.UnitTestAdapter, Microsoft.VisualStudio.QualityTools.Tips.UnitTest.Adapter, Version=10.0.0.0, Culture=neutral, PublicKeyToken=b03f5f7f11d50a3a" className="TestProject.TestTheIRepository, TestProject, Version=1.0.0.0, Culture=neutral, PublicKeyToken=null" name="Ef_Can_queue_changes" />
    </UnitTest>
    <UnitTest name="Fetching_strategies_of_EntityFramework_helper_has_no_problem_on_mocked_IQueryable" storage="c:\users\michael\_code\ienablemuch.totheefnhx\testproject\bin\release\testproject.dll" id="c8cf96fa-83e0-e026-64af-f003abc95103">
      <Execution id="3897635d-b863-4369-9503-f2e3f3232322" />
      <TestMethod codeBase="C:/Users/Michael/_CODE/Ienablemuch.ToTheEfnhX/TestProject/bin/Release/TestProject.DLL" adapterTypeName="Microsoft.VisualStudio.TestTools.TestTypes.Unit.UnitTestAdapter, Microsoft.VisualStudio.QualityTools.Tips.UnitTest.Adapter, Version=10.0.0.0, Culture=neutral, PublicKeyToken=b03f5f7f11d50a3a" className="TestProject.TestTheIRepository, TestProject, Version=1.0.0.0, Culture=neutral, PublicKeyToken=null" name="Fetching_strategies_of_EntityFramework_helper_has_no_problem_on_mocked_IQueryable" />
    </UnitTest>
    <UnitTest name="Memory_CanDetectUpdateConflictingDelete" storage="c:\users\michael\_code\ienablemuch.totheefnhx\testproject\bin\release\testproject.dll" id="314cd11d-882d-0d0a-f196-b0f474ca8700">
      <Execution id="3934039c-a309-4ad3-a4c2-6bd6e648cfa5" />
      <TestMethod codeBase="C:/Users/Michael/_CODE/Ienablemuch.ToTheEfnhX/TestProject/bin/Release/TestProject.DLL" adapterTypeName="Microsoft.VisualStudio.TestTools.TestTypes.Unit.UnitTestAdapter, Microsoft.VisualStudio.QualityTools.Tips.UnitTest.Adapter, Version=10.0.0.0, Culture=neutral, PublicKeyToken=b03f5f7f11d50a3a" className="TestProject.TestTheIRepository, TestProject, Version=1.0.0.0, Culture=neutral, PublicKeyToken=null" name="Memory_CanDetectUpdateConflictingDelete" />
    </UnitTest>
    <UnitTest name="Nh_Can_queue_changes" storage="c:\users\michael\_code\ienablemuch.totheefnhx\testproject\bin\release\testproject.dll" id="8ae0b4b0-ccc4-fc93-736a-72af24764f70">
      <Execution id="c287bb94-d35b-43cf-b173-41c824422d9b" />
      <TestMethod codeBase="C:/Users/Michael/_CODE/Ienablemuch.ToTheEfnhX/TestProject/bin/Release/TestProject.DLL" adapterTypeName="Microsoft.VisualStudio.TestTools.TestTypes.Unit.UnitTestAdapter, Microsoft.VisualStudio.QualityTools.Tips.UnitTest.Adapter, Version=10.0.0.0, Culture=neutral, PublicKeyToken=b03f5f7f11d50a3a" className="TestProject.TestTheIRepository, TestProject, Version=1.0.0.0, Culture=neutral, PublicKeyToken=null" name="Nh_Can_queue_changes" />
    </UnitTest>
    <UnitTest name="Nh_Can_Detect_Transaction_From_Session_Begin_Transaction" storage="c:\users\michael\_code\ienablemuch.totheefnhx\testproject\bin\release\testproject.dll" id="55b9acb6-c8fa-83e2-62ec-c3bb6a6ae6ad">
      <Execution id="ce1b44f4-ff25-4d24-a45b-408a559db7d1" />
      <TestMethod codeBase="C:/Users/Michael/_CODE/Ienablemuch.ToTheEfnhX/TestProject/bin/Release/TestProject.DLL" adapterTypeName="Microsoft.VisualStudio.TestTools.TestTypes.Unit.UnitTestAdapter, Microsoft.VisualStudio.QualityTools.Tips.UnitTest.Adapter, Version=10.0.0.0, Culture=neutral, PublicKeyToken=b03f5f7f11d50a3a" className="TestProject.TestTheIRepository, TestProject, Version=1.0.0.0, Culture=neutral, PublicKeyToken=null" name="Nh_Can_Detect_Transaction_From_Session_Begin_Transaction" />
    </UnitTest>
    <UnitTest name="Ef_Can_Orm_SaveGraph_Can_Update" storage="c:\users\michael\_code\ienablemuch.totheefnhx\testproject\bin\release\testproject.dll" id="adbe83df-9ac4-b2e0-552a-ccb552c2f386">
      <Execution id="36004bb8-e677-4e51-9617-26552e02bde2" />
      <TestMethod codeBase="C:/Users/Michael/_CODE/Ienablemuch.ToTheEfnhX/TestProject/bin/Release/TestProject.DLL" adapterTypeName="Microsoft.VisualStudio.TestTools.TestTypes.Unit.UnitTestAdapter, Microsoft.VisualStudio.QualityTools.Tips.UnitTest.Adapter, Version=10.0.0.0, Culture=neutral, PublicKeyToken=b03f5f7f11d50a3a" className="TestProject.TestTheIRepository, TestProject, Version=1.0.0.0, Culture=neutral, PublicKeyToken=null" name="Ef_Can_Orm_SaveGraph_Can_Update" />
    </UnitTest>
    <UnitTest name="Nh_CanDetectDeleteConflictingDelete" storage="c:\users\michael\_code\ienablemuch.totheefnhx\testproject\bin\release\testproject.dll" id="8557e6ab-47d2-b8b1-2926-0bb94a2d505d">
      <Execution id="17e8952b-77ca-4a9e-b267-777a1e5eacc3" />
      <TestMethod codeBase="C:/Users/Michael/_CODE/Ienablemuch.ToTheEfnhX/TestProject/bin/Release/TestProject.DLL" adapterTypeName="Microsoft.VisualStudio.TestTools.TestTypes.Unit.UnitTestAdapter, Microsoft.VisualStudio.QualityTools.Tips.UnitTest.Adapter, Version=10.0.0.0, Culture=neutral, PublicKeyToken=b03f5f7f11d50a3a" className="TestProject.TestTheIRepository, TestProject, Version=1.0.0.0, Culture=neutral, PublicKeyToken=null" name="Nh_CanDetectDeleteConflictingDelete" />
    </UnitTest>
    <UnitTest name="Memory_CanSave" storage="c:\users\michael\_code\ienablemuch.totheefnhx\testproject\bin\release\testproject.dll" id="8c5d9d25-e5b8-63c8-9c42-cebb67787fde">
      <Execution id="1652b466-81d0-45c8-a460-e2717d5f135b" />
      <TestMethod codeBase="C:/Users/Michael/_CODE/Ienablemuch.ToTheEfnhX/TestProject/bin/Release/TestProject.DLL" adapterTypeName="Microsoft.VisualStudio.TestTools.TestTypes.Unit.UnitTestAdapter, Microsoft.VisualStudio.QualityTools.Tips.UnitTest.Adapter, Version=10.0.0.0, Culture=neutral, PublicKeyToken=b03f5f7f11d50a3a" className="TestProject.TestTheIRepository, TestProject, Version=1.0.0.0, Culture=neutral, PublicKeyToken=null" name="Memory_CanSave" />
    </UnitTest>
    <UnitTest name="Can_do_deep_clone" storage="c:\users\michael\_code\ienablemuch.totheefnhx\testproject\bin\release\testproject.dll" id="f7d7cfdb-4468-5c56-7540-afe0d55e093a">
      <Execution id="61838546-887a-4d07-a185-8ef4fea8b011" />
      <TestMethod codeBase="C:/Users/Michael/_CODE/Ienablemuch.ToTheEfnhX/TestProject/bin/Release/TestProject.DLL" adapterTypeName="Microsoft.VisualStudio.TestTools.TestTypes.Unit.UnitTestAdapter, Microsoft.VisualStudio.QualityTools.Tips.UnitTest.Adapter, Version=10.0.0.0, Culture=neutral, PublicKeyToken=b03f5f7f11d50a3a" className="TestProject.TestTheIRepository, TestProject, Version=1.0.0.0, Culture=neutral, PublicKeyToken=null" name="Can_do_deep_clone" />
    </UnitTest>
    <UnitTest name="Ef_CanDetectDeleteConflictingUpdate" storage="c:\users\michael\_code\ienablemuch.totheefnhx\testproject\bin\release\testproject.dll" id="8bf5c997-85a0-f72e-564a-9d66e659263c">
      <Execution id="410bba20-0858-4860-bf1c-98b14ae1cfe0" />
      <TestMethod codeBase="C:/Users/Michael/_CODE/Ienablemuch.ToTheEfnhX/TestProject/bin/Release/TestProject.DLL" adapterTypeName="Microsoft.VisualStudio.TestTools.TestTypes.Unit.UnitTestAdapter, Microsoft.VisualStudio.QualityTools.Tips.UnitTest.Adapter, Version=10.0.0.0, Culture=neutral, PublicKeyToken=b03f5f7f11d50a3a" className="TestProject.TestTheIRepository, TestProject, Version=1.0.0.0, Culture=neutral, PublicKeyToken=null" name="Ef_CanDetectDeleteConflictingUpdate" />
    </UnitTest>
    <UnitTest name="Memory_CanDelete" storage="c:\users\michael\_code\ienablemuch.totheefnhx\testproject\bin\release\testproject.dll" id="4eb22f5f-6a6e-dede-7dcd-8a02b2b7eecd">
      <Execution id="e2d22721-73f6-43df-b192-dc3041deaca1" />
      <TestMethod codeBase="C:/Users/Michael/_CODE/Ienablemuch.ToTheEfnhX/TestProject/bin/Release/TestProject.DLL" adapterTypeName="Microsoft.VisualStudio.TestTools.TestTypes.Unit.UnitTestAdapter, Microsoft.VisualStudio.QualityTools.Tips.UnitTest.Adapter, Version=10.0.0.0, Culture=neutral, PublicKeyToken=b03f5f7f11d50a3a" className="TestProject.TestTheIRepository, TestProject, Version=1.0.0.0, Culture=neutral, PublicKeyToken=null" name="Memory_CanDelete" />
    </UnitTest>
    <UnitTest name="Memory_CanHaveIncrementingKey" storage="c:\users\michael\_code\ienablemuch.totheefnhx\testproject\bin\release\testproject.dll" id="c5220795-75d7-ce76-adb5-6a1d661e1fb0">
      <Execution id="82dd3d66-fb2f-45b8-bb46-3982f7bbb534" />
      <TestMethod codeBase="C:/Users/Michael/_CODE/Ienablemuch.ToTheEfnhX/TestProject/bin/Release/TestProject.DLL" adapterTypeName="Microsoft.VisualStudio.TestTools.TestTypes.Unit.UnitTestAdapter, Microsoft.VisualStudio.QualityTools.Tips.UnitTest.Adapter, Version=10.0.0.0, Culture=neutral, PublicKeyToken=b03f5f7f11d50a3a" className="TestProject.TestTheIRepository, TestProject, Version=1.0.0.0, Culture=neutral, PublicKeyToken=null" name="Memory_CanHaveIncrementingKey" />
    </UnitTest>
    <UnitTest name="Memory_CanDetectUpdateConflictingUpdate" storage="c:\users\michael\_code\ienablemuch.totheefnhx\testproject\bin\release\testproject.dll" id="385b97ed-767a-46eb-ce77-8402dbdb924a">
      <Execution id="a5e731f8-09f3-4166-852a-9bde1b991ab9" />
      <TestMethod codeBase="C:/Users/Michael/_CODE/Ienablemuch.ToTheEfnhX/TestProject/bin/Release/TestProject.DLL" adapterTypeName="Microsoft.VisualStudio.TestTools.TestTypes.Unit.UnitTestAdapter, Microsoft.VisualStudio.QualityTools.Tips.UnitTest.Adapter, Version=10.0.0.0, Culture=neutral, PublicKeyToken=b03f5f7f11d50a3a" className="TestProject.TestTheIRepository, TestProject, Version=1.0.0.0, Culture=neutral, PublicKeyToken=null" name="Memory_CanDetectUpdateConflictingUpdate" />
    </UnitTest>
    <UnitTest name="Ef_Can_rollback_transaction" storage="c:\users\michael\_code\ienablemuch.totheefnhx\testproject\bin\release\testproject.dll" id="ef9db0bb-63c6-f8c2-c180-d50d1ce2ca5b">
      <Execution id="60e2eaf3-03dc-4d1e-b016-5ef8d7016d0a" />
      <TestMethod codeBase="C:/Users/Michael/_CODE/Ienablemuch.ToTheEfnhX/TestProject/bin/Release/TestProject.DLL" adapterTypeName="Microsoft.VisualStudio.TestTools.TestTypes.Unit.UnitTestAdapter, Microsoft.VisualStudio.QualityTools.Tips.UnitTest.Adapter, Version=10.0.0.0, Culture=neutral, PublicKeyToken=b03f5f7f11d50a3a" className="TestProject.TestTheIRepository, TestProject, Version=1.0.0.0, Culture=neutral, PublicKeyToken=null" name="Ef_Can_rollback_transaction" />
    </UnitTest>
    <UnitTest name="Nh_Can_save_transaction" storage="c:\users\michael\_code\ienablemuch.totheefnhx\testproject\bin\release\testproject.dll" id="d14d6d4a-1363-e36e-8cf9-c1c992b9e243">
      <Execution id="53d91ca9-f878-4ade-bb31-430b90f1627f" />
      <TestMethod codeBase="C:/Users/Michael/_CODE/Ienablemuch.ToTheEfnhX/TestProject/bin/Release/TestProject.DLL" adapterTypeName="Microsoft.VisualStudio.TestTools.TestTypes.Unit.UnitTestAdapter, Microsoft.VisualStudio.QualityTools.Tips.UnitTest.Adapter, Version=10.0.0.0, Culture=neutral, PublicKeyToken=b03f5f7f11d50a3a" className="TestProject.TestTheIRepository, TestProject, Version=1.0.0.0, Culture=neutral, PublicKeyToken=null" name="Nh_Can_save_transaction" />
    </UnitTest>
    <UnitTest name="Nh_CanSaveHeaderDetail" storage="c:\users\michael\_code\ienablemuch.totheefnhx\testproject\bin\release\testproject.dll" id="f68ad391-23ca-2766-d2b2-8731589ef39b">
      <Execution id="45513e2b-5262-4258-9e29-bf515a057970" />
      <TestMethod codeBase="C:/Users/Michael/_CODE/Ienablemuch.ToTheEfnhX/TestProject/bin/Release/TestProject.DLL" adapterTypeName="Microsoft.VisualStudio.TestTools.TestTypes.Unit.UnitTestAdapter, Microsoft.VisualStudio.QualityTools.Tips.UnitTest.Adapter, Version=10.0.0.0, Culture=neutral, PublicKeyToken=b03f5f7f11d50a3a" className="TestProject.TestTheIRepository, TestProject, Version=1.0.0.0, Culture=neutral, PublicKeyToken=null" name="Nh_CanSaveHeaderDetail" />
    </UnitTest>
    <UnitTest name="Nh_Can_rollback_transaction" storage="c:\users\michael\_code\ienablemuch.totheefnhx\testproject\bin\release\testproject.dll" id="498581d4-9097-59b7-1a75-c07c04a53675">
      <Execution id="7919602e-dda0-47bd-bdf2-6d3cce4b85c5" />
      <TestMethod codeBase="C:/Users/Michael/_CODE/Ienablemuch.ToTheEfnhX/TestProject/bin/Release/TestProject.DLL" adapterTypeName="Microsoft.VisualStudio.TestTools.TestTypes.Unit.UnitTestAdapter, Microsoft.VisualStudio.QualityTools.Tips.UnitTest.Adapter, Version=10.0.0.0, Culture=neutral, PublicKeyToken=b03f5f7f11d50a3a" className="TestProject.TestTheIRepository, TestProject, Version=1.0.0.0, Culture=neutral, PublicKeyToken=null" name="Nh_Can_rollback_transaction" />
    </UnitTest>
    <UnitTest name="Memory_CanDetectDeleteConflictingUpdate" storage="c:\users\michael\_code\ienablemuch.totheefnhx\testproject\bin\release\testproject.dll" id="9608206a-383a-828f-299c-2c493d95d886">
      <Execution id="ec61727f-cacc-4543-a7ec-3f911091ac26" />
      <TestMethod codeBase="C:/Users/Michael/_CODE/Ienablemuch.ToTheEfnhX/TestProject/bin/Release/TestProject.DLL" adapterTypeName="Microsoft.VisualStudio.TestTools.TestTypes.Unit.UnitTestAdapter, Microsoft.VisualStudio.QualityTools.Tips.UnitTest.Adapter, Version=10.0.0.0, Culture=neutral, PublicKeyToken=b03f5f7f11d50a3a" className="TestProject.TestTheIRepository, TestProject, Version=1.0.0.0, Culture=neutral, PublicKeyToken=null" name="Memory_CanDetectDeleteConflictingUpdate" />
    </UnitTest>
    <UnitTest name="Nh_CanDetectUpdateConflictingUpdate" storage="c:\users\michael\_code\ienablemuch.totheefnhx\testproject\bin\release\testproject.dll" id="7b0e110e-2e6a-879c-359f-7b225fdba37f">
      <Execution id="987927d5-5a56-449e-8f50-d0a90c70517d" />
      <TestMethod codeBase="C:/Users/Michael/_CODE/Ienablemuch.ToTheEfnhX/TestProject/bin/Release/TestProject.DLL" adapterTypeName="Microsoft.VisualStudio.TestTools.TestTypes.Unit.UnitTestAdapter, Microsoft.VisualStudio.QualityTools.Tips.UnitTest.Adapter, Version=10.0.0.0, Culture=neutral, PublicKeyToken=b03f5f7f11d50a3a" className="TestProject.TestTheIRepository, TestProject, Version=1.0.0.0, Culture=neutral, PublicKeyToken=null" name="Nh_CanDetectUpdateConflictingUpdate" />
    </UnitTest>
    <UnitTest name="Nh_Can_Detect_Transaction_From_Session_Transaction_Begin" storage="c:\users\michael\_code\ienablemuch.totheefnhx\testproject\bin\release\testproject.dll" id="35cdc240-50c9-1325-cb02-2e20cf8d0e6b">
      <Execution id="995773bf-045b-4806-9a28-fedd3f9fe3dd" />
      <TestMethod codeBase="C:/Users/Michael/_CODE/Ienablemuch.ToTheEfnhX/TestProject/bin/Release/TestProject.DLL" adapterTypeName="Microsoft.VisualStudio.TestTools.TestTypes.Unit.UnitTestAdapter, Microsoft.VisualStudio.QualityTools.Tips.UnitTest.Adapter, Version=10.0.0.0, Culture=neutral, PublicKeyToken=b03f5f7f11d50a3a" className="TestProject.TestTheIRepository, TestProject, Version=1.0.0.0, Culture=neutral, PublicKeyToken=null" name="Nh_Can_Detect_Transaction_From_Session_Transaction_Begin" />
    </UnitTest>
    <UnitTest name="Ef_CanHaveIncrementingKey" storage="c:\users\michael\_code\ienablemuch.totheefnhx\testproject\bin\release\testproject.dll" id="e392eca5-e91b-ff0f-619e-8a24d0ecbe68">
      <Execution id="f1d0d318-4b53-47d0-a64a-a3464b3d040f" />
      <TestMethod codeBase="C:/Users/Michael/_CODE/Ienablemuch.ToTheEfnhX/TestProject/bin/Release/TestProject.DLL" adapterTypeName="Microsoft.VisualStudio.TestTools.TestTypes.Unit.UnitTestAdapter, Microsoft.VisualStudio.QualityTools.Tips.UnitTest.Adapter, Version=10.0.0.0, Culture=neutral, PublicKeyToken=b03f5f7f11d50a3a" className="TestProject.TestTheIRepository, TestProject, Version=1.0.0.0, Culture=neutral, PublicKeyToken=null" name="Ef_CanHaveIncrementingKey" />
    </UnitTest>
    <UnitTest name="Nh_CanSave" storage="c:\users\michael\_code\ienablemuch.totheefnhx\testproject\bin\release\testproject.dll" id="c9750689-b2a7-1965-bbd3-0c2f5eda3fb2">
      <Execution id="4f9b5a7a-41d5-4d02-b57c-6770802c0346" />
      <TestMethod codeBase="C:/Users/Michael/_CODE/Ienablemuch.ToTheEfnhX/TestProject/bin/Release/TestProject.DLL" adapterTypeName="Microsoft.VisualStudio.TestTools.TestTypes.Unit.UnitTestAdapter, Microsoft.VisualStudio.QualityTools.Tips.UnitTest.Adapter, Version=10.0.0.0, Culture=neutral, PublicKeyToken=b03f5f7f11d50a3a" className="TestProject.TestTheIRepository, TestProject, Version=1.0.0.0, Culture=neutral, PublicKeyToken=null" name="Nh_CanSave" />
    </UnitTest>
    <UnitTest name="Nh_Can_Save_Then_Update" storage="c:\users\michael\_code\ienablemuch.totheefnhx\testproject\bin\release\testproject.dll" id="e1cf2de5-588c-ea74-49a2-6fd3423b3d3b">
      <Execution id="8dacd568-b2bf-45b1-8926-1bc4ef37fa8f" />
      <TestMethod codeBase="C:/Users/Michael/_CODE/Ienablemuch.ToTheEfnhX/TestProject/bin/Release/TestProject.DLL" adapterTypeName="Microsoft.VisualStudio.TestTools.TestTypes.Unit.UnitTestAdapter, Microsoft.VisualStudio.QualityTools.Tips.UnitTest.Adapter, Version=10.0.0.0, Culture=neutral, PublicKeyToken=b03f5f7f11d50a3a" className="TestProject.TestTheIRepository, TestProject, Version=1.0.0.0, Culture=neutral, PublicKeyToken=null" name="Nh_Can_Save_Then_Update" />
    </UnitTest>
    <UnitTest name="Nh_CanDelete" storage="c:\users\michael\_code\ienablemuch.totheefnhx\testproject\bin\release\testproject.dll" id="f3b46671-4362-7dc3-90a0-0fcbe80e34d8">
      <Execution id="092fa640-565a-4276-aea8-1ec43af34f02" />
      <TestMethod codeBase="C:/Users/Michael/_CODE/Ienablemuch.ToTheEfnhX/TestProject/bin/Release/TestProject.DLL" adapterTypeName="Microsoft.VisualStudio.TestTools.TestTypes.Unit.UnitTestAdapter, Microsoft.VisualStudio.QualityTools.Tips.UnitTest.Adapter, Version=10.0.0.0, Culture=neutral, PublicKeyToken=b03f5f7f11d50a3a" className="TestProject.TestTheIRepository, TestProject, Version=1.0.0.0, Culture=neutral, PublicKeyToken=null" name="Nh_CanDelete" />
    </UnitTest>
    <UnitTest name="Test_Ef_Get_PK" storage="c:\users\michael\_code\ienablemuch.totheefnhx\testproject\bin\release\testproject.dll" id="146839f6-01ac-4b11-4240-124737807090">
      <Execution id="3376cdca-ae80-49b5-9f3f-5d1eda31ac85" />
      <TestMethod codeBase="C:/Users/Michael/_CODE/Ienablemuch.ToTheEfnhX/TestProject/bin/Release/TestProject.DLL" adapterTypeName="Microsoft.VisualStudio.TestTools.TestTypes.Unit.UnitTestAdapter, Microsoft.VisualStudio.QualityTools.Tips.UnitTest.Adapter, Version=10.0.0.0, Culture=neutral, PublicKeyToken=b03f5f7f11d50a3a" className="TestProject.TestTheIRepository, TestProject, Version=1.0.0.0, Culture=neutral, PublicKeyToken=null" name="Test_Ef_Get_PK" />
    </UnitTest>
    <UnitTest name="Ef_CanUpdate" storage="c:\users\michael\_code\ienablemuch.totheefnhx\testproject\bin\release\testproject.dll" id="9ce2ff54-3bea-2c09-7986-c83994c1d685">
      <Execution id="4531df9e-eab7-47e4-a0d2-ae5a67a65d97" />
      <TestMethod codeBase="C:/Users/Michael/_CODE/Ienablemuch.ToTheEfnhX/TestProject/bin/Release/TestProject.DLL" adapterTypeName="Microsoft.VisualStudio.TestTools.TestTypes.Unit.UnitTestAdapter, Microsoft.VisualStudio.QualityTools.Tips.UnitTest.Adapter, Version=10.0.0.0, Culture=neutral, PublicKeyToken=b03f5f7f11d50a3a" className="TestProject.TestTheIRepository, TestProject, Version=1.0.0.0, Culture=neutral, PublicKeyToken=null" name="Ef_CanUpdate" />
    </UnitTest>
    <UnitTest name="Memory_HasRowVersion" storage="c:\users\michael\_code\ienablemuch.totheefnhx\testproject\bin\release\testproject.dll" id="0947b967-fff8-9b8d-6688-507250130b49">
      <Execution id="435cc948-c322-4199-9797-c2656d89a917" />
      <TestMethod codeBase="C:/Users/Michael/_CODE/Ienablemuch.ToTheEfnhX/TestProject/bin/Release/TestProject.DLL" adapterTypeName="Microsoft.VisualStudio.TestTools.TestTypes.Unit.UnitTestAdapter, Microsoft.VisualStudio.QualityTools.Tips.UnitTest.Adapter, Version=10.0.0.0, Culture=neutral, PublicKeyToken=b03f5f7f11d50a3a" className="TestProject.TestTheIRepository, TestProject, Version=1.0.0.0, Culture=neutral, PublicKeyToken=null" name="Memory_HasRowVersion" />
    </UnitTest>
  </TestDefinitions>
  <TestLists>
    <TestList name="Results Not in a List" id="8c84fa94-04c1-424b-9868-57a2d4851a1d" />
    <TestList name="All Loaded Results" id="19431567-8539-422a-85d7-44ee4e166bda" />
  </TestLists>
  <TestEntries>
    <TestEntry testId="0947b967-fff8-9b8d-6688-507250130b49" executionId="435cc948-c322-4199-9797-c2656d89a917" testListId="8c84fa94-04c1-424b-9868-57a2d4851a1d" />
    <TestEntry testId="0ea817b0-89e9-afde-2a90-f0a2148b5b86" executionId="ad8ab05a-6f83-492a-b6d2-e4c8a19391f4" testListId="8c84fa94-04c1-424b-9868-57a2d4851a1d" />
    <TestEntry testId="13f7d7c6-d8db-1750-7cfe-dc506ff46655" executionId="e9285713-a254-489e-93c0-cf4b60f62f0f" testListId="8c84fa94-04c1-424b-9868-57a2d4851a1d" />
    <TestEntry testId="146839f6-01ac-4b11-4240-124737807090" executionId="3376cdca-ae80-49b5-9f3f-5d1eda31ac85" testListId="8c84fa94-04c1-424b-9868-57a2d4851a1d" />
    <TestEntry testId="170c0ff1-28bc-09a2-839b-5ab24853aea8" executionId="b2767806-5dcc-49b6-871b-0578d75da933" testListId="8c84fa94-04c1-424b-9868-57a2d4851a1d" />
    <TestEntry testId="24f780e7-822d-62ed-f13e-e2daddc611e1" executionId="f32f4be2-7f85-41eb-b800-2be5cdbaa7b7" testListId="8c84fa94-04c1-424b-9868-57a2d4851a1d" />
    <TestEntry testId="2c5bd9dd-112e-27f2-907e-74a104a18d8d" executionId="93534784-8184-4f58-bf6c-ff03441bb240" testListId="8c84fa94-04c1-424b-9868-57a2d4851a1d" />
    <TestEntry testId="314cd11d-882d-0d0a-f196-b0f474ca8700" executionId="3934039c-a309-4ad3-a4c2-6bd6e648cfa5" testListId="8c84fa94-04c1-424b-9868-57a2d4851a1d" />
    <TestEntry testId="35cdc240-50c9-1325-cb02-2e20cf8d0e6b" executionId="995773bf-045b-4806-9a28-fedd3f9fe3dd" testListId="8c84fa94-04c1-424b-9868-57a2d4851a1d" />
    <TestEntry testId="385b97ed-767a-46eb-ce77-8402dbdb924a" executionId="a5e731f8-09f3-4166-852a-9bde1b991ab9" testListId="8c84fa94-04c1-424b-9868-57a2d4851a1d" />
    <TestEntry testId="467d17f0-5ec4-24a5-9089-e15ef18964f7" executionId="f18377a4-767f-4c90-928c-a73c8727d22a" testListId="8c84fa94-04c1-424b-9868-57a2d4851a1d" />
    <TestEntry testId="498581d4-9097-59b7-1a75-c07c04a53675" executionId="7919602e-dda0-47bd-bdf2-6d3cce4b85c5" testListId="8c84fa94-04c1-424b-9868-57a2d4851a1d" />
    <TestEntry testId="4bb22a57-9102-06ea-257b-caae673d46d7" executionId="1b008ad2-75f9-4f02-aaff-4f37bc144f49" testListId="8c84fa94-04c1-424b-9868-57a2d4851a1d" />
    <TestEntry testId="4eb22f5f-6a6e-dede-7dcd-8a02b2b7eecd" executionId="e2d22721-73f6-43df-b192-dc3041deaca1" testListId="8c84fa94-04c1-424b-9868-57a2d4851a1d" />
    <TestEntry testId="55b9acb6-c8fa-83e2-62ec-c3bb6a6ae6ad" executionId="ce1b44f4-ff25-4d24-a45b-408a559db7d1" testListId="8c84fa94-04c1-424b-9868-57a2d4851a1d" />
    <TestEntry testId="5b9ac5c8-7814-fd36-cd57-f0de0de0fae7" executionId="82fa7233-92a0-4f37-92e1-d9b807d94af9" testListId="8c84fa94-04c1-424b-9868-57a2d4851a1d" />
    <TestEntry testId="5d13769c-6ed9-df33-8e6d-b0cc79c073f2" executionId="9367b02a-776b-4d92-9429-8401d08f148f" testListId="8c84fa94-04c1-424b-9868-57a2d4851a1d" />
    <TestEntry testId="63d9977f-78b2-ba78-f19b-1e84d68eabe8" executionId="a6aa2d90-93db-4714-8320-c9cb4b3e0363" testListId="8c84fa94-04c1-424b-9868-57a2d4851a1d" />
    <TestEntry testId="6a52032d-db59-8802-47db-20699e8ef053" executionId="050d1e8a-b673-4f17-95e6-91b20362d208" testListId="8c84fa94-04c1-424b-9868-57a2d4851a1d" />
    <TestEntry testId="6b805790-9c4f-2071-6e55-fbbb337c0021" executionId="ca687766-bee6-4097-805d-2c93f9850bfb" testListId="8c84fa94-04c1-424b-9868-57a2d4851a1d" />
    <TestEntry testId="7b0e110e-2e6a-879c-359f-7b225fdba37f" executionId="987927d5-5a56-449e-8f50-d0a90c70517d" testListId="8c84fa94-04c1-424b-9868-57a2d4851a1d" />
    <TestEntry testId="80519bd9-73a3-a605-5d67-813603142393" executionId="f4b0d14f-fd4f-46d4-a6cf-069022e24c22" testListId="8c84fa94-04c1-424b-9868-57a2d4851a1d" />
    <TestEntry testId="83330a72-51da-0d0d-d2b2-826b2f6cfd00" executionId="7956f7e4-f389-4959-9dbd-2c82b90b9da6" testListId="8c84fa94-04c1-424b-9868-57a2d4851a1d" />
    <TestEntry testId="8557e6ab-47d2-b8b1-2926-0bb94a2d505d" executionId="17e8952b-77ca-4a9e-b267-777a1e5eacc3" testListId="8c84fa94-04c1-424b-9868-57a2d4851a1d" />
    <TestEntry testId="86150143-fb0b-c807-6c85-448e509331e0" executionId="df954080-4ed9-4f85-b252-9cffa4f75db0" testListId="8c84fa94-04c1-424b-9868-57a2d4851a1d" />
    <TestEntry testId="8ae0b4b0-ccc4-fc93-736a-72af24764f70" executionId="c287bb94-d35b-43cf-b173-41c824422d9b" testListId="8c84fa94-04c1-424b-9868-57a2d4851a1d" />
    <TestEntry testId="8bf5c997-85a0-f72e-564a-9d66e659263c" executionId="410bba20-0858-4860-bf1c-98b14ae1cfe0" testListId="8c84fa94-04c1-424b-9868-57a2d4851a1d" />
    <TestEntry testId="8c5d9d25-e5b8-63c8-9c42-cebb67787fde" executionId="1652b466-81d0-45c8-a460-e2717d5f135b" testListId="8c84fa94-04c1-424b-9868-57a2d4851a1d" />
    <TestEntry testId="9076dd47-28a7-196a-e653-7fb55dfa55a8" executionId="d274addf-c26c-47f9-82b9-933b3c349fde" testListId="8c84fa94-04c1-424b-9868-57a2d4851a1d" />
    <TestEntry testId="919c9ab6-d8de-ff18-95fc-25bc030735bd" executionId="69a9ca70-b4be-4bdb-8940-44888285a295" testListId="8c84fa94-04c1-424b-9868-57a2d4851a1d" />
    <TestEntry testId="9608206a-383a-828f-299c-2c493d95d886" executionId="ec61727f-cacc-4543-a7ec-3f911091ac26" testListId="8c84fa94-04c1-424b-9868-57a2d4851a1d" />
    <TestEntry testId="9ce2ff54-3bea-2c09-7986-c83994c1d685" executionId="4531df9e-eab7-47e4-a0d2-ae5a67a65d97" testListId="8c84fa94-04c1-424b-9868-57a2d4851a1d" />
    <TestEntry testId="a2256363-4989-1fab-e208-96edc389fe3c" executionId="87ad0641-c9c7-4575-8088-344f301c308a" testListId="8c84fa94-04c1-424b-9868-57a2d4851a1d" />
    <TestEntry testId="a5e54779-0e2e-17fd-60ad-0caf532866a2" executionId="c542c293-528b-4f3d-8bd8-35a953bf47e9" testListId="8c84fa94-04c1-424b-9868-57a2d4851a1d" />
    <TestEntry testId="adbe83df-9ac4-b2e0-552a-ccb552c2f386" executionId="36004bb8-e677-4e51-9617-26552e02bde2" testListId="8c84fa94-04c1-424b-9868-57a2d4851a1d" />
    <TestEntry testId="bc6bd775-f005-e7a2-7238-5a88173c9263" executionId="937b44c9-ad84-4d96-a4c0-d800526dc4f0" testListId="8c84fa94-04c1-424b-9868-57a2d4851a1d" />
    <TestEntry testId="c2e9f01d-6387-7f00-c2a6-71385a796942" executionId="9c387ee4-e4f0-49df-9379-dba8026e107a" testListId="8c84fa94-04c1-424b-9868-57a2d4851a1d" />
    <TestEntry testId="c3da4334-35ea-a9c1-5cbf-c1daa7323978" executionId="fd79684c-1b6a-4349-bc07-d33e62f813f6" testListId="8c84fa94-04c1-424b-9868-57a2d4851a1d" />
    <TestEntry testId="c5220795-75d7-ce76-adb5-6a1d661e1fb0" executionId="82dd3d66-fb2f-45b8-bb46-3982f7bbb534" testListId="8c84fa94-04c1-424b-9868-57a2d4851a1d" />
    <TestEntry testId="c8cf96fa-83e0-e026-64af-f003abc95103" executionId="3897635d-b863-4369-9503-f2e3f3232322" testListId="8c84fa94-04c1-424b-9868-57a2d4851a1d" />
    <TestEntry testId="c8ff8ef9-a95a-0779-90f7-6e8188ebefd1" executionId="e735f7ce-3479-49bb-80e3-2e185583af36" testListId="8c84fa94-04c1-424b-9868-57a2d4851a1d" />
    <TestEntry testId="c9750689-b2a7-1965-bbd3-0c2f5eda3fb2" executionId="4f9b5a7a-41d5-4d02-b57c-6770802c0346" testListId="8c84fa94-04c1-424b-9868-57a2d4851a1d" />
    <TestEntry testId="ca3ec696-2df9-55bd-c53c-f732b5c80a68" executionId="a508f8ce-e491-4725-82b9-cd4e2cfa0388" testListId="8c84fa94-04c1-424b-9868-57a2d4851a1d" />
    <TestEntry testId="cdd1ec05-a33a-edaf-1560-6637f27329d2" executionId="af5d3c7a-4266-450e-a8c0-1214c6fc369a" testListId="8c84fa94-04c1-424b-9868-57a2d4851a1d" />
    <TestEntry testId="d14d6d4a-1363-e36e-8cf9-c1c992b9e243" executionId="53d91ca9-f878-4ade-bb31-430b90f1627f" testListId="8c84fa94-04c1-424b-9868-57a2d4851a1d" />
    <TestEntry testId="d409929f-129a-9686-590d-6472fdfa28e4" executionId="7ad502d6-5862-42a1-a290-8ddd999612fe" testListId="8c84fa94-04c1-424b-9868-57a2d4851a1d" />
    <TestEntry testId="d6948249-9c33-5900-b906-67a9c3f3e0f6" executionId="ce98453d-14fc-4d60-a531-b937f633baf0" testListId="8c84fa94-04c1-424b-9868-57a2d4851a1d" />
    <TestEntry testId="dad118fb-1088-58a3-350a-fc5e47173fa9" executionId="0f68be05-317f-42ab-9142-b5ab2ad4e378" testListId="8c84fa94-04c1-424b-9868-57a2d4851a1d" />
    <TestEntry testId="e1cf2de5-588c-ea74-49a2-6fd3423b3d3b" executionId="8dacd568-b2bf-45b1-8926-1bc4ef37fa8f" testListId="8c84fa94-04c1-424b-9868-57a2d4851a1d" />
    <TestEntry testId="e392eca5-e91b-ff0f-619e-8a24d0ecbe68" executionId="f1d0d318-4b53-47d0-a64a-a3464b3d040f" testListId="8c84fa94-04c1-424b-9868-57a2d4851a1d" />
    <TestEntry testId="ecf5b477-cdd8-3508-c195-40a64bc26f00" executionId="6fc092a3-78c6-43f8-83a2-31d5371b44eb" testListId="8c84fa94-04c1-424b-9868-57a2d4851a1d" />
    <TestEntry testId="ef9db0bb-63c6-f8c2-c180-d50d1ce2ca5b" executionId="60e2eaf3-03dc-4d1e-b016-5ef8d7016d0a" testListId="8c84fa94-04c1-424b-9868-57a2d4851a1d" />
    <TestEntry testId="f3b46671-4362-7dc3-90a0-0fcbe80e34d8" executionId="092fa640-565a-4276-aea8-1ec43af34f02" testListId="8c84fa94-04c1-424b-9868-57a2d4851a1d" />
    <TestEntry testId="f473cffe-6acb-bc8c-3c44-48f67f9567de" executionId="f9ea8ac9-63d3-4162-85c9-b5c9ed6acc3e" testListId="8c84fa94-04c1-424b-9868-57a2d4851a1d" />
    <TestEntry testId="f5049a26-85f5-2d61-7d0d-3fe36d498d57" executionId="37573df7-a112-4e91-a60c-b54ebae58f11" testListId="8c84fa94-04c1-424b-9868-57a2d4851a1d" />
    <TestEntry testId="f68ad391-23ca-2766-d2b2-8731589ef39b" executionId="45513e2b-5262-4258-9e29-bf515a057970" testListId="8c84fa94-04c1-424b-9868-57a2d4851a1d" />
    <TestEntry testId="f7d7cfdb-4468-5c56-7540-afe0d55e093a" executionId="61838546-887a-4d07-a185-8ef4fea8b011" testListId="8c84fa94-04c1-424b-9868-57a2d4851a1d" />
    <TestEntry testId="ffcba511-cdf9-ce52-fd62-900fe7820ecc" executionId="51f81216-0cbd-463a-a80c-1d3cbec5123a" testListId="8c84fa94-04c1-424b-9868-57a2d4851a1d" />
  </TestEntries>
  <Results>
    <UnitTestResult executionId="435cc948-c322-4199-9797-c2656d89a917" testId="0947b967-fff8-9b8d-6688-507250130b49" testName="Memory_HasRowVersion" computerName="MICHAEL-PC" duration="00:00:00.0287221" startTime="2012-06-12T19:29:18.4660000+08:00" endTime="2012-06-12T19:29:18.7810000+08:00" testType="13cdc9d9-ddb5-4fa4-a97d-d965ccfc6d4b" outcome="Passed" testListId="8c84fa94-04c1-424b-9868-57a2d4851a1d" relativeResultsDirectory="435cc948-c322-4199-9797-c2656d89a917">
    </UnitTestResult>
    <UnitTestResult executionId="ad8ab05a-6f83-492a-b6d2-e4c8a19391f4" testId="0ea817b0-89e9-afde-2a90-f0a2148b5b86" testName="Ef_CanSaveHeaderDetail_ThenHeaderOnly" computerName="MICHAEL-PC" duration="00:00:01.3234691" startTime="2012-06-12T19:29:18.7880000+08:00" endTime="2012-06-12T19:29:20.1240000+08:00" testType="13cdc9d9-ddb5-4fa4-a97d-d965ccfc6d4b" outcome="Passed" testListId="8c84fa94-04c1-424b-9868-57a2d4851a1d" relativeResultsDirectory="ad8ab05a-6f83-492a-b6d2-e4c8a19391f4">
      <Output>
        <DebugTrace>CT 1
CT 0
CT 0
CT 0
CT 1
CT 0
CT 0
CT 0
CT 1
CT 0
CT 0
CT 0
CT 1
CT 0
CT 0
CT 0
</DebugTrace>
      </Output>
    </UnitTestResult>
    <UnitTestResult executionId="e9285713-a254-489e-93c0-cf4b60f62f0f" testId="13f7d7c6-d8db-1750-7cfe-dc506ff46655" testName="Nh_Can_Orm_SaveGraph_Can_Create" computerName="MICHAEL-PC" duration="00:00:02.2681139" startTime="2012-06-12T19:29:20.1280000+08:00" endTime="2012-06-12T19:29:22.4130000+08:00" testType="13cdc9d9-ddb5-4fa4-a97d-d965ccfc6d4b" outcome="Passed" testListId="8c84fa94-04c1-424b-9868-57a2d4851a1d" relativeResultsDirectory="e9285713-a254-489e-93c0-cf4b60f62f0f">
    </UnitTestResult>
    <UnitTestResult executionId="3376cdca-ae80-49b5-9f3f-5d1eda31ac85" testId="146839f6-01ac-4b11-4240-124737807090" testName="Test_Ef_Get_PK" computerName="MICHAEL-PC" duration="00:00:00.0033534" startTime="2012-06-12T19:29:22.4160000+08:00" endTime="2012-06-12T19:29:22.4330000+08:00" testType="13cdc9d9-ddb5-4fa4-a97d-d965ccfc6d4b" outcome="Passed" testListId="8c84fa94-04c1-424b-9868-57a2d4851a1d" relativeResultsDirectory="3376cdca-ae80-49b5-9f3f-5d1eda31ac85">
    </UnitTestResult>
    <UnitTestResult executionId="b2767806-5dcc-49b6-871b-0578d75da933" testId="170c0ff1-28bc-09a2-839b-5ab24853aea8" testName="Nh_Can_Orm_do_cascaded_deletions" computerName="MICHAEL-PC" duration="00:00:00.0556481" startTime="2012-06-12T19:29:22.4370000+08:00" endTime="2012-06-12T19:29:22.5060000+08:00" testType="13cdc9d9-ddb5-4fa4-a97d-d965ccfc6d4b" outcome="Passed" testListId="8c84fa94-04c1-424b-9868-57a2d4851a1d" relativeResultsDirectory="b2767806-5dcc-49b6-871b-0578d75da933">
    </UnitTestResult>
    <UnitTestResult executionId="f32f4be2-7f85-41eb-b800-2be5cdbaa7b7" testId="24f780e7-822d-62ed-f13e-e2daddc611e1" testName="Fetching_strategies_of_NHibernate_helper_has_no_problem_on_mocked_IQueryable" computerName="MICHAEL-PC" duration="00:00:00.0079926" startTime="2012-06-12T19:29:22.5130000+08:00" endTime="2012-06-12T19:29:22.5300000+08:00" testType="13cdc9d9-ddb5-4fa4-a97d-d965ccfc6d4b" outcome="Passed" testListId="8c84fa94-04c1-424b-9868-57a2d4851a1d" relativeResultsDirectory="f32f4be2-7f85-41eb-b800-2be5cdbaa7b7">
    </UnitTestResult>
    <UnitTestResult executionId="93534784-8184-4f58-bf6c-ff03441bb240" testId="2c5bd9dd-112e-27f2-907e-74a104a18d8d" testName="Nh_Can_Orm_SaveGraph_Can_Update" computerName="MICHAEL-PC" duration="00:00:00.0312460" startTime="2012-06-12T19:29:22.5330000+08:00" endTime="2012-06-12T19:29:22.5770000+08:00" testType="13cdc9d9-ddb5-4fa4-a97d-d965ccfc6d4b" outcome="Passed" testListId="8c84fa94-04c1-424b-9868-57a2d4851a1d" relativeResultsDirectory="93534784-8184-4f58-bf6c-ff03441bb240">
    </UnitTestResult>
    <UnitTestResult executionId="3934039c-a309-4ad3-a4c2-6bd6e648cfa5" testId="314cd11d-882d-0d0a-f196-b0f474ca8700" testName="Memory_CanDetectUpdateConflictingDelete" computerName="MICHAEL-PC" duration="00:00:00.0037166" startTime="2012-06-12T19:29:22.5830000+08:00" endTime="2012-06-12T19:29:22.5960000+08:00" testType="13cdc9d9-ddb5-4fa4-a97d-d965ccfc6d4b" outcome="Passed" testListId="8c84fa94-04c1-424b-9868-57a2d4851a1d" relativeResultsDirectory="3934039c-a309-4ad3-a4c2-6bd6e648cfa5">
    </UnitTestResult>
    <UnitTestResult executionId="995773bf-045b-4806-9a28-fedd3f9fe3dd" testId="35cdc240-50c9-1325-cb02-2e20cf8d0e6b" testName="Nh_Can_Detect_Transaction_From_Session_Transaction_Begin" computerName="MICHAEL-PC" duration="00:00:00.0054710" startTime="2012-06-12T19:29:22.6040000+08:00" endTime="2012-06-12T19:29:22.6320000+08:00" testType="13cdc9d9-ddb5-4fa4-a97d-d965ccfc6d4b" outcome="Passed" testListId="8c84fa94-04c1-424b-9868-57a2d4851a1d" relativeResultsDirectory="995773bf-045b-4806-9a28-fedd3f9fe3dd">
    </UnitTestResult>
    <UnitTestResult executionId="a5e731f8-09f3-4166-852a-9bde1b991ab9" testId="385b97ed-767a-46eb-ce77-8402dbdb924a" testName="Memory_CanDetectUpdateConflictingUpdate" computerName="MICHAEL-PC" duration="00:00:00.0050841" startTime="2012-06-12T19:29:22.6490000+08:00" endTime="2012-06-12T19:29:22.6610000+08:00" testType="13cdc9d9-ddb5-4fa4-a97d-d965ccfc6d4b" outcome="Passed" testListId="8c84fa94-04c1-424b-9868-57a2d4851a1d" relativeResultsDirectory="a5e731f8-09f3-4166-852a-9bde1b991ab9">
    </UnitTestResult>
    <UnitTestResult executionId="f18377a4-767f-4c90-928c-a73c8727d22a" testId="467d17f0-5ec4-24a5-9089-e15ef18964f7" testName="Nh_CanDetectDeleteConflictingUpdate" computerName="MICHAEL-PC" duration="00:00:00.0310344" startTime="2012-06-12T19:29:22.6670000+08:00" endTime="2012-06-12T19:29:22.7100000+08:00" testType="13cdc9d9-ddb5-4fa4-a97d-d965ccfc6d4b" outcome="Passed" testListId="8c84fa94-04c1-424b-9868-57a2d4851a1d" relativeResultsDirectory="f18377a4-767f-4c90-928c-a73c8727d22a">
    </UnitTestResult>
    <UnitTestResult executionId="7919602e-dda0-47bd-bdf2-6d3cce4b85c5" testId="498581d4-9097-59b7-1a75-c07c04a53675" testName="Nh_Can_rollback_transaction" computerName="MICHAEL-PC" duration="00:00:00.6644401" startTime="2012-06-12T19:29:22.7130000+08:00" endTime="2012-06-12T19:29:23.3920000+08:00" testType="13cdc9d9-ddb5-4fa4-a97d-d965ccfc6d4b" outcome="Passed" testListId="8c84fa94-04c1-424b-9868-57a2d4851a1d" relativeResultsDirectory="7919602e-dda0-47bd-bdf2-6d3cce4b85c5">
    </UnitTestResult>
    <UnitTestResult executionId="1b008ad2-75f9-4f02-aaff-4f37bc144f49" testId="4bb22a57-9102-06ea-257b-caae673d46d7" testName="Ef_CanDetectDeleteConflictingDelete" computerName="MICHAEL-PC" duration="00:00:00.0218549" startTime="2012-06-12T19:29:23.4250000+08:00" endTime="2012-06-12T19:29:23.4520000+08:00" testType="13cdc9d9-ddb5-4fa4-a97d-d965ccfc6d4b" outcome="Passed" testListId="8c84fa94-04c1-424b-9868-57a2d4851a1d" relativeResultsDirectory="1b008ad2-75f9-4f02-aaff-4f37bc144f49">
    </UnitTestResult>
    <UnitTestResult executionId="e2d22721-73f6-43df-b192-dc3041deaca1" testId="4eb22f5f-6a6e-dede-7dcd-8a02b2b7eecd" testName="Memory_CanDelete" computerName="MICHAEL-PC" duration="00:00:00.0050206" startTime="2012-06-12T19:29:23.4580000+08:00" endTime="2012-06-12T19:29:23.4710000+08:00" testType="13cdc9d9-ddb5-4fa4-a97d-d965ccfc6d4b" outcome="Passed" testListId="8c84fa94-04c1-424b-9868-57a2d4851a1d" relativeResultsDirectory="e2d22721-73f6-43df-b192-dc3041deaca1">
    </UnitTestResult>
    <UnitTestResult executionId="ce1b44f4-ff25-4d24-a45b-408a559db7d1" testId="55b9acb6-c8fa-83e2-62ec-c3bb6a6ae6ad" testName="Nh_Can_Detect_Transaction_From_Session_Begin_Transaction" computerName="MICHAEL-PC" duration="00:00:00.0022751" startTime="2012-06-12T19:29:23.4760000+08:00" endTime="2012-06-12T19:29:23.5210000+08:00" testType="13cdc9d9-ddb5-4fa4-a97d-d965ccfc6d4b" outcome="Passed" testListId="8c84fa94-04c1-424b-9868-57a2d4851a1d" relativeResultsDirectory="ce1b44f4-ff25-4d24-a45b-408a559db7d1">
    </UnitTestResult>
    <UnitTestResult executionId="82fa7233-92a0-4f37-92e1-d9b807d94af9" testId="5b9ac5c8-7814-fd36-cd57-f0de0de0fae7" testName="Saving_is_ok" computerName="MICHAEL-PC" duration="00:00:00.0021643" startTime="2012-06-12T19:29:23.5250000+08:00" endTime="2012-06-12T19:29:23.5360000+08:00" testType="13cdc9d9-ddb5-4fa4-a97d-d965ccfc6d4b" outcome="Passed" testListId="8c84fa94-04c1-424b-9868-57a2d4851a1d" relativeResultsDirectory="82fa7233-92a0-4f37-92e1-d9b807d94af9">
    </UnitTestResult>
    <UnitTestResult executionId="9367b02a-776b-4d92-9429-8401d08f148f" testId="5d13769c-6ed9-df33-8e6d-b0cc79c073f2" testName="Nh_CanDetectUpdateConflictingDelete" computerName="MICHAEL-PC" duration="00:00:00.0077370" startTime="2012-06-12T19:29:23.5450000+08:00" endTime="2012-06-12T19:29:23.5630000+08:00" testType="13cdc9d9-ddb5-4fa4-a97d-d965ccfc6d4b" outcome="Passed" testListId="8c84fa94-04c1-424b-9868-57a2d4851a1d" relativeResultsDirectory="9367b02a-776b-4d92-9429-8401d08f148f">
    </UnitTestResult>
    <UnitTestResult executionId="a6aa2d90-93db-4714-8320-c9cb4b3e0363" testId="63d9977f-78b2-ba78-f19b-1e84d68eabe8" testName="Nh_CanUpdate" computerName="MICHAEL-PC" duration="00:00:00.0240311" startTime="2012-06-12T19:29:23.5670000+08:00" endTime="2012-06-12T19:29:23.5950000+08:00" testType="13cdc9d9-ddb5-4fa4-a97d-d965ccfc6d4b" outcome="Passed" testListId="8c84fa94-04c1-424b-9868-57a2d4851a1d" relativeResultsDirectory="a6aa2d90-93db-4714-8320-c9cb4b3e0363">
    </UnitTestResult>
    <UnitTestResult executionId="050d1e8a-b673-4f17-95e6-91b20362d208" testId="6a52032d-db59-8802-47db-20699e8ef053" testName="Ef_CanSave" computerName="MICHAEL-PC" duration="00:00:00.0191753" startTime="2012-06-12T19:29:23.6020000+08:00" endTime="2012-06-12T19:29:23.6260000+08:00" testType="13cdc9d9-ddb5-4fa4-a97d-d965ccfc6d4b" outcome="Passed" testListId="8c84fa94-04c1-424b-9868-57a2d4851a1d" relativeResultsDirectory="050d1e8a-b673-4f17-95e6-91b20362d208">
    </UnitTestResult>
    <UnitTestResult executionId="ca687766-bee6-4097-805d-2c93f9850bfb" testId="6b805790-9c4f-2071-6e55-fbbb337c0021" testName="Memory_CanSaveTransaction" computerName="MICHAEL-PC" duration="00:00:00.0041643" startTime="2012-06-12T19:29:23.6380000+08:00" endTime="2012-06-12T19:29:23.6500000+08:00" testType="13cdc9d9-ddb5-4fa4-a97d-d965ccfc6d4b" outcome="Passed" testListId="8c84fa94-04c1-424b-9868-57a2d4851a1d" relativeResultsDirectory="ca687766-bee6-4097-805d-2c93f9850bfb">
    </UnitTestResult>
    <UnitTestResult executionId="987927d5-5a56-449e-8f50-d0a90c70517d" testId="7b0e110e-2e6a-879c-359f-7b225fdba37f" testName="Nh_CanDetectUpdateConflictingUpdate" computerName="MICHAEL-PC" duration="00:00:00.0166232" startTime="2012-06-12T19:29:23.6610000+08:00" endTime="2012-06-12T19:29:23.6840000+08:00" testType="13cdc9d9-ddb5-4fa4-a97d-d965ccfc6d4b" outcome="Passed" testListId="8c84fa94-04c1-424b-9868-57a2d4851a1d" relativeResultsDirectory="987927d5-5a56-449e-8f50-d0a90c70517d">
    </UnitTestResult>
    <UnitTestResult executionId="f4b0d14f-fd4f-46d4-a6cf-069022e24c22" testId="80519bd9-73a3-a605-5d67-813603142393" testName="Nh_CanSaveHeaderDetail_ThenHeaderOnly" computerName="MICHAEL-PC" duration="00:00:00.0143004" startTime="2012-06-12T19:29:23.6970000+08:00" endTime="2012-06-12T19:29:23.7270000+08:00" testType="13cdc9d9-ddb5-4fa4-a97d-d965ccfc6d4b" outcome="Passed" testListId="8c84fa94-04c1-424b-9868-57a2d4851a1d" relativeResultsDirectory="f4b0d14f-fd4f-46d4-a6cf-069022e24c22">
    </UnitTestResult>
    <UnitTestResult executionId="7956f7e4-f389-4959-9dbd-2c82b90b9da6" testId="83330a72-51da-0d0d-d2b2-826b2f6cfd00" testName="Nh_SessionTransaction_can_detect_its_own_transaction_commitness_only" computerName="MICHAEL-PC" duration="00:00:00.0027182" startTime="2012-06-12T19:29:23.7340000+08:00" endTime="2012-06-12T19:29:23.7430000+08:00" testType="13cdc9d9-ddb5-4fa4-a97d-d965ccfc6d4b" outcome="Passed" testListId="8c84fa94-04c1-424b-9868-57a2d4851a1d" relativeResultsDirectory="7956f7e4-f389-4959-9dbd-2c82b90b9da6">
    </UnitTestResult>
    <UnitTestResult executionId="17e8952b-77ca-4a9e-b267-777a1e5eacc3" testId="8557e6ab-47d2-b8b1-2926-0bb94a2d505d" testName="Nh_CanDetectDeleteConflictingDelete" computerName="MICHAEL-PC" duration="00:00:00.0074941" startTime="2012-06-12T19:29:23.7530000+08:00" endTime="2012-06-12T19:29:23.7690000+08:00" testType="13cdc9d9-ddb5-4fa4-a97d-d965ccfc6d4b" outcome="Passed" testListId="8c84fa94-04c1-424b-9868-57a2d4851a1d" relativeResultsDirectory="17e8952b-77ca-4a9e-b267-777a1e5eacc3">
    </UnitTestResult>
    <UnitTestResult executionId="df954080-4ed9-4f85-b252-9cffa4f75db0" testId="86150143-fb0b-c807-6c85-448e509331e0" testName="Ef_HasRowVersion" computerName="MICHAEL-PC" duration="00:00:00.0112730" startTime="2012-06-12T19:29:23.7760000+08:00" endTime="2012-06-12T19:29:23.8000000+08:00" testType="13cdc9d9-ddb5-4fa4-a97d-d965ccfc6d4b" outcome="Passed" testListId="8c84fa94-04c1-424b-9868-57a2d4851a1d" relativeResultsDirectory="df954080-4ed9-4f85-b252-9cffa4f75db0">
    </UnitTestResult>
    <UnitTestResult executionId="c287bb94-d35b-43cf-b173-41c824422d9b" testId="8ae0b4b0-ccc4-fc93-736a-72af24764f70" testName="Nh_Can_queue_changes" computerName="MICHAEL-PC" duration="00:00:00.0124548" startTime="2012-06-12T19:29:23.8090000+08:00" endTime="2012-06-12T19:29:23.8310000+08:00" testType="13cdc9d9-ddb5-4fa4-a97d-d965ccfc6d4b" outcome="Passed" testListId="8c84fa94-04c1-424b-9868-57a2d4851a1d" relativeResultsDirectory="c287bb94-d35b-43cf-b173-41c824422d9b">
    </UnitTestResult>
    <UnitTestResult executionId="410bba20-0858-4860-bf1c-98b14ae1cfe0" testId="8bf5c997-85a0-f72e-564a-9d66e659263c" testName="Ef_CanDetectDeleteConflictingUpdate" computerName="MICHAEL-PC" duration="00:00:00.0097865" startTime="2012-06-12T19:29:23.8340000+08:00" endTime="2012-06-12T19:29:23.8510000+08:00" testType="13cdc9d9-ddb5-4fa4-a97d-d965ccfc6d4b" outcome="Passed" testListId="8c84fa94-04c1-424b-9868-57a2d4851a1d" relativeResultsDirectory="410bba20-0858-4860-bf1c-98b14ae1cfe0">
    </UnitTestResult>
    <UnitTestResult executionId="1652b466-81d0-45c8-a460-e2717d5f135b" testId="8c5d9d25-e5b8-63c8-9c42-cebb67787fde" testName="Memory_CanSave" computerName="MICHAEL-PC" duration="00:00:00.0014533" startTime="2012-06-12T19:29:23.8560000+08:00" endTime="2012-06-12T19:29:23.8700000+08:00" testType="13cdc9d9-ddb5-4fa4-a97d-d965ccfc6d4b" outcome="Passed" testListId="8c84fa94-04c1-424b-9868-57a2d4851a1d" relativeResultsDirectory="1652b466-81d0-45c8-a460-e2717d5f135b">
    </UnitTestResult>
    <UnitTestResult executionId="d274addf-c26c-47f9-82b9-933b3c349fde" testId="9076dd47-28a7-196a-e653-7fb55dfa55a8" testName="Ef_Can_Save_Then_Update" computerName="MICHAEL-PC" duration="00:00:00.0636534" startTime="2012-06-12T19:29:23.8760000+08:00" endTime="2012-06-12T19:29:23.9480000+08:00" testType="13cdc9d9-ddb5-4fa4-a97d-d965ccfc6d4b" outcome="Passed" testListId="8c84fa94-04c1-424b-9868-57a2d4851a1d" relativeResultsDirectory="d274addf-c26c-47f9-82b9-933b3c349fde">
    </UnitTestResult>
    <UnitTestResult executionId="69a9ca70-b4be-4bdb-8940-44888285a295" testId="919c9ab6-d8de-ff18-95fc-25bc030735bd" testName="Nh_HasRowVersion" computerName="MICHAEL-PC" duration="00:00:00.0219675" startTime="2012-06-12T19:29:23.9540000+08:00" endTime="2012-06-12T19:29:23.9820000+08:00" testType="13cdc9d9-ddb5-4fa4-a97d-d965ccfc6d4b" outcome="Passed" testListId="8c84fa94-04c1-424b-9868-57a2d4851a1d" relativeResultsDirectory="69a9ca70-b4be-4bdb-8940-44888285a295">
    </UnitTestResult>
    <UnitTestResult executionId="ec61727f-cacc-4543-a7ec-3f911091ac26" testId="9608206a-383a-828f-299c-2c493d95d886" testName="Memory_CanDetectDeleteConflictingUpdate" computerName="MICHAEL-PC" duration="00:00:00.0006310" startTime="2012-06-12T19:29:23.9920000+08:00" endTime="2012-06-12T19:29:23.9980000+08:00" testType="13cdc9d9-ddb5-4fa4-a97d-d965ccfc6d4b" outcome="Passed" testListId="8c84fa94-04c1-424b-9868-57a2d4851a1d" relativeResultsDirectory="ec61727f-cacc-4543-a7ec-3f911091ac26">
    </UnitTestResult>
    <UnitTestResult executionId="4531df9e-eab7-47e4-a0d2-ae5a67a65d97" testId="9ce2ff54-3bea-2c09-7986-c83994c1d685" testName="Ef_CanUpdate" computerName="MICHAEL-PC" duration="00:00:00.0402448" startTime="2012-06-12T19:29:24.0040000+08:00" endTime="2012-06-12T19:29:24.0590000+08:00" testType="13cdc9d9-ddb5-4fa4-a97d-d965ccfc6d4b" outcome="Passed" testListId="8c84fa94-04c1-424b-9868-57a2d4851a1d" relativeResultsDirectory="4531df9e-eab7-47e4-a0d2-ae5a67a65d97">
      <Output>
        <DebugTrace>CT 1
CT 0
CT 0
CT 0
</DebugTrace>
      </Output>
    </UnitTestResult>
    <UnitTestResult executionId="87ad0641-c9c7-4575-8088-344f301c308a" testId="a2256363-4989-1fab-e208-96edc389fe3c" testName="Ef_Can_Orm_do_cascaded_deletions" computerName="MICHAEL-PC" duration="00:00:00.1962185" startTime="2012-06-12T19:29:24.0720000+08:00" endTime="2012-06-12T19:29:24.2820000+08:00" testType="13cdc9d9-ddb5-4fa4-a97d-d965ccfc6d4b" outcome="Passed" testListId="8c84fa94-04c1-424b-9868-57a2d4851a1d" relativeResultsDirectory="87ad0641-c9c7-4575-8088-344f301c308a">
    </UnitTestResult>
    <UnitTestResult executionId="c542c293-528b-4f3d-8bd8-35a953bf47e9" testId="a5e54779-0e2e-17fd-60ad-0caf532866a2" testName="Test_Ef_Get_PK_via_dynamic" computerName="MICHAEL-PC" duration="00:00:00.0278739" startTime="2012-06-12T19:29:24.3010000+08:00" endTime="2012-06-12T19:29:24.3470000+08:00" testType="13cdc9d9-ddb5-4fa4-a97d-d965ccfc6d4b" outcome="Passed" testListId="8c84fa94-04c1-424b-9868-57a2d4851a1d" relativeResultsDirectory="c542c293-528b-4f3d-8bd8-35a953bf47e9">
    </UnitTestResult>
    <UnitTestResult executionId="36004bb8-e677-4e51-9617-26552e02bde2" testId="adbe83df-9ac4-b2e0-552a-ccb552c2f386" testName="Ef_Can_Orm_SaveGraph_Can_Update" computerName="MICHAEL-PC" duration="00:00:00.0485321" startTime="2012-06-12T19:29:24.3520000+08:00" endTime="2012-06-12T19:29:24.4220000+08:00" testType="13cdc9d9-ddb5-4fa4-a97d-d965ccfc6d4b" outcome="Passed" testListId="8c84fa94-04c1-424b-9868-57a2d4851a1d" relativeResultsDirectory="36004bb8-e677-4e51-9617-26552e02bde2">
      <Output>
        <DebugTrace>CT 1
CT 0
CT 0
CT 0
CT 0
CT 1
CT 0
CT 0
CT 0
CT 0
</DebugTrace>
      </Output>
    </UnitTestResult>
    <UnitTestResult executionId="937b44c9-ad84-4d96-a4c0-d800526dc4f0" testId="bc6bd775-f005-e7a2-7238-5a88173c9263" testName="Ef_Can_Orm_SaveGraph_Can_Create" computerName="MICHAEL-PC" duration="00:00:00.0482079" startTime="2012-06-12T19:29:24.4360000+08:00" endTime="2012-06-12T19:29:24.4920000+08:00" testType="13cdc9d9-ddb5-4fa4-a97d-d965ccfc6d4b" outcome="Passed" testListId="8c84fa94-04c1-424b-9868-57a2d4851a1d" relativeResultsDirectory="937b44c9-ad84-4d96-a4c0-d800526dc4f0">
    </UnitTestResult>
    <UnitTestResult executionId="9c387ee4-e4f0-49df-9379-dba8026e107a" testId="c2e9f01d-6387-7f00-c2a6-71385a796942" testName="Memory_CanSaveHeaderDetail" computerName="MICHAEL-PC" duration="00:00:00.0029597" startTime="2012-06-12T19:29:24.4960000+08:00" endTime="2012-06-12T19:29:24.5120000+08:00" testType="13cdc9d9-ddb5-4fa4-a97d-d965ccfc6d4b" outcome="Passed" testListId="8c84fa94-04c1-424b-9868-57a2d4851a1d" relativeResultsDirectory="9c387ee4-e4f0-49df-9379-dba8026e107a">
    </UnitTestResult>
    <UnitTestResult executionId="fd79684c-1b6a-4349-bc07-d33e62f813f6" testId="c3da4334-35ea-a9c1-5cbf-c1daa7323978" testName="Ef_CanDelete" computerName="MICHAEL-PC" duration="00:00:00.0178100" startTime="2012-06-12T19:29:24.5160000+08:00" endTime="2012-06-12T19:29:24.5450000+08:00" testType="13cdc9d9-ddb5-4fa4-a97d-d965ccfc6d4b" outcome="Passed" testListId="8c84fa94-04c1-424b-9868-57a2d4851a1d" relativeResultsDirectory="fd79684c-1b6a-4349-bc07-d33e62f813f6">
    </UnitTestResult>
    <UnitTestResult executionId="82dd3d66-fb2f-45b8-bb46-3982f7bbb534" testId="c5220795-75d7-ce76-adb5-6a1d661e1fb0" testName="Memory_CanHaveIncrementingKey" computerName="MICHAEL-PC" duration="00:00:00.0011854" startTime="2012-06-12T19:29:24.5500000+08:00" endTime="2012-06-12T19:29:24.5640000+08:00" testType="13cdc9d9-ddb5-4fa4-a97d-d965ccfc6d4b" outcome="Passed" testListId="8c84fa94-04c1-424b-9868-57a2d4851a1d" relativeResultsDirectory="82dd3d66-fb2f-45b8-bb46-3982f7bbb534">
    </UnitTestResult>
    <UnitTestResult executionId="3897635d-b863-4369-9503-f2e3f3232322" testId="c8cf96fa-83e0-e026-64af-f003abc95103" testName="Fetching_strategies_of_EntityFramework_helper_has_no_problem_on_mocked_IQueryable" computerName="MICHAEL-PC" duration="00:00:00.0019795" startTime="2012-06-12T19:29:24.5690000+08:00" endTime="2012-06-12T19:29:24.5810000+08:00" testType="13cdc9d9-ddb5-4fa4-a97d-d965ccfc6d4b" outcome="Passed" testListId="8c84fa94-04c1-424b-9868-57a2d4851a1d" relativeResultsDirectory="3897635d-b863-4369-9503-f2e3f3232322">
    </UnitTestResult>
    <UnitTestResult executionId="e735f7ce-3479-49bb-80e3-2e185583af36" testId="c8ff8ef9-a95a-0779-90f7-6e8188ebefd1" testName="Nh_CanHaveIncrementingKey" computerName="MICHAEL-PC" duration="00:00:00.0174118" startTime="2012-06-12T19:29:24.5870000+08:00" endTime="2012-06-12T19:29:24.6120000+08:00" testType="13cdc9d9-ddb5-4fa4-a97d-d965ccfc6d4b" outcome="Passed" testListId="8c84fa94-04c1-424b-9868-57a2d4851a1d" relativeResultsDirectory="e735f7ce-3479-49bb-80e3-2e185583af36">
    </UnitTestResult>
    <UnitTestResult executionId="4f9b5a7a-41d5-4d02-b57c-6770802c0346" testId="c9750689-b2a7-1965-bbd3-0c2f5eda3fb2" testName="Nh_CanSave" computerName="MICHAEL-PC" duration="00:00:00.0403406" startTime="2012-06-12T19:29:24.6220000+08:00" endTime="2012-06-12T19:29:24.6730000+08:00" testType="13cdc9d9-ddb5-4fa4-a97d-d965ccfc6d4b" outcome="Passed" testListId="8c84fa94-04c1-424b-9868-57a2d4851a1d" relativeResultsDirectory="4f9b5a7a-41d5-4d02-b57c-6770802c0346">
    </UnitTestResult>
    <UnitTestResult executionId="a508f8ce-e491-4725-82b9-cd4e2cfa0388" testId="ca3ec696-2df9-55bd-c53c-f732b5c80a68" testName="Ef_CanDetectUpdateConflictingUpdate" computerName="MICHAEL-PC" duration="00:00:00.0163635" startTime="2012-06-12T19:29:24.6800000+08:00" endTime="2012-06-12T19:29:24.7030000+08:00" testType="13cdc9d9-ddb5-4fa4-a97d-d965ccfc6d4b" outcome="Passed" testListId="8c84fa94-04c1-424b-9868-57a2d4851a1d" relativeResultsDirectory="a508f8ce-e491-4725-82b9-cd4e2cfa0388">
    </UnitTestResult>
    <UnitTestResult executionId="af5d3c7a-4266-450e-a8c0-1214c6fc369a" testId="cdd1ec05-a33a-edaf-1560-6637f27329d2" testName="Ef_CanDetectUpdateConflictingDelete" computerName="MICHAEL-PC" duration="00:00:00.0261427" startTime="2012-06-12T19:29:24.7110000+08:00" endTime="2012-06-12T19:29:24.7440000+08:00" testType="13cdc9d9-ddb5-4fa4-a97d-d965ccfc6d4b" outcome="Passed" testListId="8c84fa94-04c1-424b-9868-57a2d4851a1d" relativeResultsDirectory="af5d3c7a-4266-450e-a8c0-1214c6fc369a">
    </UnitTestResult>
    <UnitTestResult executionId="53d91ca9-f878-4ade-bb31-430b90f1627f" testId="d14d6d4a-1363-e36e-8cf9-c1c992b9e243" testName="Nh_Can_save_transaction" computerName="MICHAEL-PC" duration="00:00:00.0042319" startTime="2012-06-12T19:29:24.7470000+08:00" endTime="2012-06-12T19:29:24.7670000+08:00" testType="13cdc9d9-ddb5-4fa4-a97d-d965ccfc6d4b" outcome="Passed" testListId="8c84fa94-04c1-424b-9868-57a2d4851a1d" relativeResultsDirectory="53d91ca9-f878-4ade-bb31-430b90f1627f">
    </UnitTestResult>
    <UnitTestResult executionId="7ad502d6-5862-42a1-a290-8ddd999612fe" testId="d409929f-129a-9686-590d-6472fdfa28e4" testName="Memory_CanDetectDeleteConflictingDelete" computerName="MICHAEL-PC" duration="00:00:00.0006142" startTime="2012-06-12T19:29:24.7740000+08:00" endTime="2012-06-12T19:29:24.7820000+08:00" testType="13cdc9d9-ddb5-4fa4-a97d-d965ccfc6d4b" outcome="Passed" testListId="8c84fa94-04c1-424b-9868-57a2d4851a1d" relativeResultsDirectory="7ad502d6-5862-42a1-a290-8ddd999612fe">
    </UnitTestResult>
    <UnitTestResult executionId="ce98453d-14fc-4d60-a531-b937f633baf0" testId="d6948249-9c33-5900-b906-67a9c3f3e0f6" testName="Test_Ef_Get_Pk_via_pure_reflection" computerName="MICHAEL-PC" duration="00:00:00.0024353" startTime="2012-06-12T19:29:24.7870000+08:00" endTime="2012-06-12T19:29:24.7990000+08:00" testType="13cdc9d9-ddb5-4fa4-a97d-d965ccfc6d4b" outcome="Passed" testListId="8c84fa94-04c1-424b-9868-57a2d4851a1d" relativeResultsDirectory="ce98453d-14fc-4d60-a531-b937f633baf0">
    </UnitTestResult>
    <UnitTestResult executionId="0f68be05-317f-42ab-9142-b5ab2ad4e378" testId="dad118fb-1088-58a3-350a-fc5e47173fa9" testName="Nh_SessionTransaction_cannot_detect_transaction_commitness" computerName="MICHAEL-PC" duration="00:00:00.0023700" startTime="2012-06-12T19:29:24.8050000+08:00" endTime="2012-06-12T19:29:24.8220000+08:00" testType="13cdc9d9-ddb5-4fa4-a97d-d965ccfc6d4b" outcome="Passed" testListId="8c84fa94-04c1-424b-9868-57a2d4851a1d" relativeResultsDirectory="0f68be05-317f-42ab-9142-b5ab2ad4e378">
    </UnitTestResult>
    <UnitTestResult executionId="8dacd568-b2bf-45b1-8926-1bc4ef37fa8f" testId="e1cf2de5-588c-ea74-49a2-6fd3423b3d3b" testName="Nh_Can_Save_Then_Update" computerName="MICHAEL-PC" duration="00:00:00.0152838" startTime="2012-06-12T19:29:24.8270000+08:00" endTime="2012-06-12T19:29:24.8620000+08:00" testType="13cdc9d9-ddb5-4fa4-a97d-d965ccfc6d4b" outcome="Passed" testListId="8c84fa94-04c1-424b-9868-57a2d4851a1d" relativeResultsDirectory="8dacd568-b2bf-45b1-8926-1bc4ef37fa8f">
    </UnitTestResult>
    <UnitTestResult executionId="f1d0d318-4b53-47d0-a64a-a3464b3d040f" testId="e392eca5-e91b-ff0f-619e-8a24d0ecbe68" testName="Ef_CanHaveIncrementingKey" computerName="MICHAEL-PC" duration="00:00:00.0140634" startTime="2012-06-12T19:29:24.8660000+08:00" endTime="2012-06-12T19:29:24.8970000+08:00" testType="13cdc9d9-ddb5-4fa4-a97d-d965ccfc6d4b" outcome="Passed" testListId="8c84fa94-04c1-424b-9868-57a2d4851a1d" relativeResultsDirectory="f1d0d318-4b53-47d0-a64a-a3464b3d040f">
    </UnitTestResult>
    <UnitTestResult executionId="6fc092a3-78c6-43f8-83a2-31d5371b44eb" testId="ecf5b477-cdd8-3508-c195-40a64bc26f00" testName="Ef_CanSaveHeaderDetail" computerName="MICHAEL-PC" duration="00:00:00.0319983" startTime="2012-06-12T19:29:24.9020000+08:00" endTime="2012-06-12T19:29:24.9470000+08:00" testType="13cdc9d9-ddb5-4fa4-a97d-d965ccfc6d4b" outcome="Passed" testListId="8c84fa94-04c1-424b-9868-57a2d4851a1d" relativeResultsDirectory="6fc092a3-78c6-43f8-83a2-31d5371b44eb">
      <Output>
        <DebugTrace>CT 1
CT 0
CT 0
CT 0
CT 1
CT 0
CT 0
CT 0
CT 1
CT 0
CT 0
CT 0
CT 1
CT 0
CT 0
CT 0
</DebugTrace>
      </Output>
    </UnitTestResult>
    <UnitTestResult executionId="60e2eaf3-03dc-4d1e-b016-5ef8d7016d0a" testId="ef9db0bb-63c6-f8c2-c180-d50d1ce2ca5b" testName="Ef_Can_rollback_transaction" computerName="MICHAEL-PC" duration="00:00:00.0095694" startTime="2012-06-12T19:29:24.9590000+08:00" endTime="2012-06-12T19:29:24.9760000+08:00" testType="13cdc9d9-ddb5-4fa4-a97d-d965ccfc6d4b" outcome="Passed" testListId="8c84fa94-04c1-424b-9868-57a2d4851a1d" relativeResultsDirectory="60e2eaf3-03dc-4d1e-b016-5ef8d7016d0a">
    </UnitTestResult>
    <UnitTestResult executionId="092fa640-565a-4276-aea8-1ec43af34f02" testId="f3b46671-4362-7dc3-90a0-0fcbe80e34d8" testName="Nh_CanDelete" computerName="MICHAEL-PC" duration="00:00:00.0082741" startTime="2012-06-12T19:29:24.9820000+08:00" endTime="2012-06-12T19:29:25.0000000+08:00" testType="13cdc9d9-ddb5-4fa4-a97d-d965ccfc6d4b" outcome="Passed" testListId="8c84fa94-04c1-424b-9868-57a2d4851a1d" relativeResultsDirectory="092fa640-565a-4276-aea8-1ec43af34f02">
    </UnitTestResult>
    <UnitTestResult executionId="f9ea8ac9-63d3-4162-85c9-b5c9ed6acc3e" testId="f473cffe-6acb-bc8c-3c44-48f67f9567de" testName="Ef_Can_save_transaction" computerName="MICHAEL-PC" duration="00:00:00.0074160" startTime="2012-06-12T19:29:25.0060000+08:00" endTime="2012-06-12T19:29:25.0210000+08:00" testType="13cdc9d9-ddb5-4fa4-a97d-d965ccfc6d4b" outcome="Passed" testListId="8c84fa94-04c1-424b-9868-57a2d4851a1d" relativeResultsDirectory="f9ea8ac9-63d3-4162-85c9-b5c9ed6acc3e">
    </UnitTestResult>
    <UnitTestResult executionId="37573df7-a112-4e91-a60c-b54ebae58f11" testId="f5049a26-85f5-2d61-7d0d-3fe36d498d57" testName="Memory_CanUpdate" computerName="MICHAEL-PC" duration="00:00:00.0003763" startTime="2012-06-12T19:29:25.0300000+08:00" endTime="2012-06-12T19:29:25.0390000+08:00" testType="13cdc9d9-ddb5-4fa4-a97d-d965ccfc6d4b" outcome="Passed" testListId="8c84fa94-04c1-424b-9868-57a2d4851a1d" relativeResultsDirectory="37573df7-a112-4e91-a60c-b54ebae58f11">
    </UnitTestResult>
    <UnitTestResult executionId="45513e2b-5262-4258-9e29-bf515a057970" testId="f68ad391-23ca-2766-d2b2-8731589ef39b" testName="Nh_CanSaveHeaderDetail" computerName="MICHAEL-PC" duration="00:00:00.0088784" startTime="2012-06-12T19:29:25.0420000+08:00" endTime="2012-06-12T19:29:25.0630000+08:00" testType="13cdc9d9-ddb5-4fa4-a97d-d965ccfc6d4b" outcome="Passed" testListId="8c84fa94-04c1-424b-9868-57a2d4851a1d" relativeResultsDirectory="45513e2b-5262-4258-9e29-bf515a057970">
    </UnitTestResult>
    <UnitTestResult executionId="61838546-887a-4d07-a185-8ef4fea8b011" testId="f7d7cfdb-4468-5c56-7540-afe0d55e093a" testName="Can_do_deep_clone" computerName="MICHAEL-PC" duration="00:00:00.0056748" startTime="2012-06-12T19:29:25.0690000+08:00" endTime="2012-06-12T19:29:25.0870000+08:00" testType="13cdc9d9-ddb5-4fa4-a97d-d965ccfc6d4b" outcome="Passed" testListId="8c84fa94-04c1-424b-9868-57a2d4851a1d" relativeResultsDirectory="61838546-887a-4d07-a185-8ef4fea8b011">
    </UnitTestResult>
    <UnitTestResult executionId="51f81216-0cbd-463a-a80c-1d3cbec5123a" testId="ffcba511-cdf9-ce52-fd62-900fe7820ecc" testName="Ef_Can_queue_changes" computerName="MICHAEL-PC" duration="00:00:00.0180021" startTime="2012-06-12T19:29:25.0900000+08:00" endTime="2012-06-12T19:29:25.1210000+08:00" testType="13cdc9d9-ddb5-4fa4-a97d-d965ccfc6d4b" outcome="Passed" testListId="8c84fa94-04c1-424b-9868-57a2d4851a1d" relativeResultsDirectory="51f81216-0cbd-463a-a80c-1d3cbec5123a">
    </UnitTestResult>
  </Results>
</TestRun>