<?xml version="1.0" encoding="UTF-8"?>
<TestRun id="8e9d1251-203f-45fa-9a0e-42ea35d2324d" name="Michael@MICHAEL-PC 2012-06-10 08:20:02" runUser="Michael-PC\Michael" xmlns="http://microsoft.com/schemas/VisualStudio/TeamTest/2010">
  <TestSettings name="Local" id="7d9e14f4-f525-48ee-bea8-a34d9f4cc18d">
    <Description>These are default test settings for a local test run.</Description>
    <Deployment userDeploymentRoot="C:\Users\Michael\_CODE\Ienablemuch.ToTheEfnhX\TestResults" useDefaultDeploymentRoot="false" enabled="false" runDeploymentRoot="Michael_MICHAEL-PC 2012-06-10 08_20_02">
      <DeploymentItem filename="C:\Users\Michael\_CODE\Ienablemuch.ToTheEfnhX\Ienablemuch.ToTheEfnhX.Memory\bin\Release\Ienablemuch.ToTheEfnhX.Memory.dll" />
      <DeploymentItem filename="C:\Users\Michael\_CODE\Ienablemuch.ToTheEfnhX\packages\FluentNHibernate.1.3.0.717\lib\FluentNHibernate.dll" />
      <DeploymentItem filename="C:\Users\Michael\_CODE\Ienablemuch.ToTheEfnhX\packages\Iesi.Collections.3.2.0.4000\lib\Net35\Iesi.Collections.dll" />
      <DeploymentItem filename="C:\Users\Michael\_CODE\Ienablemuch.ToTheEfnhX\Ienablemuch.ToTheEfnhx.CommonExtensions\bin\Release\Ienablemuch.ToTheEfnhx.CommonExtensions.dll" />
      <DeploymentItem filename="C:\Users\Michael\_CODE\Ienablemuch.ToTheEfnhX\packages\NHibernate.3.3.0.4000\lib\Net35\NHibernate.dll" />
      <DeploymentItem filename="C:\Users\Michael\_CODE\Ienablemuch.ToTheEfnhX\packages\EntityFramework.4.3.1\lib\net40\EntityFramework.dll" />
      <DeploymentItem filename="C:\Users\Michael\_CODE\Ienablemuch.ToTheEfnhX\Ienablemuch.ToTheEfnhX.NHibernate\bin\Release\Ienablemuch.ToTheEfnhX.NHibernate.dll" />
      <DeploymentItem filename="C:\Users\Michael\_CODE\Ienablemuch.ToTheEfnhX\Ienablemuch.ToTheEfnhX.EntityFramework\bin\Release\Ienablemuch.ToTheEfnhX.EntityFramework.dll" />
      <DeploymentItem filename="C:\Users\Michael\_CODE\Ienablemuch.ToTheEfnhX\ToTheEfnhX\bin\Release\Ienablemuch.ToTheEfnhX.dll" />
    </Deployment>
    <Execution>
      <TestTypeSpecific />
      <AgentRule name="Execution Agents">
      </AgentRule>
    </Execution>
  </TestSettings>
  <Times creation="2012-06-10T08:20:02.0720000+08:00" queuing="2012-06-10T08:20:02.1280000+08:00" start="2012-06-10T08:20:02.1460000+08:00" finish="2012-06-10T08:20:03.8500000+08:00" />
  <ResultSummary outcome="Failed">
    <Counters total="2" executed="2" error="0" failed="2" timeout="0" aborted="0" inconclusive="0" passedButRunAborted="0" notRunnable="0" notExecuted="0" disconnected="0" warning="0" passed="0" completed="0" inProgress="0" pending="0" />
  </ResultSummary>
  <TestDefinitions>
    <UnitTest name="Ef_CanSaveHeaderDetail" storage="c:\users\michael\_code\ienablemuch.totheefnhx\testproject\bin\release\testproject.dll" id="ecf5b477-cdd8-3508-c195-40a64bc26f00">
      <Execution id="46cfab4a-3e0f-4b8b-ae2c-0fc928b93917" />
      <TestMethod codeBase="C:/Users/Michael/_CODE/Ienablemuch.ToTheEfnhX/TestProject/bin/Release/TestProject.DLL" adapterTypeName="Microsoft.VisualStudio.TestTools.TestTypes.Unit.UnitTestAdapter, Microsoft.VisualStudio.QualityTools.Tips.UnitTest.Adapter, Version=10.0.0.0, Culture=neutral, PublicKeyToken=b03f5f7f11d50a3a" className="TestProject.TestTheIRepository, TestProject, Version=1.0.0.0, Culture=neutral, PublicKeyToken=null" name="Ef_CanSaveHeaderDetail" />
    </UnitTest>
    <UnitTest name="Ef_Can_Orm_Merge_Can_Update" storage="c:\users\michael\_code\ienablemuch.totheefnhx\testproject\bin\release\testproject.dll" id="3a1e9fe6-a4ce-9adb-c086-11052cee98b6">
      <Execution id="87847631-ea3a-4f99-9226-7fa7a38c38fc" />
      <TestMethod codeBase="C:/Users/Michael/_CODE/Ienablemuch.ToTheEfnhX/TestProject/bin/Release/TestProject.DLL" adapterTypeName="Microsoft.VisualStudio.TestTools.TestTypes.Unit.UnitTestAdapter, Microsoft.VisualStudio.QualityTools.Tips.UnitTest.Adapter, Version=10.0.0.0, Culture=neutral, PublicKeyToken=b03f5f7f11d50a3a" className="TestProject.TestTheIRepository, TestProject, Version=1.0.0.0, Culture=neutral, PublicKeyToken=null" name="Ef_Can_Orm_Merge_Can_Update" />
    </UnitTest>
  </TestDefinitions>
  <TestLists>
    <TestList name="Results Not in a List" id="8c84fa94-04c1-424b-9868-57a2d4851a1d" />
    <TestList name="All Loaded Results" id="19431567-8539-422a-85d7-44ee4e166bda" />
  </TestLists>
  <TestEntries>
    <TestEntry testId="3a1e9fe6-a4ce-9adb-c086-11052cee98b6" executionId="87847631-ea3a-4f99-9226-7fa7a38c38fc" testListId="8c84fa94-04c1-424b-9868-57a2d4851a1d" />
    <TestEntry testId="ecf5b477-cdd8-3508-c195-40a64bc26f00" executionId="46cfab4a-3e0f-4b8b-ae2c-0fc928b93917" testListId="8c84fa94-04c1-424b-9868-57a2d4851a1d" />
  </TestEntries>
  <Results>
    <UnitTestResult executionId="87847631-ea3a-4f99-9226-7fa7a38c38fc" testId="3a1e9fe6-a4ce-9adb-c086-11052cee98b6" testName="Ef_Can_Orm_Merge_Can_Update" computerName="MICHAEL-PC" duration="00:00:01.2697924" startTime="2012-06-10T08:20:02.1660000+08:00" endTime="2012-06-10T08:20:03.6890000+08:00" testType="13cdc9d9-ddb5-4fa4-a97d-d965ccfc6d4b" outcome="Failed" testListId="8c84fa94-04c1-424b-9868-57a2d4851a1d" relativeResultsDirectory="87847631-ea3a-4f99-9226-7fa7a38c38fc">
      <Output>
        <DebugTrace>TestProject.SampleModel.Question:
</DebugTrace>
        <ErrorInfo>
          <Message>Test method TestProject.TestTheIRepository.Ef_Can_Orm_Merge_Can_Update threw exception: 
System.InvalidOperationException: An object with the same key already exists in the ObjectStateManager. The ObjectStateManager cannot track multiple objects with the same key.</Message>
          <StackTrace>    at System.Data.Objects.ObjectContext.AttachSingleObject(IEntityWrapper wrappedEntity, EntitySet entitySet, String argumentName)
   at System.Data.Objects.DataClasses.RelatedEnd.AddEntityToObjectStateManager(IEntityWrapper wrappedEntity, Boolean doAttach)
   at System.Data.Objects.DataClasses.RelatedEnd.AddGraphToObjectStateManager(IEntityWrapper wrappedEntity, Boolean relationshipAlreadyExists, Boolean addRelationshipAsUnchanged, Boolean doAttach)
   at System.Data.Objects.DataClasses.RelatedEnd.IncludeEntity(IEntityWrapper wrappedEntity, Boolean addRelationshipAsUnchanged, Boolean doAttach)
   at System.Data.Objects.DataClasses.EntityReference`1.Include(Boolean addRelationshipAsUnchanged, Boolean doAttach)
   at System.Data.Objects.DataClasses.RelationshipManager.AddRelatedEntitiesToObjectStateManager(Boolean doAttach)
   at System.Data.Objects.ObjectContext.AttachTo(String entitySetName, Object entity)
   at System.Data.Entity.Internal.Linq.InternalSet`1.&lt;&gt;c__DisplayClass2.&lt;Attach&gt;b__1()
   at System.Data.Entity.Internal.Linq.InternalSet`1.ActOnSet(Action action, EntityState newState, Object entity, String methodName)
   at System.Data.Entity.Internal.Linq.InternalSet`1.Attach(Object entity)
   at System.Data.Entity.Internal.InternalEntityEntry.set_State(EntityState value)
   at Ienablemuch.ToTheEfnhX.EntityFramework.EfRepository`1.MergeCollection(Object liveParent, IList colLive, Object transientParent, IList colTransient) in C:\Users\Michael\_CODE\Ienablemuch.ToTheEfnhX\Ienablemuch.ToTheEfnhX.EntityFramework\EfRepository.cs:line 573
   at Ienablemuch.ToTheEfnhX.EntityFramework.EfRepository`1.Merge(TEnt ent, Byte[] version) in C:\Users\Michael\_CODE\Ienablemuch.ToTheEfnhX\Ienablemuch.ToTheEfnhX.EntityFramework\EfRepository.cs:line 268
   at TestProject.TestTheIRepository.Common_Orm_Merge_Can_Update(IRepository`1 repo) in C:\Users\Michael\_CODE\Ienablemuch.ToTheEfnhX\TestProject\TestTheIRepository.cs:line 828
   at TestProject.TestTheIRepository.Ef_Can_Orm_Merge_Can_Update() in C:\Users\Michael\_CODE\Ienablemuch.ToTheEfnhX\TestProject\TestTheIRepository.cs:line 780
</StackTrace>
        </ErrorInfo>
      </Output>
    </UnitTestResult>
    <UnitTestResult executionId="46cfab4a-3e0f-4b8b-ae2c-0fc928b93917" testId="ecf5b477-cdd8-3508-c195-40a64bc26f00" testName="Ef_CanSaveHeaderDetail" computerName="MICHAEL-PC" duration="00:00:00.1182886" startTime="2012-06-10T08:20:03.6940000+08:00" endTime="2012-06-10T08:20:03.8260000+08:00" testType="13cdc9d9-ddb5-4fa4-a97d-d965ccfc6d4b" outcome="Failed" testListId="8c84fa94-04c1-424b-9868-57a2d4851a1d" relativeResultsDirectory="46cfab4a-3e0f-4b8b-ae2c-0fc928b93917">
      <Output>
        <DebugTrace>TestProject.SampleModel.Product:
</DebugTrace>
        <ErrorInfo>
          <Message>Test method TestProject.TestTheIRepository.Ef_CanSaveHeaderDetail threw exception: 
System.InvalidOperationException: An object with the same key already exists in the ObjectStateManager. The ObjectStateManager cannot track multiple objects with the same key.</Message>
          <StackTrace>    at System.Data.Objects.ObjectContext.AttachSingleObject(IEntityWrapper wrappedEntity, EntitySet entitySet, String argumentName)
   at System.Data.Objects.DataClasses.RelatedEnd.AddEntityToObjectStateManager(IEntityWrapper wrappedEntity, Boolean doAttach)
   at System.Data.Objects.DataClasses.RelatedEnd.AddGraphToObjectStateManager(IEntityWrapper wrappedEntity, Boolean relationshipAlreadyExists, Boolean addRelationshipAsUnchanged, Boolean doAttach)
   at System.Data.Objects.DataClasses.RelatedEnd.IncludeEntity(IEntityWrapper wrappedEntity, Boolean addRelationshipAsUnchanged, Boolean doAttach)
   at System.Data.Objects.DataClasses.EntityReference`1.Include(Boolean addRelationshipAsUnchanged, Boolean doAttach)
   at System.Data.Objects.DataClasses.RelationshipManager.AddRelatedEntitiesToObjectStateManager(Boolean doAttach)
   at System.Data.Objects.ObjectContext.AttachTo(String entitySetName, Object entity)
   at System.Data.Entity.Internal.Linq.InternalSet`1.&lt;&gt;c__DisplayClass2.&lt;Attach&gt;b__1()
   at System.Data.Entity.Internal.Linq.InternalSet`1.ActOnSet(Action action, EntityState newState, Object entity, String methodName)
   at System.Data.Entity.Internal.Linq.InternalSet`1.Attach(Object entity)
   at System.Data.Entity.Internal.InternalEntityEntry.set_State(EntityState value)
   at Ienablemuch.ToTheEfnhX.EntityFramework.EfRepository`1.MergeCollection(Object liveParent, IList colLive, Object transientParent, IList colTransient) in C:\Users\Michael\_CODE\Ienablemuch.ToTheEfnhX\Ienablemuch.ToTheEfnhX.EntityFramework\EfRepository.cs:line 573
   at Ienablemuch.ToTheEfnhX.EntityFramework.EfRepository`1.Merge(TEnt ent, Byte[] version) in C:\Users\Michael\_CODE\Ienablemuch.ToTheEfnhX\Ienablemuch.ToTheEfnhX.EntityFramework\EfRepository.cs:line 268
   at TestProject.TestTheIRepository.Common_CanSaveHeaderDetail(IRepository`1 db) in C:\Users\Michael\_CODE\Ienablemuch.ToTheEfnhX\TestProject\TestTheIRepository.cs:line 188
   at TestProject.TestTheIRepository.Ef_CanSaveHeaderDetail() in C:\Users\Michael\_CODE\Ienablemuch.ToTheEfnhX\TestProject\TestTheIRepository.cs:line 133
</StackTrace>
        </ErrorInfo>
      </Output>
    </UnitTestResult>
  </Results>
</TestRun>